[08/17/18, 09:25:35:867] info: ╔═════════════════════════════════════════════════════════════════════════════════╗
[08/17/18, 09:25:35:870] info: ║      Slack 3.2.1, linux 4.10.0-38-generic on x64 at 08/17/18, 09:25:35:849      ║
[08/17/18, 09:25:35:870] info: ╚═════════════════════════════════════════════════════════════════════════════════╝
[08/17/18, 09:25:36:364] info: Initializing local storage instance at path: /home/nozomi/dotfiles/.config/Slack/local-settings.json
[08/17/18, 09:25:37:555] info: Main window preload script finished
{
  "readyTime": 3404.75296
}
[08/17/18, 09:25:37:626] info: Store: UPDATE_SESSION_STATUS
{
  "hasValidSession": null,
  "teamId": "TB9PVC95H"
}
[08/17/18, 09:25:37:642] info: Store: UPSERT_WEB_CONTENTS
{
  "id": 10,
  "state": "loaded",
  "teamId": "T0253QGQ9"
}
[08/17/18, 09:25:37:650] info: Store: UPSERT_WEB_CONTENTS
{
  "id": 10,
  "state": "empty-page",
  "teamId": "T0253QGQ9"
}
[08/17/18, 09:25:37:651] info: Store: UPSERT_WEB_CONTENTS
{
  "id": 10,
  "state": "page-will-navigate",
  "teamId": "T0253QGQ9"
}
[08/17/18, 09:25:37:651] info: Store: UPDATE_SESSION_STATUS
{
  "hasValidSession": null,
  "teamId": "T0253QGQ9"
}
[08/17/18, 09:25:37:652] info: Store: UPSERT_WEB_CONTENTS
{
  "id": 9,
  "state": "loaded",
  "teamId": "T0EHMQ4HM"
}
[08/17/18, 09:25:37:652] info: Store: UPSERT_WEB_CONTENTS
{
  "id": 9,
  "state": "empty-page",
  "teamId": "T0EHMQ4HM"
}
[08/17/18, 09:25:37:652] info: Store: UPSERT_WEB_CONTENTS
{
  "id": 9,
  "state": "page-will-navigate",
  "teamId": "T0EHMQ4HM"
}
[08/17/18, 09:25:37:657] info: Store: UPDATE_SESSION_STATUS
{
  "hasValidSession": null,
  "teamId": "T0EHMQ4HM"
}
[08/17/18, 09:25:37:668] info: Store: UPSERT_WEB_CONTENTS
{
  "id": 8,
  "state": "loaded",
  "teamId": "T031FNTUT"
}
[08/17/18, 09:25:37:669] info: Store: UPSERT_WEB_CONTENTS
{
  "id": 8,
  "state": "empty-page",
  "teamId": "T031FNTUT"
}
[08/17/18, 09:25:37:669] info: Store: UPDATE_SESSION_STATUS
{
  "hasValidSession": null,
  "teamId": "T031FNTUT"
}
[08/17/18, 09:25:37:670] info: Store: UPSERT_WEB_CONTENTS
{
  "id": 8,
  "state": "page-will-navigate",
  "teamId": "T031FNTUT"
}
[08/17/18, 09:25:37:670] info: Store: UPDATE_SESSION_STATUS
{
  "hasValidSession": null,
  "teamId": "T031FNTUT"
}
[08/17/18, 09:25:37:674] info: Store: UPSERT_WEB_CONTENTS
{
  "id": 10,
  "state": "loaded",
  "teamId": "T0253QGQ9"
}
[08/17/18, 09:25:37:674] info: Store: UPSERT_WEB_CONTENTS
{
  "id": 10,
  "state": "empty-page",
  "teamId": "T0253QGQ9"
}
[08/17/18, 09:25:37:675] info: Store: UPSERT_WEB_CONTENTS
{
  "id": 10,
  "state": "page-will-navigate",
  "teamId": "T0253QGQ9"
}
[08/17/18, 09:25:37:702] info: Store: UPSERT_WEB_CONTENTS
{
  "id": 11,
  "state": "loaded",
  "teamId": "TB9PVC95H"
}
[08/17/18, 09:25:37:706] info: Store: UPDATE_SESSION_STATUS
{
  "hasValidSession": null,
  "teamId": "T0253QGQ9"
}
[08/17/18, 09:25:37:709] info: Store: UPDATE_SESSION_STATUS
{
  "hasValidSession": null,
  "teamId": "TB9PVC95H"
}
[08/17/18, 09:25:37:723] info: Store: UPSERT_WEB_CONTENTS
{
  "id": 11,
  "state": "empty-page",
  "teamId": "TB9PVC95H"
}
[08/17/18, 09:25:37:749] info: Store: UPSERT_WEB_CONTENTS
{
  "id": 11,
  "state": "page-will-navigate",
  "teamId": "TB9PVC95H"
}
