[05/01/18, 21:05:02:469] info: ╔═════════════════════════════════════════════════════════════════════════════════╗
[05/01/18, 21:05:02:470] info: ║      Slack 3.1.1, linux 4.10.0-38-generic on x64 at 05/01/18, 21:05:02:466      ║
[05/01/18, 21:05:02:470] info: ╚═════════════════════════════════════════════════════════════════════════════════╝
[05/01/18, 21:05:02:562] info: Initializing local storage instance at path: /home/nozomi/dotfiles/.config/Slack/local-settings.json
[05/01/18, 21:05:02:892] info: cld3::loadModule: loading cld3 module
[05/01/18, 21:05:02:914] info: cld3Loader::loadModule: running environment is NODE
[05/01/18, 21:05:02:914] info: cld3Loader::loadModule: constructed module object for runtime
[05/01/18, 21:05:03:090] info: cld3Loader::initializeRuntime: successfully initialized module
[05/01/18, 21:05:03:090] info: cld3Loader::loadModule: initialized wasm binary Runtime
[05/01/18, 21:05:03:094] warn: updateSpellcheckerLanguage: Tried to update language, but spellchecker not initialized
[05/01/18, 21:05:03:095] info: SSBIntegration: Main window preload script loaded 902.672496
[05/01/18, 21:05:03:102] info: Store: UPDATE_SESSION_STATUS
{
  "hasValidSession": null,
  "teamId": "T031FNTUT"
}
[05/01/18, 21:05:03:104] info: Store: UPSERT_WEB_CONTENTS
{
  "id": 3,
  "state": "loaded",
  "teamId": "T031FNTUT"
}
[05/01/18, 21:05:03:108] info: Store: UPSERT_WEB_CONTENTS
{
  "id": 3,
  "state": "empty-page",
  "teamId": "T031FNTUT"
}
[05/01/18, 21:05:03:112] info: Store: UPSERT_WEB_CONTENTS
{
  "id": 3,
  "state": "page-will-navigate",
  "teamId": "T031FNTUT"
}
[05/01/18, 21:05:23:237] info: Store: UPDATE_SESSION_STATUS
{
  "hasValidSession": null,
  "teamId": "T031FNTUT"
}
