[08/04/18, 14:25:53:267] info: ╔═════════════════════════════════════════════════════════════════════════════════╗
[08/04/18, 14:25:53:268] info: ║      Slack 3.2.1, linux 4.10.0-38-generic on x64 at 08/04/18, 14:25:53:264      ║
[08/04/18, 14:25:53:268] info: ╚═════════════════════════════════════════════════════════════════════════════════╝
[08/04/18, 14:25:53:424] info: Initializing local storage instance at path: /home/nozomi/dotfiles/.config/Slack/local-settings.json
[08/04/18, 14:25:53:797] info: Main window preload script finished
{
  "readyTime": 1006.644526
}
[08/04/18, 14:25:53:804] info: Store: UPDATE_SESSION_STATUS
{
  "hasValidSession": null,
  "teamId": "T0EHMQ4HM"
}
[08/04/18, 14:25:53:806] info: Store: UPSERT_WEB_CONTENTS
{
  "id": 6,
  "state": "loaded",
  "teamId": "T0253QGQ9"
}
[08/04/18, 14:25:53:807] info: Store: UPSERT_WEB_CONTENTS
{
  "id": 6,
  "state": "empty-page",
  "teamId": "T0253QGQ9"
}
[08/04/18, 14:25:53:808] info: Store: UPSERT_WEB_CONTENTS
{
  "id": 6,
  "state": "page-will-navigate",
  "teamId": "T0253QGQ9"
}
[08/04/18, 14:25:53:808] info: Store: UPDATE_SESSION_STATUS
{
  "hasValidSession": null,
  "teamId": "T0253QGQ9"
}
[08/04/18, 14:25:53:810] info: Store: UPSERT_WEB_CONTENTS
{
  "id": 7,
  "state": "loaded",
  "teamId": "T0EHMQ4HM"
}
[08/04/18, 14:25:53:817] info: Store: UPSERT_WEB_CONTENTS
{
  "id": 7,
  "state": "empty-page",
  "teamId": "T0EHMQ4HM"
}
[08/04/18, 14:25:53:826] info: Store: UPSERT_WEB_CONTENTS
{
  "id": 7,
  "state": "page-will-navigate",
  "teamId": "T0EHMQ4HM"
}
[08/04/18, 17:34:04:288] info: ╔═════════════════════════════════════════════════════════════════════════════════╗
[08/04/18, 17:34:04:290] info: ║      Slack 3.2.1, linux 4.10.0-38-generic on x64 at 08/04/18, 17:34:04:280      ║
[08/04/18, 17:34:04:291] info: ╚═════════════════════════════════════════════════════════════════════════════════╝
[08/04/18, 17:34:04:523] info: Initializing local storage instance at path: /home/nozomi/dotfiles/.config/Slack/local-settings.json
[08/04/18, 17:34:04:970] info: Main window preload script finished
{
  "readyTime": 1319.528754
}
[08/04/18, 17:34:04:986] info: Store: UPDATE_SESSION_STATUS
{
  "hasValidSession": null,
  "teamId": "T0EHMQ4HM"
}
[08/04/18, 17:34:04:987] info: Store: UPSERT_WEB_CONTENTS
{
  "id": 6,
  "state": "loaded",
  "teamId": "T0253QGQ9"
}
[08/04/18, 17:34:04:988] info: Store: UPSERT_WEB_CONTENTS
{
  "id": 6,
  "state": "empty-page",
  "teamId": "T0253QGQ9"
}
[08/04/18, 17:34:04:988] info: Store: UPSERT_WEB_CONTENTS
{
  "id": 6,
  "state": "page-will-navigate",
  "teamId": "T0253QGQ9"
}
[08/04/18, 17:34:04:989] info: Store: UPDATE_SESSION_STATUS
{
  "hasValidSession": null,
  "teamId": "T0253QGQ9"
}
[08/04/18, 17:34:04:990] info: Store: UPSERT_WEB_CONTENTS
{
  "id": 7,
  "state": "loaded",
  "teamId": "T0EHMQ4HM"
}
[08/04/18, 17:34:05:003] info: Store: UPSERT_WEB_CONTENTS
{
  "id": 7,
  "state": "empty-page",
  "teamId": "T0EHMQ4HM"
}
[08/04/18, 17:34:05:019] info: Store: UPSERT_WEB_CONTENTS
{
  "id": 7,
  "state": "page-will-navigate",
  "teamId": "T0EHMQ4HM"
}
[08/07/18, 20:42:26:730] info: ╔═════════════════════════════════════════════════════════════════════════════════╗
[08/07/18, 20:42:26:733] info: ║      Slack 3.2.1, linux 4.10.0-38-generic on x64 at 08/07/18, 20:42:26:721      ║
[08/07/18, 20:42:26:733] info: ╚═════════════════════════════════════════════════════════════════════════════════╝
[08/07/18, 20:42:26:932] info: Initializing local storage instance at path: /home/nozomi/dotfiles/.config/Slack/local-settings.json
[08/07/18, 20:42:27:537] info: Main window preload script finished
{
  "readyTime": 1673.424185
}
[08/07/18, 20:42:27:564] info: Store: UPDATE_SESSION_STATUS
{
  "hasValidSession": null,
  "teamId": "T0253QGQ9"
}
[08/07/18, 20:42:27:568] info: Store: UPDATE_SESSION_STATUS
{
  "hasValidSession": null,
  "teamId": "T0EHMQ4HM"
}
[08/07/18, 20:42:27:570] info: Store: UPSERT_WEB_CONTENTS
{
  "id": 7,
  "state": "loaded",
  "teamId": "T031FNTUT"
}
[08/07/18, 20:42:27:571] info: Store: UPSERT_WEB_CONTENTS
{
  "id": 7,
  "state": "empty-page",
  "teamId": "T031FNTUT"
}
[08/07/18, 20:42:27:571] info: Store: UPSERT_WEB_CONTENTS
{
  "id": 7,
  "state": "page-will-navigate",
  "teamId": "T031FNTUT"
}
[08/07/18, 20:42:27:572] info: Store: UPDATE_SESSION_STATUS
{
  "hasValidSession": null,
  "teamId": "T031FNTUT"
}
[08/07/18, 20:42:27:573] info: Store: UPSERT_WEB_CONTENTS
{
  "id": 8,
  "state": "loaded",
  "teamId": "T0EHMQ4HM"
}
[08/07/18, 20:42:27:575] info: Store: UPSERT_WEB_CONTENTS
{
  "id": 8,
  "state": "empty-page",
  "teamId": "T0EHMQ4HM"
}
[08/07/18, 20:42:27:575] info: Store: UPSERT_WEB_CONTENTS
{
  "id": 6,
  "state": "loaded",
  "teamId": "T0253QGQ9"
}
[08/07/18, 20:42:27:580] info: Store: UPSERT_WEB_CONTENTS
{
  "id": 8,
  "state": "page-will-navigate",
  "teamId": "T0EHMQ4HM"
}
[08/07/18, 20:42:27:583] info: Store: UPSERT_WEB_CONTENTS
{
  "id": 6,
  "state": "empty-page",
  "teamId": "T0253QGQ9"
}
[08/07/18, 20:42:27:597] info: Store: UPSERT_WEB_CONTENTS
{
  "id": 6,
  "state": "page-will-navigate",
  "teamId": "T0253QGQ9"
}
[08/07/18, 20:42:27:684] info: Store: UPDATE_SESSION_STATUS
{
  "hasValidSession": null,
  "teamId": "T0EHMQ4HM"
}
[08/08/18, 18:33:31:688] info: ╔═════════════════════════════════════════════════════════════════════════════════╗
[08/08/18, 18:33:31:689] info: ║      Slack 3.2.1, linux 4.10.0-38-generic on x64 at 08/08/18, 18:33:31:683      ║
[08/08/18, 18:33:31:689] info: ╚═════════════════════════════════════════════════════════════════════════════════╝
[08/08/18, 18:33:31:937] info: Initializing local storage instance at path: /home/nozomi/dotfiles/.config/Slack/local-settings.json
[08/08/18, 18:33:32:604] info: Main window preload script finished
{
  "readyTime": 1842.362699
}
[08/08/18, 18:33:32:620] info: Store: UPDATE_SESSION_STATUS
{
  "hasValidSession": null,
  "teamId": "T0253QGQ9"
}
[08/08/18, 18:33:32:621] info: Store: UPSERT_WEB_CONTENTS
{
  "id": 14,
  "state": "loaded",
  "teamId": "T031FNTUT"
}
[08/08/18, 18:33:32:622] info: Store: UPSERT_WEB_CONTENTS
{
  "id": 14,
  "state": "empty-page",
  "teamId": "T031FNTUT"
}
[08/08/18, 18:33:32:623] info: Store: UPSERT_WEB_CONTENTS
{
  "id": 14,
  "state": "page-will-navigate",
  "teamId": "T031FNTUT"
}
[08/08/18, 18:33:32:623] info: Store: UPDATE_SESSION_STATUS
{
  "hasValidSession": null,
  "teamId": "T031FNTUT"
}
[08/08/18, 18:33:32:623] info: Store: UPSERT_WEB_CONTENTS
{
  "id": 15,
  "state": "loaded",
  "teamId": "TB9PVC95H"
}
[08/08/18, 18:33:32:624] info: Store: UPSERT_WEB_CONTENTS
{
  "id": 15,
  "state": "empty-page",
  "teamId": "TB9PVC95H"
}
[08/08/18, 18:33:32:624] info: Store: UPSERT_WEB_CONTENTS
{
  "id": 15,
  "state": "page-will-navigate",
  "teamId": "TB9PVC95H"
}
[08/08/18, 18:33:32:624] info: Store: UPDATE_SESSION_STATUS
{
  "hasValidSession": null,
  "teamId": "TB9PVC95H"
}
[08/08/18, 18:33:32:626] info: Store: UPSERT_WEB_CONTENTS
{
  "id": 13,
  "state": "loaded",
  "teamId": "T0253QGQ9"
}
[08/08/18, 18:33:32:643] info: Store: UPSERT_WEB_CONTENTS
{
  "id": 13,
  "state": "empty-page",
  "teamId": "T0253QGQ9"
}
[08/08/18, 18:33:32:648] info: Store: UPSERT_WEB_CONTENTS
{
  "id": 13,
  "state": "page-will-navigate",
  "teamId": "T0253QGQ9"
}
[08/21/18, 20:19:39:957] info: ╔═════════════════════════════════════════════════════════════════════════════════╗
[08/21/18, 20:19:39:958] info: ║      Slack 3.2.1, linux 4.10.0-38-generic on x64 at 08/21/18, 20:19:39:949      ║
[08/21/18, 20:19:39:959] info: ╚═════════════════════════════════════════════════════════════════════════════════╝
[08/21/18, 20:19:40:370] info: Initializing local storage instance at path: /home/nozomi/dotfiles/.config/Slack/local-settings.json
[08/21/18, 20:19:41:020] info: Main window preload script finished
{
  "readyTime": 2189.985039
}
[08/21/18, 20:19:41:052] info: Store: UPDATE_SESSION_STATUS
{
  "hasValidSession": null,
  "teamId": "TB9PVC95H"
}
[08/21/18, 20:19:41:053] info: Store: UPSERT_WEB_CONTENTS
{
  "id": 7,
  "state": "loaded",
  "teamId": "T0253QGQ9"
}
[08/21/18, 20:19:41:055] info: Store: UPSERT_WEB_CONTENTS
{
  "id": 7,
  "state": "empty-page",
  "teamId": "T0253QGQ9"
}
[08/21/18, 20:19:41:056] info: Store: UPSERT_WEB_CONTENTS
{
  "id": 7,
  "state": "page-will-navigate",
  "teamId": "T0253QGQ9"
}
[08/21/18, 20:19:41:056] info: Store: UPDATE_SESSION_STATUS
{
  "hasValidSession": null,
  "teamId": "T0253QGQ9"
}
[08/21/18, 20:19:41:057] info: Store: UPSERT_WEB_CONTENTS
{
  "id": 6,
  "state": "loaded",
  "teamId": "T0EHMQ4HM"
}
[08/21/18, 20:19:41:057] info: Store: UPSERT_WEB_CONTENTS
{
  "id": 6,
  "state": "empty-page",
  "teamId": "T0EHMQ4HM"
}
[08/21/18, 20:19:41:058] info: Store: UPSERT_WEB_CONTENTS
{
  "id": 6,
  "state": "page-will-navigate",
  "teamId": "T0EHMQ4HM"
}
[08/21/18, 20:19:41:058] info: Store: UPDATE_SESSION_STATUS
{
  "hasValidSession": null,
  "teamId": "T0EHMQ4HM"
}
[08/21/18, 20:19:41:058] info: Store: UPSERT_WEB_CONTENTS
{
  "id": 8,
  "state": "loaded",
  "teamId": "T031FNTUT"
}
[08/21/18, 20:19:41:059] info: Store: UPSERT_WEB_CONTENTS
{
  "id": 8,
  "state": "empty-page",
  "teamId": "T031FNTUT"
}
[08/21/18, 20:19:41:059] info: Store: UPSERT_WEB_CONTENTS
{
  "id": 8,
  "state": "page-will-navigate",
  "teamId": "T031FNTUT"
}
[08/21/18, 20:19:41:059] info: Store: UPDATE_SESSION_STATUS
{
  "hasValidSession": null,
  "teamId": "T031FNTUT"
}
[08/21/18, 20:19:41:061] info: Store: UPSERT_WEB_CONTENTS
{
  "id": 5,
  "state": "loaded",
  "teamId": "TB9PVC95H"
}
[08/21/18, 20:19:41:075] info: Store: UPSERT_WEB_CONTENTS
{
  "id": 5,
  "state": "empty-page",
  "teamId": "TB9PVC95H"
}
[08/21/18, 20:19:41:091] info: Store: UPSERT_WEB_CONTENTS
{
  "id": 5,
  "state": "page-will-navigate",
  "teamId": "TB9PVC95H"
}
[08/21/18, 20:19:41:201] info: Store: UPDATE_SESSION_STATUS
{
  "hasValidSession": null,
  "teamId": "TB9PVC95H"
}
