[08/04/18, 16:24:39:768] info: ╔═════════════════════════════════════════════════════════════════════════════════╗
[08/04/18, 16:24:39:769] info: ║      Slack 3.2.1, linux 4.10.0-38-generic on x64 at 08/04/18, 16:24:39:765      ║
[08/04/18, 16:24:39:769] info: ╚═════════════════════════════════════════════════════════════════════════════════╝
[08/04/18, 16:24:39:968] info: Initializing local storage instance at path: /home/nozomi/dotfiles/.config/Slack/local-settings.json
[08/04/18, 16:24:40:422] info: Main window preload script finished
{
  "readyTime": 1184.352494
}
[08/04/18, 16:24:40:443] info: Store: UPDATE_SESSION_STATUS
{
  "hasValidSession": null,
  "teamId": "T0253QGQ9"
}
[08/04/18, 16:24:40:446] info: Store: UPSERT_WEB_CONTENTS
{
  "id": 7,
  "state": "loaded",
  "teamId": "T0EHMQ4HM"
}
[08/04/18, 16:24:40:446] info: Store: UPSERT_WEB_CONTENTS
{
  "id": 7,
  "state": "empty-page",
  "teamId": "T0EHMQ4HM"
}
[08/04/18, 16:24:40:447] info: Store: UPSERT_WEB_CONTENTS
{
  "id": 7,
  "state": "page-will-navigate",
  "teamId": "T0EHMQ4HM"
}
[08/04/18, 16:24:40:447] info: Store: UPDATE_SESSION_STATUS
{
  "hasValidSession": null,
  "teamId": "T0EHMQ4HM"
}
[08/04/18, 16:24:40:448] info: Store: UPSERT_WEB_CONTENTS
{
  "id": 6,
  "state": "loaded",
  "teamId": "T0253QGQ9"
}
[08/04/18, 16:24:40:453] info: Store: UPSERT_WEB_CONTENTS
{
  "id": 6,
  "state": "empty-page",
  "teamId": "T0253QGQ9"
}
[08/04/18, 16:24:40:465] info: Store: UPSERT_WEB_CONTENTS
{
  "id": 6,
  "state": "page-will-navigate",
  "teamId": "T0253QGQ9"
}
[08/10/18, 22:08:22:438] info: ╔═════════════════════════════════════════════════════════════════════════════════╗
[08/10/18, 22:08:22:442] info: ║      Slack 3.2.1, linux 4.10.0-38-generic on x64 at 08/10/18, 22:08:22:430      ║
[08/10/18, 22:08:22:442] info: ╚═════════════════════════════════════════════════════════════════════════════════╝
[08/10/18, 22:08:22:670] info: Initializing local storage instance at path: /home/nozomi/dotfiles/.config/Slack/local-settings.json
[08/10/18, 22:08:23:353] info: Main window preload script finished
{
  "readyTime": 1705.354711
}
[08/10/18, 22:08:23:380] info: Store: UPDATE_SESSION_STATUS
{
  "hasValidSession": null,
  "teamId": "T031FNTUT"
}
[08/10/18, 22:08:23:381] info: Store: UPSERT_WEB_CONTENTS
{
  "id": 17,
  "state": "loaded",
  "teamId": "TB9PVC95H"
}
[08/10/18, 22:08:23:382] info: Store: UPSERT_WEB_CONTENTS
{
  "id": 17,
  "state": "empty-page",
  "teamId": "TB9PVC95H"
}
[08/10/18, 22:08:23:384] info: Store: UPSERT_WEB_CONTENTS
{
  "id": 17,
  "state": "page-will-navigate",
  "teamId": "TB9PVC95H"
}
[08/10/18, 22:08:23:385] info: Store: UPDATE_SESSION_STATUS
{
  "hasValidSession": null,
  "teamId": "TB9PVC95H"
}
[08/10/18, 22:08:23:385] info: Store: UPSERT_WEB_CONTENTS
{
  "id": 16,
  "state": "loaded",
  "teamId": "T0253QGQ9"
}
[08/10/18, 22:08:23:387] info: Store: UPSERT_WEB_CONTENTS
{
  "id": 16,
  "state": "empty-page",
  "teamId": "T0253QGQ9"
}
[08/10/18, 22:08:23:387] info: Store: UPSERT_WEB_CONTENTS
{
  "id": 16,
  "state": "page-will-navigate",
  "teamId": "T0253QGQ9"
}
[08/10/18, 22:08:23:399] info: Store: UPSERT_WEB_CONTENTS
{
  "id": 18,
  "state": "loaded",
  "teamId": "T0EHMQ4HM"
}
[08/10/18, 22:08:23:406] info: Store: UPSERT_WEB_CONTENTS
{
  "id": 18,
  "state": "empty-page",
  "teamId": "T0EHMQ4HM"
}
[08/10/18, 22:08:23:415] info: Store: UPSERT_WEB_CONTENTS
{
  "id": 18,
  "state": "page-will-navigate",
  "teamId": "T0EHMQ4HM"
}
[08/10/18, 22:08:23:478] info: Store: UPDATE_SESSION_STATUS
{
  "hasValidSession": null,
  "teamId": "T0253QGQ9"
}
[08/10/18, 22:08:23:484] info: Store: UPSERT_WEB_CONTENTS
{
  "id": 19,
  "state": "loaded",
  "teamId": "T031FNTUT"
}
[08/10/18, 22:08:23:518] info: Store: UPSERT_WEB_CONTENTS
{
  "id": 19,
  "state": "empty-page",
  "teamId": "T031FNTUT"
}
[08/10/18, 22:08:23:524] info: Store: UPDATE_SESSION_STATUS
{
  "hasValidSession": null,
  "teamId": "T0EHMQ4HM"
}
[08/10/18, 22:08:23:532] info: Store: UPSERT_WEB_CONTENTS
{
  "id": 19,
  "state": "page-will-navigate",
  "teamId": "T031FNTUT"
}
