[08/21/18, 20:34:21:248] info: ╔═════════════════════════════════════════════════════════════════════════════════╗
[08/21/18, 20:34:21:252] info: ║      Slack 3.2.1, linux 4.10.0-38-generic on x64 at 08/21/18, 20:34:21:238      ║
[08/21/18, 20:34:21:253] info: ╚═════════════════════════════════════════════════════════════════════════════════╝
[08/21/18, 20:34:21:645] info: Initializing local storage instance at path: /home/nozomi/dotfiles/.config/Slack/local-settings.json
[08/21/18, 20:34:22:474] info: Main window preload script finished
{
  "readyTime": 2293.117132
}
[08/21/18, 20:34:22:513] info: Store: UPDATE_SESSION_STATUS
{
  "hasValidSession": null,
  "teamId": "T0EHMQ4HM"
}
[08/21/18, 20:34:22:514] info: Store: UPSERT_WEB_CONTENTS
{
  "id": 5,
  "state": "loaded",
  "teamId": "TB9PVC95H"
}
[08/21/18, 20:34:22:515] info: Store: UPSERT_WEB_CONTENTS
{
  "id": 5,
  "state": "empty-page",
  "teamId": "TB9PVC95H"
}
[08/21/18, 20:34:22:517] info: Store: UPSERT_WEB_CONTENTS
{
  "id": 5,
  "state": "page-will-navigate",
  "teamId": "TB9PVC95H"
}
[08/21/18, 20:34:22:517] info: Store: UPDATE_SESSION_STATUS
{
  "hasValidSession": null,
  "teamId": "TB9PVC95H"
}
[08/21/18, 20:34:22:518] info: Store: UPSERT_WEB_CONTENTS
{
  "id": 7,
  "state": "loaded",
  "teamId": "T0253QGQ9"
}
[08/21/18, 20:34:22:518] info: Store: UPSERT_WEB_CONTENTS
{
  "id": 7,
  "state": "empty-page",
  "teamId": "T0253QGQ9"
}
[08/21/18, 20:34:22:523] info: Store: UPSERT_WEB_CONTENTS
{
  "id": 7,
  "state": "page-will-navigate",
  "teamId": "T0253QGQ9"
}
[08/21/18, 20:34:22:523] info: Store: UPDATE_SESSION_STATUS
{
  "hasValidSession": null,
  "teamId": "T0253QGQ9"
}
[08/21/18, 20:34:22:523] info: Store: UPSERT_WEB_CONTENTS
{
  "id": 8,
  "state": "loaded",
  "teamId": "T031FNTUT"
}
[08/21/18, 20:34:22:524] info: Store: UPSERT_WEB_CONTENTS
{
  "id": 8,
  "state": "empty-page",
  "teamId": "T031FNTUT"
}
[08/21/18, 20:34:22:524] info: Store: UPSERT_WEB_CONTENTS
{
  "id": 8,
  "state": "page-will-navigate",
  "teamId": "T031FNTUT"
}
[08/21/18, 20:34:22:524] info: Store: UPDATE_SESSION_STATUS
{
  "hasValidSession": null,
  "teamId": "T031FNTUT"
}
[08/21/18, 20:34:22:526] info: Store: UPSERT_WEB_CONTENTS
{
  "id": 6,
  "state": "loaded",
  "teamId": "T0EHMQ4HM"
}
[08/21/18, 20:34:22:542] info: Store: UPSERT_WEB_CONTENTS
{
  "id": 6,
  "state": "empty-page",
  "teamId": "T0EHMQ4HM"
}
[08/21/18, 20:34:22:557] info: Store: UPSERT_WEB_CONTENTS
{
  "id": 6,
  "state": "page-will-navigate",
  "teamId": "T0EHMQ4HM"
}
