[08/04/18, 14:47:55:424] info: ╔═════════════════════════════════════════════════════════════════════════════════╗
[08/04/18, 14:47:55:425] info: ║      Slack 3.2.1, linux 4.10.0-38-generic on x64 at 08/04/18, 14:47:55:420      ║
[08/04/18, 14:47:55:425] info: ╚═════════════════════════════════════════════════════════════════════════════════╝
[08/04/18, 14:47:55:585] info: Initializing local storage instance at path: /home/nozomi/dotfiles/.config/Slack/local-settings.json
[08/04/18, 14:47:55:935] info: Main window preload script finished
{
  "readyTime": 985.635761
}
[08/04/18, 14:47:55:951] info: Store: UPDATE_SESSION_STATUS
{
  "hasValidSession": null,
  "teamId": "T0EHMQ4HM"
}
[08/04/18, 14:47:55:953] info: Store: UPSERT_WEB_CONTENTS
{
  "id": 6,
  "state": "loaded",
  "teamId": "T0253QGQ9"
}
[08/04/18, 14:47:55:953] info: Store: UPSERT_WEB_CONTENTS
{
  "id": 6,
  "state": "empty-page",
  "teamId": "T0253QGQ9"
}
[08/04/18, 14:47:55:953] info: Store: UPSERT_WEB_CONTENTS
{
  "id": 6,
  "state": "page-will-navigate",
  "teamId": "T0253QGQ9"
}
[08/04/18, 14:47:55:954] info: Store: UPDATE_SESSION_STATUS
{
  "hasValidSession": null,
  "teamId": "T0253QGQ9"
}
[08/04/18, 14:47:55:955] info: Store: UPSERT_WEB_CONTENTS
{
  "id": 7,
  "state": "loaded",
  "teamId": "T0EHMQ4HM"
}
[08/04/18, 14:47:55:966] info: Store: UPSERT_WEB_CONTENTS
{
  "id": 7,
  "state": "empty-page",
  "teamId": "T0EHMQ4HM"
}
[08/04/18, 14:47:55:973] info: Store: UPSERT_WEB_CONTENTS
{
  "id": 7,
  "state": "page-will-navigate",
  "teamId": "T0EHMQ4HM"
}
[08/15/18, 10:19:57:419] info: ╔═════════════════════════════════════════════════════════════════════════════════╗
[08/15/18, 10:19:57:419] info: ║      Slack 3.2.1, linux 4.10.0-38-generic on x64 at 08/15/18, 10:19:57:416      ║
[08/15/18, 10:19:57:419] info: ╚═════════════════════════════════════════════════════════════════════════════════╝
[08/15/18, 10:19:57:537] info: Initializing local storage instance at path: /home/nozomi/dotfiles/.config/Slack/local-settings.json
[08/15/18, 10:19:57:779] info: Main window preload script finished
{
  "readyTime": 647.112351
}
[08/15/18, 10:19:57:785] info: Store: UPDATE_SESSION_STATUS
{
  "hasValidSession": null,
  "teamId": "T0EHMQ4HM"
}
[08/15/18, 10:19:57:786] info: Store: UPSERT_WEB_CONTENTS
{
  "id": 18,
  "state": "loaded",
  "teamId": "T031FNTUT"
}
[08/15/18, 10:19:57:786] info: Store: UPSERT_WEB_CONTENTS
{
  "id": 18,
  "state": "empty-page",
  "teamId": "T031FNTUT"
}
[08/15/18, 10:19:57:786] info: Store: UPSERT_WEB_CONTENTS
{
  "id": 18,
  "state": "page-will-navigate",
  "teamId": "T031FNTUT"
}
[08/15/18, 10:19:57:787] info: Store: UPDATE_SESSION_STATUS
{
  "hasValidSession": null,
  "teamId": "T031FNTUT"
}
[08/15/18, 10:19:57:788] info: Store: UPSERT_WEB_CONTENTS
{
  "id": 17,
  "state": "loaded",
  "teamId": "T0EHMQ4HM"
}
[08/15/18, 10:19:57:795] info: Store: UPSERT_WEB_CONTENTS
{
  "id": 17,
  "state": "empty-page",
  "teamId": "T0EHMQ4HM"
}
[08/15/18, 10:19:57:801] info: Store: UPSERT_WEB_CONTENTS
{
  "id": 17,
  "state": "page-will-navigate",
  "teamId": "T0EHMQ4HM"
}
