[08/04/18, 18:02:31:553] info: ╔═════════════════════════════════════════════════════════════════════════════════╗
[08/04/18, 18:02:31:556] info: ║      Slack 3.2.1, linux 4.10.0-38-generic on x64 at 08/04/18, 18:02:31:545      ║
[08/04/18, 18:02:31:556] info: ╚═════════════════════════════════════════════════════════════════════════════════╝
[08/04/18, 18:02:31:725] info: Initializing local storage instance at path: /home/nozomi/dotfiles/.config/Slack/local-settings.json
[08/04/18, 18:02:32:130] info: Main window preload script finished
{
  "readyTime": 1113.661858
}
[08/04/18, 18:02:32:149] info: Store: UPDATE_SESSION_STATUS
{
  "hasValidSession": null,
  "teamId": "T0EHMQ4HM"
}
[08/04/18, 18:02:32:150] info: Store: UPSERT_WEB_CONTENTS
{
  "id": 6,
  "state": "loaded",
  "teamId": "T0253QGQ9"
}
[08/04/18, 18:02:32:154] info: Store: UPSERT_WEB_CONTENTS
{
  "id": 6,
  "state": "empty-page",
  "teamId": "T0253QGQ9"
}
[08/04/18, 18:02:32:154] info: Store: UPSERT_WEB_CONTENTS
{
  "id": 6,
  "state": "page-will-navigate",
  "teamId": "T0253QGQ9"
}
[08/04/18, 18:02:32:155] info: Store: UPDATE_SESSION_STATUS
{
  "hasValidSession": null,
  "teamId": "T0253QGQ9"
}
[08/04/18, 18:02:32:156] info: Store: UPSERT_WEB_CONTENTS
{
  "id": 7,
  "state": "loaded",
  "teamId": "T0EHMQ4HM"
}
[08/04/18, 18:02:32:167] info: Store: UPSERT_WEB_CONTENTS
{
  "id": 7,
  "state": "empty-page",
  "teamId": "T0EHMQ4HM"
}
[08/04/18, 18:02:32:179] info: Store: UPSERT_WEB_CONTENTS
{
  "id": 7,
  "state": "page-will-navigate",
  "teamId": "T0EHMQ4HM"
}
[08/10/18, 20:39:06:643] info: ╔═════════════════════════════════════════════════════════════════════════════════╗
[08/10/18, 20:39:06:644] info: ║      Slack 3.2.1, linux 4.10.0-38-generic on x64 at 08/10/18, 20:39:06:636      ║
[08/10/18, 20:39:06:644] info: ╚═════════════════════════════════════════════════════════════════════════════════╝
[08/10/18, 20:39:06:991] info: Initializing local storage instance at path: /home/nozomi/dotfiles/.config/Slack/local-settings.json
[08/10/18, 20:39:07:678] info: Main window preload script finished
{
  "readyTime": 1876.070698
}
[08/10/18, 20:39:07:707] info: Store: UPSERT_WEB_CONTENTS
{
  "id": 18,
  "state": "loaded",
  "teamId": "T0EHMQ4HM"
}
[08/10/18, 20:39:07:709] info: Store: UPSERT_WEB_CONTENTS
{
  "id": 18,
  "state": "empty-page",
  "teamId": "T0EHMQ4HM"
}
[08/10/18, 20:39:07:716] info: Store: UPSERT_WEB_CONTENTS
{
  "id": 18,
  "state": "page-will-navigate",
  "teamId": "T0EHMQ4HM"
}
[08/10/18, 20:39:07:716] info: Store: UPDATE_SESSION_STATUS
{
  "hasValidSession": null,
  "teamId": "T0EHMQ4HM"
}
[08/10/18, 20:39:07:716] info: Store: UPSERT_WEB_CONTENTS
{
  "id": 17,
  "state": "loaded",
  "teamId": "TB9PVC95H"
}
[08/10/18, 20:39:07:717] info: Store: UPSERT_WEB_CONTENTS
{
  "id": 17,
  "state": "empty-page",
  "teamId": "TB9PVC95H"
}
[08/10/18, 20:39:07:717] info: Store: UPSERT_WEB_CONTENTS
{
  "id": 17,
  "state": "page-will-navigate",
  "teamId": "TB9PVC95H"
}
[08/10/18, 20:39:07:717] info: Store: UPDATE_SESSION_STATUS
{
  "hasValidSession": null,
  "teamId": "TB9PVC95H"
}
[08/10/18, 20:39:07:718] info: Store: UPSERT_WEB_CONTENTS
{
  "id": 16,
  "state": "loaded",
  "teamId": "T0253QGQ9"
}
[08/10/18, 20:39:07:718] info: Store: UPSERT_WEB_CONTENTS
{
  "id": 16,
  "state": "empty-page",
  "teamId": "T0253QGQ9"
}
[08/10/18, 20:39:07:719] info: Store: UPSERT_WEB_CONTENTS
{
  "id": 16,
  "state": "page-will-navigate",
  "teamId": "T0253QGQ9"
}
[08/10/18, 20:39:07:719] info: Store: UPDATE_SESSION_STATUS
{
  "hasValidSession": null,
  "teamId": "T0253QGQ9"
}
[08/10/18, 20:39:07:720] info: Store: UPSERT_WEB_CONTENTS
{
  "id": 19,
  "state": "loaded",
  "teamId": "T031FNTUT"
}
[08/10/18, 20:39:07:732] info: Store: UPSERT_WEB_CONTENTS
{
  "id": 19,
  "state": "empty-page",
  "teamId": "T031FNTUT"
}
[08/10/18, 20:39:07:755] info: Store: UPSERT_WEB_CONTENTS
{
  "id": 19,
  "state": "page-will-navigate",
  "teamId": "T031FNTUT"
}
