[07/28/18, 13:00:18:432] info: ╔═════════════════════════════════════════════════════════════════════════════════╗
[07/28/18, 13:00:18:433] info: ║      Slack 3.2.1, linux 4.10.0-38-generic on x64 at 07/28/18, 13:00:18:429      ║
[07/28/18, 13:00:18:433] info: ╚═════════════════════════════════════════════════════════════════════════════════╝
[07/28/18, 13:00:18:594] info: Initializing local storage instance at path: /home/nozomi/dotfiles/.config/Slack/local-settings.json
[07/28/18, 13:00:18:895] info: Main window preload script finished
{
  "readyTime": 865.467716
}
[07/28/18, 13:00:18:906] info: Store: UPSERT_WEB_CONTENTS
{
  "id": 10,
  "state": "loaded",
  "teamId": "TB9PVC95H"
}
[07/28/18, 13:00:18:914] info: Store: UPSERT_WEB_CONTENTS
{
  "id": 10,
  "state": "empty-page",
  "teamId": "TB9PVC95H"
}
[07/28/18, 13:00:18:918] info: Store: UPSERT_WEB_CONTENTS
{
  "id": 10,
  "state": "page-will-navigate",
  "teamId": "TB9PVC95H"
}
[07/28/18, 13:00:24:796] info: Store: UPSERT_WEB_CONTENTS
{
  "id": 11,
  "state": "loaded",
  "teamId": "T0EHMQ4HM"
}
[07/28/18, 13:00:24:801] info: Store: UPSERT_WEB_CONTENTS
{
  "id": 11,
  "state": "empty-page",
  "teamId": "T0EHMQ4HM"
}
[07/28/18, 13:00:24:804] info: Store: UPSERT_WEB_CONTENTS
{
  "id": 11,
  "state": "page-will-navigate",
  "teamId": "T0EHMQ4HM"
}
[07/28/18, 13:00:30:062] info: Store: UPSERT_WEB_CONTENTS
{
  "id": 12,
  "state": "loaded",
  "teamId": "T0253QGQ9"
}
[07/28/18, 13:00:30:067] info: Store: UPSERT_WEB_CONTENTS
{
  "id": 12,
  "state": "empty-page",
  "teamId": "T0253QGQ9"
}
[07/28/18, 13:00:30:070] info: Store: UPSERT_WEB_CONTENTS
{
  "id": 12,
  "state": "page-will-navigate",
  "teamId": "T0253QGQ9"
}
[07/28/18, 13:00:33:351] info: Store: UPDATE_SESSION_STATUS
{
  "hasValidSession": null,
  "teamId": "TB47MRNBZ"
}
[07/28/18, 13:00:33:361] info: Store: UPDATE_SESSION_STATUS
{
  "hasValidSession": null,
  "teamId": "TB9PVC95H"
}
[07/28/18, 13:00:33:364] info: Store: UPDATE_SESSION_STATUS
{
  "hasValidSession": null,
  "teamId": "T0EHMQ4HM"
}
[07/28/18, 13:00:33:367] info: Store: UPDATE_SESSION_STATUS
{
  "hasValidSession": null,
  "teamId": "T0253QGQ9"
}
[07/28/18, 13:00:34:328] info: Store: UPSERT_WEB_CONTENTS
{
  "id": 9,
  "state": "loaded",
  "teamId": "TB47MRNBZ"
}
[07/28/18, 13:00:34:336] info: Store: UPSERT_WEB_CONTENTS
{
  "id": 9,
  "state": "empty-page",
  "teamId": "TB47MRNBZ"
}
[07/28/18, 13:00:34:339] info: Store: UPSERT_WEB_CONTENTS
{
  "id": 9,
  "state": "page-will-navigate",
  "teamId": "TB47MRNBZ"
}
[08/10/18, 20:35:06:171] info: ╔═════════════════════════════════════════════════════════════════════════════════╗
[08/10/18, 20:35:06:173] info: ║      Slack 3.2.1, linux 4.10.0-38-generic on x64 at 08/10/18, 20:35:06:161      ║
[08/10/18, 20:35:06:173] info: ╚═════════════════════════════════════════════════════════════════════════════════╝
[08/10/18, 20:35:06:582] info: Initializing local storage instance at path: /home/nozomi/dotfiles/.config/Slack/local-settings.json
[08/10/18, 20:35:07:409] info: Main window preload script finished
{
  "readyTime": 2149.065481
}
[08/10/18, 20:35:07:438] info: Store: UPDATE_SESSION_STATUS
{
  "hasValidSession": null,
  "teamId": "TB9PVC95H"
}
[08/10/18, 20:35:07:439] info: Store: UPSERT_WEB_CONTENTS
{
  "id": 16,
  "state": "loaded",
  "teamId": "T0253QGQ9"
}
[08/10/18, 20:35:07:440] info: Store: UPSERT_WEB_CONTENTS
{
  "id": 16,
  "state": "empty-page",
  "teamId": "T0253QGQ9"
}
[08/10/18, 20:35:07:440] info: Store: UPSERT_WEB_CONTENTS
{
  "id": 16,
  "state": "page-will-navigate",
  "teamId": "T0253QGQ9"
}
[08/10/18, 20:35:07:440] info: Store: UPDATE_SESSION_STATUS
{
  "hasValidSession": null,
  "teamId": "T0253QGQ9"
}
[08/10/18, 20:35:07:441] info: Store: UPSERT_WEB_CONTENTS
{
  "id": 19,
  "state": "loaded",
  "teamId": "T031FNTUT"
}
[08/10/18, 20:35:07:442] info: Store: UPSERT_WEB_CONTENTS
{
  "id": 19,
  "state": "empty-page",
  "teamId": "T031FNTUT"
}
[08/10/18, 20:35:07:442] info: Store: UPSERT_WEB_CONTENTS
{
  "id": 19,
  "state": "page-will-navigate",
  "teamId": "T031FNTUT"
}
[08/10/18, 20:35:07:442] info: Store: UPDATE_SESSION_STATUS
{
  "hasValidSession": null,
  "teamId": "T031FNTUT"
}
[08/10/18, 20:35:07:443] info: Store: UPSERT_WEB_CONTENTS
{
  "id": 18,
  "state": "loaded",
  "teamId": "T0EHMQ4HM"
}
[08/10/18, 20:35:07:443] info: Store: UPSERT_WEB_CONTENTS
{
  "id": 18,
  "state": "empty-page",
  "teamId": "T0EHMQ4HM"
}
[08/10/18, 20:35:07:443] info: Store: UPSERT_WEB_CONTENTS
{
  "id": 18,
  "state": "page-will-navigate",
  "teamId": "T0EHMQ4HM"
}
[08/10/18, 20:35:07:443] info: Store: UPDATE_SESSION_STATUS
{
  "hasValidSession": null,
  "teamId": "T0EHMQ4HM"
}
[08/10/18, 20:35:07:444] info: Store: UPSERT_WEB_CONTENTS
{
  "id": 17,
  "state": "loaded",
  "teamId": "TB9PVC95H"
}
[08/10/18, 20:35:07:457] info: Store: UPSERT_WEB_CONTENTS
{
  "id": 17,
  "state": "empty-page",
  "teamId": "TB9PVC95H"
}
[08/10/18, 20:35:07:463] info: Store: UPSERT_WEB_CONTENTS
{
  "id": 17,
  "state": "page-will-navigate",
  "teamId": "TB9PVC95H"
}
