[08/10/18, 21:36:25:998] info: ╔═════════════════════════════════════════════════════════════════════════════════╗
[08/10/18, 21:36:25:999] info: ║      Slack 3.2.1, linux 4.10.0-38-generic on x64 at 08/10/18, 21:36:25:993      ║
[08/10/18, 21:36:26:000] info: ╚═════════════════════════════════════════════════════════════════════════════════╝
[08/10/18, 21:36:26:308] info: Initializing local storage instance at path: /home/nozomi/dotfiles/.config/Slack/local-settings.json
[08/10/18, 21:36:26:997] info: Main window preload script finished
{
  "readyTime": 2006.915402
}
[08/10/18, 21:36:27:027] info: Store: UPDATE_SESSION_STATUS
{
  "hasValidSession": null,
  "teamId": "TB9PVC95H"
}
[08/10/18, 21:36:27:028] info: Store: UPDATE_SESSION_STATUS
{
  "hasValidSession": null,
  "teamId": "T031FNTUT"
}
[08/10/18, 21:36:27:029] info: Store: UPSERT_WEB_CONTENTS
{
  "id": 18,
  "state": "loaded",
  "teamId": "T0EHMQ4HM"
}
[08/10/18, 21:36:27:030] info: Store: UPSERT_WEB_CONTENTS
{
  "id": 18,
  "state": "empty-page",
  "teamId": "T0EHMQ4HM"
}
[08/10/18, 21:36:27:031] info: Store: UPSERT_WEB_CONTENTS
{
  "id": 18,
  "state": "page-will-navigate",
  "teamId": "T0EHMQ4HM"
}
[08/10/18, 21:36:27:037] info: Store: UPDATE_SESSION_STATUS
{
  "hasValidSession": null,
  "teamId": "T0EHMQ4HM"
}
[08/10/18, 21:36:27:040] info: Store: UPSERT_WEB_CONTENTS
{
  "id": 16,
  "state": "loaded",
  "teamId": "T0253QGQ9"
}
[08/10/18, 21:36:27:041] info: Store: UPSERT_WEB_CONTENTS
{
  "id": 16,
  "state": "empty-page",
  "teamId": "T0253QGQ9"
}
[08/10/18, 21:36:27:042] info: Store: UPSERT_WEB_CONTENTS
{
  "id": 16,
  "state": "page-will-navigate",
  "teamId": "T0253QGQ9"
}
[08/10/18, 21:36:27:042] info: Store: UPDATE_SESSION_STATUS
{
  "hasValidSession": null,
  "teamId": "T0253QGQ9"
}
[08/10/18, 21:36:27:044] info: Store: UPSERT_WEB_CONTENTS
{
  "id": 17,
  "state": "loaded",
  "teamId": "TB9PVC95H"
}
[08/10/18, 21:36:27:063] info: Store: UPSERT_WEB_CONTENTS
{
  "id": 17,
  "state": "empty-page",
  "teamId": "TB9PVC95H"
}
[08/10/18, 21:36:27:067] info: Store: UPSERT_WEB_CONTENTS
{
  "id": 17,
  "state": "page-will-navigate",
  "teamId": "TB9PVC95H"
}
[08/10/18, 21:36:27:159] info: Store: UPSERT_WEB_CONTENTS
{
  "id": 19,
  "state": "loaded",
  "teamId": "T031FNTUT"
}
[08/10/18, 21:36:27:188] info: Store: UPSERT_WEB_CONTENTS
{
  "id": 19,
  "state": "empty-page",
  "teamId": "T031FNTUT"
}
[08/10/18, 21:36:27:192] info: Store: UPDATE_SESSION_STATUS
{
  "hasValidSession": null,
  "teamId": "TB9PVC95H"
}
[08/10/18, 21:36:27:199] info: Store: UPSERT_WEB_CONTENTS
{
  "id": 19,
  "state": "page-will-navigate",
  "teamId": "T031FNTUT"
}
[08/21/18, 21:32:42:643] info: ╔═════════════════════════════════════════════════════════════════════════════════╗
[08/21/18, 21:32:42:651] info: ║      Slack 3.2.1, linux 4.10.0-38-generic on x64 at 08/21/18, 21:32:42:638      ║
[08/21/18, 21:32:42:652] info: ╚═════════════════════════════════════════════════════════════════════════════════╝
[08/21/18, 21:32:42:995] info: Initializing local storage instance at path: /home/nozomi/dotfiles/.config/Slack/local-settings.json
[08/21/18, 21:32:43:812] info: Main window preload script finished
{
  "readyTime": 2274.616464
}
[08/21/18, 21:32:43:852] info: Store: UPSERT_WEB_CONTENTS
{
  "id": 8,
  "state": "loaded",
  "teamId": "T031FNTUT"
}
[08/21/18, 21:32:43:854] info: Store: UPSERT_WEB_CONTENTS
{
  "id": 8,
  "state": "empty-page",
  "teamId": "T031FNTUT"
}
[08/21/18, 21:32:43:855] info: Store: UPSERT_WEB_CONTENTS
{
  "id": 8,
  "state": "page-will-navigate",
  "teamId": "T031FNTUT"
}
[08/21/18, 21:32:43:855] info: Store: UPDATE_SESSION_STATUS
{
  "hasValidSession": null,
  "teamId": "T031FNTUT"
}
[08/21/18, 21:32:43:857] info: Store: UPSERT_WEB_CONTENTS
{
  "id": 6,
  "state": "loaded",
  "teamId": "T0EHMQ4HM"
}
[08/21/18, 21:32:43:858] info: Store: UPSERT_WEB_CONTENTS
{
  "id": 6,
  "state": "empty-page",
  "teamId": "T0EHMQ4HM"
}
[08/21/18, 21:32:43:858] info: Store: UPSERT_WEB_CONTENTS
{
  "id": 6,
  "state": "page-will-navigate",
  "teamId": "T0EHMQ4HM"
}
[08/21/18, 21:32:43:864] info: Store: UPDATE_SESSION_STATUS
{
  "hasValidSession": null,
  "teamId": "T0EHMQ4HM"
}
[08/21/18, 21:32:43:864] info: Store: UPSERT_WEB_CONTENTS
{
  "id": 5,
  "state": "loaded",
  "teamId": "TB9PVC95H"
}
[08/21/18, 21:32:43:865] info: Store: UPSERT_WEB_CONTENTS
{
  "id": 5,
  "state": "empty-page",
  "teamId": "TB9PVC95H"
}
[08/21/18, 21:32:43:865] info: Store: UPSERT_WEB_CONTENTS
{
  "id": 5,
  "state": "page-will-navigate",
  "teamId": "TB9PVC95H"
}
[08/21/18, 21:32:43:866] info: Store: UPDATE_SESSION_STATUS
{
  "hasValidSession": null,
  "teamId": "TB9PVC95H"
}
[08/21/18, 21:32:43:867] info: Store: UPSERT_WEB_CONTENTS
{
  "id": 7,
  "state": "loaded",
  "teamId": "T0253QGQ9"
}
[08/21/18, 21:32:43:887] info: Store: UPSERT_WEB_CONTENTS
{
  "id": 7,
  "state": "empty-page",
  "teamId": "T0253QGQ9"
}
[08/21/18, 21:32:43:890] info: Store: UPSERT_WEB_CONTENTS
{
  "id": 7,
  "state": "page-will-navigate",
  "teamId": "T0253QGQ9"
}
