[06/01/18, 21:58:00:772] info: ╔══════════════════════════════════════════════════════════════════════════════════════════════╗
[06/01/18, 21:58:00:773] info: ║      Slack 3.2.0-beta25a7a50e, linux 4.10.0-38-generic on x64 at 06/01/18, 21:58:00:769      ║
[06/01/18, 21:58:00:773] info: ╚══════════════════════════════════════════════════════════════════════════════════════════════╝
[06/01/18, 21:58:00:884] info: Initializing local storage instance at path: /home/nozomi/dotfiles/.config/Slack/local-settings.json
[06/01/18, 21:58:01:311] error: Desktop module calls failed to load
{
  "error": {
    "message": "libCallsCore.so: å±æãªãã¸ã§ã¯ããã¡ã¤ã«ãéãã¾ãã: ãã®ãããªãã¡ã¤ã«ããã£ã¬ã¯ããªã¯ããã¾ãã",
    "stack": "Error: libCallsCore.so: å±æãªãã¸ã§ã¯ããã¡ã¤ã«ãéãã¾ãã: ãã®ãããªãã¡ã¤ã«ããã£ã¬ã¯ããªã¯ããã¾ãã\n    at process.module.(anonymous function) [as dlopen] (ELECTRON_ASAR.js:172:20)\n    at Object.Module._extensions..node (module.js:671:18)\n    at Object.module.(anonymous function) [as .node] (ELECTRON_ASAR.js:186:18)\n    at Module.load (module.js:561:32)\n    at tryModuleLoad (module.js:504:12)\n    at Function.Module._load (module.js:496:3)\n    at Module.require (module.js:586:17)\n    at require (internal/module.js:11:18)\n    at bindings (/usr/lib/slack/resources/app.asar/node_modules/@slack/slack-calls-prebuilt/modules/@slack/slack-calls/node_modules/bindings/bindings.js:81:44)\n    at Object.<anonymous> (/usr/lib/slack/resources/app.asar/node_modules/@slack/slack-calls-prebuilt/modules/@slack/slack-calls/index.js:1:192)"
  }
}
[06/01/18, 21:58:01:312] error: Desktop module calls failed to load
[06/01/18, 21:58:01:337] info: cld3::loadModule: loading cld3 module
[06/01/18, 21:58:01:361] info: cld3Loader::loadModule: running environment is NODE
[06/01/18, 21:58:01:361] info: cld3Loader::loadModule: constructed module object for runtime
[06/01/18, 21:58:01:544] info: cld3Loader::initializeRuntime: successfully initialized module
[06/01/18, 21:58:01:544] info: cld3Loader::loadModule: initialized wasm binary Runtime
[06/01/18, 21:58:01:561] info: SpellChecker:: updateSpellcheckerLanguage: Skip to set new language null, spellchecker is not available
[06/01/18, 21:58:01:578] info: Main window preload script finished
{
  "readyTime": 1243.178971
}
[06/01/18, 21:58:04:527] info: Store: UPSERT_WEB_CONTENTS
{
  "id": 4,
  "state": "loaded",
  "teamId": "T0253QGQ9"
}
[06/01/18, 21:58:05:848] info: Store: UPSERT_WEB_CONTENTS
{
  "id": 3,
  "state": "loaded",
  "teamId": "T031FNTUT"
}
[06/01/18, 21:58:05:850] info: Store: MAIN_WINDOW_SHOWN
[06/01/18, 21:58:05:854] info: Store: SET_FULL_SCREEN
[06/01/18, 21:58:05:889] info: Store: UPDATE_SESSION_STATUS
{
  "hasValidSession": false,
  "teamId": "T0253QGQ9"
}
[06/01/18, 21:58:06:083] info: Store: SET_FULL_SCREEN
[06/01/18, 21:58:06:083] info: Store: SET_FULL_SCREEN
[06/01/18, 21:58:06:110] info: Store: UPDATE_SESSION_STATUS
{
  "hasValidSession": true,
  "teamId": "T031FNTUT"
}
[06/01/18, 21:58:06:343] info: postLoadTaskSetup: Desktop client fully loaded
{
  "loadedTime": 10600.428613
}
[06/01/18, 21:58:06:409] info: Store: SELECT_CHANNEL GASMM7RND
[06/01/18, 21:58:06:414] info: Store: UPDATE_TEAM_LOCALE
{
  "locale": "en-US"
}
[06/01/18, 21:58:06:414] info: Store: UPDATE_SETTINGS
{
  "locale": "en-US"
}
[06/01/18, 21:58:06:416] info: Store: SET_FULL_SCREEN
[06/01/18, 21:58:06:416] info: Store: SET_FULL_SCREEN
[06/01/18, 21:58:06:523] info: Store: UPDATE_TEAM_ICONS
{
  "icons": {
    "image_102": "https://slack-files2.s3-us-west-2.amazonaws.com/avatars/2016-05-12/42266573955_325ce791cc9957bfae5b_102.png",
    "image_132": "https://slack-files2.s3-us-west-2.amazonaws.com/avatars/2016-05-12/42266573955_325ce791cc9957bfae5b_132.png",
    "image_230": "https://slack-files2.s3-us-west-2.amazonaws.com/avatars/2016-05-12/42266573955_325ce791cc9957bfae5b_132.png",
    "image_34": "https://slack-files2.s3-us-west-2.amazonaws.com/avatars/2016-05-12/42266573955_325ce791cc9957bfae5b_34.png",
    "image_44": "https://slack-files2.s3-us-west-2.amazonaws.com/avatars/2016-05-12/42266573955_325ce791cc9957bfae5b_44.png",
    "image_68": "https://slack-files2.s3-us-west-2.amazonaws.com/avatars/2016-05-12/42266573955_325ce791cc9957bfae5b_68.png",
    "image_88": "https://slack-files2.s3-us-west-2.amazonaws.com/avatars/2016-05-12/42266573955_325ce791cc9957bfae5b_88.png",
    "image_original": "https://slack-files2.s3-us-west-2.amazonaws.com/avatars/2016-05-12/42266573955_325ce791cc9957bfae5b_original.png"
  },
  "teamId": "T031FNTUT"
}
[06/01/18, 21:58:06:524] info: Store: UPDATE_TEAM_LOCALE
{
  "locale": "en-US",
  "teamId": "T031FNTUT"
}
[06/01/18, 21:58:06:525] info: Store: UPSERT_WEB_CONTENTS
{
  "id": 3,
  "state": "webapp-loaded",
  "teamId": "T031FNTUT"
}
[06/01/18, 21:58:06:553] info: Store: UPDATE_TEAM_THEME
{
  "teamId": "T031FNTUT",
  "theme": {
    "active_item": "#95BFEA",
    "active_item_text": "#FFFFFF",
    "active_presence": "#FFFF00",
    "badge": "#AAFFFF",
    "column_bg": "#40E0D0",
    "hover_item": "#48D1CC",
    "menu_bg": "#AAFFFF",
    "text_color": "#FFFFFF"
  }
}
[06/01/18, 21:58:06:628] info: Store: STORE_ENTERPRISE_ID_PAIR
{
  "enterpriseId": "",
  "teamId": "T031FNTUT"
}
[06/01/18, 21:58:07:234] info: postLoadTaskSetup: Setup spellchecker
{
  "version": "V1"
}
[06/01/18, 21:58:07:708] info: Couldn't detect language for text of length '59': Not enough reliable text, ignoring sample
[06/01/18, 21:58:07:784] info: Couldn't detect language for text of length '59': Not enough reliable text, ignoring sample
[06/01/18, 21:59:08:939] info: Store: SET_FULL_SCREEN
[06/01/18, 21:59:09:037] info: Store: SET_FULL_SCREEN
[06/01/18, 21:59:09:840] info: Unloading spellchecker
[06/01/18, 21:59:09:842] info: Unloading spellchecker
[06/01/18, 21:59:09:916] info: Store: SET_FULL_SCREEN
[06/01/18, 21:59:09:916] info: Store: SET_FULL_SCREEN
[06/01/18, 23:06:01:592] info: Store: SET_FULL_SCREEN
[06/01/18, 23:06:01:596] info: Store: SET_FULL_SCREEN
[06/01/18, 23:06:07:050] info: Unloading spellchecker
[06/01/18, 23:06:07:052] info: Store: SET_FULL_SCREEN
[06/01/18, 23:06:13:584] info: Unloading spellchecker
[06/01/18, 23:06:14:273] info: Store: SAVE_WINDOW_SETTINGS
{
  "isMaximized": false,
  "position": [
    575,
    150
  ],
  "size": [
    1024,
    749
  ]
}
[06/01/18, 23:06:15:641] info: Store: SET_FULL_SCREEN
[06/01/18, 23:06:16:124] info: Store: SET_FULL_SCREEN
[06/01/18, 23:06:16:679] info: Store: SAVE_WINDOW_SETTINGS
{
  "isMaximized": false,
  "position": [
    574,
    125
  ],
  "size": [
    1024,
    749
  ]
}
[06/01/18, 23:06:23:152] info: Store: SET_FULL_SCREEN
[06/01/18, 23:06:23:569] info: Store: SET_FULL_SCREEN
[06/01/18, 23:06:24:852] info: Store: SAVE_WINDOW_SETTINGS
{
  "isMaximized": false,
  "position": [
    573,
    100
  ],
  "size": [
    1024,
    749
  ]
}
[06/01/18, 23:06:41:914] info: Store: SET_FULL_SCREEN
[06/01/18, 23:06:43:493] info: Store: SET_FULL_SCREEN
[06/01/18, 23:06:44:945] info: Unloading spellchecker
[06/01/18, 23:06:45:072] info: Store: SET_FULL_SCREEN
[06/01/18, 23:06:45:917] info: Store: SAVE_WINDOW_SETTINGS
{
  "isMaximized": false,
  "position": [
    573,
    100
  ],
  "size": [
    1024,
    749
  ]
}
[06/01/18, 23:06:48:696] info: Store: SAVE_WINDOW_SETTINGS
{
  "isMaximized": false,
  "position": [
    575,
    150
  ],
  "size": [
    1024,
    749
  ]
}
[06/01/18, 23:06:49:720] info: Unloading spellchecker
[06/01/18, 23:06:49:724] info: Unloading spellchecker
[06/01/18, 23:06:49:753] info: Store: SET_FULL_SCREEN
[06/01/18, 23:06:49:753] info: Store: SET_FULL_SCREEN
[06/01/18, 23:07:14:413] info: Store: SET_FULL_SCREEN
[06/01/18, 23:07:14:445] info: Store: SET_FULL_SCREEN
[06/01/18, 23:07:15:048] info: Unloading spellchecker
[06/01/18, 23:07:15:119] info: Unloading spellchecker
[06/01/18, 23:07:15:128] info: Store: SET_FULL_SCREEN
[06/01/18, 23:07:15:129] info: Store: SET_FULL_SCREEN
[06/01/18, 23:07:17:143] info: Store: SET_FULL_SCREEN
[06/01/18, 23:07:17:197] info: Store: SET_FULL_SCREEN
[06/01/18, 23:07:18:909] info: Unloading spellchecker
[06/01/18, 23:07:18:921] info: Unloading spellchecker
[06/01/18, 23:07:18:989] info: Store: SET_FULL_SCREEN
[06/01/18, 23:07:31:634] info: Store: SET_FULL_SCREEN
[06/01/18, 23:07:36:988] info: Unloading spellchecker
[06/01/18, 23:07:36:989] info: Unloading spellchecker
[06/01/18, 23:07:37:032] info: Store: SET_FULL_SCREEN
[06/01/18, 23:07:37:925] info: Store: SET_FULL_SCREEN
[06/01/18, 23:22:57:521] info: Store: SET_SUSPEND_STATUS
[06/01/18, 23:22:57:598] error: Jun-1 23:22:57.598 SOCKET-MANAGER (T031FNTUT) Closing socket because #4102: client is going to sleep
[06/01/18, 23:22:58:016] info: Store: SET_NETWORK_STATUS offline
[06/02/18, 10:58:26:036] info: Store: SET_SUSPEND_STATUS true
[06/02/18, 10:58:26:118] error: Jun-2 10:58:26.117 SOCKET-MANAGER (T031FNTUT) Closing socket because #4108: unexpected socket closure
[06/02/18, 10:58:27:597] info: Store: SAVE_WINDOW_SETTINGS
{
  "isMaximized": false,
  "position": [
    575,
    330
  ],
  "size": [
    1024,
    749
  ]
}
[06/02/18, 10:58:36:905] info: Store: SET_NETWORK_STATUS online
[06/02/18, 10:59:05:310] info: Store: UPDATE_TEAM_ICONS
{
  "icons": {
    "image_102": "https://slack-files2.s3-us-west-2.amazonaws.com/avatars/2016-05-12/42266573955_325ce791cc9957bfae5b_102.png",
    "image_132": "https://slack-files2.s3-us-west-2.amazonaws.com/avatars/2016-05-12/42266573955_325ce791cc9957bfae5b_132.png",
    "image_230": "https://slack-files2.s3-us-west-2.amazonaws.com/avatars/2016-05-12/42266573955_325ce791cc9957bfae5b_132.png",
    "image_34": "https://slack-files2.s3-us-west-2.amazonaws.com/avatars/2016-05-12/42266573955_325ce791cc9957bfae5b_34.png",
    "image_44": "https://slack-files2.s3-us-west-2.amazonaws.com/avatars/2016-05-12/42266573955_325ce791cc9957bfae5b_44.png",
    "image_68": "https://slack-files2.s3-us-west-2.amazonaws.com/avatars/2016-05-12/42266573955_325ce791cc9957bfae5b_68.png",
    "image_88": "https://slack-files2.s3-us-west-2.amazonaws.com/avatars/2016-05-12/42266573955_325ce791cc9957bfae5b_88.png",
    "image_original": "https://slack-files2.s3-us-west-2.amazonaws.com/avatars/2016-05-12/42266573955_325ce791cc9957bfae5b_original.png"
  },
  "teamId": "T031FNTUT"
}
[06/02/18, 10:59:05:312] info: Store: UPDATE_TEAM_LOCALE
{
  "locale": "en-US",
  "teamId": "T031FNTUT"
}
[06/02/18, 11:14:51:761] info: Store: SET_FULL_SCREEN
[06/02/18, 11:14:54:755] info: Store: SET_FULL_SCREEN
[06/02/18, 11:14:54:948] info: Store: SELECT_CHANNEL D5A4B1X97
[06/02/18, 11:14:57:244] info: Raw Locale list: ["C","C.UTF-8","POSIX","en_AG","en_AG.utf8","en_AU.utf8","en_BW.utf8","en_CA.utf8","en_DK.utf8","en_GB.utf8","en_HK.utf8","en_IE.utf8","en_IN","en_IN.utf8","en_NG","en_NG.utf8","en_NZ.utf8","en_PH.utf8","en_SG.utf8","en_US.utf8","en_ZA.utf8","en_ZM","en_ZM.utf8","en_ZW.utf8","ja_JP.utf8",""]
[06/02/18, 11:14:57:244] info: Filtered Locale list: ["en_AG","en_AG","en_AU","en_BW","en_CA","en_DK","en_GB","en_HK","en_IE","en_IN","en_IN","en_NG","en_NG","en_NZ","en_PH","en_SG","en_US","en_ZA","en_ZM","en_ZM","en_ZW","ja_JP"]
[06/02/18, 11:14:57:244] info: Counts: {"en":["en_AG","en_AG","en_AU","en_BW","en_CA","en_DK","en_GB","en_HK","en_IE","en_IN","en_IN","en_NG","en_NG","en_NZ","en_PH","en_SG","en_US","en_ZA","en_ZM","en_ZM","en_ZW"],"ja":["ja_JP"]}
[06/02/18, 11:14:57:244] info: Setting ja
[06/02/18, 11:14:57:245] info: Result: {"ja":"ja-JP"}
[06/02/18, 11:14:57:247] info: Requesting to load en-US, alternatives are ["en-US","en-US","en-US"]
[06/02/18, 11:14:57:248] info: Loading dictionary for language en-US
[06/02/18, 11:14:57:248] info: Returning local copy: /home/nozomi/dotfiles/.config/Slack/dictionaries/en-US.bdic
[06/02/18, 11:14:57:252] info: Setting current spellchecker to en-US, requested language was en-US
[06/02/18, 11:14:57:252] info: Creating node-spellchecker instance
[06/02/18, 11:14:57:254] info: Actually installing spell check provider to Electron
[06/02/18, 11:14:59:235] info: Store: SELECT_CHANNEL C031FNU09
[06/02/18, 11:14:59:863] info: Unloading spellchecker
[06/02/18, 11:14:59:884] info: Unloading spellchecker
[06/02/18, 11:14:59:919] info: Store: SET_FULL_SCREEN
[06/02/18, 11:15:01:218] info: Requesting to load ja-JP, alternatives are ["ja-JP","ja-JP","ja-JP"]
[06/02/18, 11:15:01:220] info: Loading dictionary for language ja-JP
[06/02/18, 11:15:01:221] info: Returning local copy: /home/nozomi/dotfiles/.config/Slack/dictionaries/ja-JP.bdic
[06/02/18, 11:15:01:228] info: Failed to read file /home/nozomi/dotfiles/.config/Slack/dictionaries/ja-JP.bdic: File exists but is most likely bogus
[06/02/18, 11:15:01:232] info: Actually downloading https://redirector.gvt1.com/edgedl/chrome/dict/ja-jp-3-0.bdic
[06/02/18, 11:15:03:127] info: Restoring spellchecker
[06/02/18, 11:15:03:128] info: Loading dictionary for language en-US
[06/02/18, 11:15:03:128] info: Returning local copy: /home/nozomi/dotfiles/.config/Slack/dictionaries/en-US.bdic
[06/02/18, 11:15:03:140] info: Unloading spellchecker
[06/02/18, 11:15:03:142] info: Store: SET_FULL_SCREEN
[06/02/18, 11:15:03:155] info: Restoring spellchecker
[06/02/18, 11:15:03:159] info: Loading dictionary for language en-US
[06/02/18, 11:15:03:173] info: Returning local copy: /home/nozomi/dotfiles/.config/Slack/dictionaries/en-US.bdic
[06/02/18, 11:15:03:209] info: Store: MAIN_WINDOW_FOCUSED
[06/02/18, 11:15:03:211] info: Setting current spellchecker to en-US, requested language was en-US
[06/02/18, 11:15:03:212] info: Creating node-spellchecker instance
[06/02/18, 11:15:03:213] info: Setting current spellchecker to en-US, requested language was en-US
[06/02/18, 11:15:04:078] info: Loading dictionary for language ja-JP
[06/02/18, 11:15:04:078] info: Returning local copy: /home/nozomi/dotfiles/.config/Slack/dictionaries/ja-JP.bdic
[06/02/18, 11:15:04:079] info: Failed to read file /home/nozomi/dotfiles/.config/Slack/dictionaries/ja-JP.bdic: File exists but is most likely bogus
[06/02/18, 11:15:04:079] info: Actually downloading https://redirector.gvt1.com/edgedl/chrome/dict/ja-jp-3-0.bdic
[06/02/18, 11:15:04:313] info: Loading dictionary for language ja-JP
[06/02/18, 11:15:04:314] info: Returning local copy: /home/nozomi/dotfiles/.config/Slack/dictionaries/ja-JP.bdic
[06/02/18, 11:15:04:318] info: Failed to read file /home/nozomi/dotfiles/.config/Slack/dictionaries/ja-JP.bdic: File exists but is most likely bogus
[06/02/18, 11:15:04:319] info: Actually downloading https://redirector.gvt1.com/edgedl/chrome/dict/ja-jp-3-0.bdic
[06/02/18, 11:15:04:525] info: dictionary for ja-JP_ja-JP is not available
[06/02/18, 11:15:04:526] info: Actually installing spell check provider to Electron
[06/02/18, 11:15:19:154] info: Unloading spellchecker
[06/02/18, 11:15:19:163] info: Unloading spellchecker
[06/02/18, 11:15:19:208] info: Store: SET_FULL_SCREEN
[06/02/18, 11:19:15:723] info: Store: SET_FULL_SCREEN
[06/02/18, 11:23:35:191] info: Store: SET_FULL_SCREEN
[06/02/18, 11:23:36:311] info: Store: SET_FULL_SCREEN
[06/02/18, 11:40:32:322] info: Store: SET_FULL_SCREEN
[06/02/18, 11:40:33:375] info: Store: SET_FULL_SCREEN
[06/02/18, 11:43:31:599] info: Store: SET_FULL_SCREEN
[06/02/18, 11:43:33:298] info: Store: SET_FULL_SCREEN
[06/02/18, 11:43:49:180] info: Store: SET_FULL_SCREEN
[06/02/18, 11:43:49:846] info: Store: SET_FULL_SCREEN
[06/02/18, 12:04:34:053] info: Store: SET_FULL_SCREEN
[06/02/18, 12:04:35:892] info: Store: SET_FULL_SCREEN
[06/02/18, 12:04:37:378] info: Store: SET_FULL_SCREEN
[06/02/18, 12:20:32:683] info: Store: SET_FULL_SCREEN
[06/02/18, 12:23:08:847] info: Store: SET_FULL_SCREEN
[06/02/18, 12:36:09:846] info: Restoring spellchecker
[06/02/18, 12:36:09:857] info: Requesting to load ja-JP, alternatives are ["ja-JP","ja-JP","ja-JP"]
[06/02/18, 12:36:09:866] info: Loading dictionary for language ja-JP
[06/02/18, 12:36:09:870] info: Returning local copy: /home/nozomi/dotfiles/.config/Slack/dictionaries/ja-JP.bdic
[06/02/18, 12:36:10:029] info: Unloading spellchecker
[06/02/18, 12:36:10:030] info: Store: SET_FULL_SCREEN
[06/02/18, 12:36:10:033] info: Restoring spellchecker
[06/02/18, 12:36:10:033] info: Requesting to load ja-JP, alternatives are ["ja-JP","ja-JP","ja-JP"]
[06/02/18, 12:36:10:038] info: Loading dictionary for language ja-JP
[06/02/18, 12:36:10:038] info: Returning local copy: /home/nozomi/dotfiles/.config/Slack/dictionaries/ja-JP.bdic
[06/02/18, 12:36:10:080] info: Store: MAIN_WINDOW_FOCUSED
[06/02/18, 12:36:10:083] info: Failed to read file /home/nozomi/dotfiles/.config/Slack/dictionaries/ja-JP.bdic: File exists but is most likely bogus
[06/02/18, 12:36:10:085] info: Actually downloading https://redirector.gvt1.com/edgedl/chrome/dict/ja-jp-3-0.bdic
[06/02/18, 12:36:10:228] info: Failed to read file /home/nozomi/dotfiles/.config/Slack/dictionaries/ja-JP.bdic: File exists but is most likely bogus
[06/02/18, 12:36:10:232] info: Can't clear out file, bailing
[06/02/18, 12:36:10:233] info: Loading dictionary for language ja-JP
[06/02/18, 12:36:10:233] info: Actually downloading https://redirector.gvt1.com/edgedl/chrome/dict/ja-jp-3-0.bdic
[06/02/18, 12:36:10:818] info: Store: SAVE_WINDOW_SETTINGS
{
  "isMaximized": false,
  "position": [
    575,
    330
  ],
  "size": [
    1024,
    749
  ]
}
[06/02/18, 12:36:12:041] info: Unloading spellchecker
[06/02/18, 12:36:12:089] info: Unloading spellchecker
[06/02/18, 12:36:12:124] info: Store: SET_FULL_SCREEN
[06/02/18, 12:36:12:251] info: Loading dictionary for language ja-JP
[06/02/18, 12:36:12:252] info: Returning local copy: /home/nozomi/dotfiles/.config/Slack/dictionaries/ja-JP.bdic
[06/02/18, 12:36:12:254] info: Failed to read file /home/nozomi/dotfiles/.config/Slack/dictionaries/ja-JP.bdic: File exists but is most likely bogus
[06/02/18, 12:36:12:255] info: Actually downloading https://redirector.gvt1.com/edgedl/chrome/dict/ja-jp-3-0.bdic
[06/02/18, 12:36:12:445] info: Loading dictionary for language ja-JP
[06/02/18, 12:36:12:445] info: Returning local copy: /home/nozomi/dotfiles/.config/Slack/dictionaries/ja-JP.bdic
[06/02/18, 12:36:12:448] info: Failed to read file /home/nozomi/dotfiles/.config/Slack/dictionaries/ja-JP.bdic: File exists but is most likely bogus
[06/02/18, 12:36:12:449] info: Actually downloading https://redirector.gvt1.com/edgedl/chrome/dict/ja-jp-3-0.bdic
[06/02/18, 12:36:12:538] info: Loading dictionary for language ja-JP
[06/02/18, 12:36:12:538] info: Returning local copy: /home/nozomi/dotfiles/.config/Slack/dictionaries/ja-JP.bdic
[06/02/18, 12:36:12:540] info: Failed to read file /home/nozomi/dotfiles/.config/Slack/dictionaries/ja-JP.bdic: File exists but is most likely bogus
[06/02/18, 12:36:12:540] info: Actually downloading https://redirector.gvt1.com/edgedl/chrome/dict/ja-jp-3-0.bdic
[06/02/18, 12:36:12:741] info: dictionary for ja-JP_ja-JP is not available
[06/02/18, 12:36:12:851] info: dictionary for ja-JP_ja-JP is not available
[06/02/18, 12:41:48:394] info: Store: SET_FULL_SCREEN
[06/02/18, 12:42:33:758] info: Store: SET_FULL_SCREEN
[06/02/18, 12:42:34:504] info: Store: SET_FULL_SCREEN
[06/02/18, 12:47:12:408] info: Store: SET_FULL_SCREEN
[06/02/18, 12:48:09:468] info: Restoring spellchecker
[06/02/18, 12:48:09:475] info: Requesting to load ja-JP, alternatives are ["ja-JP","ja-JP","ja-JP"]
[06/02/18, 12:48:09:476] info: Loading dictionary for language ja-JP
[06/02/18, 12:48:09:477] info: Returning local copy: /home/nozomi/dotfiles/.config/Slack/dictionaries/ja-JP.bdic
[06/02/18, 12:48:09:527] info: Failed to read file /home/nozomi/dotfiles/.config/Slack/dictionaries/ja-JP.bdic: File exists but is most likely bogus
[06/02/18, 12:48:09:528] info: Actually downloading https://redirector.gvt1.com/edgedl/chrome/dict/ja-jp-3-0.bdic
[06/02/18, 12:48:09:645] info: Store: SET_FULL_SCREEN
[06/02/18, 12:48:10:349] info: Unloading spellchecker
[06/02/18, 12:48:10:353] info: Unloading spellchecker
[06/02/18, 12:48:10:359] info: Store: SET_FULL_SCREEN
[06/02/18, 12:48:10:404] info: Store: SET_FULL_SCREEN
[06/02/18, 12:48:10:842] info: Loading dictionary for language ja-JP
[06/02/18, 12:48:10:844] info: Returning local copy: /home/nozomi/dotfiles/.config/Slack/dictionaries/ja-JP.bdic
[06/02/18, 12:48:10:849] info: Failed to read file /home/nozomi/dotfiles/.config/Slack/dictionaries/ja-JP.bdic: File exists but is most likely bogus
[06/02/18, 12:48:10:850] info: Actually downloading https://redirector.gvt1.com/edgedl/chrome/dict/ja-jp-3-0.bdic
[06/02/18, 12:48:11:244] info: Loading dictionary for language ja-JP
[06/02/18, 12:48:11:251] info: Returning local copy: /home/nozomi/dotfiles/.config/Slack/dictionaries/ja-JP.bdic
[06/02/18, 12:48:11:254] info: Failed to read file /home/nozomi/dotfiles/.config/Slack/dictionaries/ja-JP.bdic: File exists but is most likely bogus
[06/02/18, 12:48:11:255] info: Actually downloading https://redirector.gvt1.com/edgedl/chrome/dict/ja-jp-3-0.bdic
[06/02/18, 12:48:11:500] info: dictionary for ja-JP_ja-JP is not available
[06/02/18, 12:54:44:818] info: Store: SET_FULL_SCREEN
[06/02/18, 12:54:46:266] info: Store: SET_FULL_SCREEN
[06/02/18, 13:41:07:396] info: Store: SET_FULL_SCREEN
[06/02/18, 13:41:07:856] info: Store: SET_FULL_SCREEN
[06/02/18, 13:42:15:125] info: Store: SET_FULL_SCREEN
[06/02/18, 13:42:16:190] info: Store: SET_FULL_SCREEN
[06/02/18, 13:42:55:087] info: Store: SET_FULL_SCREEN
[06/02/18, 13:42:55:973] info: Store: SET_FULL_SCREEN
[06/02/18, 13:42:56:785] info: Store: SET_FULL_SCREEN
[06/02/18, 13:43:00:984] info: Store: SET_FULL_SCREEN
[06/02/18, 13:59:56:223] info: Store: SET_FULL_SCREEN
[06/02/18, 13:59:58:187] info: Store: SET_FULL_SCREEN
[06/02/18, 14:00:55:949] info: Store: SET_FULL_SCREEN
[06/02/18, 14:00:59:010] info: Store: SET_FULL_SCREEN
[06/02/18, 14:01:46:048] info: Store: SET_FULL_SCREEN
[06/02/18, 14:01:52:897] info: Store: SET_FULL_SCREEN
[06/02/18, 14:08:30:269] info: Store: SET_FULL_SCREEN
[06/02/18, 14:08:36:974] info: Store: SET_FULL_SCREEN
[06/02/18, 14:30:49:499] error: Jun-2 14:30:49.498 SOCKET-MANAGER (T031FNTUT) Closing socket because #4108: unexpected socket closure
[06/02/18, 14:30:50:104] error: Jun-2 14:30:50.104 SOCKET-MANAGER (T031FNTUT) Closing socket because #4108: unexpected socket closure
[06/02/18, 14:43:17:044] info: Store: SET_FULL_SCREEN
[06/02/18, 14:43:18:472] info: Store: SET_FULL_SCREEN
[06/02/18, 14:47:22:336] info: Store: SET_FULL_SCREEN
[06/02/18, 14:47:23:338] info: Store: SET_FULL_SCREEN
[06/02/18, 16:25:12:248] info: Store: SET_FULL_SCREEN
[06/02/18, 16:25:15:052] info: Store: SET_FULL_SCREEN
[06/02/18, 16:33:12:811] info: Store: SET_FULL_SCREEN
[06/02/18, 16:33:13:847] info: Store: SET_FULL_SCREEN
[06/02/18, 16:33:15:406] info: Store: SET_FULL_SCREEN
[06/02/18, 16:33:16:681] info: Store: SET_FULL_SCREEN
[06/02/18, 16:33:17:187] info: Store: SET_FULL_SCREEN
[06/02/18, 16:33:17:559] info: Store: SET_FULL_SCREEN
[06/02/18, 16:35:05:859] info: Store: SET_FULL_SCREEN
[06/02/18, 16:35:07:007] info: Store: SET_FULL_SCREEN
[06/02/18, 16:41:42:451] info: Store: SET_FULL_SCREEN
[06/02/18, 16:41:43:786] info: Store: SET_FULL_SCREEN
[06/02/18, 16:45:20:953] info: Store: SET_FULL_SCREEN
[06/02/18, 16:45:21:659] info: Store: SET_FULL_SCREEN
[06/02/18, 17:10:11:281] info: Store: SET_FULL_SCREEN
[06/02/18, 17:10:23:334] info: Restoring spellchecker
[06/02/18, 17:10:23:342] info: Requesting to load ja-JP, alternatives are ["ja-JP","ja-JP","ja-JP"]
[06/02/18, 17:10:23:348] info: Loading dictionary for language ja-JP
[06/02/18, 17:10:23:352] info: Returning local copy: /home/nozomi/dotfiles/.config/Slack/dictionaries/ja-JP.bdic
[06/02/18, 17:10:23:472] info: Store: SET_FULL_SCREEN
[06/02/18, 17:10:23:480] info: Failed to read file /home/nozomi/dotfiles/.config/Slack/dictionaries/ja-JP.bdic: File exists but is most likely bogus
[06/02/18, 17:10:23:484] info: Actually downloading https://redirector.gvt1.com/edgedl/chrome/dict/ja-jp-3-0.bdic
[06/02/18, 17:10:24:938] info: Loading dictionary for language ja-JP
[06/02/18, 17:10:24:939] info: Returning local copy: /home/nozomi/dotfiles/.config/Slack/dictionaries/ja-JP.bdic
[06/02/18, 17:10:24:941] info: Failed to read file /home/nozomi/dotfiles/.config/Slack/dictionaries/ja-JP.bdic: File exists but is most likely bogus
[06/02/18, 17:10:24:942] info: Actually downloading https://redirector.gvt1.com/edgedl/chrome/dict/ja-jp-3-0.bdic
[06/02/18, 17:10:25:091] info: Unloading spellchecker
[06/02/18, 17:10:25:098] info: Unloading spellchecker
[06/02/18, 17:10:25:146] info: Store: SET_FULL_SCREEN
[06/02/18, 17:10:25:209] info: Loading dictionary for language ja-JP
[06/02/18, 17:10:25:209] info: Returning local copy: /home/nozomi/dotfiles/.config/Slack/dictionaries/ja-JP.bdic
[06/02/18, 17:10:25:210] info: Failed to read file /home/nozomi/dotfiles/.config/Slack/dictionaries/ja-JP.bdic: File exists but is most likely bogus
[06/02/18, 17:10:25:210] info: Actually downloading https://redirector.gvt1.com/edgedl/chrome/dict/ja-jp-3-0.bdic
[06/02/18, 17:10:25:428] info: dictionary for ja-JP_ja-JP is not available
[06/02/18, 17:10:26:407] info: Store: SET_FULL_SCREEN
[06/02/18, 17:15:29:905] info: Store: SET_FULL_SCREEN
[06/02/18, 17:15:30:769] info: Store: SET_FULL_SCREEN
[06/02/18, 17:15:31:127] info: Store: SET_FULL_SCREEN
[06/02/18, 17:15:34:062] info: Restoring spellchecker
[06/02/18, 17:15:34:064] info: Requesting to load ja-JP, alternatives are ["ja-JP","ja-JP","ja-JP"]
[06/02/18, 17:15:34:068] info: Loading dictionary for language ja-JP
[06/02/18, 17:15:34:099] info: Returning local copy: /home/nozomi/dotfiles/.config/Slack/dictionaries/ja-JP.bdic
[06/02/18, 17:15:34:103] info: Store: MAIN_WINDOW_FOCUSED
[06/02/18, 17:15:34:125] info: Store: SET_FULL_SCREEN
[06/02/18, 17:15:34:188] info: Failed to read file /home/nozomi/dotfiles/.config/Slack/dictionaries/ja-JP.bdic: File exists but is most likely bogus
[06/02/18, 17:15:34:189] info: Actually downloading https://redirector.gvt1.com/edgedl/chrome/dict/ja-jp-3-0.bdic
[06/02/18, 17:15:34:644] info: Unloading spellchecker
[06/02/18, 17:15:34:687] info: Unloading spellchecker
[06/02/18, 17:15:34:714] info: Store: SET_FULL_SCREEN
[06/02/18, 17:15:35:818] info: Loading dictionary for language ja-JP
[06/02/18, 17:15:35:819] info: Returning local copy: /home/nozomi/dotfiles/.config/Slack/dictionaries/ja-JP.bdic
[06/02/18, 17:15:35:820] info: Failed to read file /home/nozomi/dotfiles/.config/Slack/dictionaries/ja-JP.bdic: File exists but is most likely bogus
[06/02/18, 17:15:35:821] info: Actually downloading https://redirector.gvt1.com/edgedl/chrome/dict/ja-jp-3-0.bdic
[06/02/18, 17:15:36:051] info: Loading dictionary for language ja-JP
[06/02/18, 17:15:36:052] info: Returning local copy: /home/nozomi/dotfiles/.config/Slack/dictionaries/ja-JP.bdic
[06/02/18, 17:15:36:058] info: Failed to read file /home/nozomi/dotfiles/.config/Slack/dictionaries/ja-JP.bdic: File exists but is most likely bogus
[06/02/18, 17:15:36:059] info: Actually downloading https://redirector.gvt1.com/edgedl/chrome/dict/ja-jp-3-0.bdic
[06/02/18, 17:15:36:291] info: dictionary for ja-JP_ja-JP is not available
[06/02/18, 17:16:17:147] info: Store: SET_FULL_SCREEN
[06/02/18, 17:16:20:249] info: Store: SET_FULL_SCREEN
[06/02/18, 17:16:20:869] info: Store: SET_FULL_SCREEN
[06/02/18, 17:17:06:113] info: Store: SET_FULL_SCREEN
[06/02/18, 17:18:30:358] info: Store: SET_FULL_SCREEN
[06/02/18, 17:19:37:806] info: Store: SET_FULL_SCREEN
[06/02/18, 17:47:23:359] info: Store: SET_FULL_SCREEN
[06/02/18, 18:24:27:933] info: Store: SET_FULL_SCREEN
[06/02/18, 18:24:30:076] info: Store: SET_FULL_SCREEN
[06/02/18, 18:25:01:518] info: Store: SET_FULL_SCREEN
[06/02/18, 18:25:01:902] info: Store: SET_FULL_SCREEN
[06/02/18, 18:29:28:614] info: Store: SET_FULL_SCREEN
[06/02/18, 18:29:29:350] info: Store: SET_FULL_SCREEN
[06/02/18, 18:29:43:887] info: Store: SET_FULL_SCREEN
[06/02/18, 18:31:46:564] info: Store: SET_FULL_SCREEN
[06/02/18, 18:35:58:951] info: Store: SET_FULL_SCREEN
[06/02/18, 18:35:59:849] info: Store: SET_FULL_SCREEN
[06/02/18, 18:36:09:897] info: Store: SET_FULL_SCREEN
[06/02/18, 18:36:14:212] info: Store: SET_FULL_SCREEN
[06/02/18, 20:15:17:208] info: Store: SET_FULL_SCREEN
[06/02/18, 20:15:18:152] info: Store: SET_FULL_SCREEN
[06/02/18, 20:15:22:772] info: Store: SET_FULL_SCREEN
[06/02/18, 20:15:25:402] info: Store: SET_FULL_SCREEN
[06/02/18, 20:18:15:508] info: Store: SET_FULL_SCREEN
[06/02/18, 20:18:16:149] info: Store: SET_FULL_SCREEN
[06/02/18, 20:18:50:307] info: Store: SET_FULL_SCREEN
[06/02/18, 20:18:51:466] info: Store: SET_FULL_SCREEN
[06/02/18, 20:53:07:631] info: Store: SET_FULL_SCREEN
[06/02/18, 20:53:09:112] info: Store: SET_FULL_SCREEN
[06/02/18, 20:54:53:417] info: Store: SET_FULL_SCREEN
[06/02/18, 20:54:54:289] info: Store: SET_FULL_SCREEN
[06/02/18, 20:57:02:480] info: Store: SET_FULL_SCREEN
[06/02/18, 20:57:03:546] info: Store: SET_FULL_SCREEN
[06/02/18, 21:54:11:124] info: Store: SET_FULL_SCREEN
[06/02/18, 21:54:11:737] info: Store: SET_FULL_SCREEN
[06/02/18, 21:55:05:453] info: Store: SET_FULL_SCREEN
[06/02/18, 21:55:06:046] info: Store: SET_FULL_SCREEN
[06/02/18, 22:00:29:900] info: Store: SET_FULL_SCREEN
[06/02/18, 22:00:30:574] info: Store: SET_FULL_SCREEN
[06/02/18, 22:57:13:342] info: Store: SET_FULL_SCREEN
[06/02/18, 22:57:13:923] info: Store: SET_FULL_SCREEN
[06/03/18, 00:29:41:814] info: Store: SAVE_WINDOW_SETTINGS
{
  "isMaximized": false,
  "position": [
    690,
    180
  ],
  "size": [
    1024,
    749
  ]
}
[06/03/18, 02:33:21:277] error: Jun-3 02:33:21.277 SOCKET-MANAGER (T031FNTUT) Closing socket because #4104: received goodbye from server
[06/03/18, 08:00:28:574] info: Store: NEW_NOTIFICATION
{
  "avatarImage": "https://ca.slack-edge.com/T031FNTUT-USLACKBOT-sv1444671949-512",
  "channel": "D5A4B1X97",
  "content": "",
  "id": "LgrAIPhmn6KJjPO",
  "launchUri": "slack://channel?id=D5A4B1X97&message=1527980427.000103&team=T031FNTUT",
  "msg": "1527980427.000103",
  "silent": true,
  "subtitle": "",
  "teamId": "T031FNTUT",
  "title": "[REDACTED]"
}
[06/03/18, 09:00:09:170] info: Store: NEW_NOTIFICATION
{
  "avatarImage": "https://ca.slack-edge.com/T031FNTUT-USLACKBOT-sv1444671949-512",
  "channel": "D5A4B1X97",
  "content": "",
  "id": "DRjwFoiZN28Xk3n",
  "launchUri": "slack://channel?id=D5A4B1X97&message=1527984008.000151&team=T031FNTUT",
  "msg": "1527984008.000151",
  "silent": true,
  "subtitle": "",
  "teamId": "T031FNTUT",
  "title": "[REDACTED]"
}
[06/03/18, 11:25:20:360] info: Store: SAVE_WINDOW_SETTINGS
{
  "isMaximized": false,
  "position": [
    575,
    150
  ],
  "size": [
    1024,
    749
  ]
}
[06/03/18, 11:25:48:440] info: Store: SET_SUSPEND_STATUS
[06/03/18, 11:25:48:473] error: Jun-3 11:25:48.471 SOCKET-MANAGER (T031FNTUT) Closing socket because #4102: client is going to sleep
[06/03/18, 11:25:48:949] info: Store: SET_NETWORK_STATUS offline
[06/03/18, 12:54:56:972] info: Store: SET_SUSPEND_STATUS true
[06/03/18, 12:54:57:051] error: Jun-3 12:54:57.500 SOCKET-MANAGER (T031FNTUT) Closing socket because #4108: unexpected socket closure
[06/03/18, 12:55:58:108] info: Store: SET_NETWORK_STATUS online
[06/03/18, 12:56:00:151] info: Store: UPDATE_TEAM_ICONS
{
  "icons": {
    "image_102": "https://slack-files2.s3-us-west-2.amazonaws.com/avatars/2016-05-12/42266573955_325ce791cc9957bfae5b_102.png",
    "image_132": "https://slack-files2.s3-us-west-2.amazonaws.com/avatars/2016-05-12/42266573955_325ce791cc9957bfae5b_132.png",
    "image_230": "https://slack-files2.s3-us-west-2.amazonaws.com/avatars/2016-05-12/42266573955_325ce791cc9957bfae5b_132.png",
    "image_34": "https://slack-files2.s3-us-west-2.amazonaws.com/avatars/2016-05-12/42266573955_325ce791cc9957bfae5b_34.png",
    "image_44": "https://slack-files2.s3-us-west-2.amazonaws.com/avatars/2016-05-12/42266573955_325ce791cc9957bfae5b_44.png",
    "image_68": "https://slack-files2.s3-us-west-2.amazonaws.com/avatars/2016-05-12/42266573955_325ce791cc9957bfae5b_68.png",
    "image_88": "https://slack-files2.s3-us-west-2.amazonaws.com/avatars/2016-05-12/42266573955_325ce791cc9957bfae5b_88.png",
    "image_original": "https://slack-files2.s3-us-west-2.amazonaws.com/avatars/2016-05-12/42266573955_325ce791cc9957bfae5b_original.png"
  },
  "teamId": "T031FNTUT"
}
[06/03/18, 12:56:00:161] info: Store: UPDATE_TEAM_LOCALE
{
  "locale": "en-US",
  "teamId": "T031FNTUT"
}
[06/03/18, 12:59:52:456] info: Store: SET_FULL_SCREEN
[06/03/18, 12:59:54:239] info: Store: SET_FULL_SCREEN
[06/03/18, 12:59:57:414] info: Store: SET_FULL_SCREEN
[06/03/18, 13:00:00:104] info: Restoring spellchecker
[06/03/18, 13:00:00:104] info: Requesting to load ja-JP, alternatives are ["ja-JP","ja-JP","ja-JP"]
[06/03/18, 13:00:00:105] info: Loading dictionary for language ja-JP
[06/03/18, 13:00:00:108] info: Returning local copy: /home/nozomi/dotfiles/.config/Slack/dictionaries/ja-JP.bdic
[06/03/18, 13:00:00:151] info: Store: SET_FULL_SCREEN
[06/03/18, 13:00:00:152] info: Failed to read file /home/nozomi/dotfiles/.config/Slack/dictionaries/ja-JP.bdic: File exists but is most likely bogus
[06/03/18, 13:00:00:153] info: Actually downloading https://redirector.gvt1.com/edgedl/chrome/dict/ja-jp-3-0.bdic
[06/03/18, 13:00:01:178] info: Unloading spellchecker
[06/03/18, 13:00:01:180] info: Unloading spellchecker
[06/03/18, 13:00:01:226] info: Store: SET_FULL_SCREEN
[06/03/18, 13:00:01:227] info: Store: SET_FULL_SCREEN
[06/03/18, 13:00:01:561] info: Loading dictionary for language ja-JP
[06/03/18, 13:00:01:561] info: Returning local copy: /home/nozomi/dotfiles/.config/Slack/dictionaries/ja-JP.bdic
[06/03/18, 13:00:01:563] info: Failed to read file /home/nozomi/dotfiles/.config/Slack/dictionaries/ja-JP.bdic: File exists but is most likely bogus
[06/03/18, 13:00:01:563] info: Actually downloading https://redirector.gvt1.com/edgedl/chrome/dict/ja-jp-3-0.bdic
[06/03/18, 13:00:01:975] info: Loading dictionary for language ja-JP
[06/03/18, 13:00:01:976] info: Returning local copy: /home/nozomi/dotfiles/.config/Slack/dictionaries/ja-JP.bdic
[06/03/18, 13:00:01:978] info: Failed to read file /home/nozomi/dotfiles/.config/Slack/dictionaries/ja-JP.bdic: File exists but is most likely bogus
[06/03/18, 13:00:01:980] info: Actually downloading https://redirector.gvt1.com/edgedl/chrome/dict/ja-jp-3-0.bdic
[06/03/18, 13:00:02:186] info: dictionary for ja-JP_ja-JP is not available
[06/03/18, 13:01:24:136] error: Jun-3 13:01:24.136 SOCKET-MANAGER (T031FNTUT) Closing socket because #4105: client went offline
[06/03/18, 13:01:24:538] info: Store: SET_NETWORK_STATUS offline
[06/03/18, 13:02:14:429] info: Store: SET_NETWORK_STATUS online
[06/03/18, 13:02:15:397] info: Store: SET_NETWORK_STATUS offline
[06/03/18, 13:02:31:455] info: Store: SET_NETWORK_STATUS online
[06/03/18, 13:04:23:052] info: Restoring spellchecker
[06/03/18, 13:04:23:055] info: Requesting to load ja-JP, alternatives are ["ja-JP","ja-JP","ja-JP"]
[06/03/18, 13:04:23:055] info: Loading dictionary for language ja-JP
[06/03/18, 13:04:23:056] info: Returning local copy: /home/nozomi/dotfiles/.config/Slack/dictionaries/ja-JP.bdic
[06/03/18, 13:04:23:083] info: Store: SET_FULL_SCREEN
[06/03/18, 13:04:23:084] info: Store: SET_FULL_SCREEN
[06/03/18, 13:04:23:086] info: Failed to read file /home/nozomi/dotfiles/.config/Slack/dictionaries/ja-JP.bdic: File exists but is most likely bogus
[06/03/18, 13:04:23:088] info: Actually downloading https://redirector.gvt1.com/edgedl/chrome/dict/ja-jp-3-0.bdic
[06/03/18, 13:04:24:436] info: Loading dictionary for language ja-JP
[06/03/18, 13:04:24:436] info: Returning local copy: /home/nozomi/dotfiles/.config/Slack/dictionaries/ja-JP.bdic
[06/03/18, 13:04:24:438] info: Failed to read file /home/nozomi/dotfiles/.config/Slack/dictionaries/ja-JP.bdic: File exists but is most likely bogus
[06/03/18, 13:04:24:439] info: Actually downloading https://redirector.gvt1.com/edgedl/chrome/dict/ja-jp-3-0.bdic
[06/03/18, 13:04:24:664] info: Loading dictionary for language ja-JP
[06/03/18, 13:04:24:665] info: Returning local copy: /home/nozomi/dotfiles/.config/Slack/dictionaries/ja-JP.bdic
[06/03/18, 13:04:24:668] info: Failed to read file /home/nozomi/dotfiles/.config/Slack/dictionaries/ja-JP.bdic: File exists but is most likely bogus
[06/03/18, 13:04:24:669] info: Actually downloading https://redirector.gvt1.com/edgedl/chrome/dict/ja-jp-3-0.bdic
[06/03/18, 13:04:24:889] info: dictionary for ja-JP_ja-JP is not available
[06/03/18, 13:04:26:827] info: Unloading spellchecker
[06/03/18, 13:04:26:830] info: Unloading spellchecker
[06/03/18, 13:04:26:886] info: Store: SET_FULL_SCREEN
[06/03/18, 13:04:37:066] info: Restoring spellchecker
[06/03/18, 13:04:37:068] info: Requesting to load ja-JP, alternatives are ["ja-JP","ja-JP","ja-JP"]
[06/03/18, 13:04:37:072] info: Loading dictionary for language ja-JP
[06/03/18, 13:04:37:073] info: Returning local copy: /home/nozomi/dotfiles/.config/Slack/dictionaries/ja-JP.bdic
[06/03/18, 13:04:37:133] info: Store: SET_FULL_SCREEN
[06/03/18, 13:04:37:135] info: Failed to read file /home/nozomi/dotfiles/.config/Slack/dictionaries/ja-JP.bdic: File exists but is most likely bogus
[06/03/18, 13:04:37:138] info: Actually downloading https://redirector.gvt1.com/edgedl/chrome/dict/ja-jp-3-0.bdic
[06/03/18, 13:04:37:724] info: Loading dictionary for language ja-JP
[06/03/18, 13:04:37:725] info: Returning local copy: /home/nozomi/dotfiles/.config/Slack/dictionaries/ja-JP.bdic
[06/03/18, 13:04:37:726] info: Failed to read file /home/nozomi/dotfiles/.config/Slack/dictionaries/ja-JP.bdic: File exists but is most likely bogus
[06/03/18, 13:04:37:726] info: Actually downloading https://redirector.gvt1.com/edgedl/chrome/dict/ja-jp-3-0.bdic
[06/03/18, 13:04:37:950] info: Loading dictionary for language ja-JP
[06/03/18, 13:04:37:950] info: Returning local copy: /home/nozomi/dotfiles/.config/Slack/dictionaries/ja-JP.bdic
[06/03/18, 13:04:37:953] info: Failed to read file /home/nozomi/dotfiles/.config/Slack/dictionaries/ja-JP.bdic: File exists but is most likely bogus
[06/03/18, 13:04:37:954] info: Actually downloading https://redirector.gvt1.com/edgedl/chrome/dict/ja-jp-3-0.bdic
[06/03/18, 13:04:38:168] info: dictionary for ja-JP_ja-JP is not available
[06/03/18, 13:04:38:740] info: Store: SELECT_CHANNEL CASGZGRSB
[06/03/18, 13:04:41:070] info: Requesting to load ja-JP, alternatives are ["ja-JP","ja-JP","ja-JP"]
[06/03/18, 13:04:41:070] info: Loading dictionary for language ja-JP
[06/03/18, 13:04:41:070] info: Returning local copy: /home/nozomi/dotfiles/.config/Slack/dictionaries/ja-JP.bdic
[06/03/18, 13:04:41:071] info: Failed to read file /home/nozomi/dotfiles/.config/Slack/dictionaries/ja-JP.bdic: File exists but is most likely bogus
[06/03/18, 13:04:41:071] info: Actually downloading https://redirector.gvt1.com/edgedl/chrome/dict/ja-jp-3-0.bdic
[06/03/18, 13:04:41:290] info: Loading dictionary for language ja-JP
[06/03/18, 13:04:41:290] info: Returning local copy: /home/nozomi/dotfiles/.config/Slack/dictionaries/ja-JP.bdic
[06/03/18, 13:04:41:292] info: Failed to read file /home/nozomi/dotfiles/.config/Slack/dictionaries/ja-JP.bdic: File exists but is most likely bogus
[06/03/18, 13:04:41:292] info: Actually downloading https://redirector.gvt1.com/edgedl/chrome/dict/ja-jp-3-0.bdic
[06/03/18, 13:04:41:625] info: Loading dictionary for language ja-JP
[06/03/18, 13:04:41:625] info: Returning local copy: /home/nozomi/dotfiles/.config/Slack/dictionaries/ja-JP.bdic
[06/03/18, 13:04:41:627] info: Failed to read file /home/nozomi/dotfiles/.config/Slack/dictionaries/ja-JP.bdic: File exists but is most likely bogus
[06/03/18, 13:04:41:628] info: Actually downloading https://redirector.gvt1.com/edgedl/chrome/dict/ja-jp-3-0.bdic
[06/03/18, 13:04:41:851] info: dictionary for ja-JP_ja-JP is not available
[06/03/18, 13:05:04:735] info: Store: SELECT_CHANNEL D5A4B1X97
[06/03/18, 13:05:06:909] info: Loading dictionary for language en-US
[06/03/18, 13:05:06:909] info: Returning local copy: /home/nozomi/dotfiles/.config/Slack/dictionaries/en-US.bdic
[06/03/18, 13:05:06:911] info: Setting current spellchecker to en-US, requested language was en-US
[06/03/18, 13:05:06:911] info: Creating node-spellchecker instance
[06/03/18, 13:05:06:914] info: Actually installing spell check provider to Electron
[06/03/18, 13:05:07:817] info: Store: SELECT_CHANNEL C031FNU09
[06/03/18, 13:05:13:659] info: Couldn't get hint text from messages in channel: Failed to fetch recent messages
[06/03/18, 13:05:14:955] info: Unloading spellchecker
[06/03/18, 13:05:14:959] info: Unloading spellchecker
[06/03/18, 13:05:14:989] info: Store: SET_FULL_SCREEN
[06/03/18, 13:06:19:053] info: Restoring spellchecker
[06/03/18, 13:06:19:054] info: Loading dictionary for language en-US
[06/03/18, 13:06:19:055] info: Returning local copy: /home/nozomi/dotfiles/.config/Slack/dictionaries/en-US.bdic
[06/03/18, 13:06:19:116] info: Store: SET_FULL_SCREEN
[06/03/18, 13:06:19:118] info: Setting current spellchecker to en-US, requested language was en-US
[06/03/18, 13:06:19:118] info: Creating node-spellchecker instance
[06/03/18, 13:06:19:959] info: Unloading spellchecker
[06/03/18, 13:06:19:962] info: Unloading spellchecker
[06/03/18, 13:06:19:993] info: Store: SET_FULL_SCREEN
[06/03/18, 13:06:19:999] info: Store: SET_FULL_SCREEN
[06/03/18, 13:07:29:557] info: Restoring spellchecker
[06/03/18, 13:07:29:559] info: Loading dictionary for language en-US
[06/03/18, 13:07:29:560] info: Returning local copy: /home/nozomi/dotfiles/.config/Slack/dictionaries/en-US.bdic
[06/03/18, 13:07:29:578] info: Store: SET_FULL_SCREEN
[06/03/18, 13:07:29:657] info: Store: SET_FULL_SCREEN
[06/03/18, 13:07:29:667] info: Setting current spellchecker to en-US, requested language was en-US
[06/03/18, 13:07:29:667] info: Creating node-spellchecker instance
[06/03/18, 13:07:30:527] info: Unloading spellchecker
[06/03/18, 13:07:30:574] info: Unloading spellchecker
[06/03/18, 13:07:30:575] info: Store: SET_FULL_SCREEN
[06/03/18, 13:07:30:576] info: Store: SET_FULL_SCREEN
[06/03/18, 13:08:57:846] info: Restoring spellchecker
[06/03/18, 13:08:57:847] info: Loading dictionary for language en-US
[06/03/18, 13:08:57:848] info: Returning local copy: /home/nozomi/dotfiles/.config/Slack/dictionaries/en-US.bdic
[06/03/18, 13:08:57:885] info: Store: SET_FULL_SCREEN
[06/03/18, 13:08:57:931] info: Store: SET_FULL_SCREEN
[06/03/18, 13:08:57:962] info: Setting current spellchecker to en-US, requested language was en-US
[06/03/18, 13:08:57:962] info: Creating node-spellchecker instance
[06/03/18, 13:09:02:654] info: Unloading spellchecker
[06/03/18, 13:09:02:658] info: Unloading spellchecker
[06/03/18, 13:09:02:704] info: Store: SET_FULL_SCREEN
[06/03/18, 13:09:13:429] info: Restoring spellchecker
[06/03/18, 13:09:13:430] info: Loading dictionary for language en-US
[06/03/18, 13:09:13:431] info: Returning local copy: /home/nozomi/dotfiles/.config/Slack/dictionaries/en-US.bdic
[06/03/18, 13:09:13:473] info: Store: SET_FULL_SCREEN
[06/03/18, 13:09:13:475] info: Setting current spellchecker to en-US, requested language was en-US
[06/03/18, 13:09:13:475] info: Creating node-spellchecker instance
[06/03/18, 13:09:14:272] info: Unloading spellchecker
[06/03/18, 13:09:14:284] info: Unloading spellchecker
[06/03/18, 13:09:14:337] info: Store: SET_FULL_SCREEN
[06/03/18, 13:09:14:338] info: Store: SET_FULL_SCREEN
[06/03/18, 13:13:21:063] info: Store: SAVE_WINDOW_SETTINGS
{
  "isMaximized": false,
  "position": [
    690,
    180
  ],
  "size": [
    1024,
    749
  ]
}
[06/03/18, 13:14:40:326] info: Store: SAVE_WINDOW_SETTINGS
{
  "isMaximized": false,
  "position": [
    575,
    330
  ],
  "size": [
    1024,
    749
  ]
}
[06/03/18, 13:17:49:393] info: Store: SET_FULL_SCREEN
[06/03/18, 13:17:55:330] info: Restoring spellchecker
[06/03/18, 13:17:55:331] info: Loading dictionary for language en-US
[06/03/18, 13:17:55:332] info: Returning local copy: /home/nozomi/dotfiles/.config/Slack/dictionaries/en-US.bdic
[06/03/18, 13:17:55:413] info: Store: SET_FULL_SCREEN
[06/03/18, 13:17:55:423] info: Setting current spellchecker to en-US, requested language was en-US
[06/03/18, 13:17:55:424] info: Creating node-spellchecker instance
[06/03/18, 13:17:57:170] info: Unloading spellchecker
[06/03/18, 13:17:57:192] info: Unloading spellchecker
[06/03/18, 13:17:57:241] info: Store: SET_FULL_SCREEN
[06/03/18, 13:17:57:242] info: Store: SET_FULL_SCREEN
[06/03/18, 13:25:36:934] info: Store: SET_FULL_SCREEN
[06/03/18, 13:25:38:769] info: Store: SET_FULL_SCREEN
[06/03/18, 13:26:38:730] info: Store: SET_FULL_SCREEN
[06/03/18, 13:26:39:997] info: Store: SET_FULL_SCREEN
[06/03/18, 13:27:08:528] info: Store: SET_FULL_SCREEN
[06/03/18, 13:27:08:790] info: Store: SET_FULL_SCREEN
[06/03/18, 13:27:11:445] info: Store: SET_FULL_SCREEN
[06/03/18, 13:27:12:122] info: Store: SET_FULL_SCREEN
[06/03/18, 13:27:13:000] info: Store: SET_FULL_SCREEN
[06/03/18, 13:27:13:582] info: Store: SET_FULL_SCREEN
[06/03/18, 14:07:58:606] info: Store: SET_FULL_SCREEN
[06/03/18, 14:07:58:946] info: Store: SET_FULL_SCREEN
[06/03/18, 14:10:18:540] info: Store: SET_FULL_SCREEN
[06/03/18, 14:10:19:500] info: Store: SET_FULL_SCREEN
[06/03/18, 14:23:25:835] info: Store: SET_FULL_SCREEN
[06/03/18, 14:23:26:454] info: Store: SET_FULL_SCREEN
[06/03/18, 14:47:51:866] info: Store: NEW_NOTIFICATION
{
  "avatarImage": "https://ca.slack-edge.com/T031FNTUT-U04KRG00A-2f202a8ff96a-512",
  "channel": "CASGZGRSB",
  "content": "[REDACTED]",
  "id": "r0Dgswsykg08zkX",
  "launchUri": "slack://channel?id=CASGZGRSB&message=1528004871.000014&team=T031FNTUT",
  "msg": "1528004871.000014",
  "silent": true,
  "subtitle": "",
  "teamId": "T031FNTUT",
  "title": "[REDACTED]"
}
[06/03/18, 15:02:57:491] info: Store: SET_FULL_SCREEN
[06/03/18, 15:03:09:868] info: Restoring spellchecker
[06/03/18, 15:03:09:878] info: Loading dictionary for language en-US
[06/03/18, 15:03:09:879] info: Returning local copy: /home/nozomi/dotfiles/.config/Slack/dictionaries/en-US.bdic
[06/03/18, 15:03:10:225] info: Store: SET_FULL_SCREEN
[06/03/18, 15:03:10:423] info: Store: SELECT_CHANNEL CASGZGRSB
[06/03/18, 15:03:10:526] info: Setting current spellchecker to en-US, requested language was en-US
[06/03/18, 15:03:10:526] info: Creating node-spellchecker instance
[06/03/18, 15:03:10:941] info: Requesting to load ja-JP, alternatives are ["ja-JP","ja-JP","ja-JP"]
[06/03/18, 15:03:10:942] info: Loading dictionary for language ja-JP
[06/03/18, 15:03:10:942] info: Returning local copy: /home/nozomi/dotfiles/.config/Slack/dictionaries/ja-JP.bdic
[06/03/18, 15:03:10:943] info: Failed to read file /home/nozomi/dotfiles/.config/Slack/dictionaries/ja-JP.bdic: File exists but is most likely bogus
[06/03/18, 15:03:10:944] info: Actually downloading https://redirector.gvt1.com/edgedl/chrome/dict/ja-jp-3-0.bdic
[06/03/18, 15:03:12:704] info: Loading dictionary for language ja-JP
[06/03/18, 15:03:12:705] info: Returning local copy: /home/nozomi/dotfiles/.config/Slack/dictionaries/ja-JP.bdic
[06/03/18, 15:03:12:707] info: Failed to read file /home/nozomi/dotfiles/.config/Slack/dictionaries/ja-JP.bdic: File exists but is most likely bogus
[06/03/18, 15:03:12:707] info: Actually downloading https://redirector.gvt1.com/edgedl/chrome/dict/ja-jp-3-0.bdic
[06/03/18, 15:03:12:955] info: Loading dictionary for language ja-JP
[06/03/18, 15:03:12:956] info: Returning local copy: /home/nozomi/dotfiles/.config/Slack/dictionaries/ja-JP.bdic
[06/03/18, 15:03:12:958] info: Failed to read file /home/nozomi/dotfiles/.config/Slack/dictionaries/ja-JP.bdic: File exists but is most likely bogus
[06/03/18, 15:03:12:960] info: Actually downloading https://redirector.gvt1.com/edgedl/chrome/dict/ja-jp-3-0.bdic
[06/03/18, 15:03:13:218] info: dictionary for ja-JP_ja-JP is not available
[06/03/18, 15:03:13:218] info: Actually installing spell check provider to Electron
[06/03/18, 15:05:38:583] info: Unloading spellchecker
[06/03/18, 15:05:38:585] info: Unloading spellchecker
[06/03/18, 15:05:38:653] info: Store: SET_FULL_SCREEN
[06/03/18, 15:05:38:715] info: Store: SET_FULL_SCREEN
[06/03/18, 15:06:53:436] info: Restoring spellchecker
[06/03/18, 15:06:53:437] info: Requesting to load ja-JP, alternatives are ["ja-JP","ja-JP","ja-JP"]
[06/03/18, 15:06:53:440] info: Loading dictionary for language ja-JP
[06/03/18, 15:06:53:442] info: Returning local copy: /home/nozomi/dotfiles/.config/Slack/dictionaries/ja-JP.bdic
[06/03/18, 15:06:53:474] info: Store: SET_FULL_SCREEN
[06/03/18, 15:06:53:475] info: Store: SET_FULL_SCREEN
[06/03/18, 15:06:53:476] info: Failed to read file /home/nozomi/dotfiles/.config/Slack/dictionaries/ja-JP.bdic: File exists but is most likely bogus
[06/03/18, 15:06:53:477] info: Actually downloading https://redirector.gvt1.com/edgedl/chrome/dict/ja-jp-3-0.bdic
[06/03/18, 15:06:54:398] info: Unloading spellchecker
[06/03/18, 15:06:54:418] info: Unloading spellchecker
[06/03/18, 15:06:54:528] info: Store: SET_FULL_SCREEN
[06/03/18, 15:06:54:529] info: Store: SET_FULL_SCREEN
[06/03/18, 15:06:54:947] info: Loading dictionary for language ja-JP
[06/03/18, 15:06:54:949] info: Returning local copy: /home/nozomi/dotfiles/.config/Slack/dictionaries/ja-JP.bdic
[06/03/18, 15:06:54:952] info: Failed to read file /home/nozomi/dotfiles/.config/Slack/dictionaries/ja-JP.bdic: File exists but is most likely bogus
[06/03/18, 15:06:54:953] info: Actually downloading https://redirector.gvt1.com/edgedl/chrome/dict/ja-jp-3-0.bdic
[06/03/18, 15:06:55:556] info: Loading dictionary for language ja-JP
[06/03/18, 15:06:55:556] info: Returning local copy: /home/nozomi/dotfiles/.config/Slack/dictionaries/ja-JP.bdic
[06/03/18, 15:06:55:559] info: Failed to read file /home/nozomi/dotfiles/.config/Slack/dictionaries/ja-JP.bdic: File exists but is most likely bogus
[06/03/18, 15:06:55:560] info: Actually downloading https://redirector.gvt1.com/edgedl/chrome/dict/ja-jp-3-0.bdic
[06/03/18, 15:06:55:957] info: dictionary for ja-JP_ja-JP is not available
[06/03/18, 15:07:00:298] info: Store: SAVE_WINDOW_SETTINGS
{
  "isMaximized": false,
  "position": [
    575,
    150
  ],
  "size": [
    1024,
    749
  ]
}
[06/03/18, 15:07:01:880] info: Restoring spellchecker
[06/03/18, 15:07:01:881] info: Requesting to load ja-JP, alternatives are ["ja-JP","ja-JP","ja-JP"]
[06/03/18, 15:07:01:881] info: Loading dictionary for language ja-JP
[06/03/18, 15:07:01:881] info: Returning local copy: /home/nozomi/dotfiles/.config/Slack/dictionaries/ja-JP.bdic
[06/03/18, 15:07:01:951] info: Unloading spellchecker
[06/03/18, 15:07:02:010] info: Store: SET_FULL_SCREEN
[06/03/18, 15:07:02:012] info: Unloading spellchecker
[06/03/18, 15:07:02:059] info: Failed to read file /home/nozomi/dotfiles/.config/Slack/dictionaries/ja-JP.bdic: File exists but is most likely bogus
[06/03/18, 15:07:02:061] info: Actually downloading https://redirector.gvt1.com/edgedl/chrome/dict/ja-jp-3-0.bdic
[06/03/18, 15:07:02:538] info: Store: SET_FULL_SCREEN
[06/03/18, 15:07:02:957] info: Store: SAVE_WINDOW_SETTINGS
{
  "isMaximized": false,
  "position": [
    574,
    125
  ],
  "size": [
    1024,
    749
  ]
}
[06/03/18, 15:07:03:097] info: Loading dictionary for language ja-JP
[06/03/18, 15:07:03:097] info: Returning local copy: /home/nozomi/dotfiles/.config/Slack/dictionaries/ja-JP.bdic
[06/03/18, 15:07:03:097] info: Failed to read file /home/nozomi/dotfiles/.config/Slack/dictionaries/ja-JP.bdic: File exists but is most likely bogus
[06/03/18, 15:07:03:098] info: Actually downloading https://redirector.gvt1.com/edgedl/chrome/dict/ja-jp-3-0.bdic
[06/03/18, 15:07:03:469] info: Loading dictionary for language ja-JP
[06/03/18, 15:07:03:469] info: Returning local copy: /home/nozomi/dotfiles/.config/Slack/dictionaries/ja-JP.bdic
[06/03/18, 15:07:03:470] info: Failed to read file /home/nozomi/dotfiles/.config/Slack/dictionaries/ja-JP.bdic: File exists but is most likely bogus
[06/03/18, 15:07:03:470] info: Actually downloading https://redirector.gvt1.com/edgedl/chrome/dict/ja-jp-3-0.bdic
[06/03/18, 15:07:03:755] info: dictionary for ja-JP_ja-JP is not available
[06/03/18, 15:08:05:965] info: Restoring spellchecker
[06/03/18, 15:08:05:965] info: Requesting to load ja-JP, alternatives are ["ja-JP","ja-JP","ja-JP"]
[06/03/18, 15:08:05:966] info: Loading dictionary for language ja-JP
[06/03/18, 15:08:05:966] info: Returning local copy: /home/nozomi/dotfiles/.config/Slack/dictionaries/ja-JP.bdic
[06/03/18, 15:08:05:968] info: Store: SET_FULL_SCREEN
[06/03/18, 15:08:06:009] info: Store: SET_FULL_SCREEN
[06/03/18, 15:08:06:013] info: Failed to read file /home/nozomi/dotfiles/.config/Slack/dictionaries/ja-JP.bdic: File exists but is most likely bogus
[06/03/18, 15:08:06:014] info: Actually downloading https://redirector.gvt1.com/edgedl/chrome/dict/ja-jp-3-0.bdic
[06/03/18, 15:08:06:688] info: Unloading spellchecker
[06/03/18, 15:08:06:693] info: Unloading spellchecker
[06/03/18, 15:08:06:743] info: Store: SET_FULL_SCREEN
[06/03/18, 15:08:06:744] info: Store: SET_FULL_SCREEN
[06/03/18, 15:08:06:746] info: Loading dictionary for language ja-JP
[06/03/18, 15:08:06:746] info: Returning local copy: /home/nozomi/dotfiles/.config/Slack/dictionaries/ja-JP.bdic
[06/03/18, 15:08:06:749] info: Failed to read file /home/nozomi/dotfiles/.config/Slack/dictionaries/ja-JP.bdic: File exists but is most likely bogus
[06/03/18, 15:08:06:749] info: Actually downloading https://redirector.gvt1.com/edgedl/chrome/dict/ja-jp-3-0.bdic
[06/03/18, 15:08:06:971] info: Loading dictionary for language ja-JP
[06/03/18, 15:08:06:972] info: Returning local copy: /home/nozomi/dotfiles/.config/Slack/dictionaries/ja-JP.bdic
[06/03/18, 15:08:06:973] info: Failed to read file /home/nozomi/dotfiles/.config/Slack/dictionaries/ja-JP.bdic: File exists but is most likely bogus
[06/03/18, 15:08:06:975] info: Actually downloading https://redirector.gvt1.com/edgedl/chrome/dict/ja-jp-3-0.bdic
[06/03/18, 15:08:07:196] info: dictionary for ja-JP_ja-JP is not available
[06/03/18, 15:13:00:159] info: Store: SET_FULL_SCREEN
[06/03/18, 15:13:00:169] info: Restoring spellchecker
[06/03/18, 15:13:00:169] info: Requesting to load ja-JP, alternatives are ["ja-JP","ja-JP","ja-JP"]
[06/03/18, 15:13:00:170] info: Loading dictionary for language ja-JP
[06/03/18, 15:13:00:170] info: Returning local copy: /home/nozomi/dotfiles/.config/Slack/dictionaries/ja-JP.bdic
[06/03/18, 15:13:00:188] info: Store: SET_FULL_SCREEN
[06/03/18, 15:13:00:244] info: Failed to read file /home/nozomi/dotfiles/.config/Slack/dictionaries/ja-JP.bdic: File exists but is most likely bogus
[06/03/18, 15:13:00:249] info: Actually downloading https://redirector.gvt1.com/edgedl/chrome/dict/ja-jp-3-0.bdic
[06/03/18, 15:13:01:090] info: Unloading spellchecker
[06/03/18, 15:13:01:114] info: Unloading spellchecker
[06/03/18, 15:13:01:117] info: Store: SET_FULL_SCREEN
[06/03/18, 15:13:01:164] info: Store: SET_FULL_SCREEN
[06/03/18, 15:13:01:471] info: Loading dictionary for language ja-JP
[06/03/18, 15:13:01:471] info: Returning local copy: /home/nozomi/dotfiles/.config/Slack/dictionaries/ja-JP.bdic
[06/03/18, 15:13:01:473] info: Failed to read file /home/nozomi/dotfiles/.config/Slack/dictionaries/ja-JP.bdic: File exists but is most likely bogus
[06/03/18, 15:13:01:474] info: Actually downloading https://redirector.gvt1.com/edgedl/chrome/dict/ja-jp-3-0.bdic
[06/03/18, 15:13:01:682] info: Loading dictionary for language ja-JP
[06/03/18, 15:13:01:682] info: Returning local copy: /home/nozomi/dotfiles/.config/Slack/dictionaries/ja-JP.bdic
[06/03/18, 15:13:01:683] info: Failed to read file /home/nozomi/dotfiles/.config/Slack/dictionaries/ja-JP.bdic: File exists but is most likely bogus
[06/03/18, 15:13:01:683] info: Actually downloading https://redirector.gvt1.com/edgedl/chrome/dict/ja-jp-3-0.bdic
[06/03/18, 15:13:01:907] info: dictionary for ja-JP_ja-JP is not available
[06/03/18, 15:13:06:536] info: Restoring spellchecker
[06/03/18, 15:13:06:538] info: Requesting to load ja-JP, alternatives are ["ja-JP","ja-JP","ja-JP"]
[06/03/18, 15:13:06:539] info: Loading dictionary for language ja-JP
[06/03/18, 15:13:06:539] info: Returning local copy: /home/nozomi/dotfiles/.config/Slack/dictionaries/ja-JP.bdic
[06/03/18, 15:13:06:554] info: Store: SET_FULL_SCREEN
[06/03/18, 15:13:06:556] info: Store: SET_FULL_SCREEN
[06/03/18, 15:13:06:607] info: Failed to read file /home/nozomi/dotfiles/.config/Slack/dictionaries/ja-JP.bdic: File exists but is most likely bogus
[06/03/18, 15:13:06:608] info: Actually downloading https://redirector.gvt1.com/edgedl/chrome/dict/ja-jp-3-0.bdic
[06/03/18, 15:13:06:836] info: Loading dictionary for language ja-JP
[06/03/18, 15:13:06:836] info: Returning local copy: /home/nozomi/dotfiles/.config/Slack/dictionaries/ja-JP.bdic
[06/03/18, 15:13:06:837] info: Failed to read file /home/nozomi/dotfiles/.config/Slack/dictionaries/ja-JP.bdic: File exists but is most likely bogus
[06/03/18, 15:13:06:837] info: Actually downloading https://redirector.gvt1.com/edgedl/chrome/dict/ja-jp-3-0.bdic
[06/03/18, 15:13:07:039] info: Loading dictionary for language ja-JP
[06/03/18, 15:13:07:039] info: Returning local copy: /home/nozomi/dotfiles/.config/Slack/dictionaries/ja-JP.bdic
[06/03/18, 15:13:07:040] info: Failed to read file /home/nozomi/dotfiles/.config/Slack/dictionaries/ja-JP.bdic: File exists but is most likely bogus
[06/03/18, 15:13:07:040] info: Actually downloading https://redirector.gvt1.com/edgedl/chrome/dict/ja-jp-3-0.bdic
[06/03/18, 15:13:07:242] info: dictionary for ja-JP_ja-JP is not available
[06/03/18, 15:13:08:438] info: Unloading spellchecker
[06/03/18, 15:13:08:440] info: Unloading spellchecker
[06/03/18, 15:13:08:477] info: Store: SET_FULL_SCREEN
[06/03/18, 15:13:08:478] info: Store: SET_FULL_SCREEN
[06/03/18, 15:13:10:442] info: Restoring spellchecker
[06/03/18, 15:13:10:459] info: Requesting to load ja-JP, alternatives are ["ja-JP","ja-JP","ja-JP"]
[06/03/18, 15:13:10:460] info: Loading dictionary for language ja-JP
[06/03/18, 15:13:10:462] info: Returning local copy: /home/nozomi/dotfiles/.config/Slack/dictionaries/ja-JP.bdic
[06/03/18, 15:13:10:470] info: Store: SET_FULL_SCREEN
[06/03/18, 15:13:10:506] info: Store: SET_FULL_SCREEN
[06/03/18, 15:13:10:508] info: Failed to read file /home/nozomi/dotfiles/.config/Slack/dictionaries/ja-JP.bdic: File exists but is most likely bogus
[06/03/18, 15:13:10:508] info: Actually downloading https://redirector.gvt1.com/edgedl/chrome/dict/ja-jp-3-0.bdic
[06/03/18, 15:13:10:771] info: Loading dictionary for language ja-JP
[06/03/18, 15:13:10:772] info: Returning local copy: /home/nozomi/dotfiles/.config/Slack/dictionaries/ja-JP.bdic
[06/03/18, 15:13:10:775] info: Failed to read file /home/nozomi/dotfiles/.config/Slack/dictionaries/ja-JP.bdic: File exists but is most likely bogus
[06/03/18, 15:13:10:777] info: Actually downloading https://redirector.gvt1.com/edgedl/chrome/dict/ja-jp-3-0.bdic
[06/03/18, 15:13:10:998] info: Loading dictionary for language ja-JP
[06/03/18, 15:13:10:999] info: Returning local copy: /home/nozomi/dotfiles/.config/Slack/dictionaries/ja-JP.bdic
[06/03/18, 15:13:11:000] info: Failed to read file /home/nozomi/dotfiles/.config/Slack/dictionaries/ja-JP.bdic: File exists but is most likely bogus
[06/03/18, 15:13:11:000] info: Actually downloading https://redirector.gvt1.com/edgedl/chrome/dict/ja-jp-3-0.bdic
[06/03/18, 15:13:11:270] info: Unloading spellchecker
[06/03/18, 15:13:11:272] info: Unloading spellchecker
[06/03/18, 15:13:11:274] info: Store: SET_FULL_SCREEN
[06/03/18, 15:13:11:313] info: Store: SET_FULL_SCREEN
[06/03/18, 15:13:11:323] info: dictionary for ja-JP_ja-JP is not available
[06/03/18, 15:17:09:898] info: Store: NEW_NOTIFICATION
{
  "avatarImage": "https://ca.slack-edge.com/T031FNTUT-U17H8MQKB-g7ad138e0bce-512",
  "channel": "CASGZGRSB",
  "content": "[REDACTED]",
  "id": "2RZGFEt2Y3WOVDO",
  "launchUri": "slack://channel?id=CASGZGRSB&message=1528006629.000049&team=T031FNTUT",
  "msg": "1528006629.000049",
  "silent": true,
  "subtitle": "",
  "teamId": "T031FNTUT",
  "title": "[REDACTED]"
}
[06/03/18, 15:19:09:345] info: Store: SET_FULL_SCREEN
[06/03/18, 15:19:09:352] info: Restoring spellchecker
[06/03/18, 15:19:09:352] info: Requesting to load ja-JP, alternatives are ["ja-JP","ja-JP","ja-JP"]
[06/03/18, 15:19:09:353] info: Loading dictionary for language ja-JP
[06/03/18, 15:19:09:353] info: Returning local copy: /home/nozomi/dotfiles/.config/Slack/dictionaries/ja-JP.bdic
[06/03/18, 15:19:09:357] info: Failed to read file /home/nozomi/dotfiles/.config/Slack/dictionaries/ja-JP.bdic: File exists but is most likely bogus
[06/03/18, 15:19:09:358] info: Actually downloading https://redirector.gvt1.com/edgedl/chrome/dict/ja-jp-3-0.bdic
[06/03/18, 15:19:09:676] info: Store: SET_FULL_SCREEN
[06/03/18, 15:19:10:899] info: Loading dictionary for language ja-JP
[06/03/18, 15:19:10:899] info: Returning local copy: /home/nozomi/dotfiles/.config/Slack/dictionaries/ja-JP.bdic
[06/03/18, 15:19:10:900] info: Failed to read file /home/nozomi/dotfiles/.config/Slack/dictionaries/ja-JP.bdic: File exists but is most likely bogus
[06/03/18, 15:19:10:900] info: Actually downloading https://redirector.gvt1.com/edgedl/chrome/dict/ja-jp-3-0.bdic
[06/03/18, 15:19:11:367] info: Loading dictionary for language ja-JP
[06/03/18, 15:19:11:368] info: Returning local copy: /home/nozomi/dotfiles/.config/Slack/dictionaries/ja-JP.bdic
[06/03/18, 15:19:11:369] info: Failed to read file /home/nozomi/dotfiles/.config/Slack/dictionaries/ja-JP.bdic: File exists but is most likely bogus
[06/03/18, 15:19:11:369] info: Actually downloading https://redirector.gvt1.com/edgedl/chrome/dict/ja-jp-3-0.bdic
[06/03/18, 15:19:11:570] info: dictionary for ja-JP_ja-JP is not available
[06/03/18, 15:20:01:739] info: Unloading spellchecker
[06/03/18, 15:20:01:758] info: Unloading spellchecker
[06/03/18, 15:20:01:759] info: Store: SET_FULL_SCREEN
[06/03/18, 15:20:01:790] info: Store: SET_FULL_SCREEN
[06/03/18, 15:29:09:933] info: Restoring spellchecker
[06/03/18, 15:29:09:934] info: Requesting to load ja-JP, alternatives are ["ja-JP","ja-JP","ja-JP"]
[06/03/18, 15:29:09:934] info: Loading dictionary for language ja-JP
[06/03/18, 15:29:09:935] info: Returning local copy: /home/nozomi/dotfiles/.config/Slack/dictionaries/ja-JP.bdic
[06/03/18, 15:29:09:945] info: Store: SET_FULL_SCREEN
[06/03/18, 15:29:09:946] info: Store: SET_FULL_SCREEN
[06/03/18, 15:29:09:982] info: Failed to read file /home/nozomi/dotfiles/.config/Slack/dictionaries/ja-JP.bdic: File exists but is most likely bogus
[06/03/18, 15:29:09:983] info: Actually downloading https://redirector.gvt1.com/edgedl/chrome/dict/ja-jp-3-0.bdic
[06/03/18, 15:29:11:384] info: Loading dictionary for language ja-JP
[06/03/18, 15:29:11:384] info: Returning local copy: /home/nozomi/dotfiles/.config/Slack/dictionaries/ja-JP.bdic
[06/03/18, 15:29:11:385] info: Failed to read file /home/nozomi/dotfiles/.config/Slack/dictionaries/ja-JP.bdic: File exists but is most likely bogus
[06/03/18, 15:29:11:386] info: Actually downloading https://redirector.gvt1.com/edgedl/chrome/dict/ja-jp-3-0.bdic
[06/03/18, 15:29:11:620] info: Loading dictionary for language ja-JP
[06/03/18, 15:29:11:620] info: Returning local copy: /home/nozomi/dotfiles/.config/Slack/dictionaries/ja-JP.bdic
[06/03/18, 15:29:11:621] info: Failed to read file /home/nozomi/dotfiles/.config/Slack/dictionaries/ja-JP.bdic: File exists but is most likely bogus
[06/03/18, 15:29:11:621] info: Actually downloading https://redirector.gvt1.com/edgedl/chrome/dict/ja-jp-3-0.bdic
[06/03/18, 15:29:11:834] info: dictionary for ja-JP_ja-JP is not available
[06/03/18, 15:29:43:993] info: Unloading spellchecker
[06/03/18, 15:29:43:997] info: Unloading spellchecker
[06/03/18, 15:29:44:014] info: Store: SET_FULL_SCREEN
[06/03/18, 15:29:44:039] info: Store: SET_FULL_SCREEN
[06/03/18, 15:29:44:876] info: Restoring spellchecker
[06/03/18, 15:29:44:876] info: Requesting to load ja-JP, alternatives are ["ja-JP","ja-JP","ja-JP"]
[06/03/18, 15:29:44:877] info: Loading dictionary for language ja-JP
[06/03/18, 15:29:44:877] info: Returning local copy: /home/nozomi/dotfiles/.config/Slack/dictionaries/ja-JP.bdic
[06/03/18, 15:29:44:891] info: Store: SET_FULL_SCREEN
[06/03/18, 15:29:44:891] info: Store: SET_FULL_SCREEN
[06/03/18, 15:29:44:927] info: Failed to read file /home/nozomi/dotfiles/.config/Slack/dictionaries/ja-JP.bdic: File exists but is most likely bogus
[06/03/18, 15:29:44:927] info: Actually downloading https://redirector.gvt1.com/edgedl/chrome/dict/ja-jp-3-0.bdic
[06/03/18, 15:29:45:224] info: Unloading spellchecker
[06/03/18, 15:29:45:227] info: Unloading spellchecker
[06/03/18, 15:29:45:253] info: Store: SET_FULL_SCREEN
[06/03/18, 15:29:45:264] info: Store: SET_FULL_SCREEN
[06/03/18, 15:29:45:860] info: Loading dictionary for language ja-JP
[06/03/18, 15:29:45:860] info: Returning local copy: /home/nozomi/dotfiles/.config/Slack/dictionaries/ja-JP.bdic
[06/03/18, 15:29:45:861] info: Failed to read file /home/nozomi/dotfiles/.config/Slack/dictionaries/ja-JP.bdic: File exists but is most likely bogus
[06/03/18, 15:29:45:861] info: Actually downloading https://redirector.gvt1.com/edgedl/chrome/dict/ja-jp-3-0.bdic
[06/03/18, 15:29:46:099] info: Loading dictionary for language ja-JP
[06/03/18, 15:29:46:100] info: Returning local copy: /home/nozomi/dotfiles/.config/Slack/dictionaries/ja-JP.bdic
[06/03/18, 15:29:46:101] info: Failed to read file /home/nozomi/dotfiles/.config/Slack/dictionaries/ja-JP.bdic: File exists but is most likely bogus
[06/03/18, 15:29:46:101] info: Actually downloading https://redirector.gvt1.com/edgedl/chrome/dict/ja-jp-3-0.bdic
[06/03/18, 15:29:46:301] info: dictionary for ja-JP_ja-JP is not available
[06/03/18, 15:32:32:696] info: Store: SET_FULL_SCREEN
[06/03/18, 15:32:32:703] info: Restoring spellchecker
[06/03/18, 15:32:32:704] info: Requesting to load ja-JP, alternatives are ["ja-JP","ja-JP","ja-JP"]
[06/03/18, 15:32:32:706] info: Loading dictionary for language ja-JP
[06/03/18, 15:32:32:707] info: Returning local copy: /home/nozomi/dotfiles/.config/Slack/dictionaries/ja-JP.bdic
[06/03/18, 15:32:32:727] info: Store: SET_FULL_SCREEN
[06/03/18, 15:32:32:744] info: Failed to read file /home/nozomi/dotfiles/.config/Slack/dictionaries/ja-JP.bdic: File exists but is most likely bogus
[06/03/18, 15:32:32:745] info: Actually downloading https://redirector.gvt1.com/edgedl/chrome/dict/ja-jp-3-0.bdic
[06/03/18, 15:32:33:593] info: Unloading spellchecker
[06/03/18, 15:32:33:597] info: Unloading spellchecker
[06/03/18, 15:32:33:614] info: Store: SET_FULL_SCREEN
[06/03/18, 15:32:33:638] info: Store: SET_FULL_SCREEN
[06/03/18, 15:32:33:698] info: Loading dictionary for language ja-JP
[06/03/18, 15:32:33:698] info: Returning local copy: /home/nozomi/dotfiles/.config/Slack/dictionaries/ja-JP.bdic
[06/03/18, 15:32:33:699] info: Failed to read file /home/nozomi/dotfiles/.config/Slack/dictionaries/ja-JP.bdic: File exists but is most likely bogus
[06/03/18, 15:32:33:699] info: Actually downloading https://redirector.gvt1.com/edgedl/chrome/dict/ja-jp-3-0.bdic
[06/03/18, 15:32:33:931] info: Loading dictionary for language ja-JP
[06/03/18, 15:32:33:931] info: Returning local copy: /home/nozomi/dotfiles/.config/Slack/dictionaries/ja-JP.bdic
[06/03/18, 15:32:33:931] info: Failed to read file /home/nozomi/dotfiles/.config/Slack/dictionaries/ja-JP.bdic: File exists but is most likely bogus
[06/03/18, 15:32:33:932] info: Actually downloading https://redirector.gvt1.com/edgedl/chrome/dict/ja-jp-3-0.bdic
[06/03/18, 15:32:34:156] info: dictionary for ja-JP_ja-JP is not available
[06/03/18, 15:32:37:479] info: Restoring spellchecker
[06/03/18, 15:32:37:482] info: Requesting to load ja-JP, alternatives are ["ja-JP","ja-JP","ja-JP"]
[06/03/18, 15:32:37:482] info: Loading dictionary for language ja-JP
[06/03/18, 15:32:37:482] info: Returning local copy: /home/nozomi/dotfiles/.config/Slack/dictionaries/ja-JP.bdic
[06/03/18, 15:32:37:490] info: Store: SET_FULL_SCREEN
[06/03/18, 15:32:37:553] info: Store: SET_FULL_SCREEN
[06/03/18, 15:32:37:565] info: Failed to read file /home/nozomi/dotfiles/.config/Slack/dictionaries/ja-JP.bdic: File exists but is most likely bogus
[06/03/18, 15:32:37:566] info: Actually downloading https://redirector.gvt1.com/edgedl/chrome/dict/ja-jp-3-0.bdic
[06/03/18, 15:32:37:786] info: Loading dictionary for language ja-JP
[06/03/18, 15:32:37:786] info: Returning local copy: /home/nozomi/dotfiles/.config/Slack/dictionaries/ja-JP.bdic
[06/03/18, 15:32:37:786] info: Failed to read file /home/nozomi/dotfiles/.config/Slack/dictionaries/ja-JP.bdic: File exists but is most likely bogus
[06/03/18, 15:32:37:787] info: Actually downloading https://redirector.gvt1.com/edgedl/chrome/dict/ja-jp-3-0.bdic
[06/03/18, 15:32:38:024] info: Loading dictionary for language ja-JP
[06/03/18, 15:32:38:024] info: Returning local copy: /home/nozomi/dotfiles/.config/Slack/dictionaries/ja-JP.bdic
[06/03/18, 15:32:38:025] info: Failed to read file /home/nozomi/dotfiles/.config/Slack/dictionaries/ja-JP.bdic: File exists but is most likely bogus
[06/03/18, 15:32:38:025] info: Actually downloading https://redirector.gvt1.com/edgedl/chrome/dict/ja-jp-3-0.bdic
[06/03/18, 15:32:38:234] info: dictionary for ja-JP_ja-JP is not available
[06/03/18, 15:32:44:527] info: Unloading spellchecker
[06/03/18, 15:32:44:532] info: Unloading spellchecker
[06/03/18, 15:32:44:549] info: Store: SET_FULL_SCREEN
[06/03/18, 15:32:44:550] info: Store: SET_FULL_SCREEN
[06/03/18, 15:40:15:160] info: Store: SET_FULL_SCREEN
[06/03/18, 15:40:40:329] info: Store: SET_FULL_SCREEN
[06/03/18, 15:42:41:343] info: Restoring spellchecker
[06/03/18, 15:42:41:345] info: Requesting to load ja-JP, alternatives are ["ja-JP","ja-JP","ja-JP"]
[06/03/18, 15:42:41:347] info: Loading dictionary for language ja-JP
[06/03/18, 15:42:41:349] info: Returning local copy: /home/nozomi/dotfiles/.config/Slack/dictionaries/ja-JP.bdic
[06/03/18, 15:42:41:359] info: Failed to read file /home/nozomi/dotfiles/.config/Slack/dictionaries/ja-JP.bdic: File exists but is most likely bogus
[06/03/18, 15:42:41:360] info: Actually downloading https://redirector.gvt1.com/edgedl/chrome/dict/ja-jp-3-0.bdic
[06/03/18, 15:42:41:629] info: Store: SET_FULL_SCREEN
[06/03/18, 15:42:41:630] info: Store: SET_FULL_SCREEN
[06/03/18, 15:42:42:814] info: Loading dictionary for language ja-JP
[06/03/18, 15:42:42:815] info: Returning local copy: /home/nozomi/dotfiles/.config/Slack/dictionaries/ja-JP.bdic
[06/03/18, 15:42:42:816] info: Failed to read file /home/nozomi/dotfiles/.config/Slack/dictionaries/ja-JP.bdic: File exists but is most likely bogus
[06/03/18, 15:42:42:816] info: Actually downloading https://redirector.gvt1.com/edgedl/chrome/dict/ja-jp-3-0.bdic
[06/03/18, 15:42:43:251] info: Unloading spellchecker
[06/03/18, 15:42:43:252] info: Unloading spellchecker
[06/03/18, 15:42:43:286] info: Store: SET_FULL_SCREEN
[06/03/18, 15:42:43:298] info: Store: SET_FULL_SCREEN
[06/03/18, 15:42:43:301] info: Loading dictionary for language ja-JP
[06/03/18, 15:42:43:302] info: Returning local copy: /home/nozomi/dotfiles/.config/Slack/dictionaries/ja-JP.bdic
[06/03/18, 15:42:43:303] info: Failed to read file /home/nozomi/dotfiles/.config/Slack/dictionaries/ja-JP.bdic: File exists but is most likely bogus
[06/03/18, 15:42:43:304] info: Actually downloading https://redirector.gvt1.com/edgedl/chrome/dict/ja-jp-3-0.bdic
[06/03/18, 15:42:43:526] info: dictionary for ja-JP_ja-JP is not available
[06/03/18, 15:48:52:950] info: Restoring spellchecker
[06/03/18, 15:48:52:962] info: Requesting to load ja-JP, alternatives are ["ja-JP","ja-JP","ja-JP"]
[06/03/18, 15:48:52:968] info: Loading dictionary for language ja-JP
[06/03/18, 15:48:52:969] info: Returning local copy: /home/nozomi/dotfiles/.config/Slack/dictionaries/ja-JP.bdic
[06/03/18, 15:48:52:978] info: Store: SET_FULL_SCREEN
[06/03/18, 15:48:52:979] info: Store: SET_FULL_SCREEN
[06/03/18, 15:48:53:015] info: Failed to read file /home/nozomi/dotfiles/.config/Slack/dictionaries/ja-JP.bdic: File exists but is most likely bogus
[06/03/18, 15:48:53:016] info: Actually downloading https://redirector.gvt1.com/edgedl/chrome/dict/ja-jp-3-0.bdic
[06/03/18, 15:48:53:723] info: Unloading spellchecker
[06/03/18, 15:48:53:726] info: Unloading spellchecker
[06/03/18, 15:48:53:747] info: Store: SET_FULL_SCREEN
[06/03/18, 15:48:53:751] info: Store: SET_FULL_SCREEN
[06/03/18, 15:48:54:116] info: Loading dictionary for language ja-JP
[06/03/18, 15:48:54:117] info: Returning local copy: /home/nozomi/dotfiles/.config/Slack/dictionaries/ja-JP.bdic
[06/03/18, 15:48:54:117] info: Failed to read file /home/nozomi/dotfiles/.config/Slack/dictionaries/ja-JP.bdic: File exists but is most likely bogus
[06/03/18, 15:48:54:118] info: Actually downloading https://redirector.gvt1.com/edgedl/chrome/dict/ja-jp-3-0.bdic
[06/03/18, 15:48:54:591] info: Loading dictionary for language ja-JP
[06/03/18, 15:48:54:591] info: Returning local copy: /home/nozomi/dotfiles/.config/Slack/dictionaries/ja-JP.bdic
[06/03/18, 15:48:54:593] info: Failed to read file /home/nozomi/dotfiles/.config/Slack/dictionaries/ja-JP.bdic: File exists but is most likely bogus
[06/03/18, 15:48:54:594] info: Actually downloading https://redirector.gvt1.com/edgedl/chrome/dict/ja-jp-3-0.bdic
[06/03/18, 15:48:54:831] info: dictionary for ja-JP_ja-JP is not available
[06/03/18, 16:00:12:604] info: Restoring spellchecker
[06/03/18, 16:00:12:605] info: Requesting to load ja-JP, alternatives are ["ja-JP","ja-JP","ja-JP"]
[06/03/18, 16:00:12:606] info: Loading dictionary for language ja-JP
[06/03/18, 16:00:12:607] info: Returning local copy: /home/nozomi/dotfiles/.config/Slack/dictionaries/ja-JP.bdic
[06/03/18, 16:00:12:609] info: Store: SET_FULL_SCREEN
[06/03/18, 16:00:12:618] info: Failed to read file /home/nozomi/dotfiles/.config/Slack/dictionaries/ja-JP.bdic: File exists but is most likely bogus
[06/03/18, 16:00:12:619] info: Actually downloading https://redirector.gvt1.com/edgedl/chrome/dict/ja-jp-3-0.bdic
[06/03/18, 16:00:12:733] info: Store: SET_FULL_SCREEN
[06/03/18, 16:00:13:872] info: Loading dictionary for language ja-JP
[06/03/18, 16:00:13:872] info: Returning local copy: /home/nozomi/dotfiles/.config/Slack/dictionaries/ja-JP.bdic
[06/03/18, 16:00:13:876] info: Failed to read file /home/nozomi/dotfiles/.config/Slack/dictionaries/ja-JP.bdic: File exists but is most likely bogus
[06/03/18, 16:00:13:876] info: Actually downloading https://redirector.gvt1.com/edgedl/chrome/dict/ja-jp-3-0.bdic
[06/03/18, 16:00:14:118] info: Loading dictionary for language ja-JP
[06/03/18, 16:00:14:119] info: Returning local copy: /home/nozomi/dotfiles/.config/Slack/dictionaries/ja-JP.bdic
[06/03/18, 16:00:14:120] info: Failed to read file /home/nozomi/dotfiles/.config/Slack/dictionaries/ja-JP.bdic: File exists but is most likely bogus
[06/03/18, 16:00:14:124] info: Actually downloading https://redirector.gvt1.com/edgedl/chrome/dict/ja-jp-3-0.bdic
[06/03/18, 16:00:14:382] info: dictionary for ja-JP_ja-JP is not available
[06/03/18, 16:00:17:053] info: Store: SAVE_WINDOW_SETTINGS
{
  "isMaximized": false,
  "position": [
    574,
    150
  ],
  "size": [
    1024,
    749
  ]
}
[06/03/18, 16:09:39:757] info: Unloading spellchecker
[06/03/18, 16:09:39:768] info: Unloading spellchecker
[06/03/18, 16:09:39:832] info: Store: SET_FULL_SCREEN
[06/03/18, 16:09:39:854] info: Store: SET_FULL_SCREEN
[06/03/18, 16:19:14:705] info: Restoring spellchecker
[06/03/18, 16:19:14:705] info: Requesting to load ja-JP, alternatives are ["ja-JP","ja-JP","ja-JP"]
[06/03/18, 16:19:14:705] info: Loading dictionary for language ja-JP
[06/03/18, 16:19:14:706] info: Returning local copy: /home/nozomi/dotfiles/.config/Slack/dictionaries/ja-JP.bdic
[06/03/18, 16:19:14:708] info: Store: SET_FULL_SCREEN
[06/03/18, 16:19:14:711] info: Store: SET_FULL_SCREEN
[06/03/18, 16:19:14:712] info: Failed to read file /home/nozomi/dotfiles/.config/Slack/dictionaries/ja-JP.bdic: File exists but is most likely bogus
[06/03/18, 16:19:14:713] info: Actually downloading https://redirector.gvt1.com/edgedl/chrome/dict/ja-jp-3-0.bdic
[06/03/18, 16:19:15:214] info: Unloading spellchecker
[06/03/18, 16:19:15:234] info: Unloading spellchecker
[06/03/18, 16:19:15:261] info: Store: SET_FULL_SCREEN
[06/03/18, 16:19:15:262] info: Store: SET_FULL_SCREEN
[06/03/18, 16:19:15:926] info: Loading dictionary for language ja-JP
[06/03/18, 16:19:15:927] info: Returning local copy: /home/nozomi/dotfiles/.config/Slack/dictionaries/ja-JP.bdic
[06/03/18, 16:19:15:928] info: Failed to read file /home/nozomi/dotfiles/.config/Slack/dictionaries/ja-JP.bdic: File exists but is most likely bogus
[06/03/18, 16:19:15:930] info: Actually downloading https://redirector.gvt1.com/edgedl/chrome/dict/ja-jp-3-0.bdic
[06/03/18, 16:19:16:137] info: Loading dictionary for language ja-JP
[06/03/18, 16:19:16:137] info: Returning local copy: /home/nozomi/dotfiles/.config/Slack/dictionaries/ja-JP.bdic
[06/03/18, 16:19:16:142] info: Failed to read file /home/nozomi/dotfiles/.config/Slack/dictionaries/ja-JP.bdic: File exists but is most likely bogus
[06/03/18, 16:19:16:142] info: Actually downloading https://redirector.gvt1.com/edgedl/chrome/dict/ja-jp-3-0.bdic
[06/03/18, 16:19:16:351] info: dictionary for ja-JP_ja-JP is not available
[06/03/18, 16:21:34:349] info: Restoring spellchecker
[06/03/18, 16:21:34:351] info: Requesting to load ja-JP, alternatives are ["ja-JP","ja-JP","ja-JP"]
[06/03/18, 16:21:34:352] info: Loading dictionary for language ja-JP
[06/03/18, 16:21:34:372] info: Returning local copy: /home/nozomi/dotfiles/.config/Slack/dictionaries/ja-JP.bdic
[06/03/18, 16:21:34:377] info: Store: SET_FULL_SCREEN
[06/03/18, 16:21:34:386] info: Failed to read file /home/nozomi/dotfiles/.config/Slack/dictionaries/ja-JP.bdic: File exists but is most likely bogus
[06/03/18, 16:21:34:390] info: Actually downloading https://redirector.gvt1.com/edgedl/chrome/dict/ja-jp-3-0.bdic
[06/03/18, 16:21:34:561] info: Store: SET_FULL_SCREEN
[06/03/18, 16:21:35:163] info: Loading dictionary for language ja-JP
[06/03/18, 16:21:35:163] info: Returning local copy: /home/nozomi/dotfiles/.config/Slack/dictionaries/ja-JP.bdic
[06/03/18, 16:21:35:164] info: Failed to read file /home/nozomi/dotfiles/.config/Slack/dictionaries/ja-JP.bdic: File exists but is most likely bogus
[06/03/18, 16:21:35:164] info: Actually downloading https://redirector.gvt1.com/edgedl/chrome/dict/ja-jp-3-0.bdic
[06/03/18, 16:21:35:364] info: Loading dictionary for language ja-JP
[06/03/18, 16:21:35:365] info: Returning local copy: /home/nozomi/dotfiles/.config/Slack/dictionaries/ja-JP.bdic
[06/03/18, 16:21:35:368] info: Failed to read file /home/nozomi/dotfiles/.config/Slack/dictionaries/ja-JP.bdic: File exists but is most likely bogus
[06/03/18, 16:21:35:370] info: Actually downloading https://redirector.gvt1.com/edgedl/chrome/dict/ja-jp-3-0.bdic
[06/03/18, 16:21:35:597] info: dictionary for ja-JP_ja-JP is not available
[06/03/18, 16:21:39:197] info: Store: SELECT_CHANNEL D5A4B1XCZ
[06/03/18, 16:21:41:470] info: Couldn't detect language for text of length '491': Not enough reliable text, ignoring sample
[06/03/18, 16:22:38:327] info: Unloading spellchecker
[06/03/18, 16:22:38:332] info: Unloading spellchecker
[06/03/18, 16:22:38:366] info: Store: SET_FULL_SCREEN
[06/03/18, 16:22:38:376] info: Store: SET_FULL_SCREEN
[06/03/18, 16:38:08:250] info: Restoring spellchecker
[06/03/18, 16:38:08:251] info: Requesting to load ja-JP, alternatives are ["ja-JP","ja-JP","ja-JP"]
[06/03/18, 16:38:08:253] info: Loading dictionary for language ja-JP
[06/03/18, 16:38:08:256] info: Returning local copy: /home/nozomi/dotfiles/.config/Slack/dictionaries/ja-JP.bdic
[06/03/18, 16:38:08:274] info: Store: SET_FULL_SCREEN
[06/03/18, 16:38:08:274] info: Store: SET_FULL_SCREEN
[06/03/18, 16:38:08:297] info: Failed to read file /home/nozomi/dotfiles/.config/Slack/dictionaries/ja-JP.bdic: File exists but is most likely bogus
[06/03/18, 16:38:08:298] info: Actually downloading https://redirector.gvt1.com/edgedl/chrome/dict/ja-jp-3-0.bdic
[06/03/18, 16:38:09:744] info: Loading dictionary for language ja-JP
[06/03/18, 16:38:09:745] info: Returning local copy: /home/nozomi/dotfiles/.config/Slack/dictionaries/ja-JP.bdic
[06/03/18, 16:38:09:746] info: Failed to read file /home/nozomi/dotfiles/.config/Slack/dictionaries/ja-JP.bdic: File exists but is most likely bogus
[06/03/18, 16:38:09:747] info: Actually downloading https://redirector.gvt1.com/edgedl/chrome/dict/ja-jp-3-0.bdic
[06/03/18, 16:38:09:956] info: Loading dictionary for language ja-JP
[06/03/18, 16:38:09:957] info: Returning local copy: /home/nozomi/dotfiles/.config/Slack/dictionaries/ja-JP.bdic
[06/03/18, 16:38:09:959] info: Failed to read file /home/nozomi/dotfiles/.config/Slack/dictionaries/ja-JP.bdic: File exists but is most likely bogus
[06/03/18, 16:38:09:960] info: Actually downloading https://redirector.gvt1.com/edgedl/chrome/dict/ja-jp-3-0.bdic
[06/03/18, 16:38:10:438] info: dictionary for ja-JP_ja-JP is not available
[06/03/18, 16:38:10:487] info: Unloading spellchecker
[06/03/18, 16:38:10:501] info: Unloading spellchecker
[06/03/18, 16:38:10:566] info: Store: SET_FULL_SCREEN
[06/03/18, 16:39:00:092] info: Store: SET_FULL_SCREEN
[06/03/18, 16:54:40:242] info: Store: SET_FULL_SCREEN
[06/03/18, 16:54:47:147] info: Restoring spellchecker
[06/03/18, 16:54:47:148] info: Requesting to load ja-JP, alternatives are ["ja-JP","ja-JP","ja-JP"]
[06/03/18, 16:54:47:148] info: Loading dictionary for language ja-JP
[06/03/18, 16:54:47:148] info: Returning local copy: /home/nozomi/dotfiles/.config/Slack/dictionaries/ja-JP.bdic
[06/03/18, 16:54:47:201] info: Store: SET_FULL_SCREEN
[06/03/18, 16:54:47:202] info: Failed to read file /home/nozomi/dotfiles/.config/Slack/dictionaries/ja-JP.bdic: File exists but is most likely bogus
[06/03/18, 16:54:47:210] info: Actually downloading https://redirector.gvt1.com/edgedl/chrome/dict/ja-jp-3-0.bdic
[06/03/18, 16:54:48:447] info: Loading dictionary for language ja-JP
[06/03/18, 16:54:48:447] info: Returning local copy: /home/nozomi/dotfiles/.config/Slack/dictionaries/ja-JP.bdic
[06/03/18, 16:54:48:448] info: Failed to read file /home/nozomi/dotfiles/.config/Slack/dictionaries/ja-JP.bdic: File exists but is most likely bogus
[06/03/18, 16:54:48:448] info: Actually downloading https://redirector.gvt1.com/edgedl/chrome/dict/ja-jp-3-0.bdic
[06/03/18, 16:54:48:683] info: Loading dictionary for language ja-JP
[06/03/18, 16:54:48:684] info: Returning local copy: /home/nozomi/dotfiles/.config/Slack/dictionaries/ja-JP.bdic
[06/03/18, 16:54:48:684] info: Failed to read file /home/nozomi/dotfiles/.config/Slack/dictionaries/ja-JP.bdic: File exists but is most likely bogus
[06/03/18, 16:54:48:684] info: Actually downloading https://redirector.gvt1.com/edgedl/chrome/dict/ja-jp-3-0.bdic
[06/03/18, 16:54:48:982] info: Unloading spellchecker
[06/03/18, 16:54:48:989] info: Unloading spellchecker
[06/03/18, 16:54:49:019] info: dictionary for ja-JP_ja-JP is not available
[06/03/18, 16:54:49:019] info: Store: SET_FULL_SCREEN
[06/03/18, 16:54:49:950] info: Restoring spellchecker
[06/03/18, 16:54:49:950] info: Requesting to load ja-JP, alternatives are ["ja-JP","ja-JP","ja-JP"]
[06/03/18, 16:54:49:950] info: Loading dictionary for language ja-JP
[06/03/18, 16:54:49:951] info: Returning local copy: /home/nozomi/dotfiles/.config/Slack/dictionaries/ja-JP.bdic
[06/03/18, 16:54:49:978] info: Store: SET_FULL_SCREEN
[06/03/18, 16:54:49:980] info: Failed to read file /home/nozomi/dotfiles/.config/Slack/dictionaries/ja-JP.bdic: File exists but is most likely bogus
[06/03/18, 16:54:49:981] info: Actually downloading https://redirector.gvt1.com/edgedl/chrome/dict/ja-jp-3-0.bdic
[06/03/18, 16:54:50:208] info: Loading dictionary for language ja-JP
[06/03/18, 16:54:50:208] info: Returning local copy: /home/nozomi/dotfiles/.config/Slack/dictionaries/ja-JP.bdic
[06/03/18, 16:54:50:212] info: Failed to read file /home/nozomi/dotfiles/.config/Slack/dictionaries/ja-JP.bdic: File exists but is most likely bogus
[06/03/18, 16:54:50:215] info: Actually downloading https://redirector.gvt1.com/edgedl/chrome/dict/ja-jp-3-0.bdic
[06/03/18, 16:54:50:522] info: Loading dictionary for language ja-JP
[06/03/18, 16:54:50:522] info: Returning local copy: /home/nozomi/dotfiles/.config/Slack/dictionaries/ja-JP.bdic
[06/03/18, 16:54:50:523] info: Failed to read file /home/nozomi/dotfiles/.config/Slack/dictionaries/ja-JP.bdic: File exists but is most likely bogus
[06/03/18, 16:54:50:523] info: Actually downloading https://redirector.gvt1.com/edgedl/chrome/dict/ja-jp-3-0.bdic
[06/03/18, 16:54:50:833] info: dictionary for ja-JP_ja-JP is not available
[06/03/18, 16:54:50:914] info: Unloading spellchecker
[06/03/18, 16:54:50:920] info: Unloading spellchecker
[06/03/18, 16:54:50:958] info: Store: SET_FULL_SCREEN
[06/03/18, 16:54:50:974] info: Store: SET_FULL_SCREEN
[06/03/18, 16:57:03:619] info: Store: SET_FULL_SCREEN
[06/03/18, 16:57:08:051] info: Store: SET_FULL_SCREEN
[06/03/18, 16:59:23:247] info: Restoring spellchecker
[06/03/18, 16:59:23:255] info: Requesting to load ja-JP, alternatives are ["ja-JP","ja-JP","ja-JP"]
[06/03/18, 16:59:23:259] info: Loading dictionary for language ja-JP
[06/03/18, 16:59:23:261] info: Returning local copy: /home/nozomi/dotfiles/.config/Slack/dictionaries/ja-JP.bdic
[06/03/18, 16:59:23:293] info: Store: SET_FULL_SCREEN
[06/03/18, 16:59:23:294] info: Store: SET_FULL_SCREEN
[06/03/18, 16:59:23:442] info: Failed to read file /home/nozomi/dotfiles/.config/Slack/dictionaries/ja-JP.bdic: File exists but is most likely bogus
[06/03/18, 16:59:23:443] info: Actually downloading https://redirector.gvt1.com/edgedl/chrome/dict/ja-jp-3-0.bdic
[06/03/18, 16:59:24:650] info: Unloading spellchecker
[06/03/18, 16:59:24:652] info: Unloading spellchecker
[06/03/18, 16:59:24:665] info: Store: SET_FULL_SCREEN
[06/03/18, 16:59:24:708] info: Store: SET_FULL_SCREEN
[06/03/18, 16:59:24:738] info: Loading dictionary for language ja-JP
[06/03/18, 16:59:24:738] info: Returning local copy: /home/nozomi/dotfiles/.config/Slack/dictionaries/ja-JP.bdic
[06/03/18, 16:59:24:739] info: Failed to read file /home/nozomi/dotfiles/.config/Slack/dictionaries/ja-JP.bdic: File exists but is most likely bogus
[06/03/18, 16:59:24:739] info: Actually downloading https://redirector.gvt1.com/edgedl/chrome/dict/ja-jp-3-0.bdic
[06/03/18, 16:59:24:958] info: Loading dictionary for language ja-JP
[06/03/18, 16:59:24:958] info: Returning local copy: /home/nozomi/dotfiles/.config/Slack/dictionaries/ja-JP.bdic
[06/03/18, 16:59:24:960] info: Failed to read file /home/nozomi/dotfiles/.config/Slack/dictionaries/ja-JP.bdic: File exists but is most likely bogus
[06/03/18, 16:59:24:961] info: Actually downloading https://redirector.gvt1.com/edgedl/chrome/dict/ja-jp-3-0.bdic
[06/03/18, 16:59:25:195] info: dictionary for ja-JP_ja-JP is not available
