[08/08/18, 18:37:47:996] info: ╔═════════════════════════════════════════════════════════════════════════════════╗
[08/08/18, 18:37:48:004] info: ║      Slack 3.2.1, linux 4.10.0-38-generic on x64 at 08/08/18, 18:37:47:991      ║
[08/08/18, 18:37:48:004] info: ╚═════════════════════════════════════════════════════════════════════════════════╝
[08/08/18, 18:37:48:290] info: Initializing local storage instance at path: /home/nozomi/dotfiles/.config/Slack/local-settings.json
[08/08/18, 18:37:48:952] info: Main window preload script finished
{
  "readyTime": 1776.683265
}
[08/08/18, 18:37:48:966] info: Store: UPDATE_SESSION_STATUS
{
  "hasValidSession": null,
  "teamId": "TB9PVC95H"
}
[08/08/18, 18:37:48:967] info: Store: UPSERT_WEB_CONTENTS
{
  "id": 14,
  "state": "loaded",
  "teamId": "T031FNTUT"
}
[08/08/18, 18:37:48:968] info: Store: UPSERT_WEB_CONTENTS
{
  "id": 14,
  "state": "empty-page",
  "teamId": "T031FNTUT"
}
[08/08/18, 18:37:48:968] info: Store: UPSERT_WEB_CONTENTS
{
  "id": 14,
  "state": "page-will-navigate",
  "teamId": "T031FNTUT"
}
[08/08/18, 18:37:48:968] info: Store: UPDATE_SESSION_STATUS
{
  "hasValidSession": null,
  "teamId": "T031FNTUT"
}
[08/08/18, 18:37:48:970] info: Store: UPSERT_WEB_CONTENTS
{
  "id": 13,
  "state": "loaded",
  "teamId": "T0253QGQ9"
}
[08/08/18, 18:37:48:970] info: Store: UPSERT_WEB_CONTENTS
{
  "id": 13,
  "state": "empty-page",
  "teamId": "T0253QGQ9"
}
[08/08/18, 18:37:48:971] info: Store: UPSERT_WEB_CONTENTS
{
  "id": 13,
  "state": "page-will-navigate",
  "teamId": "T0253QGQ9"
}
[08/08/18, 18:37:48:971] info: Store: UPDATE_SESSION_STATUS
{
  "hasValidSession": null,
  "teamId": "T0253QGQ9"
}
[08/08/18, 18:37:48:972] info: Store: UPSERT_WEB_CONTENTS
{
  "id": 15,
  "state": "loaded",
  "teamId": "TB9PVC95H"
}
[08/08/18, 18:37:48:982] info: Store: UPSERT_WEB_CONTENTS
{
  "id": 15,
  "state": "empty-page",
  "teamId": "TB9PVC95H"
}
[08/08/18, 18:37:49:006] info: Store: UPSERT_WEB_CONTENTS
{
  "id": 15,
  "state": "page-will-navigate",
  "teamId": "TB9PVC95H"
}
[08/15/18, 10:19:38:479] info: ╔═════════════════════════════════════════════════════════════════════════════════╗
[08/15/18, 10:19:38:480] info: ║      Slack 3.2.1, linux 4.10.0-38-generic on x64 at 08/15/18, 10:19:38:476      ║
[08/15/18, 10:19:38:480] info: ╚═════════════════════════════════════════════════════════════════════════════════╝
[08/15/18, 10:19:38:576] info: Initializing local storage instance at path: /home/nozomi/dotfiles/.config/Slack/local-settings.json
[08/15/18, 10:19:38:832] info: Main window preload script finished
{
  "readyTime": 636.389854
}
[08/15/18, 10:19:38:840] info: Store: UPDATE_SESSION_STATUS
{
  "hasValidSession": null,
  "teamId": "T0EHMQ4HM"
}
[08/15/18, 10:19:38:841] info: Store: UPSERT_WEB_CONTENTS
{
  "id": 18,
  "state": "loaded",
  "teamId": "T031FNTUT"
}
[08/15/18, 10:19:38:842] info: Store: UPSERT_WEB_CONTENTS
{
  "id": 18,
  "state": "empty-page",
  "teamId": "T031FNTUT"
}
[08/15/18, 10:19:38:843] info: Store: UPSERT_WEB_CONTENTS
{
  "id": 18,
  "state": "page-will-navigate",
  "teamId": "T031FNTUT"
}
[08/15/18, 10:19:38:843] info: Store: UPDATE_SESSION_STATUS
{
  "hasValidSession": null,
  "teamId": "T031FNTUT"
}
[08/15/18, 10:19:38:850] info: Store: UPSERT_WEB_CONTENTS
{
  "id": 17,
  "state": "loaded",
  "teamId": "T0EHMQ4HM"
}
[08/15/18, 10:19:38:855] info: Store: UPSERT_WEB_CONTENTS
{
  "id": 17,
  "state": "empty-page",
  "teamId": "T0EHMQ4HM"
}
[08/15/18, 10:19:38:862] info: Store: UPSERT_WEB_CONTENTS
{
  "id": 17,
  "state": "page-will-navigate",
  "teamId": "T0EHMQ4HM"
}
