[06/14/18, 13:55:18:905] info: ╔═════════════════════════════════════════════════════════════════════════════════╗
[06/14/18, 13:55:18:906] info: ║      Slack 3.2.1, linux 4.15.0-20-generic on x64 at 06/14/18, 13:55:18:902      ║
[06/14/18, 13:55:18:906] info: ╚═════════════════════════════════════════════════════════════════════════════════╝
[06/14/18, 13:55:19:003] info: Initializing local storage instance at path: /home/nozomi/dotfiles/.config/Slack/local-settings.json
[06/14/18, 13:55:19:345] error: Desktop module calls failed to load
{
  "error": {
    "message": "libCallsCore.so: å±æãªãã¸ã§ã¯ããã¡ã¤ã«ãéãã¾ãã: ãã®ãããªãã¡ã¤ã«ããã£ã¬ã¯ããªã¯ããã¾ãã",
    "stack": "Error: libCallsCore.so: å±æãªãã¸ã§ã¯ããã¡ã¤ã«ãéãã¾ãã: ãã®ãããªãã¡ã¤ã«ããã£ã¬ã¯ããªã¯ããã¾ãã\n    at process.module.(anonymous function) [as dlopen] (ELECTRON_ASAR.js:172:20)\n    at Object.Module._extensions..node (module.js:671:18)\n    at Object.module.(anonymous function) [as .node] (ELECTRON_ASAR.js:186:18)\n    at Module.load (module.js:561:32)\n    at tryModuleLoad (module.js:504:12)\n    at Function.Module._load (module.js:496:3)\n    at Module.require (module.js:586:17)\n    at require (internal/module.js:11:18)\n    at bindings (/usr/lib/slack/resources/app.asar/node_modules/@slack/slack-calls-prebuilt/modules/@slack/slack-calls/node_modules/bindings/bindings.js:81:44)\n    at Object.<anonymous> (/usr/lib/slack/resources/app.asar/node_modules/@slack/slack-calls-prebuilt/modules/@slack/slack-calls/index.js:1:192)"
  }
}
[06/14/18, 13:55:19:345] error: Desktop module calls failed to load
[06/14/18, 13:55:19:371] info: cld3::loadModule: loading cld3 module
[06/14/18, 13:55:19:394] info: cld3Loader::loadModule: running environment is NODE
[06/14/18, 13:55:19:394] info: cld3Loader::loadModule: constructed module object for runtime
[06/14/18, 13:55:19:598] info: cld3Loader::initializeRuntime: successfully initialized module
[06/14/18, 13:55:19:598] info: cld3Loader::loadModule: initialized wasm binary Runtime
[06/14/18, 13:55:19:614] info: SpellChecker:: updateSpellcheckerLanguage: Skip to set new language null, v2 spellchecker is not available
[06/14/18, 13:55:19:631] info: Main window preload script finished
{
  "readyTime": 1014.646918
}
[06/14/18, 13:55:22:525] info: Store: UPSERT_WEB_CONTENTS
{
  "id": 4,
  "state": "loaded",
  "teamId": "T031FNTUT"
}
[06/14/18, 13:55:23:382] info: Skipping request to provide hint content for channel for spellchecker
{
  "version": "V2"
}
[06/14/18, 13:55:23:730] info: Store: UPDATE_SESSION_STATUS
{
  "hasValidSession": true,
  "teamId": "T031FNTUT"
}
[06/14/18, 13:55:23:765] info: Store: UPSERT_WEB_CONTENTS
{
  "id": 3,
  "state": "loaded",
  "teamId": "TB47MRNBZ"
}
[06/14/18, 13:55:23:765] info: Store: MAIN_WINDOW_SHOWN
[06/14/18, 13:55:23:766] info: Store: SET_FULL_SCREEN
[06/14/18, 13:55:23:767] info: Store: SELECT_CHANNEL CASGZGRSB
[06/14/18, 13:55:23:767] info: Store: UPDATE_TEAM_LOCALE
{
  "locale": "en-US",
  "teamId": "T031FNTUT"
}
[06/14/18, 13:55:23:768] info: Store: UPDATE_SETTINGS
{
  "locale": "en-US"
}
[06/14/18, 13:55:23:768] info: Store: UPDATE_TEAM_THEME
{
  "teamId": "T031FNTUT",
  "theme": {
    "active_item": "#95BFEA",
    "active_item_text": "#FFFFFF",
    "active_presence": "#FFFF00",
    "badge": "#AAFFFF",
    "column_bg": "#40E0D0",
    "hover_item": "#48D1CC",
    "menu_bg": "#AAFFFF",
    "text_color": "#FFFFFF"
  }
}
[06/14/18, 13:55:23:769] info: Store: SET_FULL_SCREEN
[06/14/18, 13:55:23:770] info: Store: SET_FULL_SCREEN
[06/14/18, 13:55:23:774] info: Store: UPDATE_SESSION_STATUS
{
  "hasValidSession": true,
  "teamId": "TB47MRNBZ"
}
[06/14/18, 13:55:24:342] info: Store: UPDATE_TEAM_ICONS
{
  "icons": {
    "image_102": "https://slack-files2.s3-us-west-2.amazonaws.com/avatars/2016-05-12/42266573955_325ce791cc9957bfae5b_102.png",
    "image_132": "https://slack-files2.s3-us-west-2.amazonaws.com/avatars/2016-05-12/42266573955_325ce791cc9957bfae5b_132.png",
    "image_230": "https://slack-files2.s3-us-west-2.amazonaws.com/avatars/2016-05-12/42266573955_325ce791cc9957bfae5b_132.png",
    "image_34": "https://slack-files2.s3-us-west-2.amazonaws.com/avatars/2016-05-12/42266573955_325ce791cc9957bfae5b_34.png",
    "image_44": "https://slack-files2.s3-us-west-2.amazonaws.com/avatars/2016-05-12/42266573955_325ce791cc9957bfae5b_44.png",
    "image_68": "https://slack-files2.s3-us-west-2.amazonaws.com/avatars/2016-05-12/42266573955_325ce791cc9957bfae5b_68.png",
    "image_88": "https://slack-files2.s3-us-west-2.amazonaws.com/avatars/2016-05-12/42266573955_325ce791cc9957bfae5b_88.png",
    "image_original": "https://slack-files2.s3-us-west-2.amazonaws.com/avatars/2016-05-12/42266573955_325ce791cc9957bfae5b_original.png"
  },
  "teamId": "T031FNTUT"
}
[06/14/18, 13:55:24:343] info: Store: UPDATE_TEAM_LOCALE
{
  "locale": "en-US",
  "teamId": "T031FNTUT"
}
[06/14/18, 13:55:24:343] info: Store: UPSERT_WEB_CONTENTS
{
  "id": 4,
  "state": "webapp-loaded",
  "teamId": "T031FNTUT"
}
[06/14/18, 13:55:24:392] info: Store: STORE_ENTERPRISE_ID_PAIR
{
  "enterpriseId": "",
  "teamId": "T031FNTUT"
}
[06/14/18, 13:55:24:394] info: Store: SELECT_CHANNEL CB6JRDN3S
[06/14/18, 13:55:24:395] info: Store: UPDATE_TEAM_LOCALE
{
  "locale": "en-US",
  "teamId": "TB47MRNBZ"
}
[06/14/18, 13:55:24:410] info: Store: UPDATE_TEAM_THEME
{
  "teamId": "TB47MRNBZ",
  "theme": {
    "active_item": "#6698C8",
    "active_item_text": "#FFFFFF",
    "active_presence": "#94E864",
    "badge": "#78AF8F",
    "column_bg": "#303E4D",
    "hover_item": "#4A5664",
    "menu_bg": "#2C3849",
    "text_color": "#FFFFFF"
  }
}
[06/14/18, 13:55:25:094] info: Store: UPDATE_TEAM_ICONS
{
  "icons": {
    "image_102": "https://slack-files2.s3-us-west-2.amazonaws.com/avatars/2018-06-07/376989294276_dc48b88a894bc469a541_102.jpg",
    "image_132": "https://slack-files2.s3-us-west-2.amazonaws.com/avatars/2018-06-07/376989294276_dc48b88a894bc469a541_132.jpg",
    "image_230": "https://slack-files2.s3-us-west-2.amazonaws.com/avatars/2018-06-07/376989294276_dc48b88a894bc469a541_230.jpg",
    "image_34": "https://slack-files2.s3-us-west-2.amazonaws.com/avatars/2018-06-07/376989294276_dc48b88a894bc469a541_34.jpg",
    "image_44": "https://slack-files2.s3-us-west-2.amazonaws.com/avatars/2018-06-07/376989294276_dc48b88a894bc469a541_44.jpg",
    "image_68": "https://slack-files2.s3-us-west-2.amazonaws.com/avatars/2018-06-07/376989294276_dc48b88a894bc469a541_68.jpg",
    "image_88": "https://slack-files2.s3-us-west-2.amazonaws.com/avatars/2018-06-07/376989294276_dc48b88a894bc469a541_88.jpg",
    "image_original": "https://slack-files2.s3-us-west-2.amazonaws.com/avatars/2018-06-07/376989294276_dc48b88a894bc469a541_original.jpg"
  },
  "teamId": "TB47MRNBZ"
}
[06/14/18, 13:55:25:284] info: Store: UPDATE_TEAM_LOCALE
{
  "locale": "en-US",
  "teamId": "TB47MRNBZ"
}
[06/14/18, 13:55:25:296] info: Store: UPSERT_WEB_CONTENTS
{
  "id": 3,
  "state": "webapp-loaded",
  "teamId": "TB47MRNBZ"
}
[06/14/18, 13:55:25:415] info: Store: STORE_ENTERPRISE_ID_PAIR
{
  "enterpriseId": "",
  "teamId": "TB47MRNBZ"
}
[06/14/18, 13:55:49:643] info: Store: SET_FULL_SCREEN
[06/14/18, 13:55:49:657] info: Store: SET_FULL_SCREEN
[06/14/18, 14:00:42:355] info: Store: SET_FULL_SCREEN
[06/14/18, 14:00:42:410] info: Store: SET_FULL_SCREEN
[06/14/18, 14:00:44:281] info: Store: SELECT_CHANNEL CB47MRRTR
[06/14/18, 14:05:59:809] info: Store: NEW_NOTIFICATION
{
  "avatarImage": "https://ca.slack-edge.com/T031FNTUT-U04KRG00A-2f202a8ff96a-512",
  "channel": "CA6KDLY8H",
  "content": "[REDACTED]",
  "id": "Q0ywf6hkWDMpoVP",
  "imageUri": null,
  "launchUri": "slack://channel?id=CA6KDLY8H&message=1528952759.000168&team=T031FNTUT",
  "msg": "1528952759.000168",
  "silent": true,
  "subtitle": "",
  "teamId": "T031FNTUT",
  "title": "[REDACTED]"
}
[06/14/18, 14:05:59:941] info: Store: NEW_NOTIFICATION
{
  "avatarImage": "https://ca.slack-edge.com/T031FNTUT-USLACKBOT-sv1444671949-512",
  "channel": "CA6KDLY8H",
  "content": "[REDACTED]",
  "id": "MQrpT2iW85JgjAN",
  "imageUri": null,
  "launchUri": "slack://channel?id=CA6KDLY8H&message=1528952759.000218&team=T031FNTUT",
  "msg": "1528952759.000218",
  "silent": true,
  "subtitle": "",
  "teamId": "T031FNTUT",
  "title": "[REDACTED]"
}
[06/14/18, 14:07:19:933] info: Store: NEW_NOTIFICATION
{
  "avatarImage": "https://ca.slack-edge.com/T031FNTUT-U04KRG00A-2f202a8ff96a-512",
  "channel": "CA6KDLY8H",
  "content": "[REDACTED]",
  "id": "gL3gfPs3w92OG0Z",
  "imageUri": null,
  "launchUri": "slack://channel?id=CA6KDLY8H&message=1528952839.000183&team=T031FNTUT",
  "msg": "1528952839.000183",
  "silent": true,
  "subtitle": "",
  "teamId": "T031FNTUT",
  "title": "[REDACTED]"
}
[06/14/18, 14:08:21:246] info: Store: MAIN_WINDOW_FOCUSED
[06/14/18, 14:08:21:423] info: Store: SELECT_TEAM T031FNTUT
[06/14/18, 14:08:22:191] info: postLoadTaskSetup: Setup spellchecker
{
  "version": "V2"
}
[06/14/18, 14:08:22:208] info: loadAsmModule: loading hunspell-asm module
[06/14/18, 14:08:22:614] info: loadAsmModule: asm module loaded successfully
[06/14/18, 14:08:22:614] info: SpellChecker: Starting spellchecker with language detector
[06/14/18, 14:08:22:614] info: SpellChecker::enableSpellCheckerLanguageDetector: enable spellchecker language detector
[06/14/18, 14:08:22:614] info: SpellChecker::startWithDictionary: Starting language detector with preloaded dict from last used language en
[06/14/18, 14:08:22:819] info: download: downloading dictionary for 'en-us'
[06/14/18, 14:08:22:819] info: fetchResourceAsBuffer: downloading
{
  "filePath": "https://spellcheck.slack-edge.com/dictionaries/en-us/1/en-us.aff",
  "cachePolicy": "default"
}
[06/14/18, 14:08:23:645] info: fetchResourceAsBuffer: downloading
{
  "filePath": "https://spellcheck.slack-edge.com/dictionaries/en-us/1/en-us.dic",
  "cachePolicy": "default"
}
[06/14/18, 14:08:26:109] info: dictionaryDownloader: verifying hash
[06/14/18, 14:08:27:536] info: SpellChecker::downloadDictionary: Dictionary is ready for 
{
  "language": "en"
}
[06/14/18, 14:08:27:593] info: assignSpellchecker: spellCheckerTable added new checker for 'en'
[06/14/18, 14:08:27:652] info: SpellChecker::prepareDictionary: Dictionary buffer for 'en' is loaded into spellchecker
[06/14/18, 14:08:27:653] info: switchDictionary: switching dictionary to check spell from 'null' to 'en'
[06/14/18, 14:08:27:656] info: SpellChecker::switchDictionary: SpellChecker enabled for language
{
  "language": "en"
}
[06/14/18, 14:08:28:973] info: Skipping request to provide hint content for channel for spellchecker
{
  "version": "V2"
}
[06/14/18, 14:08:29:051] info: Store: SELECT_CHANNEL CA6KDLY8H
[06/14/18, 14:08:45:265] info: Skipping request to provide hint content for channel for spellchecker
{
  "version": "V2"
}
[06/14/18, 14:08:45:371] info: Store: SELECT_CHANNEL CA6UN40BE
[06/14/18, 14:10:41:142] info: Skipping request to provide hint content for channel for spellchecker
{
  "version": "V2"
}
[06/14/18, 14:10:41:274] info: Store: SELECT_CHANNEL CASGZGRSB
[06/14/18, 14:13:56:808] info: Skipping request to provide hint content for channel for spellchecker
{
  "version": "V2"
}
[06/14/18, 14:13:56:893] info: Store: SELECT_CHANNEL D5WHV4ZQW
[06/14/18, 14:14:19:922] info: Skipping request to provide hint content for channel for spellchecker
{
  "version": "V2"
}
[06/14/18, 14:14:20:046] info: Store: SELECT_CHANNEL CASGZGRSB
[06/14/18, 14:15:01:733] info: Skipping request to provide hint content for channel for spellchecker
{
  "version": "V2"
}
[06/14/18, 14:15:01:851] info: Store: SELECT_CHANNEL CA6UN40BE
[06/14/18, 14:15:11:932] info: Skipping request to provide hint content for channel for spellchecker
{
  "version": "V2"
}
[06/14/18, 14:15:12:058] info: Store: SELECT_CHANNEL CASGZGRSB
[06/14/18, 14:16:55:706] info: Store: MAIN_WINDOW_FOCUSED
[06/14/18, 14:16:55:879] info: Store: SELECT_TEAM TB47MRNBZ
[06/14/18, 14:17:01:033] info: Store: SELECT_CHANNEL CB6JRDN3S
[06/14/18, 14:19:10:198] info: Store: MAIN_WINDOW_FOCUSED
[06/14/18, 14:19:10:371] info: Store: SELECT_TEAM T031FNTUT
[06/14/18, 14:19:21:439] info: Store: MAIN_WINDOW_FOCUSED
[06/14/18, 14:19:21:596] info: Store: SELECT_TEAM TB47MRNBZ
[06/14/18, 14:19:31:996] info: Store: SET_FULL_SCREEN
[06/14/18, 14:19:32:006] info: Store: SET_FULL_SCREEN
[06/14/18, 14:19:44:507] info: Store: SET_FULL_SCREEN
[06/14/18, 14:19:44:527] info: Store: SET_FULL_SCREEN
[06/14/18, 14:19:48:392] info: Store: MAIN_WINDOW_FOCUSED
[06/14/18, 14:19:48:567] info: Store: SELECT_TEAM T031FNTUT
[06/14/18, 14:19:56:780] info: Skipping request to provide hint content for channel for spellchecker
{
  "version": "V2"
}
[06/14/18, 14:19:56:866] info: Store: SELECT_CHANNEL CA6UN40BE
[06/14/18, 14:22:58:402] info: Store: SET_FULL_SCREEN
[06/14/18, 14:22:58:403] info: Store: SET_FULL_SCREEN
[06/14/18, 14:23:00:262] info: Store: SET_FULL_SCREEN
[06/14/18, 14:23:00:262] info: Store: SET_FULL_SCREEN
[06/14/18, 14:23:01:011] info: Store: SET_FULL_SCREEN
[06/14/18, 14:23:01:012] info: Store: SET_FULL_SCREEN
[06/14/18, 14:26:38:532] info: Store: SET_FULL_SCREEN
[06/14/18, 14:26:38:551] info: Store: SET_FULL_SCREEN
[06/14/18, 14:26:49:633] info: Store: SET_FULL_SCREEN
[06/14/18, 14:26:49:669] info: Store: SET_FULL_SCREEN
[06/14/18, 14:27:19:836] info: Store: SET_FULL_SCREEN
[06/14/18, 14:27:19:837] info: Store: SET_FULL_SCREEN
[06/14/18, 14:27:42:953] info: Store: RELOAD
{
  "everything": false
}
[06/14/18, 14:27:42:958] info: Window is unloading, window.desktop is no longer accessible
[06/14/18, 14:27:43:890] info: Store: BACKGROUND_CLIENTS_INITIALIZED
