[08/04/18, 16:19:20:833] info: ╔═════════════════════════════════════════════════════════════════════════════════╗
[08/04/18, 16:19:20:834] info: ║      Slack 3.2.1, linux 4.10.0-38-generic on x64 at 08/04/18, 16:19:20:831      ║
[08/04/18, 16:19:20:835] info: ╚═════════════════════════════════════════════════════════════════════════════════╝
[08/04/18, 16:19:20:995] info: Initializing local storage instance at path: /home/nozomi/dotfiles/.config/Slack/local-settings.json
[08/04/18, 16:19:21:422] info: Main window preload script finished
{
  "readyTime": 1100.927161
}
[08/04/18, 16:19:21:437] info: Store: UPDATE_SESSION_STATUS
{
  "hasValidSession": null,
  "teamId": "T0EHMQ4HM"
}
[08/04/18, 16:19:21:438] info: Store: UPSERT_WEB_CONTENTS
{
  "id": 6,
  "state": "loaded",
  "teamId": "T0253QGQ9"
}
[08/04/18, 16:19:21:439] info: Store: UPSERT_WEB_CONTENTS
{
  "id": 6,
  "state": "empty-page",
  "teamId": "T0253QGQ9"
}
[08/04/18, 16:19:21:440] info: Store: UPSERT_WEB_CONTENTS
{
  "id": 6,
  "state": "page-will-navigate",
  "teamId": "T0253QGQ9"
}
[08/04/18, 16:19:21:441] info: Store: UPDATE_SESSION_STATUS
{
  "hasValidSession": null,
  "teamId": "T0253QGQ9"
}
[08/04/18, 16:19:21:442] info: Store: UPSERT_WEB_CONTENTS
{
  "id": 7,
  "state": "loaded",
  "teamId": "T0EHMQ4HM"
}
[08/04/18, 16:19:21:448] info: Store: UPSERT_WEB_CONTENTS
{
  "id": 7,
  "state": "empty-page",
  "teamId": "T0EHMQ4HM"
}
[08/04/18, 16:19:21:455] info: Store: UPSERT_WEB_CONTENTS
{
  "id": 7,
  "state": "page-will-navigate",
  "teamId": "T0EHMQ4HM"
}
[08/15/18, 10:19:20:029] info: ╔═════════════════════════════════════════════════════════════════════════════════╗
[08/15/18, 10:19:20:030] info: ║      Slack 3.2.1, linux 4.10.0-38-generic on x64 at 08/15/18, 10:19:20:026      ║
[08/15/18, 10:19:20:030] info: ╚═════════════════════════════════════════════════════════════════════════════════╝
[08/15/18, 10:19:20:135] info: Initializing local storage instance at path: /home/nozomi/dotfiles/.config/Slack/local-settings.json
[08/15/18, 10:19:20:352] info: Main window preload script finished
{
  "readyTime": 606.272018
}
[08/15/18, 10:19:20:360] info: Store: UPDATE_SESSION_STATUS
{
  "hasValidSession": null,
  "teamId": "T031FNTUT"
}
[08/15/18, 10:19:20:361] info: Store: UPSERT_WEB_CONTENTS
{
  "id": 17,
  "state": "loaded",
  "teamId": "T0EHMQ4HM"
}
[08/15/18, 10:19:20:362] info: Store: UPSERT_WEB_CONTENTS
{
  "id": 17,
  "state": "empty-page",
  "teamId": "T0EHMQ4HM"
}
[08/15/18, 10:19:20:362] info: Store: UPSERT_WEB_CONTENTS
{
  "id": 17,
  "state": "page-will-navigate",
  "teamId": "T0EHMQ4HM"
}
[08/15/18, 10:19:20:363] info: Store: UPDATE_SESSION_STATUS
{
  "hasValidSession": null,
  "teamId": "T0EHMQ4HM"
}
[08/15/18, 10:19:20:364] info: Store: UPSERT_WEB_CONTENTS
{
  "id": 18,
  "state": "loaded",
  "teamId": "T031FNTUT"
}
[08/15/18, 10:19:20:366] info: Store: UPSERT_WEB_CONTENTS
{
  "id": 18,
  "state": "empty-page",
  "teamId": "T031FNTUT"
}
[08/15/18, 10:19:20:374] info: Store: UPSERT_WEB_CONTENTS
{
  "id": 18,
  "state": "page-will-navigate",
  "teamId": "T031FNTUT"
}
