[08/10/18, 20:28:03:743] info: ╔═════════════════════════════════════════════════════════════════════════════════╗
[08/10/18, 20:28:03:746] info: ║      Slack 3.2.1, linux 4.10.0-38-generic on x64 at 08/10/18, 20:28:03:739      ║
[08/10/18, 20:28:03:747] info: ╚═════════════════════════════════════════════════════════════════════════════════╝
[08/10/18, 20:28:03:906] info: Initializing local storage instance at path: /home/nozomi/dotfiles/.config/Slack/local-settings.json
[08/10/18, 20:28:04:287] info: Main window preload script finished
{
  "readyTime": 1064.435247
}
[08/10/18, 20:28:04:296] info: Store: UPDATE_SESSION_STATUS
{
  "hasValidSession": null,
  "teamId": "T0253QGQ9"
}
[08/10/18, 20:28:04:297] info: Store: UPSERT_WEB_CONTENTS
{
  "id": 18,
  "state": "loaded",
  "teamId": "T0EHMQ4HM"
}
[08/10/18, 20:28:04:298] info: Store: UPSERT_WEB_CONTENTS
{
  "id": 18,
  "state": "empty-page",
  "teamId": "T0EHMQ4HM"
}
[08/10/18, 20:28:04:298] info: Store: UPSERT_WEB_CONTENTS
{
  "id": 18,
  "state": "page-will-navigate",
  "teamId": "T0EHMQ4HM"
}
[08/10/18, 20:28:04:299] info: Store: UPDATE_SESSION_STATUS
{
  "hasValidSession": null,
  "teamId": "T0EHMQ4HM"
}
[08/10/18, 20:28:04:299] info: Store: UPSERT_WEB_CONTENTS
{
  "id": 19,
  "state": "loaded",
  "teamId": "T031FNTUT"
}
[08/10/18, 20:28:04:299] info: Store: UPSERT_WEB_CONTENTS
{
  "id": 19,
  "state": "empty-page",
  "teamId": "T031FNTUT"
}
[08/10/18, 20:28:04:300] info: Store: UPSERT_WEB_CONTENTS
{
  "id": 19,
  "state": "page-will-navigate",
  "teamId": "T031FNTUT"
}
[08/10/18, 20:28:04:300] info: Store: UPDATE_SESSION_STATUS
{
  "hasValidSession": null,
  "teamId": "T031FNTUT"
}
[08/10/18, 20:28:04:300] info: Store: UPSERT_WEB_CONTENTS
{
  "id": 17,
  "state": "loaded",
  "teamId": "TB9PVC95H"
}
[08/10/18, 20:28:04:301] info: Store: UPSERT_WEB_CONTENTS
{
  "id": 17,
  "state": "empty-page",
  "teamId": "TB9PVC95H"
}
[08/10/18, 20:28:04:301] info: Store: UPSERT_WEB_CONTENTS
{
  "id": 17,
  "state": "page-will-navigate",
  "teamId": "TB9PVC95H"
}
[08/10/18, 20:28:04:301] info: Store: UPDATE_SESSION_STATUS
{
  "hasValidSession": null,
  "teamId": "TB9PVC95H"
}
[08/10/18, 20:28:04:302] info: Store: UPSERT_WEB_CONTENTS
{
  "id": 16,
  "state": "loaded",
  "teamId": "T0253QGQ9"
}
[08/10/18, 20:28:04:310] info: Store: UPSERT_WEB_CONTENTS
{
  "id": 16,
  "state": "empty-page",
  "teamId": "T0253QGQ9"
}
[08/10/18, 20:28:04:316] info: Store: UPSERT_WEB_CONTENTS
{
  "id": 16,
  "state": "page-will-navigate",
  "teamId": "T0253QGQ9"
}
[08/21/18, 20:54:16:954] info: ╔═════════════════════════════════════════════════════════════════════════════════╗
[08/21/18, 20:54:16:960] info: ║      Slack 3.2.1, linux 4.10.0-38-generic on x64 at 08/21/18, 20:54:16:941      ║
[08/21/18, 20:54:16:961] info: ╚═════════════════════════════════════════════════════════════════════════════════╝
[08/21/18, 20:54:17:334] info: Initializing local storage instance at path: /home/nozomi/dotfiles/.config/Slack/local-settings.json
[08/21/18, 20:54:18:120] info: Main window preload script finished
{
  "readyTime": 2432.386062
}
[08/21/18, 20:54:18:132] info: Store: UPDATE_SESSION_STATUS
{
  "hasValidSession": null,
  "teamId": "TB9PVC95H"
}
[08/21/18, 20:54:18:133] info: Store: UPSERT_WEB_CONTENTS
{
  "id": 8,
  "state": "loaded",
  "teamId": "T031FNTUT"
}
[08/21/18, 20:54:18:134] info: Store: UPSERT_WEB_CONTENTS
{
  "id": 8,
  "state": "empty-page",
  "teamId": "T031FNTUT"
}
[08/21/18, 20:54:18:134] info: Store: UPSERT_WEB_CONTENTS
{
  "id": 8,
  "state": "page-will-navigate",
  "teamId": "T031FNTUT"
}
[08/21/18, 20:54:18:135] info: Store: UPDATE_SESSION_STATUS
{
  "hasValidSession": null,
  "teamId": "T031FNTUT"
}
[08/21/18, 20:54:18:135] info: Store: UPSERT_WEB_CONTENTS
{
  "id": 7,
  "state": "loaded",
  "teamId": "T0253QGQ9"
}
[08/21/18, 20:54:18:136] info: Store: UPSERT_WEB_CONTENTS
{
  "id": 7,
  "state": "empty-page",
  "teamId": "T0253QGQ9"
}
[08/21/18, 20:54:18:136] info: Store: UPSERT_WEB_CONTENTS
{
  "id": 7,
  "state": "page-will-navigate",
  "teamId": "T0253QGQ9"
}
[08/21/18, 20:54:18:137] info: Store: UPDATE_SESSION_STATUS
{
  "hasValidSession": null,
  "teamId": "T0253QGQ9"
}
[08/21/18, 20:54:18:140] info: Store: UPSERT_WEB_CONTENTS
{
  "id": 6,
  "state": "loaded",
  "teamId": "T0EHMQ4HM"
}
[08/21/18, 20:54:18:143] info: Store: UPSERT_WEB_CONTENTS
{
  "id": 6,
  "state": "empty-page",
  "teamId": "T0EHMQ4HM"
}
[08/21/18, 20:54:18:145] info: Store: UPSERT_WEB_CONTENTS
{
  "id": 6,
  "state": "page-will-navigate",
  "teamId": "T0EHMQ4HM"
}
[08/21/18, 20:54:18:146] info: Store: UPDATE_SESSION_STATUS
{
  "hasValidSession": null,
  "teamId": "T0EHMQ4HM"
}
[08/21/18, 20:54:18:147] info: Store: UPSERT_WEB_CONTENTS
{
  "id": 8,
  "state": "loaded",
  "teamId": "T031FNTUT"
}
[08/21/18, 20:54:18:147] info: Store: UPSERT_WEB_CONTENTS
{
  "id": 8,
  "state": "empty-page",
  "teamId": "T031FNTUT"
}
[08/21/18, 20:54:18:149] info: Store: UPSERT_WEB_CONTENTS
{
  "id": 8,
  "state": "page-will-navigate",
  "teamId": "T031FNTUT"
}
[08/21/18, 20:54:18:149] info: Store: UPSERT_WEB_CONTENTS
{
  "id": 5,
  "state": "loaded",
  "teamId": "TB9PVC95H"
}
[08/21/18, 20:54:18:163] info: Store: UPSERT_WEB_CONTENTS
{
  "id": 5,
  "state": "empty-page",
  "teamId": "TB9PVC95H"
}
[08/21/18, 20:54:18:178] info: Store: UPSERT_WEB_CONTENTS
{
  "id": 5,
  "state": "page-will-navigate",
  "teamId": "TB9PVC95H"
}
[08/21/18, 20:54:18:257] info: Store: UPDATE_SESSION_STATUS
{
  "hasValidSession": null,
  "teamId": "T031FNTUT"
}
[08/21/18, 21:14:14:460] info: ╔═════════════════════════════════════════════════════════════════════════════════╗
[08/21/18, 21:14:14:466] info: ║      Slack 3.2.1, linux 4.10.0-38-generic on x64 at 08/21/18, 21:14:14:450      ║
[08/21/18, 21:14:14:466] info: ╚═════════════════════════════════════════════════════════════════════════════════╝
[08/21/18, 21:14:14:784] info: Initializing local storage instance at path: /home/nozomi/dotfiles/.config/Slack/local-settings.json
[08/21/18, 21:14:15:502] info: Main window preload script finished
{
  "readyTime": 2248.823243
}
[08/21/18, 21:14:15:542] info: Store: UPSERT_WEB_CONTENTS
{
  "id": 5,
  "state": "loaded",
  "teamId": "TB9PVC95H"
}
[08/21/18, 21:14:15:543] info: Store: UPSERT_WEB_CONTENTS
{
  "id": 5,
  "state": "empty-page",
  "teamId": "TB9PVC95H"
}
[08/21/18, 21:14:15:544] info: Store: UPSERT_WEB_CONTENTS
{
  "id": 5,
  "state": "page-will-navigate",
  "teamId": "TB9PVC95H"
}
[08/21/18, 21:14:15:544] info: Store: UPDATE_SESSION_STATUS
{
  "hasValidSession": null,
  "teamId": "TB9PVC95H"
}
[08/21/18, 21:14:15:545] info: Store: UPSERT_WEB_CONTENTS
{
  "id": 7,
  "state": "loaded",
  "teamId": "T0253QGQ9"
}
[08/21/18, 21:14:15:545] info: Store: UPSERT_WEB_CONTENTS
{
  "id": 7,
  "state": "empty-page",
  "teamId": "T0253QGQ9"
}
[08/21/18, 21:14:15:546] info: Store: UPSERT_WEB_CONTENTS
{
  "id": 7,
  "state": "page-will-navigate",
  "teamId": "T0253QGQ9"
}
[08/21/18, 21:14:15:546] info: Store: UPDATE_SESSION_STATUS
{
  "hasValidSession": null,
  "teamId": "T0253QGQ9"
}
[08/21/18, 21:14:15:546] info: Store: UPSERT_WEB_CONTENTS
{
  "id": 8,
  "state": "loaded",
  "teamId": "T031FNTUT"
}
[08/21/18, 21:14:15:547] info: Store: UPSERT_WEB_CONTENTS
{
  "id": 8,
  "state": "empty-page",
  "teamId": "T031FNTUT"
}
[08/21/18, 21:14:15:547] info: Store: UPSERT_WEB_CONTENTS
{
  "id": 8,
  "state": "page-will-navigate",
  "teamId": "T031FNTUT"
}
[08/21/18, 21:14:15:556] info: Store: UPSERT_WEB_CONTENTS
{
  "id": 6,
  "state": "loaded",
  "teamId": "T0EHMQ4HM"
}
[08/21/18, 21:14:15:573] info: Store: UPSERT_WEB_CONTENTS
{
  "id": 6,
  "state": "empty-page",
  "teamId": "T0EHMQ4HM"
}
[08/21/18, 21:14:15:590] info: Store: UPDATE_SESSION_STATUS
{
  "hasValidSession": null,
  "teamId": "T031FNTUT"
}
[08/21/18, 21:14:15:612] info: Store: UPSERT_WEB_CONTENTS
{
  "id": 6,
  "state": "page-will-navigate",
  "teamId": "T0EHMQ4HM"
}
[08/21/18, 21:14:15:712] info: Store: UPDATE_SESSION_STATUS
{
  "hasValidSession": null,
  "teamId": "T0EHMQ4HM"
}
[08/21/18, 21:34:02:927] info: ╔═════════════════════════════════════════════════════════════════════════════════╗
[08/21/18, 21:34:02:930] info: ║      Slack 3.2.1, linux 4.10.0-38-generic on x64 at 08/21/18, 21:34:02:920      ║
[08/21/18, 21:34:02:930] info: ╚═════════════════════════════════════════════════════════════════════════════════╝
[08/21/18, 21:34:03:243] info: Initializing local storage instance at path: /home/nozomi/dotfiles/.config/Slack/local-settings.json
[08/21/18, 21:34:03:993] info: Main window preload script finished
{
  "readyTime": 2174.042936
}
[08/21/18, 21:34:04:018] info: Store: UPDATE_SESSION_STATUS
{
  "hasValidSession": null,
  "teamId": "TB9PVC95H"
}
[08/21/18, 21:34:04:022] info: Store: UPSERT_WEB_CONTENTS
{
  "id": 7,
  "state": "loaded",
  "teamId": "T0253QGQ9"
}
[08/21/18, 21:34:04:046] info: Store: UPSERT_WEB_CONTENTS
{
  "id": 7,
  "state": "empty-page",
  "teamId": "T0253QGQ9"
}
[08/21/18, 21:34:04:047] info: Store: UPSERT_WEB_CONTENTS
{
  "id": 7,
  "state": "page-will-navigate",
  "teamId": "T0253QGQ9"
}
[08/21/18, 21:34:04:048] info: Store: UPDATE_SESSION_STATUS
{
  "hasValidSession": null,
  "teamId": "T0253QGQ9"
}
[08/21/18, 21:34:04:056] info: Store: UPSERT_WEB_CONTENTS
{
  "id": 8,
  "state": "loaded",
  "teamId": "T031FNTUT"
}
[08/21/18, 21:34:04:057] info: Store: UPSERT_WEB_CONTENTS
{
  "id": 8,
  "state": "empty-page",
  "teamId": "T031FNTUT"
}
[08/21/18, 21:34:04:057] info: Store: UPSERT_WEB_CONTENTS
{
  "id": 8,
  "state": "page-will-navigate",
  "teamId": "T031FNTUT"
}
[08/21/18, 21:34:04:057] info: Store: UPDATE_SESSION_STATUS
{
  "hasValidSession": null,
  "teamId": "T031FNTUT"
}
[08/21/18, 21:34:04:058] info: Store: UPSERT_WEB_CONTENTS
{
  "id": 6,
  "state": "loaded",
  "teamId": "T0EHMQ4HM"
}
[08/21/18, 21:34:04:061] info: Store: UPSERT_WEB_CONTENTS
{
  "id": 6,
  "state": "empty-page",
  "teamId": "T0EHMQ4HM"
}
[08/21/18, 21:34:04:061] info: Store: UPSERT_WEB_CONTENTS
{
  "id": 6,
  "state": "page-will-navigate",
  "teamId": "T0EHMQ4HM"
}
[08/21/18, 21:34:04:069] info: Store: UPDATE_SESSION_STATUS
{
  "hasValidSession": null,
  "teamId": "T0EHMQ4HM"
}
[08/21/18, 21:34:04:071] info: Store: UPSERT_WEB_CONTENTS
{
  "id": 5,
  "state": "loaded",
  "teamId": "TB9PVC95H"
}
[08/21/18, 21:34:04:083] info: Store: UPSERT_WEB_CONTENTS
{
  "id": 5,
  "state": "empty-page",
  "teamId": "TB9PVC95H"
}
[08/21/18, 21:34:04:089] info: Store: UPSERT_WEB_CONTENTS
{
  "id": 5,
  "state": "page-will-navigate",
  "teamId": "TB9PVC95H"
}
[08/21/18, 21:34:04:203] info: Store: UPDATE_SESSION_STATUS
{
  "hasValidSession": null,
  "teamId": "TB9PVC95H"
}
