[08/10/18, 21:38:01:087] info: ╔═════════════════════════════════════════════════════════════════════════════════╗
[08/10/18, 21:38:01:090] info: ║      Slack 3.2.1, linux 4.10.0-38-generic on x64 at 08/10/18, 21:38:01:075      ║
[08/10/18, 21:38:01:090] info: ╚═════════════════════════════════════════════════════════════════════════════════╝
[08/10/18, 21:38:01:583] info: Initializing local storage instance at path: /home/nozomi/dotfiles/.config/Slack/local-settings.json
[08/10/18, 21:38:02:215] info: Main window preload script finished
{
  "readyTime": 2233.287535
}
[08/10/18, 21:38:02:234] info: Store: UPDATE_SESSION_STATUS
{
  "hasValidSession": null,
  "teamId": "T0EHMQ4HM"
}
[08/10/18, 21:38:02:236] info: Store: UPSERT_WEB_CONTENTS
{
  "id": 17,
  "state": "loaded",
  "teamId": "TB9PVC95H"
}
[08/10/18, 21:38:02:236] info: Store: UPSERT_WEB_CONTENTS
{
  "id": 17,
  "state": "empty-page",
  "teamId": "TB9PVC95H"
}
[08/10/18, 21:38:02:237] info: Store: UPSERT_WEB_CONTENTS
{
  "id": 17,
  "state": "page-will-navigate",
  "teamId": "TB9PVC95H"
}
[08/10/18, 21:38:02:238] info: Store: UPDATE_SESSION_STATUS
{
  "hasValidSession": null,
  "teamId": "TB9PVC95H"
}
[08/10/18, 21:38:02:238] info: Store: UPSERT_WEB_CONTENTS
{
  "id": 16,
  "state": "loaded",
  "teamId": "T0253QGQ9"
}
[08/10/18, 21:38:02:238] info: Store: UPSERT_WEB_CONTENTS
{
  "id": 16,
  "state": "empty-page",
  "teamId": "T0253QGQ9"
}
[08/10/18, 21:38:02:239] info: Store: UPSERT_WEB_CONTENTS
{
  "id": 16,
  "state": "page-will-navigate",
  "teamId": "T0253QGQ9"
}
[08/10/18, 21:38:02:239] info: Store: UPDATE_SESSION_STATUS
{
  "hasValidSession": null,
  "teamId": "T0253QGQ9"
}
[08/10/18, 21:38:02:240] info: Store: UPSERT_WEB_CONTENTS
{
  "id": 19,
  "state": "loaded",
  "teamId": "T031FNTUT"
}
[08/10/18, 21:38:02:240] info: Store: UPSERT_WEB_CONTENTS
{
  "id": 19,
  "state": "empty-page",
  "teamId": "T031FNTUT"
}
[08/10/18, 21:38:02:240] info: Store: UPSERT_WEB_CONTENTS
{
  "id": 19,
  "state": "page-will-navigate",
  "teamId": "T031FNTUT"
}
[08/10/18, 21:38:02:241] info: Store: UPDATE_SESSION_STATUS
{
  "hasValidSession": null,
  "teamId": "T031FNTUT"
}
[08/10/18, 21:38:02:242] info: Store: UPSERT_WEB_CONTENTS
{
  "id": 18,
  "state": "loaded",
  "teamId": "T0EHMQ4HM"
}
[08/10/18, 21:38:02:247] info: Store: UPSERT_WEB_CONTENTS
{
  "id": 18,
  "state": "empty-page",
  "teamId": "T0EHMQ4HM"
}
[08/10/18, 21:38:02:265] info: Store: UPSERT_WEB_CONTENTS
{
  "id": 17,
  "state": "loaded",
  "teamId": "TB9PVC95H"
}
[08/10/18, 21:38:02:270] info: Store: UPSERT_WEB_CONTENTS
{
  "id": 18,
  "state": "page-will-navigate",
  "teamId": "T0EHMQ4HM"
}
[08/10/18, 21:38:02:277] info: Store: UPSERT_WEB_CONTENTS
{
  "id": 17,
  "state": "empty-page",
  "teamId": "TB9PVC95H"
}
[08/10/18, 21:38:02:297] info: Store: UPSERT_WEB_CONTENTS
{
  "id": 17,
  "state": "page-will-navigate",
  "teamId": "TB9PVC95H"
}
[08/10/18, 21:38:02:380] info: Store: UPDATE_SESSION_STATUS
{
  "hasValidSession": null,
  "teamId": "T0EHMQ4HM"
}
[08/15/18, 16:56:06:747] info: ╔═════════════════════════════════════════════════════════════════════════════════╗
[08/15/18, 16:56:06:749] info: ║      Slack 3.2.1, linux 4.10.0-38-generic on x64 at 08/15/18, 16:56:06:726      ║
[08/15/18, 16:56:06:749] info: ╚═════════════════════════════════════════════════════════════════════════════════╝
[08/15/18, 16:56:06:919] info: Initializing local storage instance at path: /home/nozomi/dotfiles/.config/Slack/local-settings.json
[08/15/18, 16:56:07:541] info: Main window preload script finished
{
  "readyTime": 1456.568284
}
[08/15/18, 16:56:07:552] info: Store: UPSERT_WEB_CONTENTS
{
  "id": 20,
  "state": "loaded",
  "teamId": "T0EHMQ4HM"
}
[08/15/18, 16:56:07:553] info: Store: UPSERT_WEB_CONTENTS
{
  "id": 20,
  "state": "empty-page",
  "teamId": "T0EHMQ4HM"
}
[08/15/18, 16:56:07:553] info: Store: UPSERT_WEB_CONTENTS
{
  "id": 20,
  "state": "page-will-navigate",
  "teamId": "T0EHMQ4HM"
}
[08/15/18, 16:56:07:554] info: Store: UPDATE_SESSION_STATUS
{
  "hasValidSession": null,
  "teamId": "TB9PVC95H"
}
[08/15/18, 16:56:07:554] info: Store: UPDATE_SESSION_STATUS
{
  "hasValidSession": null,
  "teamId": "T0EHMQ4HM"
}
[08/15/18, 16:56:07:555] info: Store: UPSERT_WEB_CONTENTS
{
  "id": 21,
  "state": "loaded",
  "teamId": "T0253QGQ9"
}
[08/15/18, 16:56:07:562] info: Store: UPSERT_WEB_CONTENTS
{
  "id": 21,
  "state": "empty-page",
  "teamId": "T0253QGQ9"
}
[08/15/18, 16:56:07:563] info: Store: UPSERT_WEB_CONTENTS
{
  "id": 21,
  "state": "page-will-navigate",
  "teamId": "T0253QGQ9"
}
[08/15/18, 16:56:07:563] info: Store: UPSERT_WEB_CONTENTS
{
  "id": 19,
  "state": "loaded",
  "teamId": "T031FNTUT"
}
[08/15/18, 16:56:07:564] info: Store: UPSERT_WEB_CONTENTS
{
  "id": 19,
  "state": "empty-page",
  "teamId": "T031FNTUT"
}
[08/15/18, 16:56:07:569] info: Store: UPSERT_WEB_CONTENTS
{
  "id": 19,
  "state": "page-will-navigate",
  "teamId": "T031FNTUT"
}
[08/15/18, 16:56:07:573] info: Store: UPSERT_WEB_CONTENTS
{
  "id": 22,
  "state": "loaded",
  "teamId": "TB9PVC95H"
}
[08/15/18, 16:56:07:583] info: Store: UPSERT_WEB_CONTENTS
{
  "id": 22,
  "state": "empty-page",
  "teamId": "TB9PVC95H"
}
[08/15/18, 16:56:07:596] info: Store: UPSERT_WEB_CONTENTS
{
  "id": 22,
  "state": "page-will-navigate",
  "teamId": "TB9PVC95H"
}
[08/15/18, 16:56:07:911] info: Store: UPDATE_SESSION_STATUS
{
  "hasValidSession": true,
  "teamId": "T031FNTUT"
}
[08/15/18, 16:56:07:926] info: Store: UPDATE_SESSION_STATUS
{
  "hasValidSession": true,
  "teamId": "T0253QGQ9"
}
[08/15/18, 16:56:08:015] info: Store: UPSERT_WEB_CONTENTS
{
  "id": 20,
  "state": "loaded",
  "teamId": "T0EHMQ4HM"
}
[08/15/18, 16:56:08:077] info: Store: UPSERT_WEB_CONTENTS
{
  "id": 20,
  "state": "empty-page",
  "teamId": "T0EHMQ4HM"
}
[08/15/18, 16:56:08:082] info: Store: UPSERT_WEB_CONTENTS
{
  "id": 20,
  "state": "page-will-navigate",
  "teamId": "T0EHMQ4HM"
}
