[08/08/18, 18:39:51:723] info: ╔═════════════════════════════════════════════════════════════════════════════════╗
[08/08/18, 18:39:51:724] info: ║      Slack 3.2.1, linux 4.10.0-38-generic on x64 at 08/08/18, 18:39:51:712      ║
[08/08/18, 18:39:51:724] info: ╚═════════════════════════════════════════════════════════════════════════════════╝
[08/08/18, 18:39:52:010] info: Initializing local storage instance at path: /home/nozomi/dotfiles/.config/Slack/local-settings.json
[08/08/18, 18:39:52:855] info: Main window preload script finished
{
  "readyTime": 2026.289475
}
[08/08/18, 18:39:52:864] info: Store: UPSERT_WEB_CONTENTS
{
  "id": 13,
  "state": "loaded",
  "teamId": "T0253QGQ9"
}
[08/08/18, 18:39:52:867] info: Store: UPSERT_WEB_CONTENTS
{
  "id": 13,
  "state": "empty-page",
  "teamId": "T0253QGQ9"
}
[08/08/18, 18:39:52:867] info: Store: UPSERT_WEB_CONTENTS
{
  "id": 13,
  "state": "page-will-navigate",
  "teamId": "T0253QGQ9"
}
[08/08/18, 18:39:52:867] info: Store: UPDATE_SESSION_STATUS
{
  "hasValidSession": null,
  "teamId": "T0253QGQ9"
}
[08/08/18, 18:39:52:868] info: Store: UPSERT_WEB_CONTENTS
{
  "id": 15,
  "state": "loaded",
  "teamId": "TB9PVC95H"
}
[08/08/18, 18:39:52:868] info: Store: UPSERT_WEB_CONTENTS
{
  "id": 15,
  "state": "empty-page",
  "teamId": "TB9PVC95H"
}
[08/08/18, 18:39:52:868] info: Store: UPSERT_WEB_CONTENTS
{
  "id": 15,
  "state": "page-will-navigate",
  "teamId": "TB9PVC95H"
}
[08/08/18, 18:39:52:869] info: Store: UPDATE_SESSION_STATUS
{
  "hasValidSession": null,
  "teamId": "TB9PVC95H"
}
[08/08/18, 18:39:52:871] info: Store: UPSERT_WEB_CONTENTS
{
  "id": 14,
  "state": "loaded",
  "teamId": "T031FNTUT"
}
[08/08/18, 18:39:52:887] info: Store: UPSERT_WEB_CONTENTS
{
  "id": 14,
  "state": "empty-page",
  "teamId": "T031FNTUT"
}
[08/08/18, 18:39:52:897] info: Store: UPSERT_WEB_CONTENTS
{
  "id": 14,
  "state": "page-will-navigate",
  "teamId": "T031FNTUT"
}
[08/10/18, 22:05:40:154] info: ╔═════════════════════════════════════════════════════════════════════════════════╗
[08/10/18, 22:05:40:155] info: ║      Slack 3.2.1, linux 4.10.0-38-generic on x64 at 08/10/18, 22:05:40:144      ║
[08/10/18, 22:05:40:155] info: ╚═════════════════════════════════════════════════════════════════════════════════╝
[08/10/18, 22:05:40:587] info: Initializing local storage instance at path: /home/nozomi/dotfiles/.config/Slack/local-settings.json
[08/10/18, 22:05:41:337] info: Main window preload script finished
{
  "readyTime": 2218.883415
}
[08/10/18, 22:05:41:365] info: Store: UPDATE_SESSION_STATUS
{
  "hasValidSession": null,
  "teamId": "T031FNTUT"
}
[08/10/18, 22:05:41:367] info: Store: UPSERT_WEB_CONTENTS
{
  "id": 18,
  "state": "loaded",
  "teamId": "T0EHMQ4HM"
}
[08/10/18, 22:05:41:369] info: Store: UPSERT_WEB_CONTENTS
{
  "id": 18,
  "state": "empty-page",
  "teamId": "T0EHMQ4HM"
}
[08/10/18, 22:05:41:370] info: Store: UPSERT_WEB_CONTENTS
{
  "id": 18,
  "state": "page-will-navigate",
  "teamId": "T0EHMQ4HM"
}
[08/10/18, 22:05:41:370] info: Store: UPDATE_SESSION_STATUS
{
  "hasValidSession": null,
  "teamId": "T0EHMQ4HM"
}
[08/10/18, 22:05:41:371] info: Store: UPSERT_WEB_CONTENTS
{
  "id": 17,
  "state": "loaded",
  "teamId": "TB9PVC95H"
}
[08/10/18, 22:05:41:372] info: Store: UPSERT_WEB_CONTENTS
{
  "id": 17,
  "state": "empty-page",
  "teamId": "TB9PVC95H"
}
[08/10/18, 22:05:41:374] info: Store: UPSERT_WEB_CONTENTS
{
  "id": 16,
  "state": "loaded",
  "teamId": "T0253QGQ9"
}
[08/10/18, 22:05:41:374] info: Store: UPSERT_WEB_CONTENTS
{
  "id": 17,
  "state": "page-will-navigate",
  "teamId": "TB9PVC95H"
}
[08/10/18, 22:05:41:377] info: Store: UPSERT_WEB_CONTENTS
{
  "id": 16,
  "state": "empty-page",
  "teamId": "T0253QGQ9"
}
[08/10/18, 22:05:41:378] info: Store: UPSERT_WEB_CONTENTS
{
  "id": 16,
  "state": "page-will-navigate",
  "teamId": "T0253QGQ9"
}
[08/10/18, 22:05:41:379] info: Store: UPDATE_SESSION_STATUS
{
  "hasValidSession": null,
  "teamId": "TB9PVC95H"
}
[08/10/18, 22:05:41:379] info: Store: UPDATE_SESSION_STATUS
{
  "hasValidSession": null,
  "teamId": "T0253QGQ9"
}
[08/10/18, 22:05:41:381] info: Store: UPSERT_WEB_CONTENTS
{
  "id": 19,
  "state": "loaded",
  "teamId": "T031FNTUT"
}
[08/10/18, 22:05:41:394] info: Store: UPSERT_WEB_CONTENTS
{
  "id": 19,
  "state": "empty-page",
  "teamId": "T031FNTUT"
}
[08/10/18, 22:05:41:416] info: Store: UPSERT_WEB_CONTENTS
{
  "id": 19,
  "state": "page-will-navigate",
  "teamId": "T031FNTUT"
}
[08/10/18, 22:05:41:532] info: Store: UPDATE_SESSION_STATUS
{
  "hasValidSession": null,
  "teamId": "T031FNTUT"
}
