[06/25/18, 15:02:39:102] info: ╔═════════════════════════════════════════════════════════════════════════════════╗
[06/25/18, 15:02:39:103] info: ║      Slack 3.2.1, linux 4.10.0-38-generic on x64 at 06/25/18, 15:02:39:100      ║
[06/25/18, 15:02:39:103] info: ╚═════════════════════════════════════════════════════════════════════════════════╝
[06/25/18, 15:02:39:184] info: Initializing local storage instance at path: /home/nozomi/dotfiles/.config/Slack/local-settings.json
[06/25/18, 15:02:39:502] error: Desktop module calls failed to load
{
  "error": {
    "message": "libCallsCore.so: å±æãªãã¸ã§ã¯ããã¡ã¤ã«ãéãã¾ãã: ãã®ãããªãã¡ã¤ã«ããã£ã¬ã¯ããªã¯ããã¾ãã",
    "stack": "Error: libCallsCore.so: å±æãªãã¸ã§ã¯ããã¡ã¤ã«ãéãã¾ãã: ãã®ãããªãã¡ã¤ã«ããã£ã¬ã¯ããªã¯ããã¾ãã\n    at process.module.(anonymous function) [as dlopen] (ELECTRON_ASAR.js:172:20)\n    at Object.Module._extensions..node (module.js:671:18)\n    at Object.module.(anonymous function) [as .node] (ELECTRON_ASAR.js:186:18)\n    at Module.load (module.js:561:32)\n    at tryModuleLoad (module.js:504:12)\n    at Function.Module._load (module.js:496:3)\n    at Module.require (module.js:586:17)\n    at require (internal/module.js:11:18)\n    at bindings (/usr/lib/slack/resources/app.asar/node_modules/@slack/slack-calls-prebuilt/modules/@slack/slack-calls/node_modules/bindings/bindings.js:81:44)\n    at Object.<anonymous> (/usr/lib/slack/resources/app.asar/node_modules/@slack/slack-calls-prebuilt/modules/@slack/slack-calls/index.js:1:192)"
  }
}
[06/25/18, 15:02:39:502] error: Desktop module calls failed to load
[06/25/18, 15:02:39:522] info: cld3::loadModule: loading cld3 module
[06/25/18, 15:02:39:543] info: cld3Loader::loadModule: running environment is NODE
[06/25/18, 15:02:39:543] info: cld3Loader::loadModule: constructed module object for runtime
[06/25/18, 15:02:39:695] info: cld3Loader::initializeRuntime: successfully initialized module
[06/25/18, 15:02:39:695] info: cld3Loader::loadModule: initialized wasm binary Runtime
[06/25/18, 15:02:39:708] info: SpellChecker:: updateSpellcheckerLanguage: Skip to set new language null, v2 spellchecker is not available
[06/25/18, 15:02:39:724] info: Main window preload script finished
{
  "readyTime": 870.115969
}
[06/25/18, 15:02:41:281] info: Store: SET_FULL_SCREEN
[06/25/18, 15:02:41:282] info: Store: SET_FULL_SCREEN
[06/25/18, 15:02:41:768] info: Store: UPSERT_WEB_CONTENTS
{
  "id": 5,
  "state": "loaded",
  "teamId": "TB9PVC95H"
}
[06/25/18, 15:02:42:146] info: Store: UPDATE_SESSION_STATUS
{
  "hasValidSession": true,
  "teamId": "TB9PVC95H"
}
[06/25/18, 15:02:44:216] error: Jun-25 15:02:44.216 file:FBB0FB87R (slurpFilesFromMessagesModern) has reactions in local model, but we are upserting an object that does NOT have reactions, which seems suspicious
[06/25/18, 15:02:44:326] info: Skipping request to provide hint content for channel for spellchecker
{
  "version": "V2"
}
[06/25/18, 15:02:44:725] info: Store: SELECT_CHANNEL CB9L67936
[06/25/18, 15:02:44:725] info: Store: UPDATE_TEAM_LOCALE
{
  "locale": "en-US",
  "teamId": "TB9PVC95H"
}
[06/25/18, 15:02:44:726] info: Store: UPDATE_TEAM_THEME
{
  "teamId": "TB9PVC95H",
  "theme": {
    "active_item": "#F79F66",
    "active_item_text": "#FFFFFF",
    "active_presence": "#F79F66",
    "badge": "#F15340",
    "column_bg": "#0D7E83",
    "hover_item": "#D37C71",
    "menu_bg": "#076570",
    "text_color": "#FFFFFF"
  }
}
[06/25/18, 15:02:44:727] info: Store: UPDATE_TEAM_ICONS
{
  "icons": {
    "image_102": "https://slack-files2.s3-us-west-2.amazonaws.com/avatars/2018-06-19/383369855361_565ff4439cdcd8979080_102.png",
    "image_132": "https://slack-files2.s3-us-west-2.amazonaws.com/avatars/2018-06-19/383369855361_565ff4439cdcd8979080_132.png",
    "image_230": "https://slack-files2.s3-us-west-2.amazonaws.com/avatars/2018-06-19/383369855361_565ff4439cdcd8979080_230.png",
    "image_34": "https://slack-files2.s3-us-west-2.amazonaws.com/avatars/2018-06-19/383369855361_565ff4439cdcd8979080_34.png",
    "image_44": "https://slack-files2.s3-us-west-2.amazonaws.com/avatars/2018-06-19/383369855361_565ff4439cdcd8979080_44.png",
    "image_68": "https://slack-files2.s3-us-west-2.amazonaws.com/avatars/2018-06-19/383369855361_565ff4439cdcd8979080_68.png",
    "image_88": "https://slack-files2.s3-us-west-2.amazonaws.com/avatars/2018-06-19/383369855361_565ff4439cdcd8979080_88.png",
    "image_original": "https://slack-files2.s3-us-west-2.amazonaws.com/avatars/2018-06-19/383369855361_565ff4439cdcd8979080_original.png"
  },
  "teamId": "TB9PVC95H"
}
[06/25/18, 15:02:44:727] info: Store: UPDATE_TEAM_LOCALE
{
  "locale": "en-US",
  "teamId": "TB9PVC95H"
}
[06/25/18, 15:02:44:727] info: Store: UPSERT_WEB_CONTENTS
{
  "id": 5,
  "state": "webapp-loaded",
  "teamId": "TB9PVC95H"
}
[06/25/18, 15:02:44:750] info: Store: STORE_ENTERPRISE_ID_PAIR
{
  "enterpriseId": "",
  "teamId": "TB9PVC95H"
}
[06/25/18, 15:02:48:075] info: Store: SET_FULL_SCREEN
[06/25/18, 15:02:48:087] info: Store: SET_FULL_SCREEN
[06/25/18, 15:02:48:761] info: Store: SET_FULL_SCREEN
[06/25/18, 15:02:48:776] info: Store: SET_FULL_SCREEN
[06/25/18, 15:03:01:204] info: Store: SET_FULL_SCREEN
[06/25/18, 15:03:01:214] info: Store: SET_FULL_SCREEN
[06/25/18, 15:03:01:947] info: Store: SET_FULL_SCREEN
[06/25/18, 15:03:01:976] info: Store: SET_FULL_SCREEN
[06/25/18, 15:04:13:077] info: Store: SET_BACKGROUND_CLIENT_FIELDS
{
  "reconnectURL": "[REDACTED]",
  "reconnectURLExpiry": 1529906953071,
  "teamId": "TB9PVC95H"
}
[06/25/18, 15:04:16:768] info: Store: SET_FULL_SCREEN
[06/25/18, 15:04:17:834] info: Store: SET_FULL_SCREEN
[06/25/18, 15:04:18:876] info: Store: SET_FULL_SCREEN
[06/25/18, 15:04:18:895] info: Store: SET_FULL_SCREEN
[06/25/18, 15:04:19:690] info: Store: SET_FULL_SCREEN
[06/25/18, 15:04:19:717] info: Store: SET_FULL_SCREEN
[06/25/18, 15:05:41:525] info: Store: SET_FULL_SCREEN
[06/25/18, 15:05:41:531] info: Store: SET_FULL_SCREEN
[06/25/18, 15:05:42:186] info: Store: SET_FULL_SCREEN
[06/25/18, 15:05:42:210] info: Store: SET_FULL_SCREEN
[06/25/18, 15:06:13:132] info: Store: SET_BACKGROUND_CLIENT_FIELDS
{
  "reconnectURL": "[REDACTED]",
  "reconnectURLExpiry": 1529907073127,
  "teamId": "TB9PVC95H"
}
[06/25/18, 15:08:13:070] info: Store: SET_BACKGROUND_CLIENT_FIELDS
{
  "reconnectURL": "[REDACTED]",
  "reconnectURLExpiry": 1529907193064,
  "teamId": "TB9PVC95H"
}
[06/25/18, 15:08:32:452] info: Store: SET_FULL_SCREEN
[06/25/18, 15:08:32:466] info: Store: SET_FULL_SCREEN
[06/25/18, 15:08:33:547] info: Store: SET_FULL_SCREEN
[06/25/18, 15:08:33:568] info: Store: SET_FULL_SCREEN
[06/25/18, 15:09:45:411] info: Store: SET_FULL_SCREEN
[06/25/18, 15:09:45:420] info: Store: SET_FULL_SCREEN
[06/25/18, 15:09:46:087] info: Store: SET_FULL_SCREEN
[06/25/18, 15:09:46:102] info: Store: SET_FULL_SCREEN
[06/25/18, 15:09:47:858] info: Store: SET_FULL_SCREEN
[06/25/18, 15:09:47:867] info: Store: SET_FULL_SCREEN
[06/25/18, 15:09:49:481] info: Store: SELECT_NEXT_TEAM
[06/25/18, 15:09:53:807] info: Store: SELECT_CHANNEL CB3EDHZ7A
[06/25/18, 15:10:06:972] info: Store: SELECT_CHANNEL CB4RSF6SG
[06/25/18, 15:10:07:290] info: Store: SELECT_CHANNEL CB529PJT0
[06/25/18, 15:10:07:553] info: Store: SELECT_CHANNEL CB4NCET6H
[06/25/18, 15:10:07:860] info: Store: SELECT_CHANNEL CBA4QM266
[06/25/18, 15:10:08:513] info: Store: SELECT_CHANNEL CB4NCET6H
[06/25/18, 15:10:13:076] info: Store: SET_BACKGROUND_CLIENT_FIELDS
{
  "reconnectURL": "[REDACTED]",
  "reconnectURLExpiry": 1529907313072,
  "teamId": "TB9PVC95H"
}
[06/25/18, 15:10:20:592] info: Store: NEW_NOTIFICATION
{
  "avatarImage": "https://ca.slack-edge.com/TB47MRNBZ-UB3ACL5K7-08de2941195e-512",
  "channel": "CB47MRRTR",
  "content": "[REDACTED]",
  "id": "OY15fAhr140BgOp",
  "launchUri": "slack://channel?id=CB47MRRTR&message=1529907020.000113&team=TB47MRNBZ",
  "msg": "1529907020.000113",
  "silent": true,
  "subtitle": "",
  "teamId": "TB47MRNBZ",
  "title": "[REDACTED]"
}
[06/25/18, 15:10:24:644] info: Store: SELECT_CHANNEL CBA4QM266
[06/25/18, 15:10:24:839] info: Store: SELECT_CHANNEL CB61C5Z35
[06/25/18, 15:10:25:065] info: Store: SELECT_CHANNEL CB6NSV6F3
[06/25/18, 15:10:25:139] info: Store: NEW_NOTIFICATION
{
  "avatarImage": "https://ca.slack-edge.com/TB47MRNBZ-UB3ACL5K7-08de2941195e-512",
  "channel": "CB47MRRTR",
  "content": "[REDACTED]",
  "id": "73vWCziNKwZGYY9",
  "launchUri": "slack://channel?id=CB47MRRTR&message=1529907024.000253&team=TB47MRNBZ",
  "msg": "1529907024.000253",
  "silent": true,
  "subtitle": "",
  "teamId": "TB47MRNBZ",
  "title": "[REDACTED]"
}
[06/25/18, 15:10:25:247] info: Store: SELECT_CHANNEL CB8EBKWTB
[06/25/18, 15:10:25:535] info: Store: SELECT_CHANNEL CB47MRRTR
[06/25/18, 15:10:25:970] info: Store: SELECT_CHANNEL CB2F4AXJ4
[06/25/18, 15:10:26:435] info: Store: SELECT_CHANNEL CB47MRRTR
[06/25/18, 15:12:13:295] info: Store: SET_BACKGROUND_CLIENT_FIELDS
{
  "reconnectURL": "[REDACTED]",
  "reconnectURLExpiry": 1529907433291,
  "teamId": "TB9PVC95H"
}
[06/25/18, 15:12:38:077] info: Store: SET_FULL_SCREEN
[06/25/18, 15:12:38:088] info: Store: SET_FULL_SCREEN
[06/25/18, 15:12:54:063] info: Store: SET_FULL_SCREEN
[06/25/18, 15:12:54:072] info: Store: SET_FULL_SCREEN
[06/25/18, 15:12:56:088] info: Store: SET_FULL_SCREEN
[06/25/18, 15:12:56:099] info: Store: SET_FULL_SCREEN
[06/25/18, 15:12:56:514] info: Store: SET_FULL_SCREEN
[06/25/18, 15:12:56:520] info: Store: SET_FULL_SCREEN
[06/25/18, 15:12:57:556] info: Store: SET_FULL_SCREEN
[06/25/18, 15:13:04:997] info: Store: NEW_NOTIFICATION
{
  "avatarImage": "https://ca.slack-edge.com/TB47MRNBZ-UB3ACL5K7-08de2941195e-512",
  "channel": "CB47MRRTR",
  "content": "[REDACTED]",
  "id": "zp2xf8sKj3kykvm",
  "launchUri": "slack://channel?id=CB47MRRTR&message=1529907184.000234&team=TB47MRNBZ",
  "msg": "1529907184.000234",
  "silent": true,
  "subtitle": "",
  "teamId": "TB47MRNBZ",
  "title": "[REDACTED]"
}
[06/25/18, 15:13:13:740] info: Store: SET_FULL_SCREEN
[06/25/18, 15:13:35:557] info: Store: SET_FULL_SCREEN
[06/25/18, 15:13:49:388] info: Store: NEW_NOTIFICATION
{
  "avatarImage": "https://ca.slack-edge.com/TB47MRNBZ-UB3ACL5K7-08de2941195e-512",
  "channel": "CB47MRRTR",
  "content": "[REDACTED]",
  "id": "R645fgtOwDl2L76",
  "launchUri": "slack://channel?id=CB47MRRTR&message=1529907229.000023&team=TB47MRNBZ",
  "msg": "1529907229.000023",
  "silent": true,
  "subtitle": "",
  "teamId": "TB47MRNBZ",
  "title": "[REDACTED]"
}
[06/25/18, 15:14:13:386] info: Store: SET_BACKGROUND_CLIENT_FIELDS
{
  "reconnectURL": "[REDACTED]",
  "reconnectURLExpiry": 1529907553381,
  "teamId": "TB9PVC95H"
}
[06/25/18, 15:14:21:301] info: Store: SET_FULL_SCREEN
[06/25/18, 15:14:26:851] info: Store: SET_FULL_SCREEN
[06/25/18, 15:14:34:040] info: Store: SET_FULL_SCREEN
[06/25/18, 15:14:57:366] info: Store: SET_FULL_SCREEN
[06/25/18, 15:14:58:958] info: Store: SET_FULL_SCREEN
[06/25/18, 15:15:13:052] info: Store: SET_FULL_SCREEN
[06/25/18, 15:15:14:426] info: Store: SET_FULL_SCREEN
[06/25/18, 15:15:16:232] info: Store: SET_FULL_SCREEN
[06/25/18, 15:15:16:620] info: Store: SET_FULL_SCREEN
[06/25/18, 15:15:42:371] info: Store: SET_FULL_SCREEN
[06/25/18, 15:15:56:671] info: Store: SET_FULL_SCREEN
[06/25/18, 15:15:57:179] info: Store: SET_FULL_SCREEN
[06/25/18, 15:16:13:324] info: Store: SET_BACKGROUND_CLIENT_FIELDS
{
  "reconnectURL": "[REDACTED]",
  "reconnectURLExpiry": 1529907673318,
  "teamId": "TB9PVC95H"
}
[06/25/18, 15:17:03:052] info: Store: SET_FULL_SCREEN
[06/25/18, 15:18:13:336] info: Store: SET_BACKGROUND_CLIENT_FIELDS
{
  "reconnectURL": "[REDACTED]",
  "reconnectURLExpiry": 1529907793332,
  "teamId": "TB9PVC95H"
}
[06/25/18, 15:20:13:356] info: Store: SET_BACKGROUND_CLIENT_FIELDS
{
  "reconnectURL": "[REDACTED]",
  "reconnectURLExpiry": 1529907913351,
  "teamId": "TB9PVC95H"
}
[06/25/18, 15:20:47:728] info: Store: SET_FULL_SCREEN
[06/25/18, 15:20:48:328] info: Store: SET_FULL_SCREEN
[06/25/18, 15:20:49:788] info: Store: SET_FULL_SCREEN
[06/25/18, 15:20:50:263] info: Store: SET_FULL_SCREEN
[06/25/18, 15:20:51:241] info: Store: SAVE_WINDOW_SETTINGS
{
  "isMaximized": false,
  "position": [
    575,
    131
  ],
  "size": [
    1024,
    768
  ]
}
[06/25/18, 15:20:52:557] info: Store: SET_FULL_SCREEN
[06/25/18, 15:20:53:340] info: Store: SET_FULL_SCREEN
[06/25/18, 15:20:53:967] info: Store: SET_FULL_SCREEN
[06/25/18, 15:21:27:235] info: Store: SET_FULL_SCREEN
[06/25/18, 15:22:13:078] info: Store: SET_BACKGROUND_CLIENT_FIELDS
{
  "reconnectURL": "[REDACTED]",
  "reconnectURLExpiry": 1529908033073,
  "teamId": "TB9PVC95H"
}
[06/25/18, 15:22:55:392] info: Store: SET_FULL_SCREEN
[06/25/18, 15:22:55:852] info: Store: SET_FULL_SCREEN
[06/25/18, 15:23:01:267] info: Store: SET_FULL_SCREEN
[06/25/18, 15:23:01:732] info: Store: SET_FULL_SCREEN
[06/25/18, 15:24:13:076] info: Store: SET_BACKGROUND_CLIENT_FIELDS
{
  "reconnectURL": "[REDACTED]",
  "reconnectURLExpiry": 1529908153071,
  "teamId": "TB9PVC95H"
}
[06/25/18, 15:25:41:683] info: Store: NEW_NOTIFICATION
{
  "avatarImage": "https://ca.slack-edge.com/TB47MRNBZ-UB3ACL5K7-08de2941195e-512",
  "channel": "CB47MRRTR",
  "content": "[REDACTED]",
  "id": "v2X9iAuA6mpO90z",
  "launchUri": "slack://channel?id=CB47MRRTR&message=1529907941.000141&team=TB47MRNBZ",
  "msg": "1529907941.000141",
  "silent": true,
  "subtitle": "",
  "teamId": "TB47MRNBZ",
  "title": "[REDACTED]"
}
[06/25/18, 15:25:44:565] info: Store: CLICK_NOTIFICATION
{
  "channel": "CB47MRRTR",
  "messageId": "1529907941.000141",
  "notificationId": "v2X9iAuA6mpO90z",
  "teamId": "TB47MRNBZ"
}
[06/25/18, 15:25:44:577] info: Store: SELECT_TEAM TB47MRNBZ
[06/25/18, 15:25:44:650] info: Store: SET_FULL_SCREEN
[06/25/18, 15:25:44:658] info: Store: SET_FULL_SCREEN
[06/25/18, 15:25:44:670] info: Store: MAIN_WINDOW_FOCUSED
[06/25/18, 15:25:44:673] info: Store: SET_FULL_SCREEN
[06/25/18, 15:25:45:648] info: Store: SAVE_WINDOW_SETTINGS
{
  "isMaximized": false,
  "position": [
    574,
    106
  ],
  "size": [
    1024,
    768
  ]
}
[06/25/18, 15:26:13:187] info: Store: SET_BACKGROUND_CLIENT_FIELDS
{
  "reconnectURL": "[REDACTED]",
  "reconnectURLExpiry": 1529908273182,
  "teamId": "TB9PVC95H"
}
[06/25/18, 15:26:14:047] info: Store: SET_FULL_SCREEN
[06/25/18, 15:26:15:337] info: Store: SET_FULL_SCREEN
[06/25/18, 15:26:15:791] info: Store: SET_FULL_SCREEN
[06/25/18, 15:26:32:995] info: Store: NEW_NOTIFICATION
{
  "avatarImage": "https://ca.slack-edge.com/TB47MRNBZ-UB3ACL5K7-08de2941195e-512",
  "channel": "CB47MRRTR",
  "content": "[REDACTED]",
  "id": "zp2xfwCKj3kLNAM",
  "launchUri": "slack://channel?id=CB47MRRTR&message=1529907992.000225&team=TB47MRNBZ",
  "msg": "1529907992.000225",
  "silent": true,
  "subtitle": "",
  "teamId": "TB47MRNBZ",
  "title": "[REDACTED]"
}
[06/25/18, 15:26:45:923] info: Store: SET_FULL_SCREEN
[06/25/18, 15:26:46:704] info: Store: SET_FULL_SCREEN
[06/25/18, 15:26:46:908] info: Store: SET_FULL_SCREEN
[06/25/18, 15:26:48:284] info: Store: SET_FULL_SCREEN
[06/25/18, 15:26:48:886] info: Store: SET_FULL_SCREEN
[06/25/18, 15:26:52:494] info: Store: SET_FULL_SCREEN
[06/25/18, 15:26:53:696] info: Store: SET_FULL_SCREEN
[06/25/18, 15:26:54:652] info: Store: SAVE_WINDOW_SETTINGS
{
  "isMaximized": false,
  "position": [
    574,
    106
  ],
  "size": [
    1024,
    768
  ]
}
[06/25/18, 15:26:59:952] info: Store: SET_FULL_SCREEN
[06/25/18, 15:27:04:254] info: Store: SET_FULL_SCREEN
[06/25/18, 15:28:13:068] info: Store: SET_BACKGROUND_CLIENT_FIELDS
{
  "reconnectURL": "[REDACTED]",
  "reconnectURLExpiry": 1529908393063,
  "teamId": "TB9PVC95H"
}
[06/25/18, 15:29:01:269] info: Store: SET_FULL_SCREEN
[06/25/18, 15:29:01:281] info: Store: SET_FULL_SCREEN
[06/25/18, 15:29:23:270] info: Store: SET_FULL_SCREEN
[06/25/18, 15:29:23:277] info: Store: SET_FULL_SCREEN
[06/25/18, 15:29:29:389] info: Store: SAVE_WINDOW_SETTINGS
{
  "isMaximized": false,
  "position": [
    575,
    131
  ],
  "size": [
    1024,
    768
  ]
}
[06/25/18, 15:29:30:055] info: Store: SET_FULL_SCREEN
[06/25/18, 15:29:30:074] info: Store: SET_FULL_SCREEN
[06/25/18, 15:30:13:221] info: Store: SET_BACKGROUND_CLIENT_FIELDS
{
  "reconnectURL": "[REDACTED]",
  "reconnectURLExpiry": 1529908513215,
  "teamId": "TB9PVC95H"
}
[06/25/18, 15:32:23:408] info: Store: BACKGROUND_CLIENT_ERROR
{
  "code": 4002,
  "teamId": "TB9PVC95H"
}
[06/25/18, 15:32:28:421] info: Store: START_BACKGROUND_CLIENT
{
  "teamId": "TB9PVC95H",
  "token": "xoxs-⋯"
}
[06/25/18, 15:32:33:574] info: Store: SET_BACKGROUND_CLIENT_FIELDS
{
  "status": "connected",
  "teamId": "TB9PVC95H"
}
