[07/27/18, 23:11:46:031] info: ╔═════════════════════════════════════════════════════════════════════════════════╗
[07/27/18, 23:11:46:032] info: ║      Slack 3.2.1, linux 4.10.0-38-generic on x64 at 07/27/18, 23:11:46:028      ║
[07/27/18, 23:11:46:032] info: ╚═════════════════════════════════════════════════════════════════════════════════╝
[07/27/18, 23:11:46:165] info: Initializing local storage instance at path: /home/nozomi/dotfiles/.config/Slack/local-settings.json
[07/27/18, 23:11:46:729] error: Desktop module calls failed to load
{
  "error": {
    "message": "libCallsCore.so: å±æãªãã¸ã§ã¯ããã¡ã¤ã«ãéãã¾ãã: ãã®ãããªãã¡ã¤ã«ããã£ã¬ã¯ããªã¯ããã¾ãã",
    "stack": "Error: libCallsCore.so: å±æãªãã¸ã§ã¯ããã¡ã¤ã«ãéãã¾ãã: ãã®ãããªãã¡ã¤ã«ããã£ã¬ã¯ããªã¯ããã¾ãã\n    at process.module.(anonymous function) [as dlopen] (ELECTRON_ASAR.js:172:20)\n    at Object.Module._extensions..node (module.js:671:18)\n    at Object.module.(anonymous function) [as .node] (ELECTRON_ASAR.js:186:18)\n    at Module.load (module.js:561:32)\n    at tryModuleLoad (module.js:504:12)\n    at Function.Module._load (module.js:496:3)\n    at Module.require (module.js:586:17)\n    at require (internal/module.js:11:18)\n    at bindings (/usr/lib/slack/resources/app.asar/node_modules/@slack/slack-calls-prebuilt/modules/@slack/slack-calls/node_modules/bindings/bindings.js:81:44)\n    at Object.<anonymous> (/usr/lib/slack/resources/app.asar/node_modules/@slack/slack-calls-prebuilt/modules/@slack/slack-calls/index.js:1:192)"
  }
}
[07/27/18, 23:11:46:729] error: Desktop module calls failed to load
[07/27/18, 23:11:46:763] info: cld3::loadModule: loading cld3 module
[07/27/18, 23:11:46:797] info: cld3Loader::loadModule: running environment is NODE
[07/27/18, 23:11:46:797] info: cld3Loader::loadModule: constructed module object for runtime
[07/27/18, 23:11:47:001] info: cld3Loader::initializeRuntime: successfully initialized module
[07/27/18, 23:11:47:001] info: cld3Loader::loadModule: initialized wasm binary Runtime
[07/27/18, 23:11:47:024] info: SpellChecker:: updateSpellcheckerLanguage: Skip to set new language null, v2 spellchecker is not available
[07/27/18, 23:11:47:045] info: Main window preload script finished
{
  "readyTime": 1491.943311
}
[07/27/18, 23:11:50:249] info: Store: UPSERT_WEB_CONTENTS
{
  "id": 8,
  "state": "loaded",
  "teamId": "T0EHMQ4HM"
}
[07/27/18, 23:11:50:621] info: Store: UPDATE_SESSION_STATUS
{
  "hasValidSession": true,
  "teamId": "T0EHMQ4HM"
}
[07/27/18, 23:11:51:130] info: Skipping request to provide hint content for channel for spellchecker
{
  "version": "V2"
}
[07/27/18, 23:11:51:285] info: Store: SELECT_CHANNEL D8F14DS03
[07/27/18, 23:11:51:285] info: Store: UPDATE_TEAM_LOCALE
{
  "locale": "en-US",
  "teamId": "T0EHMQ4HM"
}
[07/27/18, 23:11:51:286] info: Store: UPDATE_TEAM_THEME
{
  "teamId": "T0EHMQ4HM",
  "theme": {
    "active_item": "#4C9689",
    "active_item_text": "#FFFFFF",
    "active_presence": "#38978D",
    "badge": "#EB4D5C",
    "column_bg": "#4D394B",
    "hover_item": "#3E313C",
    "menu_bg": "#3E313C",
    "text_color": "#FFFFFF"
  }
}
[07/27/18, 23:11:52:333] info: Store: SELECT_PREVIOUS_TEAM
[07/27/18, 23:11:52:337] info: Store: UPDATE_TEAM_ICONS
{
  "icons": {
    "image_102": "https://slack-files2.s3-us-west-2.amazonaws.com/avatars/2016-02-09/20695263396_797fade00acfc3f5c402_102.jpg",
    "image_132": "https://slack-files2.s3-us-west-2.amazonaws.com/avatars/2016-02-09/20695263396_797fade00acfc3f5c402_132.jpg",
    "image_230": "https://slack-files2.s3-us-west-2.amazonaws.com/avatars/2016-02-09/20695263396_797fade00acfc3f5c402_132.jpg",
    "image_34": "https://slack-files2.s3-us-west-2.amazonaws.com/avatars/2016-02-09/20695263396_797fade00acfc3f5c402_34.jpg",
    "image_44": "https://slack-files2.s3-us-west-2.amazonaws.com/avatars/2016-02-09/20695263396_797fade00acfc3f5c402_44.jpg",
    "image_68": "https://slack-files2.s3-us-west-2.amazonaws.com/avatars/2016-02-09/20695263396_797fade00acfc3f5c402_68.jpg",
    "image_88": "https://slack-files2.s3-us-west-2.amazonaws.com/avatars/2016-02-09/20695263396_797fade00acfc3f5c402_88.jpg",
    "image_original": "https://slack-files2.s3-us-west-2.amazonaws.com/avatars/2016-02-09/20695263396_797fade00acfc3f5c402_original.jpg"
  },
  "teamId": "T0EHMQ4HM"
}
[07/27/18, 23:11:52:338] info: Store: UPDATE_TEAM_LOCALE
{
  "locale": "en-US",
  "teamId": "T0EHMQ4HM"
}
[07/27/18, 23:11:52:339] info: Store: UPSERT_WEB_CONTENTS
{
  "id": 8,
  "state": "webapp-loaded",
  "teamId": "T0EHMQ4HM"
}
[07/27/18, 23:11:52:341] info: Store: UPDATE_SETTINGS
{
  "sandboxSigninWindow": true
}
[07/27/18, 23:11:52:343] info: Store: SELECT_PREVIOUS_TEAM
[07/27/18, 23:11:52:388] info: Store: STORE_ENTERPRISE_ID_PAIR
{
  "enterpriseId": null,
  "teamId": "T0EHMQ4HM"
}
[07/27/18, 23:11:52:395] info: postLoadTaskSetup: Setup spellchecker
{
  "version": "V2"
}
[07/27/18, 23:11:52:429] info: loadAsmModule: loading hunspell-asm module
[07/27/18, 23:11:53:027] info: loadAsmModule: asm module loaded successfully
[07/27/18, 23:11:53:028] info: SpellChecker: Starting spellchecker with language detector
[07/27/18, 23:11:53:029] info: SpellChecker::enableSpellCheckerLanguageDetector: enable spellchecker language detector
[07/27/18, 23:11:53:030] info: SpellChecker::startWithDictionary: Starting language detector with preloaded dict from last used language en
[07/27/18, 23:11:53:099] info: Store: SELECT_PREVIOUS_TEAM
[07/27/18, 23:11:53:277] info: download: downloading dictionary for 'en-us'
[07/27/18, 23:11:53:278] info: fetchResourceAsBuffer: downloading
{
  "filePath": "https://spellcheck.slack-edge.com/dictionaries/en-us/1/en-us.aff",
  "cachePolicy": "default"
}
[07/27/18, 23:11:53:286] info: fetchResourceAsBuffer: downloading
{
  "filePath": "https://spellcheck.slack-edge.com/dictionaries/en-us/1/en-us.dic",
  "cachePolicy": "default"
}
[07/27/18, 23:11:53:297] info: dictionaryDownloader: verifying hash
[07/27/18, 23:11:53:337] info: SpellChecker::downloadDictionary: Dictionary is ready for 
{
  "language": "en"
}
[07/27/18, 23:11:53:391] info: assignSpellchecker: spellCheckerTable added new checker for 'en'
[07/27/18, 23:11:53:393] info: SpellChecker::prepareDictionary: Dictionary buffer for 'en' is loaded into spellchecker
[07/27/18, 23:11:53:393] info: switchDictionary: switching dictionary to check spell from 'null' to 'en'
[07/27/18, 23:11:53:394] info: SpellChecker::switchDictionary: SpellChecker enabled for language
{
  "language": "en"
}
[07/27/18, 23:17:20:316] info: Store: SET_FULL_SCREEN
[07/27/18, 23:29:21:650] info: Store: SET_FULL_SCREEN
[07/27/18, 23:34:49:780] info: Store: SET_FULL_SCREEN
[07/27/18, 23:34:50:323] info: Store: SET_FULL_SCREEN
[07/27/18, 23:34:50:713] info: Store: SET_FULL_SCREEN
[07/27/18, 23:35:23:475] info: Store: SET_FULL_SCREEN
[07/27/18, 23:35:25:254] info: Store: SELECT_NEXT_TEAM
[07/27/18, 23:35:25:699] info: Store: SELECT_NEXT_TEAM
[07/27/18, 23:35:26:307] info: Store: SELECT_PREVIOUS_TEAM
[07/27/18, 23:35:31:018] info: Store: SELECT_PREVIOUS_TEAM
[07/27/18, 23:35:34:784] info: Store: SELECT_CHANNEL D7JP44402
[07/27/18, 23:35:34:982] info: Store: SELECT_CHANNEL D8J4QNRGQ
[07/27/18, 23:35:35:352] info: Store: SELECT_CHANNEL D7GN1MWQM
[07/27/18, 23:35:35:553] info: Store: SELECT_CHANNEL DB6TWL9RU
[07/27/18, 23:35:35:739] info: Store: SELECT_CHANNEL D5A4B1XCZ
[07/27/18, 23:35:36:043] info: Store: SELECT_CHANNEL D5A4B1X97
[07/27/18, 23:35:36:366] info: Store: SELECT_CHANNEL C7JAEE92M
[07/27/18, 23:35:36:535] info: Store: SELECT_CHANNEL C5TH9MTSM
[07/27/18, 23:35:36:869] info: Store: SELECT_CHANNEL C5BADNG5N
[07/27/18, 23:35:37:050] info: Store: SELECT_CHANNEL C4QLRLTTP
[07/27/18, 23:35:37:305] info: Store: SELECT_CHANNEL CAC7PMH6H
[07/27/18, 23:35:37:585] info: Store: SELECT_CHANNEL C4TPU0YUW
[07/27/18, 23:35:37:820] info: Store: SELECT_CHANNEL C7MNMFFKR
[07/27/18, 23:35:38:198] info: Store: SELECT_CHANNEL C7MNM4N07
[07/27/18, 23:35:38:490] info: Store: SELECT_CHANNEL C7LHU33GB
[07/27/18, 23:35:38:814] info: Store: SELECT_CHANNEL C6K66B8JZ
[07/27/18, 23:35:39:127] info: Store: SELECT_CHANNEL C1UQ1A6NM
[07/27/18, 23:35:39:511] info: Store: SELECT_CHANNEL C9ZTCGXJQ
[07/27/18, 23:35:39:860] info: Store: SELECT_CHANNEL C04SC8PKT
[07/27/18, 23:35:40:567] info: Store: SELECT_CHANNEL C9ZTCGXJQ
[07/27/18, 23:35:40:825] info: Store: SELECT_CHANNEL C1UQ1A6NM
[07/27/18, 23:35:49:122] info: Store: SELECT_CHANNEL C9ZTCGXJQ
[07/27/18, 23:35:49:748] info: Store: SELECT_CHANNEL C04SC8PKT
[07/27/18, 23:35:50:118] info: Store: SELECT_CHANNEL C031FNU0K
[07/27/18, 23:35:54:649] info: Store: SELECT_CHANNEL C04KQT6L8
[07/27/18, 23:35:55:692] info: Store: SELECT_CHANNEL C8KKUR6SJ
[07/27/18, 23:35:56:243] info: Store: SELECT_CHANNEL C9Z4BU1C2
[07/27/18, 23:35:57:938] info: Store: SELECT_CHANNEL C8KKUR6SJ
[07/27/18, 23:35:58:644] info: Store: SELECT_CHANNEL C9Z4BU1C2
[07/27/18, 23:35:58:994] info: Store: SELECT_CHANNEL C9YCA77B4
[07/27/18, 23:36:00:066] info: Store: SELECT_CHANNEL CA6KDLY8H
[07/27/18, 23:36:01:181] info: Store: SELECT_CHANNEL CASGZGRSB
[07/27/18, 23:37:50:295] info: Store: SET_FULL_SCREEN
[07/27/18, 23:37:50:307] info: Store: SET_FULL_SCREEN
[07/27/18, 23:37:55:190] info: Store: SET_FULL_SCREEN
[07/27/18, 23:37:55:214] info: Store: SET_FULL_SCREEN
[07/27/18, 23:37:57:167] info: Store: SET_FULL_SCREEN
[07/27/18, 23:38:20:741] info: Store: SET_FULL_SCREEN
[07/27/18, 23:38:21:869] info: Store: SET_FULL_SCREEN
[07/27/18, 23:38:21:889] info: Store: SET_FULL_SCREEN
[07/27/18, 23:38:23:990] info: Store: SET_FULL_SCREEN
[07/27/18, 23:38:24:007] info: Store: SET_FULL_SCREEN
[07/27/18, 23:58:36:512] info: Store: NEW_NOTIFICATION
{
  "avatarImage": "https://ca.slack-edge.com/TB47MRNBZ-UB3ACL5K7-08de2941195e-512",
  "channel": "CB47MRRTR",
  "content": "[REDACTED]",
  "id": "VmX2IxDHJwrB2BPK",
  "launchUri": "slack://channel?id=CB47MRRTR&message=1532703516.000172&team=TB47MRNBZ",
  "msg": "1532703516.000172",
  "silent": true,
  "subtitle": "",
  "teamId": "TB47MRNBZ",
  "title": "[REDACTED]"
}
[07/28/18, 00:05:15:239] info: Store: NEW_NOTIFICATION
{
  "avatarImage": "https://ca.slack-edge.com/TB47MRNBZ-UB3ACL5K7-08de2941195e-512",
  "channel": "CB47MRRTR",
  "content": "[REDACTED]",
  "id": "8qjzF6ESMQE7pWjP",
  "launchUri": "slack://channel?id=CB47MRRTR&message=1532703914.000566&team=TB47MRNBZ",
  "msg": "1532703914.000566",
  "silent": true,
  "subtitle": "",
  "teamId": "TB47MRNBZ",
  "title": "[REDACTED]"
}
[07/28/18, 00:17:55:267] info: Store: NEW_NOTIFICATION
{
  "avatarImage": "https://ca.slack-edge.com/TB47MRNBZ-UB3ACL5K7-08de2941195e-512",
  "channel": "CB47MRRTR",
  "content": "[REDACTED]",
  "id": "wjQysGNSKMRW6gRK",
  "launchUri": "slack://channel?id=CB47MRRTR&message=1532704675.000021&team=TB47MRNBZ",
  "msg": "1532704675.000021",
  "silent": true,
  "subtitle": "",
  "teamId": "TB47MRNBZ",
  "title": "[REDACTED]"
}
[07/28/18, 00:19:07:534] info: Store: NEW_NOTIFICATION
{
  "avatarImage": "https://ca.slack-edge.com/TB47MRNBZ-UB3ACL5K7-08de2941195e-512",
  "channel": "CB47MRRTR",
  "content": "[REDACTED]",
  "id": "GZBXT19sQ5r9zBll",
  "launchUri": "slack://channel?id=CB47MRRTR&message=1532704747.000160&team=TB47MRNBZ",
  "msg": "1532704747.000160",
  "silent": true,
  "subtitle": "",
  "teamId": "TB47MRNBZ",
  "title": "[REDACTED]"
}
[07/28/18, 00:24:43:549] info: Store: NEW_NOTIFICATION
{
  "avatarImage": "https://ca.slack-edge.com/TB47MRNBZ-UB3ACL5K7-08de2941195e-512",
  "channel": "CB47MRRTR",
  "content": "[REDACTED]",
  "id": "j2zghnoU7lM0LY7x",
  "launchUri": "slack://channel?id=CB47MRRTR&message=1532705083.000193&team=TB47MRNBZ",
  "msg": "1532705083.000193",
  "silent": true,
  "subtitle": "",
  "teamId": "TB47MRNBZ",
  "title": "[REDACTED]"
}
[07/28/18, 00:26:02:781] info: Store: NEW_NOTIFICATION
{
  "avatarImage": "https://ca.slack-edge.com/TB47MRNBZ-UB3ACL5K7-08de2941195e-512",
  "channel": "CB47MRRTR",
  "content": "[REDACTED]",
  "id": "P1OKcK1cjOmNlBlD",
  "launchUri": "slack://channel?id=CB47MRRTR&message=1532705162.000293&team=TB47MRNBZ",
  "msg": "1532705162.000293",
  "silent": true,
  "subtitle": "",
  "teamId": "TB47MRNBZ",
  "title": "[REDACTED]"
}
[07/28/18, 00:26:30:630] info: Store: NEW_NOTIFICATION
{
  "avatarImage": "https://ca.slack-edge.com/TB47MRNBZ-UB3ACL5K7-08de2941195e-512",
  "channel": "CB47MRRTR",
  "content": "[REDACTED]",
  "id": "RgQKfvwfOxXkz7Lk",
  "launchUri": "slack://channel?id=CB47MRRTR&message=1532705190.000227&team=TB47MRNBZ",
  "msg": "1532705190.000227",
  "silent": true,
  "subtitle": "",
  "teamId": "TB47MRNBZ",
  "title": "[REDACTED]"
}
[07/28/18, 05:11:53:193] info: Store: START_BACKGROUND_CLIENT
{
  "teamId": "T0253QGQ9",
  "token": "xoxs-⋯"
}
[07/28/18, 05:11:53:202] info: Store: START_BACKGROUND_CLIENT
{
  "teamId": "T0EHMQ4HM",
  "token": "xoxs-⋯"
}
[07/28/18, 05:11:53:587] info: Store: SET_BACKGROUND_CLIENT_FIELDS
{
  "status": "connected",
  "teamId": "T0253QGQ9"
}
[07/28/18, 05:11:53:606] info: Store: REMOVE_WEB_CONTENTS
{
  "id": 5,
  "teamId": "T0253QGQ9"
}
[07/28/18, 05:11:53:841] info: Store: SET_BACKGROUND_CLIENT_FIELDS
{
  "status": "connected",
  "teamId": "T0EHMQ4HM"
}
[08/04/18, 17:23:40:909] info: ╔═════════════════════════════════════════════════════════════════════════════════╗
[08/04/18, 17:23:40:914] info: ║      Slack 3.2.1, linux 4.10.0-38-generic on x64 at 08/04/18, 17:23:40:905      ║
[08/04/18, 17:23:40:914] info: ╚═════════════════════════════════════════════════════════════════════════════════╝
[08/04/18, 17:23:41:122] info: Initializing local storage instance at path: /home/nozomi/dotfiles/.config/Slack/local-settings.json
[08/04/18, 17:23:41:555] info: Main window preload script finished
{
  "readyTime": 1232.921581
}
[08/04/18, 17:23:41:573] info: Store: UPDATE_SESSION_STATUS
{
  "hasValidSession": null,
  "teamId": "T0EHMQ4HM"
}
[08/04/18, 17:23:41:575] info: Store: UPSERT_WEB_CONTENTS
{
  "id": 6,
  "state": "loaded",
  "teamId": "T0253QGQ9"
}
[08/04/18, 17:23:41:576] info: Store: UPSERT_WEB_CONTENTS
{
  "id": 6,
  "state": "empty-page",
  "teamId": "T0253QGQ9"
}
[08/04/18, 17:23:41:576] info: Store: UPSERT_WEB_CONTENTS
{
  "id": 6,
  "state": "page-will-navigate",
  "teamId": "T0253QGQ9"
}
[08/04/18, 17:23:41:577] info: Store: UPDATE_SESSION_STATUS
{
  "hasValidSession": null,
  "teamId": "T0253QGQ9"
}
[08/04/18, 17:23:41:580] info: Store: UPSERT_WEB_CONTENTS
{
  "id": 7,
  "state": "loaded",
  "teamId": "T0EHMQ4HM"
}
[08/04/18, 17:23:41:591] info: Store: UPSERT_WEB_CONTENTS
{
  "id": 7,
  "state": "empty-page",
  "teamId": "T0EHMQ4HM"
}
[08/04/18, 17:23:41:595] info: Store: UPSERT_WEB_CONTENTS
{
  "id": 7,
  "state": "page-will-navigate",
  "teamId": "T0EHMQ4HM"
}
[08/07/18, 20:32:16:011] info: ╔═════════════════════════════════════════════════════════════════════════════════╗
[08/07/18, 20:32:16:013] info: ║      Slack 3.2.1, linux 4.10.0-38-generic on x64 at 08/07/18, 20:32:16:005      ║
[08/07/18, 20:32:16:013] info: ╚═════════════════════════════════════════════════════════════════════════════════╝
[08/07/18, 20:32:16:258] info: Initializing local storage instance at path: /home/nozomi/dotfiles/.config/Slack/local-settings.json
[08/07/18, 20:32:16:819] info: Main window preload script finished
{
  "readyTime": 1650.561548
}
[08/07/18, 20:32:16:829] info: Store: UPDATE_SESSION_STATUS
{
  "hasValidSession": null,
  "teamId": "T0253QGQ9"
}
[08/07/18, 20:32:16:831] info: Store: UPDATE_SESSION_STATUS
{
  "hasValidSession": null,
  "teamId": "T0EHMQ4HM"
}
[08/07/18, 20:32:16:831] info: Store: UPSERT_WEB_CONTENTS
{
  "id": 7,
  "state": "loaded",
  "teamId": "T031FNTUT"
}
[08/07/18, 20:32:16:832] info: Store: UPSERT_WEB_CONTENTS
{
  "id": 7,
  "state": "empty-page",
  "teamId": "T031FNTUT"
}
[08/07/18, 20:32:16:833] info: Store: UPSERT_WEB_CONTENTS
{
  "id": 7,
  "state": "page-will-navigate",
  "teamId": "T031FNTUT"
}
[08/07/18, 20:32:16:833] info: Store: UPDATE_SESSION_STATUS
{
  "hasValidSession": null,
  "teamId": "T031FNTUT"
}
[08/07/18, 20:32:16:834] info: Store: UPSERT_WEB_CONTENTS
{
  "id": 6,
  "state": "loaded",
  "teamId": "T0253QGQ9"
}
[08/07/18, 20:32:16:860] info: Store: UPSERT_WEB_CONTENTS
{
  "id": 6,
  "state": "empty-page",
  "teamId": "T0253QGQ9"
}
[08/07/18, 20:32:16:872] info: Store: UPSERT_WEB_CONTENTS
{
  "id": 6,
  "state": "page-will-navigate",
  "teamId": "T0253QGQ9"
}
[08/07/18, 20:32:16:930] info: Store: UPSERT_WEB_CONTENTS
{
  "id": 8,
  "state": "loaded",
  "teamId": "T0EHMQ4HM"
}
[08/07/18, 20:32:16:944] info: Store: UPSERT_WEB_CONTENTS
{
  "id": 8,
  "state": "empty-page",
  "teamId": "T0EHMQ4HM"
}
[08/07/18, 20:32:16:950] info: Store: UPSERT_WEB_CONTENTS
{
  "id": 8,
  "state": "page-will-navigate",
  "teamId": "T0EHMQ4HM"
}
[08/10/18, 20:57:53:962] info: ╔═════════════════════════════════════════════════════════════════════════════════╗
[08/10/18, 20:57:53:963] info: ║      Slack 3.2.1, linux 4.10.0-38-generic on x64 at 08/10/18, 20:57:53:952      ║
[08/10/18, 20:57:53:963] info: ╚═════════════════════════════════════════════════════════════════════════════════╝
[08/10/18, 20:57:54:274] info: Initializing local storage instance at path: /home/nozomi/dotfiles/.config/Slack/local-settings.json
[08/10/18, 20:57:54:918] info: Main window preload script finished
{
  "readyTime": 1872.080101
}
[08/10/18, 20:57:54:968] info: Store: UPSERT_WEB_CONTENTS
{
  "id": 16,
  "state": "loaded",
  "teamId": "T0253QGQ9"
}
[08/10/18, 20:57:54:970] info: Store: UPSERT_WEB_CONTENTS
{
  "id": 16,
  "state": "empty-page",
  "teamId": "T0253QGQ9"
}
[08/10/18, 20:57:54:972] info: Store: UPSERT_WEB_CONTENTS
{
  "id": 16,
  "state": "page-will-navigate",
  "teamId": "T0253QGQ9"
}
[08/10/18, 20:57:54:973] info: Store: UPDATE_SESSION_STATUS
{
  "hasValidSession": null,
  "teamId": "T0253QGQ9"
}
[08/10/18, 20:57:54:973] info: Store: UPSERT_WEB_CONTENTS
{
  "id": 19,
  "state": "loaded",
  "teamId": "T031FNTUT"
}
[08/10/18, 20:57:54:974] info: Store: UPSERT_WEB_CONTENTS
{
  "id": 19,
  "state": "empty-page",
  "teamId": "T031FNTUT"
}
[08/10/18, 20:57:54:974] info: Store: UPSERT_WEB_CONTENTS
{
  "id": 19,
  "state": "page-will-navigate",
  "teamId": "T031FNTUT"
}
[08/10/18, 20:57:54:975] info: Store: UPSERT_WEB_CONTENTS
{
  "id": 18,
  "state": "loaded",
  "teamId": "T0EHMQ4HM"
}
[08/10/18, 20:57:54:975] info: Store: UPSERT_WEB_CONTENTS
{
  "id": 18,
  "state": "empty-page",
  "teamId": "T0EHMQ4HM"
}
[08/10/18, 20:57:54:975] info: Store: UPSERT_WEB_CONTENTS
{
  "id": 18,
  "state": "page-will-navigate",
  "teamId": "T0EHMQ4HM"
}
[08/10/18, 20:57:54:976] info: Store: UPDATE_SESSION_STATUS
{
  "hasValidSession": null,
  "teamId": "T031FNTUT"
}
[08/10/18, 20:57:54:976] info: Store: UPDATE_SESSION_STATUS
{
  "hasValidSession": null,
  "teamId": "T0EHMQ4HM"
}
[08/10/18, 20:57:54:977] info: Store: UPSERT_WEB_CONTENTS
{
  "id": 17,
  "state": "loaded",
  "teamId": "TB9PVC95H"
}
[08/10/18, 20:57:54:989] info: Store: UPSERT_WEB_CONTENTS
{
  "id": 17,
  "state": "empty-page",
  "teamId": "TB9PVC95H"
}
[08/10/18, 20:57:54:994] info: Store: UPSERT_WEB_CONTENTS
{
  "id": 17,
  "state": "page-will-navigate",
  "teamId": "TB9PVC95H"
}
[08/17/18, 20:08:11:679] info: ╔═════════════════════════════════════════════════════════════════════════════════╗
[08/17/18, 20:08:11:682] info: ║      Slack 3.2.1, linux 4.10.0-38-generic on x64 at 08/17/18, 20:08:11:667      ║
[08/17/18, 20:08:11:682] info: ╚═════════════════════════════════════════════════════════════════════════════════╝
[08/17/18, 20:08:12:084] info: Initializing local storage instance at path: /home/nozomi/dotfiles/.config/Slack/local-settings.json
[08/17/18, 20:08:12:865] info: Main window preload script finished
{
  "readyTime": 2242.334579
}
[08/17/18, 20:08:12:890] info: Store: UPSERT_WEB_CONTENTS
{
  "id": 13,
  "state": "loaded",
  "teamId": "T0EHMQ4HM"
}
[08/17/18, 20:08:12:927] info: Store: UPSERT_WEB_CONTENTS
{
  "id": 13,
  "state": "empty-page",
  "teamId": "T0EHMQ4HM"
}
[08/17/18, 20:08:12:928] info: Store: UPSERT_WEB_CONTENTS
{
  "id": 13,
  "state": "page-will-navigate",
  "teamId": "T0EHMQ4HM"
}
[08/17/18, 20:08:12:928] info: Store: UPDATE_SESSION_STATUS
{
  "hasValidSession": null,
  "teamId": "T0EHMQ4HM"
}
[08/17/18, 20:08:12:929] info: Store: UPSERT_WEB_CONTENTS
{
  "id": 15,
  "state": "loaded",
  "teamId": "TB9PVC95H"
}
[08/17/18, 20:08:12:929] info: Store: UPSERT_WEB_CONTENTS
{
  "id": 15,
  "state": "empty-page",
  "teamId": "TB9PVC95H"
}
[08/17/18, 20:08:12:929] info: Store: UPSERT_WEB_CONTENTS
{
  "id": 15,
  "state": "page-will-navigate",
  "teamId": "TB9PVC95H"
}
[08/17/18, 20:08:12:930] info: Store: UPDATE_SESSION_STATUS
{
  "hasValidSession": null,
  "teamId": "TB9PVC95H"
}
[08/17/18, 20:08:12:930] info: Store: UPSERT_WEB_CONTENTS
{
  "id": 12,
  "state": "loaded",
  "teamId": "T031FNTUT"
}
[08/17/18, 20:08:12:930] info: Store: UPSERT_WEB_CONTENTS
{
  "id": 12,
  "state": "empty-page",
  "teamId": "T031FNTUT"
}
[08/17/18, 20:08:12:931] info: Store: UPSERT_WEB_CONTENTS
{
  "id": 12,
  "state": "page-will-navigate",
  "teamId": "T031FNTUT"
}
[08/17/18, 20:08:12:932] info: Store: UPSERT_WEB_CONTENTS
{
  "id": 14,
  "state": "loaded",
  "teamId": "T0253QGQ9"
}
[08/17/18, 20:08:12:937] info: Store: UPDATE_SESSION_STATUS
{
  "hasValidSession": null,
  "teamId": "T031FNTUT"
}
[08/17/18, 20:08:12:952] info: Store: UPSERT_WEB_CONTENTS
{
  "id": 14,
  "state": "empty-page",
  "teamId": "T0253QGQ9"
}
[08/17/18, 20:08:12:983] info: Store: UPSERT_WEB_CONTENTS
{
  "id": 14,
  "state": "page-will-navigate",
  "teamId": "T0253QGQ9"
}
[08/17/18, 20:08:13:068] info: Store: UPDATE_SESSION_STATUS
{
  "hasValidSession": null,
  "teamId": "T0253QGQ9"
}
