[06/23/18, 13:05:50:353] info: ╔═════════════════════════════════════════════════════════════════════════════════╗
[06/23/18, 13:05:50:353] info: ║      Slack 3.2.1, linux 4.10.0-38-generic on x64 at 06/23/18, 13:05:50:350      ║
[06/23/18, 13:05:50:353] info: ╚═════════════════════════════════════════════════════════════════════════════════╝
[06/23/18, 13:05:50:440] info: Initializing local storage instance at path: /home/nozomi/dotfiles/.config/Slack/local-settings.json
[06/23/18, 13:05:50:870] error: Desktop module calls failed to load
{
  "error": {
    "message": "libCallsCore.so: å±æãªãã¸ã§ã¯ããã¡ã¤ã«ãéãã¾ãã: ãã®ãããªãã¡ã¤ã«ããã£ã¬ã¯ããªã¯ããã¾ãã",
    "stack": "Error: libCallsCore.so: å±æãªãã¸ã§ã¯ããã¡ã¤ã«ãéãã¾ãã: ãã®ãããªãã¡ã¤ã«ããã£ã¬ã¯ããªã¯ããã¾ãã\n    at process.module.(anonymous function) [as dlopen] (ELECTRON_ASAR.js:172:20)\n    at Object.Module._extensions..node (module.js:671:18)\n    at Object.module.(anonymous function) [as .node] (ELECTRON_ASAR.js:186:18)\n    at Module.load (module.js:561:32)\n    at tryModuleLoad (module.js:504:12)\n    at Function.Module._load (module.js:496:3)\n    at Module.require (module.js:586:17)\n    at require (internal/module.js:11:18)\n    at bindings (/usr/lib/slack/resources/app.asar/node_modules/@slack/slack-calls-prebuilt/modules/@slack/slack-calls/node_modules/bindings/bindings.js:81:44)\n    at Object.<anonymous> (/usr/lib/slack/resources/app.asar/node_modules/@slack/slack-calls-prebuilt/modules/@slack/slack-calls/index.js:1:192)"
  }
}
[06/23/18, 13:05:50:870] error: Desktop module calls failed to load
[06/23/18, 13:05:50:906] info: cld3::loadModule: loading cld3 module
[06/23/18, 13:05:50:930] info: cld3Loader::loadModule: running environment is NODE
[06/23/18, 13:05:50:930] info: cld3Loader::loadModule: constructed module object for runtime
[06/23/18, 13:05:51:188] info: cld3Loader::initializeRuntime: successfully initialized module
[06/23/18, 13:05:51:188] info: cld3Loader::loadModule: initialized wasm binary Runtime
[06/23/18, 13:05:51:204] info: SpellChecker:: updateSpellcheckerLanguage: Skip to set new language null, v2 spellchecker is not available
[06/23/18, 13:05:51:221] info: Main window preload script finished
{
  "readyTime": 1149.916885
}
[06/23/18, 13:05:54:604] info: Store: UPSERT_WEB_CONTENTS
{
  "id": 4,
  "state": "loaded",
  "teamId": "T031FNTUT"
}
[06/23/18, 13:05:54:779] info: Store: UPSERT_WEB_CONTENTS
{
  "id": 3,
  "state": "loaded",
  "teamId": "TB47MRNBZ"
}
[06/23/18, 13:05:54:783] info: Store: MAIN_WINDOW_SHOWN
[06/23/18, 13:05:54:810] info: Store: SET_FULL_SCREEN
[06/23/18, 13:05:54:815] info: Store: SET_FULL_SCREEN
[06/23/18, 13:05:54:832] info: Store: SET_FULL_SCREEN
[06/23/18, 13:05:55:748] info: Skipping request to provide hint content for channel for spellchecker
{
  "version": "V2"
}
[06/23/18, 13:05:56:027] info: Store: UPDATE_SESSION_STATUS
{
  "hasValidSession": true,
  "teamId": "T031FNTUT"
}
[06/23/18, 13:05:56:029] info: Store: UPDATE_SESSION_STATUS
{
  "hasValidSession": true,
  "teamId": "TB47MRNBZ"
}
[06/23/18, 13:05:56:030] info: Store: SELECT_CHANNEL C9Z4BU1C2
[06/23/18, 13:05:56:031] info: Store: UPDATE_TEAM_LOCALE
{
  "locale": "en-US",
  "teamId": "T031FNTUT"
}
[06/23/18, 13:05:56:031] info: Store: UPDATE_SETTINGS
{
  "locale": "en-US"
}
[06/23/18, 13:05:56:034] info: Store: UPDATE_TEAM_THEME
{
  "teamId": "T031FNTUT",
  "theme": {
    "active_item": "#95BFEA",
    "active_item_text": "#FFFFFF",
    "active_presence": "#FFFF00",
    "badge": "#AAFFFF",
    "column_bg": "#40E0D0",
    "hover_item": "#48D1CC",
    "menu_bg": "#AAFFFF",
    "text_color": "#FFFFFF"
  }
}
[06/23/18, 13:05:56:035] info: Store: SAVE_WINDOW_SETTINGS
{
  "isMaximized": false,
  "position": [
    575,
    130
  ],
  "size": [
    1024,
    768
  ]
}
[06/23/18, 13:05:56:036] info: Store: SELECT_CHANNEL CB47MRRTR
[06/23/18, 13:05:56:036] info: Store: UPDATE_TEAM_LOCALE
{
  "locale": "en-US",
  "teamId": "TB47MRNBZ"
}
[06/23/18, 13:05:56:036] info: Store: UPDATE_TEAM_THEME
{
  "teamId": "TB47MRNBZ",
  "theme": {
    "active_item": "#6698C8",
    "active_item_text": "#FFFFFF",
    "active_presence": "#94E864",
    "badge": "#78AF8F",
    "column_bg": "#303E4D",
    "hover_item": "#4A5664",
    "menu_bg": "#2C3849",
    "text_color": "#FFFFFF"
  }
}
[06/23/18, 13:05:56:747] info: Store: UPDATE_TEAM_ICONS
{
  "icons": {
    "image_102": "https://slack-files2.s3-us-west-2.amazonaws.com/avatars/2016-05-12/42266573955_325ce791cc9957bfae5b_102.png",
    "image_132": "https://slack-files2.s3-us-west-2.amazonaws.com/avatars/2016-05-12/42266573955_325ce791cc9957bfae5b_132.png",
    "image_230": "https://slack-files2.s3-us-west-2.amazonaws.com/avatars/2016-05-12/42266573955_325ce791cc9957bfae5b_132.png",
    "image_34": "https://slack-files2.s3-us-west-2.amazonaws.com/avatars/2016-05-12/42266573955_325ce791cc9957bfae5b_34.png",
    "image_44": "https://slack-files2.s3-us-west-2.amazonaws.com/avatars/2016-05-12/42266573955_325ce791cc9957bfae5b_44.png",
    "image_68": "https://slack-files2.s3-us-west-2.amazonaws.com/avatars/2016-05-12/42266573955_325ce791cc9957bfae5b_68.png",
    "image_88": "https://slack-files2.s3-us-west-2.amazonaws.com/avatars/2016-05-12/42266573955_325ce791cc9957bfae5b_88.png",
    "image_original": "https://slack-files2.s3-us-west-2.amazonaws.com/avatars/2016-05-12/42266573955_325ce791cc9957bfae5b_original.png"
  },
  "teamId": "T031FNTUT"
}
[06/23/18, 13:05:56:755] info: Store: UPDATE_TEAM_LOCALE
{
  "locale": "en-US",
  "teamId": "T031FNTUT"
}
[06/23/18, 13:05:56:758] info: Store: UPSERT_WEB_CONTENTS
{
  "id": 4,
  "state": "webapp-loaded",
  "teamId": "T031FNTUT"
}
[06/23/18, 13:05:56:759] info: Store: UPDATE_TEAM_ICONS
{
  "icons": {
    "image_102": "https://slack-files2.s3-us-west-2.amazonaws.com/avatars/2018-06-07/376989294276_dc48b88a894bc469a541_102.jpg",
    "image_132": "https://slack-files2.s3-us-west-2.amazonaws.com/avatars/2018-06-07/376989294276_dc48b88a894bc469a541_132.jpg",
    "image_230": "https://slack-files2.s3-us-west-2.amazonaws.com/avatars/2018-06-07/376989294276_dc48b88a894bc469a541_230.jpg",
    "image_34": "https://slack-files2.s3-us-west-2.amazonaws.com/avatars/2018-06-07/376989294276_dc48b88a894bc469a541_34.jpg",
    "image_44": "https://slack-files2.s3-us-west-2.amazonaws.com/avatars/2018-06-07/376989294276_dc48b88a894bc469a541_44.jpg",
    "image_68": "https://slack-files2.s3-us-west-2.amazonaws.com/avatars/2018-06-07/376989294276_dc48b88a894bc469a541_68.jpg",
    "image_88": "https://slack-files2.s3-us-west-2.amazonaws.com/avatars/2018-06-07/376989294276_dc48b88a894bc469a541_88.jpg",
    "image_original": "https://slack-files2.s3-us-west-2.amazonaws.com/avatars/2018-06-07/376989294276_dc48b88a894bc469a541_original.jpg"
  },
  "teamId": "TB47MRNBZ"
}
[06/23/18, 13:05:56:761] info: Store: STORE_ENTERPRISE_ID_PAIR
{
  "enterpriseId": "",
  "teamId": "T031FNTUT"
}
[06/23/18, 13:05:56:859] info: Store: UPDATE_TEAM_LOCALE
{
  "locale": "en-US",
  "teamId": "TB47MRNBZ"
}
[06/23/18, 13:05:56:873] info: Store: UPSERT_WEB_CONTENTS
{
  "id": 3,
  "state": "webapp-loaded",
  "teamId": "TB47MRNBZ"
}
[06/23/18, 13:05:57:305] info: Store: STORE_ENTERPRISE_ID_PAIR
{
  "enterpriseId": "",
  "teamId": "TB47MRNBZ"
}
[06/23/18, 13:06:01:939] info: Store: SELECT_NEXT_TEAM
[06/23/18, 13:06:01:951] info: Store: UPSERT_WEB_CONTENTS
{
  "id": 5,
  "state": "unloaded",
  "teamId": "TB9PVC95H"
}
[06/23/18, 13:06:01:977] info: Store: SHUTDOWN_BACKGROUND_CLIENT
{
  "teamId": "TB9PVC95H"
}
[06/23/18, 13:06:02:047] info: Store: SET_BACKGROUND_CLIENT_FIELDS
{
  "status": "disconnected",
  "teamId": "TB9PVC95H"
}
[06/23/18, 13:06:02:518] info: Store: SELECT_NEXT_TEAM
[06/23/18, 13:06:02:954] info: postLoadTaskSetup: Setup spellchecker
{
  "version": "V2"
}
[06/23/18, 13:06:02:977] info: loadAsmModule: loading hunspell-asm module
[06/23/18, 13:06:03:295] info: loadAsmModule: asm module loaded successfully
[06/23/18, 13:06:03:295] info: SpellChecker: Starting spellchecker with language detector
[06/23/18, 13:06:03:295] info: SpellChecker::enableSpellCheckerLanguageDetector: enable spellchecker language detector
[06/23/18, 13:06:03:295] info: SpellChecker::startWithDictionary: Starting language detector with preloaded dict from last used language en
[06/23/18, 13:06:03:432] info: download: downloading dictionary for 'en-us'
[06/23/18, 13:06:03:432] info: fetchResourceAsBuffer: downloading
{
  "filePath": "https://spellcheck.slack-edge.com/dictionaries/en-us/1/en-us.aff",
  "cachePolicy": "default"
}
[06/23/18, 13:06:04:230] info: fetchResourceAsBuffer: downloading
{
  "filePath": "https://spellcheck.slack-edge.com/dictionaries/en-us/1/en-us.dic",
  "cachePolicy": "default"
}
[06/23/18, 13:06:06:767] info: dictionaryDownloader: verifying hash
[06/23/18, 13:06:06:803] info: SpellChecker::downloadDictionary: Dictionary is ready for 
{
  "language": "en"
}
[06/23/18, 13:06:06:869] info: assignSpellchecker: spellCheckerTable added new checker for 'en'
[06/23/18, 13:06:06:870] info: SpellChecker::prepareDictionary: Dictionary buffer for 'en' is loaded into spellchecker
[06/23/18, 13:06:06:871] info: switchDictionary: switching dictionary to check spell from 'null' to 'en'
[06/23/18, 13:06:06:871] info: SpellChecker::switchDictionary: SpellChecker enabled for language
{
  "language": "en"
}
[06/23/18, 13:06:07:366] info: Store: UPSERT_WEB_CONTENTS
{
  "id": 5,
  "state": "loaded",
  "teamId": "TB9PVC95H"
}
[06/23/18, 13:06:08:214] info: Store: UPDATE_SESSION_STATUS
{
  "hasValidSession": true,
  "teamId": "TB9PVC95H"
}
[06/23/18, 13:06:08:488] info: Store: SET_FULL_SCREEN
[06/23/18, 13:06:08:491] info: Store: SELECT_CHANNEL CB9L67936
[06/23/18, 13:06:08:497] info: Store: UPDATE_TEAM_LOCALE
{
  "locale": "en-US",
  "teamId": "TB9PVC95H"
}
[06/23/18, 13:06:08:512] info: Store: UPDATE_TEAM_THEME
{
  "teamId": "TB9PVC95H",
  "theme": {
    "active_item": "#F79F66",
    "active_item_text": "#FFFFFF",
    "active_presence": "#F79F66",
    "badge": "#F15340",
    "column_bg": "#0D7E83",
    "hover_item": "#D37C71",
    "menu_bg": "#076570",
    "text_color": "#FFFFFF"
  }
}
[06/23/18, 13:06:09:135] info: Store: SET_FULL_SCREEN
[06/23/18, 13:06:09:153] info: Store: UPDATE_TEAM_ICONS
{
  "icons": {
    "image_102": "https://slack-files2.s3-us-west-2.amazonaws.com/avatars/2018-06-19/383369855361_565ff4439cdcd8979080_102.png",
    "image_132": "https://slack-files2.s3-us-west-2.amazonaws.com/avatars/2018-06-19/383369855361_565ff4439cdcd8979080_132.png",
    "image_230": "https://slack-files2.s3-us-west-2.amazonaws.com/avatars/2018-06-19/383369855361_565ff4439cdcd8979080_230.png",
    "image_34": "https://slack-files2.s3-us-west-2.amazonaws.com/avatars/2018-06-19/383369855361_565ff4439cdcd8979080_34.png",
    "image_44": "https://slack-files2.s3-us-west-2.amazonaws.com/avatars/2018-06-19/383369855361_565ff4439cdcd8979080_44.png",
    "image_68": "https://slack-files2.s3-us-west-2.amazonaws.com/avatars/2018-06-19/383369855361_565ff4439cdcd8979080_68.png",
    "image_88": "https://slack-files2.s3-us-west-2.amazonaws.com/avatars/2018-06-19/383369855361_565ff4439cdcd8979080_88.png",
    "image_original": "https://slack-files2.s3-us-west-2.amazonaws.com/avatars/2018-06-19/383369855361_565ff4439cdcd8979080_original.png"
  },
  "teamId": "TB9PVC95H"
}
[06/23/18, 13:06:09:298] info: Store: UPDATE_TEAM_LOCALE
{
  "locale": "en-US",
  "teamId": "TB9PVC95H"
}
[06/23/18, 13:06:09:303] info: Store: UPSERT_WEB_CONTENTS
{
  "id": 5,
  "state": "webapp-loaded",
  "teamId": "TB9PVC95H"
}
[06/23/18, 13:06:09:458] info: Store: STORE_ENTERPRISE_ID_PAIR
{
  "enterpriseId": "",
  "teamId": "TB9PVC95H"
}
[06/23/18, 13:06:09:985] info: Store: SAVE_WINDOW_SETTINGS
{
  "isMaximized": false,
  "position": [
    575,
    130
  ],
  "size": [
    1024,
    768
  ]
}
[06/23/18, 13:06:10:992] info: Store: SET_FULL_SCREEN
[06/23/18, 13:06:10:993] info: Store: SET_FULL_SCREEN
[06/23/18, 13:06:12:166] info: Store: SET_FULL_SCREEN
[06/23/18, 13:06:12:169] info: Store: SET_FULL_SCREEN
[06/23/18, 13:06:12:701] info: Store: SET_FULL_SCREEN
[06/23/18, 13:06:12:702] info: Store: SET_FULL_SCREEN
[06/23/18, 13:07:55:069] info: Store: SET_FULL_SCREEN
[06/23/18, 13:07:55:513] info: Store: SET_FULL_SCREEN
[06/23/18, 13:08:45:314] info: Store: SET_FULL_SCREEN
[06/23/18, 13:08:46:022] info: Store: SET_FULL_SCREEN
[06/23/18, 13:17:04:250] info: Store: FOREGROUND_APP
[06/23/18, 13:17:04:282] info: Store: SET_FULL_SCREEN
[06/23/18, 13:17:04:283] info: Store: SET_FULL_SCREEN
[06/23/18, 13:17:04:284] info: Store: SET_FULL_SCREEN
[06/23/18, 13:17:04:316] info: Store: SET_FULL_SCREEN
[06/23/18, 13:17:06:103] info: Store: MAIN_WINDOW_FOCUSED
[06/23/18, 13:17:06:226] info: Store: SELECT_TEAM TB47MRNBZ
[06/23/18, 13:18:09:508] info: Store: SET_FULL_SCREEN
[06/23/18, 13:18:09:518] info: Store: SET_FULL_SCREEN
[06/23/18, 13:18:19:044] info: Store: NEW_NOTIFICATION
{
  "avatarImage": "https://ca.slack-edge.com/TB47MRNBZ-UB3ACL5K7-08de2941195e-512",
  "channel": "CB47MRRTR",
  "content": "[REDACTED]",
  "id": "G6RnFJhQD5D6Z6o",
  "launchUri": "slack://channel?id=CB47MRRTR&message=1529727498.000073&team=TB47MRNBZ",
  "msg": "1529727498.000073",
  "silent": true,
  "subtitle": "",
  "teamId": "TB47MRNBZ",
  "title": "[REDACTED]"
}
[06/23/18, 13:18:23:670] info: Store: SET_FULL_SCREEN
[06/23/18, 13:18:23:723] info: Store: SET_FULL_SCREEN
[06/23/18, 13:22:19:786] info: Store: SET_FULL_SCREEN
[06/23/18, 13:22:20:785] info: Store: SAVE_WINDOW_SETTINGS
{
  "isMaximized": false,
  "position": [
    574,
    105
  ],
  "size": [
    1024,
    768
  ]
}
[06/23/18, 13:22:29:203] info: Store: QUIT_APP
[06/23/18, 13:22:29:205] info: Store: UPDATE_TEAM_USAGE
{
  "T031FNTUT": 663703,
  "TB47MRNBZ": 330170,
  "TB9PVC95H": 548
}
[06/23/18, 13:22:29:220] info: Store: REMOVE_WINDOW 2
[06/23/18, 13:22:29:225] info: Store: QUIT_APP
[06/23/18, 13:22:29:250] info: Store: QUIT_APP
