[04/29/18, 17:41:36:604] info: ╔═════════════════════════════════════════════════════════════════════════════════╗
[04/29/18, 17:41:36:605] info: ║      Slack 3.1.1, linux 4.10.0-38-generic on x64 at 04/29/18, 17:41:36:601      ║
[04/29/18, 17:41:36:605] info: ╚═════════════════════════════════════════════════════════════════════════════════╝
[04/29/18, 17:41:36:875] info: Initializing local storage instance at path: /home/nozomi/dotfiles/.config/Slack/local-settings.json
[04/29/18, 17:41:37:037] info: NetworkStatus: Waiting for network online…
[04/29/18, 17:41:37:651] info: NetworkStatus: Response from api.test
{
  "status": "online"
}
[04/29/18, 17:41:38:059] info: Store: SET_NETWORK_STATUS online
[04/29/18, 17:41:40:752] info: Store: UPSERT_WEB_CONTENTS
{
  "id": 3,
  "state": "loaded",
  "teamId": "T031FNTUT"
}
[04/29/18, 17:41:40:759] info: Store: MAIN_WINDOW_SHOWN
[04/29/18, 17:41:40:790] info: Store: SET_FULL_SCREEN
[04/29/18, 17:41:40:795] info: Store: SET_FULL_SCREEN
[04/29/18, 17:41:40:804] info: Store: SET_FULL_SCREEN
[04/29/18, 17:41:41:106] info: Store: UPDATE_SESSION_STATUS
{
  "hasValidSession": true,
  "teamId": "T031FNTUT"
}
[04/29/18, 17:41:41:527] info: Store: SELECT_CHANNEL D5WHV4ZQW
[04/29/18, 17:41:41:536] info: Store: UPDATE_TEAM_LOCALE
{
  "locale": "en-US"
}
[04/29/18, 17:41:41:541] info: Store: UPDATE_SETTINGS
{
  "locale": "en-US"
}
[04/29/18, 17:41:41:779] info: Store: SAVE_WINDOW_SETTINGS
{
  "isMaximized": false,
  "position": [
    575,
    150
  ],
  "size": [
    1024,
    749
  ]
}
[04/29/18, 17:41:42:419] info: Store: UPDATE_TEAM_ICONS
{
  "icons": {
    "image_102": "https://slack-files2.s3-us-west-2.amazonaws.com/avatars/2016-05-12/42266573955_325ce791cc9957bfae5b_102.png",
    "image_132": "https://slack-files2.s3-us-west-2.amazonaws.com/avatars/2016-05-12/42266573955_325ce791cc9957bfae5b_132.png",
    "image_230": "https://slack-files2.s3-us-west-2.amazonaws.com/avatars/2016-05-12/42266573955_325ce791cc9957bfae5b_132.png",
    "image_34": "https://slack-files2.s3-us-west-2.amazonaws.com/avatars/2016-05-12/42266573955_325ce791cc9957bfae5b_34.png",
    "image_44": "https://slack-files2.s3-us-west-2.amazonaws.com/avatars/2016-05-12/42266573955_325ce791cc9957bfae5b_44.png",
    "image_68": "https://slack-files2.s3-us-west-2.amazonaws.com/avatars/2016-05-12/42266573955_325ce791cc9957bfae5b_68.png",
    "image_88": "https://slack-files2.s3-us-west-2.amazonaws.com/avatars/2016-05-12/42266573955_325ce791cc9957bfae5b_88.png",
    "image_original": "https://slack-files2.s3-us-west-2.amazonaws.com/avatars/2016-05-12/42266573955_325ce791cc9957bfae5b_original.png"
  },
  "teamId": "T031FNTUT"
}
[04/29/18, 17:41:42:583] info: Store: UPDATE_TEAM_LOCALE
{
  "locale": "en-US",
  "teamId": "T031FNTUT"
}
[04/29/18, 17:41:42:589] info: Store: UPSERT_WEB_CONTENTS
{
  "id": 3,
  "state": "webapp-loaded",
  "teamId": "T031FNTUT"
}
[04/29/18, 17:41:42:642] info: Store: UPDATE_TEAM_THEME
{
  "teamId": "T031FNTUT",
  "theme": {
    "active_item": "#95BFEA",
    "active_item_text": "#FFFFFF",
    "active_presence": "#FFFF00",
    "badge": "#AAFFFF",
    "column_bg": "#40E0D0",
    "hover_item": "#48D1CC",
    "menu_bg": "#AAFFFF",
    "text_color": "#FFFFFF"
  }
}
[04/29/18, 17:41:45:853] info: Store: SELECT_CHANNEL D5A4B1X97
[04/29/18, 17:44:45:186] info: Store: SET_FULL_SCREEN
[04/29/18, 17:44:45:202] info: Store: SET_FULL_SCREEN
[04/29/18, 17:44:47:308] info: Store: SET_FULL_SCREEN
[04/29/18, 17:44:47:319] info: Store: SET_FULL_SCREEN
[04/29/18, 17:44:47:870] info: Store: SET_FULL_SCREEN
[04/29/18, 17:44:47:880] info: Store: SET_FULL_SCREEN
[04/29/18, 17:44:48:437] info: Store: SET_FULL_SCREEN
[04/29/18, 17:44:48:454] info: Store: SET_FULL_SCREEN
[04/29/18, 17:44:49:110] info: Store: SET_FULL_SCREEN
[04/29/18, 17:44:49:130] info: Store: SET_FULL_SCREEN
[04/29/18, 17:45:25:713] info: Store: SET_FULL_SCREEN
[04/29/18, 17:45:25:721] info: Store: SET_FULL_SCREEN
[04/29/18, 17:45:34:598] info: Store: SET_FULL_SCREEN
[04/29/18, 17:45:34:616] info: Store: SET_FULL_SCREEN
[04/29/18, 17:46:59:123] info: Store: SET_FULL_SCREEN
[04/29/18, 17:46:59:163] info: Store: SET_FULL_SCREEN
[04/29/18, 17:46:59:556] info: Store: SET_FULL_SCREEN
[04/29/18, 17:46:59:565] info: Store: SET_FULL_SCREEN
[04/29/18, 17:47:00:215] info: Store: SET_FULL_SCREEN
[04/29/18, 17:47:00:237] info: Store: SET_FULL_SCREEN
[04/29/18, 17:47:00:888] info: Store: SET_FULL_SCREEN
[04/29/18, 17:47:00:898] info: Store: SET_FULL_SCREEN
[04/29/18, 17:57:09:829] info: Store: SET_FULL_SCREEN
[04/29/18, 17:57:09:862] info: Store: SET_FULL_SCREEN
[04/29/18, 17:57:11:131] info: Store: APP_COMMAND browser-backward
[04/29/18, 17:57:11:157] info: Store: SELECT_CHANNEL D5WHV4ZQW
[04/29/18, 17:57:16:457] info: Store: SET_FULL_SCREEN
[04/29/18, 17:57:16:460] info: Store: SET_FULL_SCREEN
[04/29/18, 17:58:44:402] info: Store: SET_NETWORK_STATUS offline
[04/29/18, 17:59:36:217] info: Store: SET_FULL_SCREEN
[04/29/18, 17:59:36:246] info: Store: SET_FULL_SCREEN
[04/29/18, 17:59:37:295] info: NetworkStatus: Waiting for network online…
[04/29/18, 17:59:37:300] info: NetworkStatus: Network check failed
{
  "error": {
    "message": "Failed to fetch",
    "stack": "TypeError: Failed to fetch"
  }
}
[04/29/18, 17:59:37:300] info: NetworkStatus: Response from api.test
{
  "status": "offline"
}
[04/29/18, 17:59:37:746] info: Store: SET_FULL_SCREEN
[04/29/18, 17:59:37:771] info: Store: SET_FULL_SCREEN
[04/29/18, 17:59:42:506] info: NetworkStatus: Response from api.test
{
  "status": "online"
}
[04/29/18, 17:59:42:913] info: Store: SET_NETWORK_STATUS online
[04/29/18, 17:59:42:926] warn: Base Component: Attempting to update LoadingScreen when unmounted.
[04/29/18, 18:16:42:826] info: Store: SET_FULL_SCREEN
[04/29/18, 18:16:42:841] info: Store: SET_FULL_SCREEN
[04/29/18, 18:19:46:228] info: Store: SET_NETWORK_STATUS offline
[04/30/18, 09:27:41:500] info: Store: SAVE_WINDOW_SETTINGS
{
  "isMaximized": false,
  "position": [
    575,
    330
  ],
  "size": [
    1024,
    749
  ]
}
[04/30/18, 09:27:48:010] info: Store: RELOAD
{
  "everything": false
}
