[08/04/18, 15:43:19:762] info: ╔═════════════════════════════════════════════════════════════════════════════════╗
[08/04/18, 15:43:19:763] info: ║      Slack 3.2.1, linux 4.10.0-38-generic on x64 at 08/04/18, 15:43:19:754      ║
[08/04/18, 15:43:19:763] info: ╚═════════════════════════════════════════════════════════════════════════════════╝
[08/04/18, 15:43:19:932] info: Initializing local storage instance at path: /home/nozomi/dotfiles/.config/Slack/local-settings.json
[08/04/18, 15:43:20:365] info: Main window preload script finished
{
  "readyTime": 1113.759055
}
[08/04/18, 15:43:20:371] info: Store: UPDATE_SESSION_STATUS
{
  "hasValidSession": null,
  "teamId": "T0253QGQ9"
}
[08/04/18, 15:43:20:372] info: Store: UPSERT_WEB_CONTENTS
{
  "id": 7,
  "state": "loaded",
  "teamId": "T0EHMQ4HM"
}
[08/04/18, 15:43:20:378] info: Store: UPSERT_WEB_CONTENTS
{
  "id": 7,
  "state": "empty-page",
  "teamId": "T0EHMQ4HM"
}
[08/04/18, 15:43:20:378] info: Store: UPSERT_WEB_CONTENTS
{
  "id": 7,
  "state": "page-will-navigate",
  "teamId": "T0EHMQ4HM"
}
[08/04/18, 15:43:20:379] info: Store: UPDATE_SESSION_STATUS
{
  "hasValidSession": null,
  "teamId": "T0EHMQ4HM"
}
[08/04/18, 15:43:20:380] info: Store: UPSERT_WEB_CONTENTS
{
  "id": 6,
  "state": "loaded",
  "teamId": "T0253QGQ9"
}
[08/04/18, 15:43:20:390] info: Store: UPSERT_WEB_CONTENTS
{
  "id": 6,
  "state": "empty-page",
  "teamId": "T0253QGQ9"
}
[08/04/18, 15:43:20:403] info: Store: UPSERT_WEB_CONTENTS
{
  "id": 6,
  "state": "page-will-navigate",
  "teamId": "T0253QGQ9"
}
[08/10/18, 21:29:15:587] info: ╔═════════════════════════════════════════════════════════════════════════════════╗
[08/10/18, 21:29:15:589] info: ║      Slack 3.2.1, linux 4.10.0-38-generic on x64 at 08/10/18, 21:29:15:577      ║
[08/10/18, 21:29:15:589] info: ╚═════════════════════════════════════════════════════════════════════════════════╝
[08/10/18, 21:29:15:855] info: Initializing local storage instance at path: /home/nozomi/dotfiles/.config/Slack/local-settings.json
[08/10/18, 21:29:16:589] info: Main window preload script finished
{
  "readyTime": 2008.134552
}
[08/10/18, 21:29:16:604] info: Store: UPSERT_WEB_CONTENTS
{
  "id": 18,
  "state": "loaded",
  "teamId": "T0EHMQ4HM"
}
[08/10/18, 21:29:16:605] info: Store: UPSERT_WEB_CONTENTS
{
  "id": 18,
  "state": "empty-page",
  "teamId": "T0EHMQ4HM"
}
[08/10/18, 21:29:16:606] info: Store: UPSERT_WEB_CONTENTS
{
  "id": 18,
  "state": "page-will-navigate",
  "teamId": "T0EHMQ4HM"
}
[08/10/18, 21:29:16:607] info: Store: UPDATE_SESSION_STATUS
{
  "hasValidSession": null,
  "teamId": "T0EHMQ4HM"
}
[08/10/18, 21:29:16:608] info: Store: UPSERT_WEB_CONTENTS
{
  "id": 19,
  "state": "loaded",
  "teamId": "T031FNTUT"
}
[08/10/18, 21:29:16:609] info: Store: UPSERT_WEB_CONTENTS
{
  "id": 19,
  "state": "empty-page",
  "teamId": "T031FNTUT"
}
[08/10/18, 21:29:16:610] info: Store: UPSERT_WEB_CONTENTS
{
  "id": 19,
  "state": "page-will-navigate",
  "teamId": "T031FNTUT"
}
[08/10/18, 21:29:16:610] info: Store: UPDATE_SESSION_STATUS
{
  "hasValidSession": null,
  "teamId": "T031FNTUT"
}
[08/10/18, 21:29:16:612] info: Store: UPSERT_WEB_CONTENTS
{
  "id": 17,
  "state": "loaded",
  "teamId": "TB9PVC95H"
}
[08/10/18, 21:29:16:614] info: Store: UPSERT_WEB_CONTENTS
{
  "id": 17,
  "state": "empty-page",
  "teamId": "TB9PVC95H"
}
[08/10/18, 21:29:16:615] info: Store: UPSERT_WEB_CONTENTS
{
  "id": 16,
  "state": "loaded",
  "teamId": "T0253QGQ9"
}
[08/10/18, 21:29:16:626] info: Store: UPSERT_WEB_CONTENTS
{
  "id": 17,
  "state": "page-will-navigate",
  "teamId": "TB9PVC95H"
}
[08/10/18, 21:29:16:641] info: Store: UPSERT_WEB_CONTENTS
{
  "id": 16,
  "state": "empty-page",
  "teamId": "T0253QGQ9"
}
[08/10/18, 21:29:16:645] info: Store: UPSERT_WEB_CONTENTS
{
  "id": 16,
  "state": "page-will-navigate",
  "teamId": "T0253QGQ9"
}
