[08/07/18, 21:07:22:661] info: ╔═════════════════════════════════════════════════════════════════════════════════╗
[08/07/18, 21:07:22:662] info: ║      Slack 3.2.1, linux 4.10.0-38-generic on x64 at 08/07/18, 21:07:22:657      ║
[08/07/18, 21:07:22:662] info: ╚═════════════════════════════════════════════════════════════════════════════════╝
[08/07/18, 21:07:22:960] info: Initializing local storage instance at path: /home/nozomi/dotfiles/.config/Slack/local-settings.json
[08/07/18, 21:07:23:606] info: Main window preload script finished
{
  "readyTime": 1646.62511
}
[08/07/18, 21:07:23:618] info: Store: UPSERT_WEB_CONTENTS
{
  "id": 7,
  "state": "loaded",
  "teamId": "T031FNTUT"
}
[08/07/18, 21:07:23:619] info: Store: UPSERT_WEB_CONTENTS
{
  "id": 7,
  "state": "empty-page",
  "teamId": "T031FNTUT"
}
[08/07/18, 21:07:23:620] info: Store: UPSERT_WEB_CONTENTS
{
  "id": 7,
  "state": "page-will-navigate",
  "teamId": "T031FNTUT"
}
[08/07/18, 21:07:23:620] info: Store: UPDATE_SESSION_STATUS
{
  "hasValidSession": null,
  "teamId": "T031FNTUT"
}
[08/07/18, 21:07:23:621] info: Store: UPSERT_WEB_CONTENTS
{
  "id": 8,
  "state": "loaded",
  "teamId": "T0EHMQ4HM"
}
[08/07/18, 21:07:23:622] info: Store: UPSERT_WEB_CONTENTS
{
  "id": 8,
  "state": "empty-page",
  "teamId": "T0EHMQ4HM"
}
[08/07/18, 21:07:23:623] info: Store: UPSERT_WEB_CONTENTS
{
  "id": 8,
  "state": "page-will-navigate",
  "teamId": "T0EHMQ4HM"
}
[08/07/18, 21:07:23:640] info: Store: UPSERT_WEB_CONTENTS
{
  "id": 6,
  "state": "loaded",
  "teamId": "T0253QGQ9"
}
[08/07/18, 21:07:23:644] info: Store: UPDATE_SESSION_STATUS
{
  "hasValidSession": null,
  "teamId": "T0EHMQ4HM"
}
[08/07/18, 21:07:23:655] info: Store: UPSERT_WEB_CONTENTS
{
  "id": 6,
  "state": "empty-page",
  "teamId": "T0253QGQ9"
}
[08/07/18, 21:07:23:669] info: Store: UPSERT_WEB_CONTENTS
{
  "id": 6,
  "state": "page-will-navigate",
  "teamId": "T0253QGQ9"
}
[08/10/18, 10:09:24:213] info: ╔═════════════════════════════════════════════════════════════════════════════════╗
[08/10/18, 10:09:24:214] info: ║      Slack 3.2.1, linux 4.10.0-38-generic on x64 at 08/10/18, 10:09:24:209      ║
[08/10/18, 10:09:24:214] info: ╚═════════════════════════════════════════════════════════════════════════════════╝
[08/10/18, 10:09:24:376] info: Initializing local storage instance at path: /home/nozomi/dotfiles/.config/Slack/local-settings.json
[08/10/18, 10:09:24:789] info: Main window preload script finished
{
  "readyTime": 1038.027428
}
[08/10/18, 10:09:24:804] info: Store: UPDATE_SESSION_STATUS
{
  "hasValidSession": null,
  "teamId": "T031FNTUT"
}
[08/10/18, 10:09:24:806] info: Store: UPDATE_SESSION_STATUS
{
  "hasValidSession": null,
  "teamId": "TB9PVC95H"
}
[08/10/18, 10:09:24:806] info: Store: UPSERT_WEB_CONTENTS
{
  "id": 15,
  "state": "loaded",
  "teamId": "T0EHMQ4HM"
}
[08/10/18, 10:09:24:807] info: Store: UPSERT_WEB_CONTENTS
{
  "id": 15,
  "state": "empty-page",
  "teamId": "T0EHMQ4HM"
}
[08/10/18, 10:09:24:807] info: Store: UPSERT_WEB_CONTENTS
{
  "id": 15,
  "state": "page-will-navigate",
  "teamId": "T0EHMQ4HM"
}
[08/10/18, 10:09:24:808] info: Store: UPDATE_SESSION_STATUS
{
  "hasValidSession": null,
  "teamId": "T0EHMQ4HM"
}
[08/10/18, 10:09:24:808] info: Store: UPSERT_WEB_CONTENTS
{
  "id": 13,
  "state": "loaded",
  "teamId": "T0253QGQ9"
}
[08/10/18, 10:09:24:808] info: Store: UPSERT_WEB_CONTENTS
{
  "id": 13,
  "state": "empty-page",
  "teamId": "T0253QGQ9"
}
[08/10/18, 10:09:24:808] info: Store: UPSERT_WEB_CONTENTS
{
  "id": 13,
  "state": "page-will-navigate",
  "teamId": "T0253QGQ9"
}
[08/10/18, 10:09:24:808] info: Store: UPSERT_WEB_CONTENTS
{
  "id": 14,
  "state": "loaded",
  "teamId": "T031FNTUT"
}
[08/10/18, 10:09:24:809] info: Store: UPSERT_WEB_CONTENTS
{
  "id": 14,
  "state": "empty-page",
  "teamId": "T031FNTUT"
}
[08/10/18, 10:09:24:809] info: Store: UPDATE_SESSION_STATUS
{
  "hasValidSession": null,
  "teamId": "T0253QGQ9"
}
[08/10/18, 10:09:24:809] info: Store: UPSERT_WEB_CONTENTS
{
  "id": 14,
  "state": "page-will-navigate",
  "teamId": "T031FNTUT"
}
[08/10/18, 10:09:24:809] info: Store: UPDATE_SESSION_STATUS
{
  "hasValidSession": null,
  "teamId": "T031FNTUT"
}
[08/10/18, 10:09:24:810] info: Store: UPSERT_WEB_CONTENTS
{
  "id": 12,
  "state": "loaded",
  "teamId": "TB9PVC95H"
}
[08/10/18, 10:09:24:819] info: Store: UPSERT_WEB_CONTENTS
{
  "id": 12,
  "state": "empty-page",
  "teamId": "TB9PVC95H"
}
[08/10/18, 10:09:24:825] info: Store: UPSERT_WEB_CONTENTS
{
  "id": 12,
  "state": "page-will-navigate",
  "teamId": "TB9PVC95H"
}
[08/10/18, 21:28:56:385] info: ╔═════════════════════════════════════════════════════════════════════════════════╗
[08/10/18, 21:28:56:395] info: ║      Slack 3.2.1, linux 4.10.0-38-generic on x64 at 08/10/18, 21:28:56:376      ║
[08/10/18, 21:28:56:395] info: ╚═════════════════════════════════════════════════════════════════════════════════╝
[08/10/18, 21:28:56:693] info: Initializing local storage instance at path: /home/nozomi/dotfiles/.config/Slack/local-settings.json
[08/10/18, 21:28:57:572] info: Main window preload script finished
{
  "readyTime": 2298.866341
}
[08/10/18, 21:28:57:595] info: Store: UPSERT_WEB_CONTENTS
{
  "id": 17,
  "state": "loaded",
  "teamId": "TB9PVC95H"
}
[08/10/18, 21:28:57:596] info: Store: UPSERT_WEB_CONTENTS
{
  "id": 17,
  "state": "empty-page",
  "teamId": "TB9PVC95H"
}
[08/10/18, 21:28:57:599] info: Store: UPSERT_WEB_CONTENTS
{
  "id": 17,
  "state": "page-will-navigate",
  "teamId": "TB9PVC95H"
}
[08/10/18, 21:28:57:600] info: Store: UPDATE_SESSION_STATUS
{
  "hasValidSession": null,
  "teamId": "TB9PVC95H"
}
[08/10/18, 21:28:57:600] info: Store: UPSERT_WEB_CONTENTS
{
  "id": 19,
  "state": "loaded",
  "teamId": "T031FNTUT"
}
[08/10/18, 21:28:57:601] info: Store: UPSERT_WEB_CONTENTS
{
  "id": 19,
  "state": "empty-page",
  "teamId": "T031FNTUT"
}
[08/10/18, 21:28:57:601] info: Store: UPSERT_WEB_CONTENTS
{
  "id": 19,
  "state": "page-will-navigate",
  "teamId": "T031FNTUT"
}
[08/10/18, 21:28:57:602] info: Store: UPDATE_SESSION_STATUS
{
  "hasValidSession": null,
  "teamId": "T031FNTUT"
}
[08/10/18, 21:28:57:602] info: Store: UPSERT_WEB_CONTENTS
{
  "id": 18,
  "state": "loaded",
  "teamId": "T0EHMQ4HM"
}
[08/10/18, 21:28:57:602] info: Store: UPSERT_WEB_CONTENTS
{
  "id": 18,
  "state": "empty-page",
  "teamId": "T0EHMQ4HM"
}
[08/10/18, 21:28:57:603] info: Store: UPSERT_WEB_CONTENTS
{
  "id": 18,
  "state": "page-will-navigate",
  "teamId": "T0EHMQ4HM"
}
[08/10/18, 21:28:57:603] info: Store: UPDATE_SESSION_STATUS
{
  "hasValidSession": null,
  "teamId": "T0EHMQ4HM"
}
[08/10/18, 21:28:57:604] info: Store: UPSERT_WEB_CONTENTS
{
  "id": 16,
  "state": "loaded",
  "teamId": "T0253QGQ9"
}
[08/10/18, 21:28:57:618] info: Store: UPSERT_WEB_CONTENTS
{
  "id": 16,
  "state": "empty-page",
  "teamId": "T0253QGQ9"
}
[08/10/18, 21:28:57:634] info: Store: UPSERT_WEB_CONTENTS
{
  "id": 17,
  "state": "loaded",
  "teamId": "TB9PVC95H"
}
[08/10/18, 21:28:57:637] info: Store: UPSERT_WEB_CONTENTS
{
  "id": 16,
  "state": "page-will-navigate",
  "teamId": "T0253QGQ9"
}
[08/10/18, 21:28:57:667] info: Store: UPSERT_WEB_CONTENTS
{
  "id": 17,
  "state": "empty-page",
  "teamId": "TB9PVC95H"
}
[08/10/18, 21:28:57:688] info: Store: UPSERT_WEB_CONTENTS
{
  "id": 17,
  "state": "page-will-navigate",
  "teamId": "TB9PVC95H"
}
[08/10/18, 21:28:57:744] info: Store: UPDATE_SESSION_STATUS
{
  "hasValidSession": null,
  "teamId": "T0253QGQ9"
}
[08/21/18, 21:24:19:680] info: ╔═════════════════════════════════════════════════════════════════════════════════╗
[08/21/18, 21:24:19:681] info: ║      Slack 3.2.1, linux 4.10.0-38-generic on x64 at 08/21/18, 21:24:19:667      ║
[08/21/18, 21:24:19:681] info: ╚═════════════════════════════════════════════════════════════════════════════════╝
[08/21/18, 21:24:20:032] info: Initializing local storage instance at path: /home/nozomi/dotfiles/.config/Slack/local-settings.json
[08/21/18, 21:24:20:912] info: Main window preload script finished
{
  "readyTime": 2318.086015
}
[08/21/18, 21:24:20:936] info: Store: UPDATE_SESSION_STATUS
{
  "hasValidSession": null,
  "teamId": "T0EHMQ4HM"
}
[08/21/18, 21:24:20:938] info: Store: UPSERT_WEB_CONTENTS
{
  "id": 7,
  "state": "loaded",
  "teamId": "T0253QGQ9"
}
[08/21/18, 21:24:20:939] info: Store: UPSERT_WEB_CONTENTS
{
  "id": 7,
  "state": "empty-page",
  "teamId": "T0253QGQ9"
}
[08/21/18, 21:24:20:939] info: Store: UPSERT_WEB_CONTENTS
{
  "id": 7,
  "state": "page-will-navigate",
  "teamId": "T0253QGQ9"
}
[08/21/18, 21:24:20:939] info: Store: UPSERT_WEB_CONTENTS
{
  "id": 8,
  "state": "loaded",
  "teamId": "T031FNTUT"
}
[08/21/18, 21:24:20:940] info: Store: UPDATE_SESSION_STATUS
{
  "hasValidSession": null,
  "teamId": "T0253QGQ9"
}
[08/21/18, 21:24:20:940] info: Store: UPSERT_WEB_CONTENTS
{
  "id": 8,
  "state": "empty-page",
  "teamId": "T031FNTUT"
}
[08/21/18, 21:24:20:941] info: Store: UPSERT_WEB_CONTENTS
{
  "id": 8,
  "state": "page-will-navigate",
  "teamId": "T031FNTUT"
}
[08/21/18, 21:24:20:941] info: Store: UPSERT_WEB_CONTENTS
{
  "id": 5,
  "state": "loaded",
  "teamId": "TB9PVC95H"
}
[08/21/18, 21:24:20:942] info: Store: UPSERT_WEB_CONTENTS
{
  "id": 5,
  "state": "empty-page",
  "teamId": "TB9PVC95H"
}
[08/21/18, 21:24:20:942] info: Store: UPSERT_WEB_CONTENTS
{
  "id": 5,
  "state": "page-will-navigate",
  "teamId": "TB9PVC95H"
}
[08/21/18, 21:24:20:945] info: Store: UPDATE_SESSION_STATUS
{
  "hasValidSession": null,
  "teamId": "T031FNTUT"
}
[08/21/18, 21:24:20:949] info: Store: UPDATE_SESSION_STATUS
{
  "hasValidSession": null,
  "teamId": "TB9PVC95H"
}
[08/21/18, 21:24:20:952] info: Store: UPSERT_WEB_CONTENTS
{
  "id": 6,
  "state": "loaded",
  "teamId": "T0EHMQ4HM"
}
[08/21/18, 21:24:20:961] info: Store: UPSERT_WEB_CONTENTS
{
  "id": 6,
  "state": "empty-page",
  "teamId": "T0EHMQ4HM"
}
[08/21/18, 21:24:20:976] info: Store: UPSERT_WEB_CONTENTS
{
  "id": 6,
  "state": "page-will-navigate",
  "teamId": "T0EHMQ4HM"
}
