[05/17/18, 19:35:01:950] info: ╔══════════════════════════════════════════════════════════════════════════════════════════════╗
[05/17/18, 19:35:01:951] info: ║      Slack 3.2.0-beta25a7a50e, linux 4.10.0-38-generic on x64 at 05/17/18, 19:35:01:946      ║
[05/17/18, 19:35:01:951] info: ╚══════════════════════════════════════════════════════════════════════════════════════════════╝
[05/17/18, 19:35:02:158] info: Initializing local storage instance at path: /home/nozomi/dotfiles/.config/Slack/local-settings.json
[05/17/18, 19:35:02:603] error: Desktop module calls failed to load
{
  "error": {
    "message": "libCallsCore.so: å±æãªãã¸ã§ã¯ããã¡ã¤ã«ãéãã¾ãã: ãã®ãããªãã¡ã¤ã«ããã£ã¬ã¯ããªã¯ããã¾ãã",
    "stack": "Error: libCallsCore.so: å±æãªãã¸ã§ã¯ããã¡ã¤ã«ãéãã¾ãã: ãã®ãããªãã¡ã¤ã«ããã£ã¬ã¯ããªã¯ããã¾ãã\n    at process.module.(anonymous function) [as dlopen] (ELECTRON_ASAR.js:172:20)\n    at Object.Module._extensions..node (module.js:671:18)\n    at Object.module.(anonymous function) [as .node] (ELECTRON_ASAR.js:186:18)\n    at Module.load (module.js:561:32)\n    at tryModuleLoad (module.js:504:12)\n    at Function.Module._load (module.js:496:3)\n    at Module.require (module.js:586:17)\n    at require (internal/module.js:11:18)\n    at bindings (/usr/lib/slack/resources/app.asar/node_modules/@slack/slack-calls-prebuilt/modules/@slack/slack-calls/node_modules/bindings/bindings.js:81:44)\n    at Object.<anonymous> (/usr/lib/slack/resources/app.asar/node_modules/@slack/slack-calls-prebuilt/modules/@slack/slack-calls/index.js:1:192)"
  }
}
[05/17/18, 19:35:02:603] error: Desktop module calls failed to load
[05/17/18, 19:35:02:630] info: cld3::loadModule: loading cld3 module
[05/17/18, 19:35:02:652] info: cld3Loader::loadModule: running environment is NODE
[05/17/18, 19:35:02:652] info: cld3Loader::loadModule: constructed module object for runtime
[05/17/18, 19:35:02:873] info: cld3Loader::initializeRuntime: successfully initialized module
[05/17/18, 19:35:02:873] info: cld3Loader::loadModule: initialized wasm binary Runtime
[05/17/18, 19:35:02:885] info: SpellChecker:: updateSpellcheckerLanguage: Skip to set new language null, spellchecker is not available
[05/17/18, 19:35:02:898] info: Main window preload script finished
{
  "readyTime": 1275.092525
}
[05/17/18, 19:35:05:431] info: Store: UPSERT_WEB_CONTENTS
{
  "id": 3,
  "state": "loaded",
  "teamId": "T031FNTUT"
}
[05/17/18, 19:35:05:433] info: Store: MAIN_WINDOW_SHOWN
[05/17/18, 19:35:05:505] info: Store: SET_FULL_SCREEN
[05/17/18, 19:35:05:506] info: Store: SET_FULL_SCREEN
[05/17/18, 19:35:05:506] info: Store: SET_FULL_SCREEN
[05/17/18, 19:35:05:515] info: Store: UPSERT_WEB_CONTENTS
{
  "id": 4,
  "state": "loaded",
  "teamId": "T0253QGQ9"
}
[05/17/18, 19:35:05:540] info: Store: UPDATE_SESSION_STATUS
{
  "hasValidSession": true,
  "teamId": "T031FNTUT"
}
[05/17/18, 19:35:05:653] info: Store: UPDATE_SESSION_STATUS
{
  "hasValidSession": false,
  "teamId": "T0253QGQ9"
}
[05/17/18, 19:35:06:141] info: Store: SELECT_CHANNEL D5A4B1XCZ
[05/17/18, 19:35:06:151] info: Store: UPDATE_TEAM_LOCALE
{
  "locale": "en-US",
  "teamId": "T031FNTUT"
}
[05/17/18, 19:35:06:158] info: Store: UPDATE_SETTINGS
{
  "locale": "en-US"
}
[05/17/18, 19:35:06:174] info: Store: UPDATE_TEAM_THEME
{
  "teamId": "T031FNTUT",
  "theme": {
    "active_item": "#95BFEA",
    "active_item_text": "#FFFFFF",
    "active_presence": "#FFFF00",
    "badge": "#AAFFFF",
    "column_bg": "#40E0D0",
    "hover_item": "#48D1CC",
    "menu_bg": "#AAFFFF",
    "text_color": "#FFFFFF"
  }
}
[05/17/18, 19:35:06:290] info: Store: SAVE_WINDOW_SETTINGS
{
  "isMaximized": false,
  "position": [
    575,
    150
  ],
  "size": [
    1024,
    749
  ]
}
[05/17/18, 19:35:07:117] info: Store: UPDATE_TEAM_ICONS
{
  "icons": {
    "image_102": "https://slack-files2.s3-us-west-2.amazonaws.com/avatars/2016-05-12/42266573955_325ce791cc9957bfae5b_102.png",
    "image_132": "https://slack-files2.s3-us-west-2.amazonaws.com/avatars/2016-05-12/42266573955_325ce791cc9957bfae5b_132.png",
    "image_230": "https://slack-files2.s3-us-west-2.amazonaws.com/avatars/2016-05-12/42266573955_325ce791cc9957bfae5b_132.png",
    "image_34": "https://slack-files2.s3-us-west-2.amazonaws.com/avatars/2016-05-12/42266573955_325ce791cc9957bfae5b_34.png",
    "image_44": "https://slack-files2.s3-us-west-2.amazonaws.com/avatars/2016-05-12/42266573955_325ce791cc9957bfae5b_44.png",
    "image_68": "https://slack-files2.s3-us-west-2.amazonaws.com/avatars/2016-05-12/42266573955_325ce791cc9957bfae5b_68.png",
    "image_88": "https://slack-files2.s3-us-west-2.amazonaws.com/avatars/2016-05-12/42266573955_325ce791cc9957bfae5b_88.png",
    "image_original": "https://slack-files2.s3-us-west-2.amazonaws.com/avatars/2016-05-12/42266573955_325ce791cc9957bfae5b_original.png"
  },
  "teamId": "T031FNTUT"
}
[05/17/18, 19:35:07:215] info: Store: UPDATE_TEAM_LOCALE
{
  "locale": "en-US",
  "teamId": "T031FNTUT"
}
[05/17/18, 19:35:07:223] info: Store: UPSERT_WEB_CONTENTS
{
  "id": 3,
  "state": "webapp-loaded",
  "teamId": "T031FNTUT"
}
[05/17/18, 19:35:07:357] info: Store: STORE_ENTERPRISE_ID_PAIR
{
  "enterpriseId": "",
  "teamId": "T031FNTUT"
}
[05/17/18, 19:35:08:178] info: Store: SET_FULL_SCREEN
[05/17/18, 19:35:30:218] info: Store: SET_FULL_SCREEN
[05/17/18, 19:35:38:368] info: Store: SET_FULL_SCREEN
[05/17/18, 19:38:03:294] info: Store: MAIN_WINDOW_FOCUSED
[05/17/18, 19:38:03:305] info: Store: SET_FULL_SCREEN
[05/17/18, 19:38:05:932] info: Store: SET_FULL_SCREEN
[05/17/18, 19:38:05:968] info: Store: SET_FULL_SCREEN
[05/17/18, 19:38:11:269] info: Store: SET_FULL_SCREEN
[05/17/18, 19:38:11:294] info: Store: SET_FULL_SCREEN
[05/17/18, 19:42:07:181] info: Store: NEW_NOTIFICATION
{
  "avatarImage": "https://ca.slack-edge.com/T031FNTUT-U17H8MQKB-g7ad138e0bce-512",
  "channel": "C5BADNG5N",
  "content": "[REDACTED]",
  "id": "V0X6clhJRA1RvZo",
  "launchUri": "slack://channel?id=C5BADNG5N&message=1526553727.000003&team=T031FNTUT",
  "msg": "1526553727.000003",
  "silent": true,
  "subtitle": "",
  "teamId": "T031FNTUT",
  "title": "[REDACTED]"
}
[05/17/18, 20:20:30:717] info: Store: MAIN_WINDOW_FOCUSED
[05/17/18, 20:20:32:745] info: Store: SELECT_CHANNEL C5BADNG5N
[05/17/18, 20:20:45:693] info: Store: SET_SUSPEND_STATUS
[05/17/18, 20:20:46:185] info: Store: SET_NETWORK_STATUS offline
[05/17/18, 20:20:53:458] info: Store: SET_FULL_SCREEN
[05/17/18, 20:20:53:473] info: Store: SET_FULL_SCREEN
[05/17/18, 20:23:05:946] info: Store: SET_SUSPEND_STATUS true
[05/17/18, 20:23:08:739] info: Store: SET_FULL_SCREEN
[05/17/18, 20:23:08:747] info: Store: SET_FULL_SCREEN
[05/17/18, 20:23:10:914] info: Store: SET_FULL_SCREEN
[05/17/18, 20:23:10:957] info: Store: SET_FULL_SCREEN
[05/17/18, 20:23:14:613] info: Store: SET_FULL_SCREEN
[05/17/18, 20:23:14:618] info: Store: SET_FULL_SCREEN
[05/17/18, 20:23:16:130] info: Store: APP_COMMAND browser-backward
[05/17/18, 20:23:16:161] info: Store: SELECT_CHANNEL D5A4B1XCZ
[05/17/18, 20:23:16:616] info: Store: SET_FULL_SCREEN
[05/17/18, 20:23:16:629] info: Store: SET_FULL_SCREEN
[05/17/18, 20:23:19:982] info: Store: SET_NETWORK_STATUS online
[05/17/18, 20:51:34:996] info: Store: SET_FULL_SCREEN
[05/17/18, 20:51:35:677] info: Store: SET_FULL_SCREEN
[05/17/18, 20:51:42:691] info: Store: SET_SUSPEND_STATUS
[05/17/18, 20:51:43:167] info: Store: SET_NETWORK_STATUS offline
[05/18/18, 12:34:07:908] info: Store: SET_SUSPEND_STATUS true
[05/18/18, 12:34:18:927] info: Store: SET_FULL_SCREEN
[05/18/18, 12:34:18:952] info: Store: SET_FULL_SCREEN
[05/18/18, 12:34:20:461] info: Store: RELOAD
{
  "everything": false
}
[05/18/18, 12:34:21:353] info: Store: UPSERT_WEB_CONTENTS
{
  "id": 3,
  "state": "loaded",
  "teamId": "T031FNTUT"
}
[05/18/18, 12:34:21:360] info: Store: UPSERT_WEB_CONTENTS
{
  "id": 3,
  "state": "empty-page",
  "teamId": "T031FNTUT"
}
[05/18/18, 12:34:21:751] info: Store: BACKGROUND_CLIENTS_INITIALIZED true
[05/18/18, 12:34:21:761] info: Store: UPDATE_SESSION_STATUS
{
  "hasValidSession": null,
  "teamId": "T031FNTUT"
}
[05/18/18, 12:34:21:763] info: Store: SET_NETWORK_STATUS offline
[05/18/18, 12:35:47:384] info: Store: SET_NETWORK_STATUS online
[05/18/18, 12:35:47:389] info: Store: UPSERT_WEB_CONTENTS
{
  "id": 3,
  "state": "page-will-navigate",
  "teamId": "T031FNTUT"
}
[05/18/18, 12:35:47:727] info: Store: UPDATE_SESSION_STATUS
{
  "hasValidSession": true,
  "teamId": "T031FNTUT"
}
[05/18/18, 12:35:53:348] info: Store: UPSERT_WEB_CONTENTS
{
  "id": 3,
  "state": "loaded",
  "teamId": "T031FNTUT"
}
[05/18/18, 12:35:53:707] info: Store: UPDATE_SESSION_STATUS
{
  "hasValidSession": true,
  "teamId": "T031FNTUT"
}
[05/18/18, 12:35:53:957] info: Store: SELECT_CHANNEL D5A4B1XCZ
[05/18/18, 12:35:53:962] info: Store: UPDATE_TEAM_LOCALE
{
  "locale": "en-US"
}
[05/18/18, 12:35:54:550] info: Store: UPDATE_TEAM_THEME
{
  "teamId": "T031FNTUT",
  "theme": {
    "active_item": "#95BFEA",
    "active_item_text": "#FFFFFF",
    "active_presence": "#FFFF00",
    "badge": "#AAFFFF",
    "column_bg": "#40E0D0",
    "hover_item": "#48D1CC",
    "menu_bg": "#AAFFFF",
    "text_color": "#FFFFFF"
  }
}
[05/18/18, 12:35:55:780] info: Store: UPDATE_TEAM_ICONS
{
  "icons": {
    "image_102": "https://slack-files2.s3-us-west-2.amazonaws.com/avatars/2016-05-12/42266573955_325ce791cc9957bfae5b_102.png",
    "image_132": "https://slack-files2.s3-us-west-2.amazonaws.com/avatars/2016-05-12/42266573955_325ce791cc9957bfae5b_132.png",
    "image_230": "https://slack-files2.s3-us-west-2.amazonaws.com/avatars/2016-05-12/42266573955_325ce791cc9957bfae5b_132.png",
    "image_34": "https://slack-files2.s3-us-west-2.amazonaws.com/avatars/2016-05-12/42266573955_325ce791cc9957bfae5b_34.png",
    "image_44": "https://slack-files2.s3-us-west-2.amazonaws.com/avatars/2016-05-12/42266573955_325ce791cc9957bfae5b_44.png",
    "image_68": "https://slack-files2.s3-us-west-2.amazonaws.com/avatars/2016-05-12/42266573955_325ce791cc9957bfae5b_68.png",
    "image_88": "https://slack-files2.s3-us-west-2.amazonaws.com/avatars/2016-05-12/42266573955_325ce791cc9957bfae5b_88.png",
    "image_original": "https://slack-files2.s3-us-west-2.amazonaws.com/avatars/2016-05-12/42266573955_325ce791cc9957bfae5b_original.png"
  },
  "teamId": "T031FNTUT"
}
[05/18/18, 12:35:55:868] info: Store: UPDATE_TEAM_LOCALE
{
  "locale": "en-US",
  "teamId": "T031FNTUT"
}
[05/18/18, 12:35:55:878] info: Store: UPSERT_WEB_CONTENTS
{
  "id": 3,
  "state": "webapp-loaded",
  "teamId": "T031FNTUT"
}
[05/18/18, 12:35:55:992] info: Store: STORE_ENTERPRISE_ID_PAIR
{
  "enterpriseId": "",
  "teamId": "T031FNTUT"
}
[05/18/18, 12:36:16:286] info: Store: SELECT_CHANNEL D5WHV4ZQW
[05/18/18, 12:40:35:449] info: Store: SET_FULL_SCREEN
[05/18/18, 12:40:35:483] info: Store: SET_FULL_SCREEN
[05/18/18, 12:54:44:532] info: Store: SET_FULL_SCREEN
[05/18/18, 12:54:44:568] info: Store: SET_FULL_SCREEN
[05/18/18, 12:58:39:748] info: Store: SET_FULL_SCREEN
[05/18/18, 12:58:39:761] info: Store: SET_FULL_SCREEN
