[06/28/18, 15:07:58:812] info: ╔═════════════════════════════════════════════════════════════════════════════════╗
[06/28/18, 15:07:58:813] info: ║      Slack 3.2.1, linux 4.10.0-38-generic on x64 at 06/28/18, 15:07:58:807      ║
[06/28/18, 15:07:58:813] info: ╚═════════════════════════════════════════════════════════════════════════════════╝
[06/28/18, 15:07:58:990] info: Initializing local storage instance at path: /home/nozomi/dotfiles/.config/Slack/local-settings.json
[06/28/18, 15:07:59:383] info: Main window preload script finished
{
  "readyTime": 1058.204709
}
[06/28/18, 15:07:59:396] info: Store: UPSERT_WEB_CONTENTS
{
  "id": 5,
  "state": "loaded",
  "teamId": "TB9PVC95H"
}
[06/28/18, 15:07:59:405] info: Store: UPSERT_WEB_CONTENTS
{
  "id": 5,
  "state": "empty-page",
  "teamId": "TB9PVC95H"
}
[06/28/18, 15:07:59:511] info: Store: UPDATE_SESSION_STATUS
{
  "hasValidSession": null,
  "teamId": "TB9PVC95H"
}
[06/28/18, 15:08:00:185] info: Store: SELECT_NEXT_TEAM
[06/28/18, 15:08:02:410] info: Store: START_BACKGROUND_CLIENT
{
  "teamId": "TB9PVC95H",
  "token": "xoxs-⋯"
}
[06/28/18, 15:08:02:431] info: Store: START_BACKGROUND_CLIENT
{
  "teamId": "TB9PVC95H",
  "token": "xoxs-⋯"
}
[06/28/18, 15:08:06:315] info: Store: SET_FULL_SCREEN
[06/28/18, 15:08:06:321] info: Store: SET_FULL_SCREEN
[06/28/18, 15:08:07:539] info: Store: SET_BACKGROUND_CLIENT_FIELDS
{
  "status": "connected",
  "teamId": "TB9PVC95H"
}
