[08/10/18, 20:33:49:346] info: ╔═════════════════════════════════════════════════════════════════════════════════╗
[08/10/18, 20:33:49:348] info: ║      Slack 3.2.1, linux 4.10.0-38-generic on x64 at 08/10/18, 20:33:49:340      ║
[08/10/18, 20:33:49:349] info: ╚═════════════════════════════════════════════════════════════════════════════════╝
[08/10/18, 20:33:49:648] info: Initializing local storage instance at path: /home/nozomi/dotfiles/.config/Slack/local-settings.json
[08/10/18, 20:33:50:424] info: Main window preload script finished
{
  "readyTime": 2147.672569
}
[08/10/18, 20:33:50:465] info: Store: UPSERT_WEB_CONTENTS
{
  "id": 19,
  "state": "loaded",
  "teamId": "T031FNTUT"
}
[08/10/18, 20:33:50:466] info: Store: UPSERT_WEB_CONTENTS
{
  "id": 19,
  "state": "empty-page",
  "teamId": "T031FNTUT"
}
[08/10/18, 20:33:50:467] info: Store: UPSERT_WEB_CONTENTS
{
  "id": 19,
  "state": "page-will-navigate",
  "teamId": "T031FNTUT"
}
[08/10/18, 20:33:50:467] info: Store: UPDATE_SESSION_STATUS
{
  "hasValidSession": null,
  "teamId": "T031FNTUT"
}
[08/10/18, 20:33:50:467] info: Store: UPSERT_WEB_CONTENTS
{
  "id": 17,
  "state": "loaded",
  "teamId": "TB9PVC95H"
}
[08/10/18, 20:33:50:468] info: Store: UPSERT_WEB_CONTENTS
{
  "id": 17,
  "state": "empty-page",
  "teamId": "TB9PVC95H"
}
[08/10/18, 20:33:50:468] info: Store: UPSERT_WEB_CONTENTS
{
  "id": 17,
  "state": "page-will-navigate",
  "teamId": "TB9PVC95H"
}
[08/10/18, 20:33:50:469] info: Store: UPDATE_SESSION_STATUS
{
  "hasValidSession": null,
  "teamId": "TB9PVC95H"
}
[08/10/18, 20:33:50:469] info: Store: UPSERT_WEB_CONTENTS
{
  "id": 18,
  "state": "loaded",
  "teamId": "T0EHMQ4HM"
}
[08/10/18, 20:33:50:469] info: Store: UPSERT_WEB_CONTENTS
{
  "id": 18,
  "state": "empty-page",
  "teamId": "T0EHMQ4HM"
}
[08/10/18, 20:33:50:470] info: Store: UPSERT_WEB_CONTENTS
{
  "id": 18,
  "state": "page-will-navigate",
  "teamId": "T0EHMQ4HM"
}
[08/10/18, 20:33:50:470] info: Store: UPDATE_SESSION_STATUS
{
  "hasValidSession": null,
  "teamId": "T0EHMQ4HM"
}
[08/10/18, 20:33:50:476] info: Store: UPSERT_WEB_CONTENTS
{
  "id": 16,
  "state": "loaded",
  "teamId": "T0253QGQ9"
}
[08/10/18, 20:33:50:493] info: Store: UPSERT_WEB_CONTENTS
{
  "id": 16,
  "state": "empty-page",
  "teamId": "T0253QGQ9"
}
[08/10/18, 20:33:50:508] info: Store: UPSERT_WEB_CONTENTS
{
  "id": 16,
  "state": "page-will-navigate",
  "teamId": "T0253QGQ9"
}
[08/17/18, 09:28:10:731] info: ╔═════════════════════════════════════════════════════════════════════════════════╗
[08/17/18, 09:28:10:732] info: ║      Slack 3.2.1, linux 4.10.0-38-generic on x64 at 08/17/18, 09:28:10:670      ║
[08/17/18, 09:28:10:732] info: ╚═════════════════════════════════════════════════════════════════════════════════╝
[08/17/18, 09:28:11:121] info: Initializing local storage instance at path: /home/nozomi/dotfiles/.config/Slack/local-settings.json
[08/17/18, 09:28:12:218] info: Main window preload script finished
{
  "readyTime": 3162.886683
}
[08/17/18, 09:28:12:240] info: Store: UPDATE_SESSION_STATUS
{
  "hasValidSession": null,
  "teamId": "T031FNTUT"
}
[08/17/18, 09:28:12:246] info: Store: UPSERT_WEB_CONTENTS
{
  "id": 9,
  "state": "loaded",
  "teamId": "T0EHMQ4HM"
}
[08/17/18, 09:28:12:247] info: Store: UPSERT_WEB_CONTENTS
{
  "id": 9,
  "state": "empty-page",
  "teamId": "T0EHMQ4HM"
}
[08/17/18, 09:28:12:247] info: Store: UPSERT_WEB_CONTENTS
{
  "id": 9,
  "state": "page-will-navigate",
  "teamId": "T0EHMQ4HM"
}
[08/17/18, 09:28:12:248] info: Store: UPDATE_SESSION_STATUS
{
  "hasValidSession": null,
  "teamId": "T0EHMQ4HM"
}
[08/17/18, 09:28:12:248] info: Store: UPSERT_WEB_CONTENTS
{
  "id": 11,
  "state": "loaded",
  "teamId": "TB9PVC95H"
}
[08/17/18, 09:28:12:249] info: Store: UPSERT_WEB_CONTENTS
{
  "id": 11,
  "state": "empty-page",
  "teamId": "TB9PVC95H"
}
[08/17/18, 09:28:12:249] info: Store: UPSERT_WEB_CONTENTS
{
  "id": 11,
  "state": "page-will-navigate",
  "teamId": "TB9PVC95H"
}
[08/17/18, 09:28:12:250] info: Store: UPDATE_SESSION_STATUS
{
  "hasValidSession": null,
  "teamId": "TB9PVC95H"
}
[08/17/18, 09:28:12:250] info: Store: UPSERT_WEB_CONTENTS
{
  "id": 10,
  "state": "loaded",
  "teamId": "T0253QGQ9"
}
[08/17/18, 09:28:12:250] info: Store: UPSERT_WEB_CONTENTS
{
  "id": 10,
  "state": "empty-page",
  "teamId": "T0253QGQ9"
}
[08/17/18, 09:28:12:251] info: Store: UPSERT_WEB_CONTENTS
{
  "id": 10,
  "state": "page-will-navigate",
  "teamId": "T0253QGQ9"
}
[08/17/18, 09:28:12:251] info: Store: UPDATE_SESSION_STATUS
{
  "hasValidSession": null,
  "teamId": "T0253QGQ9"
}
[08/17/18, 09:28:12:255] info: Store: UPSERT_WEB_CONTENTS
{
  "id": 8,
  "state": "loaded",
  "teamId": "T031FNTUT"
}
[08/17/18, 09:28:12:276] info: Store: UPSERT_WEB_CONTENTS
{
  "id": 8,
  "state": "empty-page",
  "teamId": "T031FNTUT"
}
[08/17/18, 09:28:12:294] info: Store: UPSERT_WEB_CONTENTS
{
  "id": 8,
  "state": "page-will-navigate",
  "teamId": "T031FNTUT"
}
[08/17/18, 09:28:12:417] info: Store: UPDATE_SESSION_STATUS
{
  "hasValidSession": null,
  "teamId": "T031FNTUT"
}
[08/21/18, 21:21:45:054] info: ╔═════════════════════════════════════════════════════════════════════════════════╗
[08/21/18, 21:21:45:056] info: ║      Slack 3.2.1, linux 4.10.0-38-generic on x64 at 08/21/18, 21:21:45:048      ║
[08/21/18, 21:21:45:056] info: ╚═════════════════════════════════════════════════════════════════════════════════╝
[08/21/18, 21:21:45:397] info: Initializing local storage instance at path: /home/nozomi/dotfiles/.config/Slack/local-settings.json
[08/21/18, 21:21:46:220] info: Main window preload script finished
{
  "readyTime": 2171.366881
}
[08/21/18, 21:21:46:240] info: Store: UPDATE_SESSION_STATUS
{
  "hasValidSession": null,
  "teamId": "T0253QGQ9"
}
[08/21/18, 21:21:46:242] info: Store: UPSERT_WEB_CONTENTS
{
  "id": 6,
  "state": "loaded",
  "teamId": "T0EHMQ4HM"
}
[08/21/18, 21:21:46:244] info: Store: UPSERT_WEB_CONTENTS
{
  "id": 6,
  "state": "empty-page",
  "teamId": "T0EHMQ4HM"
}
[08/21/18, 21:21:46:245] info: Store: UPSERT_WEB_CONTENTS
{
  "id": 6,
  "state": "page-will-navigate",
  "teamId": "T0EHMQ4HM"
}
[08/21/18, 21:21:46:246] info: Store: UPDATE_SESSION_STATUS
{
  "hasValidSession": null,
  "teamId": "T0EHMQ4HM"
}
[08/21/18, 21:21:46:247] info: Store: UPSERT_WEB_CONTENTS
{
  "id": 8,
  "state": "loaded",
  "teamId": "T031FNTUT"
}
[08/21/18, 21:21:46:248] info: Store: UPSERT_WEB_CONTENTS
{
  "id": 8,
  "state": "empty-page",
  "teamId": "T031FNTUT"
}
[08/21/18, 21:21:46:250] info: Store: UPSERT_WEB_CONTENTS
{
  "id": 8,
  "state": "page-will-navigate",
  "teamId": "T031FNTUT"
}
[08/21/18, 21:21:46:251] info: Store: UPDATE_SESSION_STATUS
{
  "hasValidSession": null,
  "teamId": "T031FNTUT"
}
[08/21/18, 21:21:46:252] info: Store: UPSERT_WEB_CONTENTS
{
  "id": 5,
  "state": "loaded",
  "teamId": "TB9PVC95H"
}
[08/21/18, 21:21:46:257] info: Store: UPSERT_WEB_CONTENTS
{
  "id": 5,
  "state": "empty-page",
  "teamId": "TB9PVC95H"
}
[08/21/18, 21:21:46:258] info: Store: UPSERT_WEB_CONTENTS
{
  "id": 5,
  "state": "page-will-navigate",
  "teamId": "TB9PVC95H"
}
[08/21/18, 21:21:46:259] info: Store: UPDATE_SESSION_STATUS
{
  "hasValidSession": null,
  "teamId": "TB9PVC95H"
}
[08/21/18, 21:21:46:263] info: Store: UPSERT_WEB_CONTENTS
{
  "id": 7,
  "state": "loaded",
  "teamId": "T0253QGQ9"
}
[08/21/18, 21:21:46:282] info: Store: UPSERT_WEB_CONTENTS
{
  "id": 7,
  "state": "empty-page",
  "teamId": "T0253QGQ9"
}
[08/21/18, 21:21:46:298] info: Store: UPSERT_WEB_CONTENTS
{
  "id": 7,
  "state": "page-will-navigate",
  "teamId": "T0253QGQ9"
}
[08/21/18, 21:21:46:400] info: Store: UPDATE_SESSION_STATUS
{
  "hasValidSession": null,
  "teamId": "T0253QGQ9"
}
