[08/10/18, 21:13:33:950] info: ╔═════════════════════════════════════════════════════════════════════════════════╗
[08/10/18, 21:13:33:952] info: ║      Slack 3.2.1, linux 4.10.0-38-generic on x64 at 08/10/18, 21:13:33:941      ║
[08/10/18, 21:13:33:952] info: ╚═════════════════════════════════════════════════════════════════════════════════╝
[08/10/18, 21:13:34:358] info: Initializing local storage instance at path: /home/nozomi/dotfiles/.config/Slack/local-settings.json
[08/10/18, 21:13:35:001] info: Main window preload script finished
{
  "readyTime": 2080.20036
}
[08/10/18, 21:13:35:021] info: Store: UPSERT_WEB_CONTENTS
{
  "id": 19,
  "state": "loaded",
  "teamId": "T031FNTUT"
}
[08/10/18, 21:13:35:024] info: Store: UPSERT_WEB_CONTENTS
{
  "id": 19,
  "state": "empty-page",
  "teamId": "T031FNTUT"
}
[08/10/18, 21:13:35:025] info: Store: UPSERT_WEB_CONTENTS
{
  "id": 19,
  "state": "page-will-navigate",
  "teamId": "T031FNTUT"
}
[08/10/18, 21:13:35:025] info: Store: UPDATE_SESSION_STATUS
{
  "hasValidSession": null,
  "teamId": "T031FNTUT"
}
[08/10/18, 21:13:35:026] info: Store: UPSERT_WEB_CONTENTS
{
  "id": 16,
  "state": "loaded",
  "teamId": "T0253QGQ9"
}
[08/10/18, 21:13:35:026] info: Store: UPSERT_WEB_CONTENTS
{
  "id": 16,
  "state": "empty-page",
  "teamId": "T0253QGQ9"
}
[08/10/18, 21:13:35:027] info: Store: UPSERT_WEB_CONTENTS
{
  "id": 16,
  "state": "page-will-navigate",
  "teamId": "T0253QGQ9"
}
[08/10/18, 21:13:35:027] info: Store: UPSERT_WEB_CONTENTS
{
  "id": 18,
  "state": "loaded",
  "teamId": "T0EHMQ4HM"
}
[08/10/18, 21:13:35:027] info: Store: UPSERT_WEB_CONTENTS
{
  "id": 18,
  "state": "empty-page",
  "teamId": "T0EHMQ4HM"
}
[08/10/18, 21:13:35:028] info: Store: UPSERT_WEB_CONTENTS
{
  "id": 18,
  "state": "page-will-navigate",
  "teamId": "T0EHMQ4HM"
}
[08/10/18, 21:13:35:028] info: Store: UPDATE_SESSION_STATUS
{
  "hasValidSession": null,
  "teamId": "T0253QGQ9"
}
[08/10/18, 21:13:35:028] info: Store: UPDATE_SESSION_STATUS
{
  "hasValidSession": null,
  "teamId": "T0EHMQ4HM"
}
[08/10/18, 21:13:35:029] info: Store: UPSERT_WEB_CONTENTS
{
  "id": 17,
  "state": "loaded",
  "teamId": "TB9PVC95H"
}
[08/10/18, 21:13:35:038] info: Store: UPSERT_WEB_CONTENTS
{
  "id": 17,
  "state": "empty-page",
  "teamId": "TB9PVC95H"
}
[08/10/18, 21:13:35:050] info: Store: UPSERT_WEB_CONTENTS
{
  "id": 17,
  "state": "page-will-navigate",
  "teamId": "TB9PVC95H"
}
