[08/10/18, 21:29:48:432] info: ╔═════════════════════════════════════════════════════════════════════════════════╗
[08/10/18, 21:29:48:437] info: ║      Slack 3.2.1, linux 4.10.0-38-generic on x64 at 08/10/18, 21:29:48:424      ║
[08/10/18, 21:29:48:438] info: ╚═════════════════════════════════════════════════════════════════════════════════╝
[08/10/18, 21:29:48:743] info: Initializing local storage instance at path: /home/nozomi/dotfiles/.config/Slack/local-settings.json
[08/10/18, 21:29:49:580] info: Main window preload script finished
{
  "readyTime": 2138.120807
}
[08/10/18, 21:29:49:619] info: Store: UPDATE_SESSION_STATUS
{
  "hasValidSession": null,
  "teamId": "TB9PVC95H"
}
[08/10/18, 21:29:49:620] info: Store: UPSERT_WEB_CONTENTS
{
  "id": 16,
  "state": "loaded",
  "teamId": "T0253QGQ9"
}
[08/10/18, 21:29:49:621] info: Store: UPSERT_WEB_CONTENTS
{
  "id": 16,
  "state": "empty-page",
  "teamId": "T0253QGQ9"
}
[08/10/18, 21:29:49:621] info: Store: UPSERT_WEB_CONTENTS
{
  "id": 16,
  "state": "page-will-navigate",
  "teamId": "T0253QGQ9"
}
[08/10/18, 21:29:49:622] info: Store: UPDATE_SESSION_STATUS
{
  "hasValidSession": null,
  "teamId": "T0253QGQ9"
}
[08/10/18, 21:29:49:622] info: Store: UPSERT_WEB_CONTENTS
{
  "id": 18,
  "state": "loaded",
  "teamId": "T0EHMQ4HM"
}
[08/10/18, 21:29:49:622] info: Store: UPSERT_WEB_CONTENTS
{
  "id": 18,
  "state": "empty-page",
  "teamId": "T0EHMQ4HM"
}
[08/10/18, 21:29:49:622] info: Store: UPSERT_WEB_CONTENTS
{
  "id": 18,
  "state": "page-will-navigate",
  "teamId": "T0EHMQ4HM"
}
[08/10/18, 21:29:49:623] info: Store: UPDATE_SESSION_STATUS
{
  "hasValidSession": null,
  "teamId": "T0EHMQ4HM"
}
[08/10/18, 21:29:49:623] info: Store: UPSERT_WEB_CONTENTS
{
  "id": 19,
  "state": "loaded",
  "teamId": "T031FNTUT"
}
[08/10/18, 21:29:49:623] info: Store: UPSERT_WEB_CONTENTS
{
  "id": 19,
  "state": "empty-page",
  "teamId": "T031FNTUT"
}
[08/10/18, 21:29:49:624] info: Store: UPSERT_WEB_CONTENTS
{
  "id": 19,
  "state": "page-will-navigate",
  "teamId": "T031FNTUT"
}
[08/10/18, 21:29:49:624] info: Store: UPDATE_SESSION_STATUS
{
  "hasValidSession": null,
  "teamId": "T031FNTUT"
}
[08/10/18, 21:29:49:625] info: Store: UPSERT_WEB_CONTENTS
{
  "id": 17,
  "state": "loaded",
  "teamId": "TB9PVC95H"
}
[08/10/18, 21:29:49:632] info: Store: UPSERT_WEB_CONTENTS
{
  "id": 17,
  "state": "empty-page",
  "teamId": "TB9PVC95H"
}
[08/10/18, 21:29:49:644] info: Store: UPSERT_WEB_CONTENTS
{
  "id": 17,
  "state": "page-will-navigate",
  "teamId": "TB9PVC95H"
}
[08/17/18, 09:32:52:008] info: ╔═════════════════════════════════════════════════════════════════════════════════╗
[08/17/18, 09:32:52:016] info: ║      Slack 3.2.1, linux 4.10.0-38-generic on x64 at 08/17/18, 09:32:51:976      ║
[08/17/18, 09:32:52:016] info: ╚═════════════════════════════════════════════════════════════════════════════════╝
[08/17/18, 09:32:52:556] info: Initializing local storage instance at path: /home/nozomi/dotfiles/.config/Slack/local-settings.json
[08/17/18, 09:32:53:582] info: Main window preload script finished
{
  "readyTime": 2900.962785
}
[08/17/18, 09:32:53:610] info: Store: UPSERT_WEB_CONTENTS
{
  "id": 8,
  "state": "loaded",
  "teamId": "T031FNTUT"
}
[08/17/18, 09:32:53:612] info: Store: UPSERT_WEB_CONTENTS
{
  "id": 8,
  "state": "empty-page",
  "teamId": "T031FNTUT"
}
[08/17/18, 09:32:53:613] info: Store: UPSERT_WEB_CONTENTS
{
  "id": 8,
  "state": "page-will-navigate",
  "teamId": "T031FNTUT"
}
[08/17/18, 09:32:53:614] info: Store: UPDATE_SESSION_STATUS
{
  "hasValidSession": null,
  "teamId": "T031FNTUT"
}
[08/17/18, 09:32:53:615] info: Store: UPSERT_WEB_CONTENTS
{
  "id": 10,
  "state": "loaded",
  "teamId": "T0253QGQ9"
}
[08/17/18, 09:32:53:615] info: Store: UPSERT_WEB_CONTENTS
{
  "id": 10,
  "state": "empty-page",
  "teamId": "T0253QGQ9"
}
[08/17/18, 09:32:53:616] info: Store: UPSERT_WEB_CONTENTS
{
  "id": 10,
  "state": "page-will-navigate",
  "teamId": "T0253QGQ9"
}
[08/17/18, 09:32:53:616] info: Store: UPDATE_SESSION_STATUS
{
  "hasValidSession": null,
  "teamId": "T0253QGQ9"
}
[08/17/18, 09:32:53:616] info: Store: UPSERT_WEB_CONTENTS
{
  "id": 11,
  "state": "loaded",
  "teamId": "TB9PVC95H"
}
[08/17/18, 09:32:53:617] info: Store: UPSERT_WEB_CONTENTS
{
  "id": 11,
  "state": "empty-page",
  "teamId": "TB9PVC95H"
}
[08/17/18, 09:32:53:618] info: Store: UPSERT_WEB_CONTENTS
{
  "id": 11,
  "state": "page-will-navigate",
  "teamId": "TB9PVC95H"
}
[08/17/18, 09:32:53:618] info: Store: UPDATE_SESSION_STATUS
{
  "hasValidSession": null,
  "teamId": "TB9PVC95H"
}
[08/17/18, 09:32:53:620] info: Store: UPSERT_WEB_CONTENTS
{
  "id": 9,
  "state": "loaded",
  "teamId": "T0EHMQ4HM"
}
[08/17/18, 09:32:53:666] info: Store: UPSERT_WEB_CONTENTS
{
  "id": 9,
  "state": "empty-page",
  "teamId": "T0EHMQ4HM"
}
[08/17/18, 09:32:53:688] info: Store: UPSERT_WEB_CONTENTS
{
  "id": 9,
  "state": "page-will-navigate",
  "teamId": "T0EHMQ4HM"
}
