[06/28/18, 10:54:00:030] info: ╔═════════════════════════════════════════════════════════════════════════════════╗
[06/28/18, 10:54:00:031] info: ║      Slack 3.2.1, linux 4.10.0-38-generic on x64 at 06/28/18, 10:54:00:026      ║
[06/28/18, 10:54:00:031] info: ╚═════════════════════════════════════════════════════════════════════════════════╝
[06/28/18, 10:54:00:165] info: Initializing local storage instance at path: /home/nozomi/dotfiles/.config/Slack/local-settings.json
[06/28/18, 10:54:00:508] info: Main window preload script finished
{
  "readyTime": 910.359391
}
[06/28/18, 10:54:00:534] info: Store: UPSERT_WEB_CONTENTS
{
  "id": 3,
  "state": "loaded",
  "teamId": "TB47MRNBZ"
}
[06/28/18, 10:54:00:549] info: Store: UPSERT_WEB_CONTENTS
{
  "id": 3,
  "state": "empty-page",
  "teamId": "TB47MRNBZ"
}
[06/28/18, 10:54:00:555] info: Store: UPSERT_WEB_CONTENTS
{
  "id": 3,
  "state": "page-will-navigate",
  "teamId": "TB47MRNBZ"
}
[06/28/18, 10:54:00:598] info: Store: UPSERT_WEB_CONTENTS
{
  "id": 4,
  "state": "loaded",
  "teamId": "T031FNTUT"
}
[06/28/18, 10:54:00:605] info: Store: UPSERT_WEB_CONTENTS
{
  "id": 4,
  "state": "empty-page",
  "teamId": "T031FNTUT"
}
[06/28/18, 10:54:00:609] info: Store: UPSERT_WEB_CONTENTS
{
  "id": 4,
  "state": "page-will-navigate",
  "teamId": "T031FNTUT"
}
