[08/12/18, 12:28:39:985] info: ╔═════════════════════════════════════════════════════════════════════════════════╗
[08/12/18, 12:28:39:988] info: ║      Slack 3.2.1, linux 4.10.0-38-generic on x64 at 08/12/18, 12:28:39:969      ║
[08/12/18, 12:28:39:988] info: ╚═════════════════════════════════════════════════════════════════════════════════╝
[08/12/18, 12:28:40:424] info: Initializing local storage instance at path: /home/nozomi/dotfiles/.config/Slack/local-settings.json
[08/12/18, 12:28:41:393] error: Desktop module calls failed to load
{
  "error": {
    "message": "libCallsCore.so: å±æãªãã¸ã§ã¯ããã¡ã¤ã«ãéãã¾ãã: ãã®ãããªãã¡ã¤ã«ããã£ã¬ã¯ããªã¯ããã¾ãã",
    "stack": "Error: libCallsCore.so: å±æãªãã¸ã§ã¯ããã¡ã¤ã«ãéãã¾ãã: ãã®ãããªãã¡ã¤ã«ããã£ã¬ã¯ããªã¯ããã¾ãã\n    at process.module.(anonymous function) [as dlopen] (ELECTRON_ASAR.js:172:20)\n    at Object.Module._extensions..node (module.js:671:18)\n    at Object.module.(anonymous function) [as .node] (ELECTRON_ASAR.js:186:18)\n    at Module.load (module.js:561:32)\n    at tryModuleLoad (module.js:504:12)\n    at Function.Module._load (module.js:496:3)\n    at Module.require (module.js:586:17)\n    at require (internal/module.js:11:18)\n    at bindings (/usr/lib/slack/resources/app.asar/node_modules/@slack/slack-calls-prebuilt/modules/@slack/slack-calls/node_modules/bindings/bindings.js:81:44)\n    at Object.<anonymous> (/usr/lib/slack/resources/app.asar/node_modules/@slack/slack-calls-prebuilt/modules/@slack/slack-calls/index.js:1:192)"
  }
}
[08/12/18, 12:28:41:393] error: Desktop module calls failed to load
[08/12/18, 12:28:41:449] info: cld3::loadModule: loading cld3 module
[08/12/18, 12:28:41:490] info: cld3Loader::loadModule: running environment is NODE
[08/12/18, 12:28:41:490] info: cld3Loader::loadModule: constructed module object for runtime
[08/12/18, 12:28:41:792] info: cld3Loader::initializeRuntime: successfully initialized module
[08/12/18, 12:28:41:792] info: cld3Loader::loadModule: initialized wasm binary Runtime
[08/12/18, 12:28:41:811] info: SpellChecker:: updateSpellcheckerLanguage: Skip to set new language null, v2 spellchecker is not available
[08/12/18, 12:28:41:847] info: Main window preload script finished
{
  "readyTime": 2472.265135
}
[08/12/18, 12:28:46:187] info: Store: UPSERT_WEB_CONTENTS
{
  "id": 7,
  "state": "loaded",
  "teamId": "T0EHMQ4HM"
}
[08/12/18, 12:28:46:208] info: Store: UPDATE_SESSION_STATUS
{
  "hasValidSession": true,
  "teamId": "T0EHMQ4HM"
}
[08/12/18, 12:28:46:215] info: Store: UPSERT_WEB_CONTENTS
{
  "id": 5,
  "state": "loaded",
  "teamId": "TB9PVC95H"
}
[08/12/18, 12:28:46:749] info: Store: UPSERT_WEB_CONTENTS
{
  "id": 4,
  "state": "loaded",
  "teamId": "T031FNTUT"
}
[08/12/18, 12:28:46:750] info: Store: UPSERT_WEB_CONTENTS
{
  "id": 6,
  "state": "loaded",
  "teamId": "T0253QGQ9"
}
[08/12/18, 12:28:46:751] info: Store: UPDATE_SESSION_STATUS
{
  "hasValidSession": true,
  "teamId": "TB9PVC95H"
}
[08/12/18, 12:28:46:751] info: Store: UPDATE_SESSION_STATUS
{
  "hasValidSession": true,
  "teamId": "T031FNTUT"
}
[08/12/18, 12:28:46:752] info: Store: SELECT_CHANNEL D8F14DS03
[08/12/18, 12:28:46:752] info: Store: UPDATE_TEAM_LOCALE
{
  "locale": "en-US"
}
[08/12/18, 12:28:46:752] info: Store: UPDATE_SETTINGS
{
  "locale": "en-US"
}
[08/12/18, 12:28:47:226] info: Store: UPDATE_SESSION_STATUS
{
  "hasValidSession": true,
  "teamId": "T0253QGQ9"
}
[08/12/18, 12:28:49:456] info: Skipping request to provide hint content for channel for spellchecker
{
  "version": "V2"
}
[08/12/18, 12:28:49:761] info: Store: UPSERT_WEB_CONTENTS
{
  "id": 3,
  "state": "loaded",
  "teamId": "TB47MRNBZ"
}
[08/12/18, 12:28:49:763] info: Store: MAIN_WINDOW_SHOWN
[08/12/18, 12:28:49:991] info: Store: SET_FULL_SCREEN
[08/12/18, 12:28:49:991] info: Store: SET_FULL_SCREEN
[08/12/18, 12:28:49:992] info: Store: SET_FULL_SCREEN
[08/12/18, 12:28:50:391] info: Store: UPDATE_TEAM_ICONS
{
  "icons": {
    "image_102": "https://slack-files2.s3-us-west-2.amazonaws.com/avatars/2016-02-09/20695263396_797fade00acfc3f5c402_102.jpg",
    "image_132": "https://slack-files2.s3-us-west-2.amazonaws.com/avatars/2016-02-09/20695263396_797fade00acfc3f5c402_132.jpg",
    "image_230": "https://slack-files2.s3-us-west-2.amazonaws.com/avatars/2016-02-09/20695263396_797fade00acfc3f5c402_132.jpg",
    "image_34": "https://slack-files2.s3-us-west-2.amazonaws.com/avatars/2016-02-09/20695263396_797fade00acfc3f5c402_34.jpg",
    "image_44": "https://slack-files2.s3-us-west-2.amazonaws.com/avatars/2016-02-09/20695263396_797fade00acfc3f5c402_44.jpg",
    "image_68": "https://slack-files2.s3-us-west-2.amazonaws.com/avatars/2016-02-09/20695263396_797fade00acfc3f5c402_68.jpg",
    "image_88": "https://slack-files2.s3-us-west-2.amazonaws.com/avatars/2016-02-09/20695263396_797fade00acfc3f5c402_88.jpg",
    "image_original": "https://slack-files2.s3-us-west-2.amazonaws.com/avatars/2016-02-09/20695263396_797fade00acfc3f5c402_original.jpg"
  },
  "teamId": "T0EHMQ4HM"
}
[08/12/18, 12:28:50:392] info: Store: SET_FULL_SCREEN
[08/12/18, 12:28:50:392] info: Store: SELECT_CHANNEL CB9AUBY1X
[08/12/18, 12:28:50:393] info: Store: UPDATE_TEAM_LOCALE
{
  "locale": "en-US",
  "teamId": "TB9PVC95H"
}
[08/12/18, 12:28:50:394] info: Store: UPDATE_TEAM_THEME
{
  "teamId": "TB9PVC95H",
  "theme": {
    "active_item": "#F79F66",
    "active_item_text": "#FFFFFF",
    "active_presence": "#F79F66",
    "badge": "#F15340",
    "column_bg": "#0D7E83",
    "hover_item": "#D37C71",
    "menu_bg": "#076570",
    "text_color": "#FFFFFF"
  }
}
[08/12/18, 12:28:50:395] info: Store: UPDATE_SESSION_STATUS
{
  "hasValidSession": true,
  "teamId": "TB47MRNBZ"
}
[08/12/18, 12:28:50:396] info: Store: UPDATE_TEAM_LOCALE
{
  "locale": "en-US",
  "teamId": "T0EHMQ4HM"
}
[08/12/18, 12:28:50:397] info: Store: UPSERT_WEB_CONTENTS
{
  "id": 7,
  "state": "webapp-loaded",
  "teamId": "T0EHMQ4HM"
}
[08/12/18, 12:28:50:399] info: Store: UPDATE_SETTINGS
{
  "sandboxSigninWindow": true
}
[08/12/18, 12:28:50:823] info: Store: UPDATE_TEAM_ICONS
{
  "icons": {
    "image_102": "https://slack-files2.s3-us-west-2.amazonaws.com/avatars/2018-06-19/383369855361_565ff4439cdcd8979080_102.png",
    "image_132": "https://slack-files2.s3-us-west-2.amazonaws.com/avatars/2018-06-19/383369855361_565ff4439cdcd8979080_132.png",
    "image_230": "https://slack-files2.s3-us-west-2.amazonaws.com/avatars/2018-06-19/383369855361_565ff4439cdcd8979080_230.png",
    "image_34": "https://slack-files2.s3-us-west-2.amazonaws.com/avatars/2018-06-19/383369855361_565ff4439cdcd8979080_34.png",
    "image_44": "https://slack-files2.s3-us-west-2.amazonaws.com/avatars/2018-06-19/383369855361_565ff4439cdcd8979080_44.png",
    "image_68": "https://slack-files2.s3-us-west-2.amazonaws.com/avatars/2018-06-19/383369855361_565ff4439cdcd8979080_68.png",
    "image_88": "https://slack-files2.s3-us-west-2.amazonaws.com/avatars/2018-06-19/383369855361_565ff4439cdcd8979080_88.png",
    "image_original": "https://slack-files2.s3-us-west-2.amazonaws.com/avatars/2018-06-19/383369855361_565ff4439cdcd8979080_original.png"
  },
  "teamId": "TB9PVC95H"
}
[08/12/18, 12:28:50:824] info: Store: SAVE_WINDOW_SETTINGS
{
  "isMaximized": false,
  "position": [
    575,
    134
  ],
  "size": [
    1024,
    765
  ]
}
[08/12/18, 12:28:50:830] info: Store: STORE_ENTERPRISE_ID_PAIR
{
  "enterpriseId": null,
  "teamId": "T0EHMQ4HM"
}
[08/12/18, 12:28:50:831] info: Store: STORE_API_TOKEN
{
  "teamId": "T0EHMQ4HM",
  "token": "xoxs-⋯"
}
[08/12/18, 12:28:50:831] info: Store: UPDATE_TEAM_THEME
{
  "teamId": "T0EHMQ4HM",
  "theme": {
    "active_item": "#4C9689",
    "active_item_text": "#FFFFFF",
    "active_presence": "#38978D",
    "badge": "#EB4D5C",
    "column_bg": "#4D394B",
    "hover_item": "#3E313C",
    "menu_bg": "#3E313C",
    "text_color": "#FFFFFF"
  }
}
[08/12/18, 12:28:50:832] info: Store: UPDATE_TEAM_LOCALE
{
  "locale": "en-US",
  "teamId": "TB9PVC95H"
}
[08/12/18, 12:28:50:833] info: Store: UPSERT_WEB_CONTENTS
{
  "id": 5,
  "state": "webapp-loaded",
  "teamId": "TB9PVC95H"
}
[08/12/18, 12:28:50:834] info: Store: UPDATE_SETTINGS
{
  "sandboxSigninWindow": true
}
[08/12/18, 12:28:50:834] info: Store: SELECT_CHANNEL G8PUNETS9
[08/12/18, 12:28:50:838] info: Store: SET_FULL_SCREEN
[08/12/18, 12:28:50:838] info: Store: STORE_ENTERPRISE_ID_PAIR
{
  "enterpriseId": null,
  "teamId": "TB9PVC95H"
}
[08/12/18, 12:28:50:839] info: Store: STORE_API_TOKEN
{
  "teamId": "TB9PVC95H",
  "token": "xoxs-⋯"
}
[08/12/18, 12:28:50:841] info: Store: SELECT_CHANNEL CB47MRRTR
[08/12/18, 12:28:50:841] info: Store: UPDATE_TEAM_LOCALE
{
  "locale": "en-US"
}
[08/12/18, 12:28:50:842] info: Store: UPDATE_TEAM_LOCALE
{
  "locale": "en-US",
  "teamId": "T0253QGQ9"
}
[08/12/18, 12:28:50:842] info: Store: UPDATE_TEAM_THEME
{
  "teamId": "T0253QGQ9",
  "theme": {
    "active_item": "#4C9689",
    "active_item_text": "#FFFFFF",
    "active_presence": "#38978D",
    "badge": "#EB4D5C",
    "column_bg": "#4D394B",
    "hover_item": "#3E313C",
    "menu_bg": "#3E313C",
    "text_color": "#FFFFFF"
  }
}
[08/12/18, 12:28:50:843] info: Store: SELECT_CHANNEL D5A4B1XCZ
[08/12/18, 12:28:50:843] info: Store: UPDATE_TEAM_LOCALE
{
  "locale": "en-US",
  "teamId": "T031FNTUT"
}
[08/12/18, 12:28:50:844] info: Store: UPDATE_TEAM_THEME
{
  "teamId": "T031FNTUT",
  "theme": {
    "active_item": "#95BFEA",
    "active_item_text": "#FFFFFF",
    "active_presence": "#FFFF00",
    "badge": "#AAFFFF",
    "column_bg": "#40E0D0",
    "hover_item": "#48D1CC",
    "menu_bg": "#AAFFFF",
    "text_color": "#FFFFFF"
  }
}
[08/12/18, 12:28:50:851] info: Store: UPDATE_TEAM_ICONS
{
  "icons": {
    "image_102": "https://slack-files2.s3-us-west-2.amazonaws.com/avatars/2018-06-03/374893698933_72b5d36d5faee5d1ece8_102.png",
    "image_132": "https://slack-files2.s3-us-west-2.amazonaws.com/avatars/2018-06-03/374893698933_72b5d36d5faee5d1ece8_132.png",
    "image_230": "https://slack-files2.s3-us-west-2.amazonaws.com/avatars/2018-06-03/374893698933_72b5d36d5faee5d1ece8_230.png",
    "image_34": "https://slack-files2.s3-us-west-2.amazonaws.com/avatars/2018-06-03/374893698933_72b5d36d5faee5d1ece8_34.png",
    "image_44": "https://slack-files2.s3-us-west-2.amazonaws.com/avatars/2018-06-03/374893698933_72b5d36d5faee5d1ece8_44.png",
    "image_68": "https://slack-files2.s3-us-west-2.amazonaws.com/avatars/2018-06-03/374893698933_72b5d36d5faee5d1ece8_68.png",
    "image_88": "https://slack-files2.s3-us-west-2.amazonaws.com/avatars/2018-06-03/374893698933_72b5d36d5faee5d1ece8_88.png",
    "image_original": "https://slack-files2.s3-us-west-2.amazonaws.com/avatars/2018-06-03/374893698933_72b5d36d5faee5d1ece8_original.png"
  },
  "teamId": "T0253QGQ9"
}
[08/12/18, 12:28:50:851] info: Store: UPDATE_TEAM_LOCALE
{
  "locale": "en-US",
  "teamId": "T0253QGQ9"
}
[08/12/18, 12:28:50:852] info: Store: UPSERT_WEB_CONTENTS
{
  "id": 6,
  "state": "webapp-loaded",
  "teamId": "T0253QGQ9"
}
[08/12/18, 12:28:50:853] info: Store: UPDATE_SETTINGS
{
  "sandboxSigninWindow": true
}
[08/12/18, 12:28:50:854] info: Store: STORE_ENTERPRISE_ID_PAIR
{
  "enterpriseId": null,
  "teamId": "T0253QGQ9"
}
[08/12/18, 12:28:50:854] info: Store: STORE_API_TOKEN
{
  "teamId": "T0253QGQ9",
  "token": "xoxs-⋯"
}
[08/12/18, 12:28:50:855] info: Store: UPDATE_TEAM_ICONS
{
  "icons": {
    "image_102": "https://slack-files2.s3-us-west-2.amazonaws.com/avatars/2016-05-12/42266573955_325ce791cc9957bfae5b_102.png",
    "image_132": "https://slack-files2.s3-us-west-2.amazonaws.com/avatars/2016-05-12/42266573955_325ce791cc9957bfae5b_132.png",
    "image_230": "https://slack-files2.s3-us-west-2.amazonaws.com/avatars/2016-05-12/42266573955_325ce791cc9957bfae5b_132.png",
    "image_34": "https://slack-files2.s3-us-west-2.amazonaws.com/avatars/2016-05-12/42266573955_325ce791cc9957bfae5b_34.png",
    "image_44": "https://slack-files2.s3-us-west-2.amazonaws.com/avatars/2016-05-12/42266573955_325ce791cc9957bfae5b_44.png",
    "image_68": "https://slack-files2.s3-us-west-2.amazonaws.com/avatars/2016-05-12/42266573955_325ce791cc9957bfae5b_68.png",
    "image_88": "https://slack-files2.s3-us-west-2.amazonaws.com/avatars/2016-05-12/42266573955_325ce791cc9957bfae5b_88.png",
    "image_original": "https://slack-files2.s3-us-west-2.amazonaws.com/avatars/2016-05-12/42266573955_325ce791cc9957bfae5b_original.png"
  },
  "teamId": "T031FNTUT"
}
[08/12/18, 12:28:50:857] info: Store: UPDATE_TEAM_LOCALE
{
  "locale": "en-US",
  "teamId": "T031FNTUT"
}
[08/12/18, 12:28:50:858] info: Store: UPSERT_WEB_CONTENTS
{
  "id": 4,
  "state": "webapp-loaded",
  "teamId": "T031FNTUT"
}
[08/12/18, 12:28:50:859] info: Store: UPDATE_SETTINGS
{
  "sandboxSigninWindow": true
}
[08/12/18, 12:28:50:859] info: Store: UPDATE_TEAM_ICONS
{
  "icons": {
    "image_102": "https://slack-files2.s3-us-west-2.amazonaws.com/avatars/2018-06-07/376989294276_dc48b88a894bc469a541_102.jpg",
    "image_132": "https://slack-files2.s3-us-west-2.amazonaws.com/avatars/2018-06-07/376989294276_dc48b88a894bc469a541_132.jpg",
    "image_230": "https://slack-files2.s3-us-west-2.amazonaws.com/avatars/2018-06-07/376989294276_dc48b88a894bc469a541_230.jpg",
    "image_34": "https://slack-files2.s3-us-west-2.amazonaws.com/avatars/2018-06-07/376989294276_dc48b88a894bc469a541_34.jpg",
    "image_44": "https://slack-files2.s3-us-west-2.amazonaws.com/avatars/2018-06-07/376989294276_dc48b88a894bc469a541_44.jpg",
    "image_68": "https://slack-files2.s3-us-west-2.amazonaws.com/avatars/2018-06-07/376989294276_dc48b88a894bc469a541_68.jpg",
    "image_88": "https://slack-files2.s3-us-west-2.amazonaws.com/avatars/2018-06-07/376989294276_dc48b88a894bc469a541_88.jpg",
    "image_original": "https://slack-files2.s3-us-west-2.amazonaws.com/avatars/2018-06-07/376989294276_dc48b88a894bc469a541_original.jpg"
  },
  "teamId": "TB47MRNBZ"
}
[08/12/18, 12:28:50:860] info: Store: UPDATE_TEAM_LOCALE
{
  "locale": "en-US",
  "teamId": "TB47MRNBZ"
}
[08/12/18, 12:28:50:861] info: Store: UPSERT_WEB_CONTENTS
{
  "id": 3,
  "state": "webapp-loaded",
  "teamId": "TB47MRNBZ"
}
[08/12/18, 12:28:50:862] info: Store: UPDATE_SETTINGS
{
  "sandboxSigninWindow": true
}
[08/12/18, 12:28:50:865] info: Store: STORE_ENTERPRISE_ID_PAIR
{
  "enterpriseId": null,
  "teamId": "T031FNTUT"
}
[08/12/18, 12:28:50:867] info: Store: STORE_API_TOKEN
{
  "teamId": "T031FNTUT",
  "token": "xoxs-⋯"
}
[08/12/18, 12:28:50:880] info: Store: STORE_ENTERPRISE_ID_PAIR
{
  "enterpriseId": null,
  "teamId": "TB47MRNBZ"
}
[08/12/18, 12:28:50:890] info: postLoadTaskSetup: Setup spellchecker
{
  "version": "V2"
}
[08/12/18, 12:28:50:901] info: loadAsmModule: loading hunspell-asm module
[08/12/18, 12:28:51:213] info: loadAsmModule: asm module loaded successfully
[08/12/18, 12:28:51:213] info: SpellChecker: Starting spellchecker with language detector
[08/12/18, 12:28:51:215] info: SpellChecker::enableSpellCheckerLanguageDetector: enable spellchecker language detector
[08/12/18, 12:28:51:216] info: SpellChecker::startWithDictionary: Starting language detector with preloaded dict from last used language en
[08/12/18, 12:28:51:281] info: Store: UPDATE_TEAM_THEME
{
  "teamId": "TB47MRNBZ",
  "theme": {
    "active_item": "#6698C8",
    "active_item_text": "#FFFFFF",
    "active_presence": "#94E864",
    "badge": "#78AF8F",
    "column_bg": "#303E4D",
    "hover_item": "#4A5664",
    "menu_bg": "#2C3849",
    "text_color": "#FFFFFF"
  }
}
[08/12/18, 12:28:51:289] info: download: downloading dictionary for 'en-us'
[08/12/18, 12:28:51:289] info: fetchResourceAsBuffer: downloading
{
  "filePath": "https://spellcheck.slack-edge.com/dictionaries/en-us/1/en-us.aff",
  "cachePolicy": "default"
}
[08/12/18, 12:28:52:302] info: fetchResourceAsBuffer: downloading
{
  "filePath": "https://spellcheck.slack-edge.com/dictionaries/en-us/1/en-us.dic",
  "cachePolicy": "default"
}
[08/12/18, 12:28:52:665] info: Store: SET_FULL_SCREEN
[08/12/18, 12:28:53:613] info: Store: SAVE_WINDOW_SETTINGS
{
  "isMaximized": false,
  "position": [
    575,
    134
  ],
  "size": [
    1024,
    765
  ]
}
[08/12/18, 12:28:54:587] info: Store: SET_FULL_SCREEN
[08/12/18, 12:28:54:604] info: Store: SET_FULL_SCREEN
[08/12/18, 12:28:55:065] info: dictionaryDownloader: verifying hash
[08/12/18, 12:28:55:094] info: SpellChecker::downloadDictionary: Dictionary is ready for 
{
  "language": "en"
}
[08/12/18, 12:28:55:144] info: assignSpellchecker: spellCheckerTable added new checker for 'en'
[08/12/18, 12:28:55:145] info: SpellChecker::prepareDictionary: Dictionary buffer for 'en' is loaded into spellchecker
[08/12/18, 12:28:55:146] info: switchDictionary: switching dictionary to check spell from 'null' to 'en'
[08/12/18, 12:28:55:148] info: SpellChecker::switchDictionary: SpellChecker enabled for language
{
  "language": "en"
}
[08/12/18, 12:48:14:846] info: Store: SET_FULL_SCREEN
[08/12/18, 12:51:16:711] info: Store: SET_FULL_SCREEN
[08/12/18, 12:51:39:000] info: Store: SET_FULL_SCREEN
[08/12/18, 12:51:39:057] info: Store: SET_FULL_SCREEN
[08/12/18, 12:51:42:929] info: Store: MAIN_WINDOW_FOCUSED
[08/12/18, 12:51:43:082] info: Store: SELECT_TEAM T031FNTUT
[08/12/18, 12:51:48:334] info: Store: SELECT_CHANNEL DB6TWL9RU
[08/12/18, 12:51:52:519] info: Store: SELECT_CHANNEL GC061U81F
[08/12/18, 12:51:53:706] info: Store: SELECT_CHANNEL D7GN1MWQM
[08/12/18, 12:51:54:582] info: Store: SELECT_CHANNEL GC061U81F
[08/12/18, 12:52:16:990] info: Store: SET_FULL_SCREEN
[08/12/18, 12:52:18:036] info: Store: MAIN_WINDOW_FOCUSED
[08/12/18, 12:52:18:047] info: Store: SET_FULL_SCREEN
[08/12/18, 12:52:19:017] info: Store: SAVE_WINDOW_SETTINGS
{
  "isMaximized": false,
  "position": [
    575,
    134
  ],
  "size": [
    1024,
    765
  ]
}
[08/12/18, 12:52:38:781] info: Store: SET_FULL_SCREEN
[08/12/18, 12:52:45:201] info: Store: SET_FULL_SCREEN
[08/12/18, 12:52:45:237] info: Store: MAIN_WINDOW_FOCUSED
[08/12/18, 12:52:46:193] info: Store: SAVE_WINDOW_SETTINGS
{
  "isMaximized": false,
  "position": [
    575,
    134
  ],
  "size": [
    1024,
    765
  ]
}
[08/12/18, 12:54:17:159] info: Store: SET_FULL_SCREEN
[08/12/18, 13:27:55:518] info: Store: NEW_NOTIFICATION
{
  "avatarImage": "https://ca.slack-edge.com/TB47MRNBZ-UB3ACL5K7-08de2941195e-512",
  "channel": "CB47MRRTR",
  "content": "[REDACTED]",
  "id": "Z0nPFMhy43DVGR0",
  "launchUri": "slack://channel?id=CB47MRRTR&message=1534048075.000014&team=TB47MRNBZ",
  "msg": "1534048075.000014",
  "silent": true,
  "subtitle": "",
  "teamId": "TB47MRNBZ",
  "title": "[REDACTED]"
}
[08/12/18, 13:27:58:184] info: Store: NEW_NOTIFICATION
{
  "avatarImage": "https://ca.slack-edge.com/TB47MRNBZ-UB3ACL5K7-08de2941195e-512",
  "channel": "CB47MRRTR",
  "content": "[REDACTED]",
  "id": "x1xJtLiwKBE486y",
  "launchUri": "slack://channel?id=CB47MRRTR&message=1534048077.000071&team=TB47MRNBZ",
  "msg": "1534048077.000071",
  "silent": true,
  "subtitle": "",
  "teamId": "TB47MRNBZ",
  "title": "[REDACTED]"
}
[08/12/18, 13:33:40:035] info: Store: SET_FULL_SCREEN
[08/12/18, 13:33:40:692] info: Store: SET_FULL_SCREEN
[08/12/18, 13:33:48:224] info: Store: SET_FULL_SCREEN
[08/12/18, 13:33:56:393] info: Store: SET_FULL_SCREEN
[08/12/18, 13:33:56:418] info: Store: SET_FULL_SCREEN
[08/12/18, 13:33:58:442] info: Store: SET_FULL_SCREEN
[08/12/18, 13:33:58:444] info: Store: SET_FULL_SCREEN
[08/12/18, 13:33:59:712] info: Store: SET_FULL_SCREEN
[08/12/18, 13:33:59:724] info: Store: SET_FULL_SCREEN
[08/12/18, 13:34:14:540] info: Store: SET_FULL_SCREEN
[08/12/18, 13:34:14:544] info: Store: SET_FULL_SCREEN
[08/12/18, 13:34:15:067] info: Store: SET_FULL_SCREEN
[08/12/18, 13:34:15:098] info: Store: SET_FULL_SCREEN
[08/12/18, 13:34:27:863] info: Store: SET_FULL_SCREEN
[08/12/18, 13:34:27:870] info: Store: SET_FULL_SCREEN
[08/12/18, 13:34:28:547] info: Store: SET_FULL_SCREEN
[08/12/18, 13:34:28:567] info: Store: SET_FULL_SCREEN
[08/12/18, 13:34:28:935] info: Store: SET_FULL_SCREEN
[08/12/18, 13:34:28:940] info: Store: SET_FULL_SCREEN
[08/12/18, 13:35:44:996] info: Store: SET_FULL_SCREEN
[08/12/18, 13:35:45:007] info: Store: SET_FULL_SCREEN
[08/12/18, 13:36:03:011] info: Store: NEW_NOTIFICATION
{
  "avatarImage": "https://ca.slack-edge.com/T031FNTUT-U5A639PTP-edb8fa505c4f-512",
  "channel": "GC061U81F",
  "content": "[REDACTED]",
  "id": "VQ94hlhJw8LjYJE",
  "imageUri": null,
  "launchUri": "slack://channel?id=GC061U81F&message=1534048562.000027&team=T031FNTUT",
  "msg": "1534048562.000027",
  "silent": true,
  "subtitle": "",
  "teamId": "T031FNTUT",
  "title": "[REDACTED]"
}
[08/12/18, 13:36:05:819] info: Store: SET_FULL_SCREEN
[08/12/18, 13:36:05:877] info: Store: SET_FULL_SCREEN
[08/12/18, 13:36:54:910] info: Store: SET_FULL_SCREEN
[08/12/18, 13:36:54:911] info: Store: SET_FULL_SCREEN
[08/12/18, 13:38:43:276] info: Store: NEW_NOTIFICATION
{
  "avatarImage": "https://ca.slack-edge.com/T031FNTUT-U04KRG00A-2f202a8ff96a-512",
  "channel": "GC061U81F",
  "content": "[REDACTED]",
  "id": "k7PGFki9M3KjXBl",
  "imageUri": null,
  "launchUri": "slack://channel?id=GC061U81F&message=1534048722.000027&team=T031FNTUT",
  "msg": "1534048722.000027",
  "silent": true,
  "subtitle": "",
  "teamId": "T031FNTUT",
  "title": "[REDACTED]"
}
[08/12/18, 13:38:45:493] info: Store: CLICK_NOTIFICATION
{
  "channel": "GC061U81F",
  "messageId": "1534048722.000027",
  "notificationId": "k7PGFki9M3KjXBl",
  "teamId": "T031FNTUT"
}
[08/12/18, 13:38:45:507] info: Store: SELECT_TEAM T031FNTUT
[08/12/18, 13:38:45:526] info: Store: SET_FULL_SCREEN
[08/12/18, 13:38:45:552] info: Store: SET_FULL_SCREEN
[08/12/18, 13:38:57:837] info: Store: SET_FULL_SCREEN
[08/12/18, 13:38:57:860] info: Store: SET_FULL_SCREEN
[08/12/18, 13:40:54:783] info: Store: SET_FULL_SCREEN
[08/12/18, 13:40:54:834] info: Store: SET_FULL_SCREEN
[08/12/18, 13:40:57:534] info: Store: SELECT_NEXT_TEAM
[08/12/18, 13:41:14:833] info: Store: SELECT_PREVIOUS_TEAM
[08/12/18, 13:41:39:958] info: Store: SET_FULL_SCREEN
[08/12/18, 13:41:39:991] info: Store: SET_FULL_SCREEN
[08/12/18, 14:20:37:455] info: Store: SET_FULL_SCREEN
[08/12/18, 14:20:37:472] info: Store: SET_FULL_SCREEN
[08/12/18, 14:20:40:518] info: Store: SET_FULL_SCREEN
[08/12/18, 14:20:40:531] info: Store: SET_FULL_SCREEN
[08/12/18, 14:20:42:222] info: Store: SET_FULL_SCREEN
[08/12/18, 14:20:42:238] info: Store: SET_FULL_SCREEN
[08/12/18, 14:20:43:042] info: Store: SET_FULL_SCREEN
[08/12/18, 14:20:43:083] info: Store: SET_FULL_SCREEN
[08/12/18, 14:20:44:222] info: Store: SET_FULL_SCREEN
[08/12/18, 14:20:44:235] info: Store: SET_FULL_SCREEN
[08/12/18, 14:20:57:555] info: Store: SET_FULL_SCREEN
[08/12/18, 14:21:06:514] info: Store: SET_FULL_SCREEN
[08/12/18, 14:21:07:385] info: Store: SET_FULL_SCREEN
[08/12/18, 14:21:08:604] info: Store: SET_FULL_SCREEN
[08/12/18, 14:21:09:021] info: Store: SET_FULL_SCREEN
[08/12/18, 14:21:09:370] info: Store: SET_FULL_SCREEN
[08/12/18, 14:21:09:912] info: Store: SET_FULL_SCREEN
[08/12/18, 14:21:10:897] info: Store: SET_FULL_SCREEN
[08/12/18, 14:21:12:901] info: Store: SET_FULL_SCREEN
[08/12/18, 14:21:13:927] info: Store: SET_FULL_SCREEN
[08/12/18, 15:20:01:151] error: Aug-12 15:20:01.151 SOCKET-MANAGER (TB47MRNBZ) Closing socket because #4108: unexpected socket closure
[08/12/18, 15:41:18:776] info: Store: SET_FULL_SCREEN
[08/12/18, 15:42:06:937] info: Store: SET_FULL_SCREEN
[08/12/18, 15:48:02:940] info: Store: SET_FULL_SCREEN
[08/12/18, 15:48:04:690] info: Store: SET_FULL_SCREEN
[08/12/18, 15:52:07:690] info: Store: SET_FULL_SCREEN
[08/12/18, 15:52:10:273] info: Store: SET_FULL_SCREEN
[08/12/18, 15:52:14:464] info: Store: SET_FULL_SCREEN
[08/12/18, 15:52:22:380] info: Store: SET_FULL_SCREEN
[08/12/18, 15:52:22:980] info: Store: SET_FULL_SCREEN
[08/12/18, 15:52:22:997] info: Store: SET_FULL_SCREEN
[08/12/18, 15:52:39:218] info: Store: SET_FULL_SCREEN
[08/12/18, 15:52:39:261] info: Store: SET_FULL_SCREEN
[08/12/18, 15:52:40:609] info: Store: SET_FULL_SCREEN
[08/12/18, 15:52:40:632] info: Store: SET_FULL_SCREEN
[08/12/18, 15:52:41:133] info: Store: SET_FULL_SCREEN
[08/12/18, 15:52:41:165] info: Store: SET_FULL_SCREEN
[08/12/18, 15:52:59:567] info: Store: SET_FULL_SCREEN
[08/12/18, 15:52:59:590] info: Store: SET_FULL_SCREEN
[08/12/18, 16:13:39:318] info: Store: SET_FULL_SCREEN
[08/12/18, 16:13:39:320] info: Store: SET_FULL_SCREEN
[08/12/18, 16:13:41:795] info: Store: SET_FULL_SCREEN
[08/12/18, 16:13:41:813] info: Store: SET_FULL_SCREEN
[08/12/18, 18:01:38:342] info: Store: SET_FULL_SCREEN
[08/12/18, 18:01:38:344] info: Store: SET_FULL_SCREEN
[08/12/18, 18:01:44:637] info: Store: SELECT_CHANNEL DBVCFSF17
[08/12/18, 18:03:39:735] info: Store: SET_FULL_SCREEN
[08/12/18, 18:03:39:748] info: Store: SET_FULL_SCREEN
[08/12/18, 18:03:48:624] info: Store: SET_FULL_SCREEN
[08/12/18, 18:03:48:643] info: Store: SET_FULL_SCREEN
[08/12/18, 18:04:25:794] info: Store: SET_FULL_SCREEN
[08/12/18, 18:04:25:804] info: Store: SET_FULL_SCREEN
[08/12/18, 18:04:48:891] info: Store: SET_FULL_SCREEN
[08/12/18, 18:04:48:915] info: Store: SET_FULL_SCREEN
[08/12/18, 18:04:53:923] info: Store: SELECT_CHANNEL D7GN1MWQM
[08/12/18, 18:04:57:268] info: Store: SELECT_CHANNEL DB6TWL9RU
[08/12/18, 18:07:21:880] info: Store: SET_FULL_SCREEN
[08/12/18, 18:07:21:902] info: Store: SET_FULL_SCREEN
[08/12/18, 18:07:33:030] info: Store: SET_FULL_SCREEN
[08/12/18, 18:07:33:054] info: Store: SET_FULL_SCREEN
[08/12/18, 18:07:40:477] info: Store: SET_FULL_SCREEN
[08/12/18, 18:07:40:505] info: Store: SET_FULL_SCREEN
[08/12/18, 18:07:40:961] info: Store: NEW_NOTIFICATION
{
  "avatarImage": "https://ca.slack-edge.com/T031FNTUT-UAA3043H8-f6c6b8b7b06a-512",
  "channel": "DB6TWL9RU",
  "content": "",
  "id": "VQ94h0sJwjyRzmE",
  "imageUri": null,
  "launchUri": "slack://channel?id=DB6TWL9RU&message=1534064860.000033&team=T031FNTUT",
  "msg": "1534064860.000033",
  "silent": true,
  "subtitle": "",
  "teamId": "T031FNTUT",
  "title": "[REDACTED]"
}
[08/12/18, 18:07:42:419] info: Store: SET_FULL_SCREEN
[08/12/18, 18:07:42:480] info: Store: SET_FULL_SCREEN
[08/12/18, 18:08:47:465] info: Store: SELECT_CHANNEL D5A4B1XCZ
[08/12/18, 18:08:47:913] info: Store: SELECT_CHANNEL D5A4B1X97
[08/12/18, 18:08:48:116] info: Store: SELECT_CHANNEL C7JAEE92M
[08/12/18, 18:08:48:321] info: Store: SELECT_CHANNEL C5TH9MTSM
[08/12/18, 18:08:48:512] info: Store: SELECT_CHANNEL C5BADNG5N
[08/12/18, 18:08:48:734] info: Store: SELECT_CHANNEL C4QLRLTTP
[08/12/18, 18:08:49:122] info: Store: SELECT_CHANNEL CAC7PMH6H
[08/12/18, 18:08:54:610] info: Store: SET_FULL_SCREEN
[08/12/18, 18:09:51:463] info: Store: SET_FULL_SCREEN
[08/12/18, 18:09:52:152] info: Store: SET_FULL_SCREEN
[08/12/18, 18:09:52:922] info: Store: SET_FULL_SCREEN
[08/12/18, 18:09:53:541] info: Store: SET_FULL_SCREEN
[08/12/18, 18:09:53:576] info: Store: SET_FULL_SCREEN
[08/12/18, 18:16:35:768] info: Store: SET_FULL_SCREEN
[08/12/18, 18:16:35:786] info: Store: SET_FULL_SCREEN
[08/12/18, 18:16:38:941] info: Store: SELECT_CHANNEL C4QLRLTTP
[08/12/18, 18:16:39:446] info: Store: SELECT_CHANNEL C5BADNG5N
[08/12/18, 18:16:40:094] info: Store: SELECT_CHANNEL C5TH9MTSM
[08/12/18, 18:16:40:945] info: Store: SELECT_CHANNEL C7JAEE92M
[08/12/18, 18:16:41:488] info: Store: SELECT_CHANNEL D5A4B1X97
[08/12/18, 18:16:42:036] info: Store: SELECT_CHANNEL D5A4B1XCZ
[08/12/18, 18:16:42:357] info: Store: SELECT_CHANNEL D5A4B1X97
[08/12/18, 18:16:42:720] info: Store: SELECT_CHANNEL C7JAEE92M
[08/12/18, 18:16:45:674] info: Store: SELECT_CHANNEL D5A4B1X97
[08/12/18, 18:16:46:211] info: Store: SELECT_CHANNEL D5A4B1XCZ
[08/12/18, 18:16:47:001] info: Store: SELECT_CHANNEL DB6TWL9RU
[08/12/18, 18:16:53:164] info: Store: SELECT_CHANNEL GC061U81F
[08/12/18, 18:16:53:909] info: Store: SELECT_CHANNEL D7GN1MWQM
[08/12/18, 18:16:55:167] info: Store: SELECT_CHANNEL D8J4QNRGQ
[08/12/18, 18:16:55:728] info: Store: SELECT_CHANNEL D7JP44402
[08/12/18, 18:16:56:255] info: Store: SELECT_CHANNEL GASMM7RND
[08/12/18, 18:16:56:969] info: Store: SELECT_CHANNEL D5WHV4ZQW
[08/12/18, 18:16:57:398] info: Store: SELECT_CHANNEL GASMM7RND
[08/12/18, 18:16:57:668] info: Store: SELECT_CHANNEL D7JP44402
[08/12/18, 18:16:58:165] info: Store: SELECT_CHANNEL D8J4QNRGQ
[08/12/18, 18:16:58:700] info: Store: SELECT_CHANNEL D7JP44402
[08/12/18, 18:16:59:164] info: Store: SELECT_CHANNEL GASMM7RND
[08/12/18, 18:16:59:645] info: Store: SELECT_CHANNEL D5WHV4ZQW
[08/12/18, 18:17:00:252] info: Store: SELECT_CHANNEL DBVCFSF17
[08/12/18, 18:17:09:099] info: Store: SET_FULL_SCREEN
[08/12/18, 18:22:09:176] info: Store: SET_FULL_SCREEN
[08/12/18, 18:24:29:987] info: Store: SET_FULL_SCREEN
[08/12/18, 18:26:46:857] info: Store: NEW_NOTIFICATION
{
  "avatarImage": "https://ca.slack-edge.com/TB47MRNBZ-UB3ACL5K7-08de2941195e-512",
  "channel": "CB47MRRTR",
  "content": "[REDACTED]",
  "id": "M1AytxsWlAWJD4G",
  "launchUri": "slack://channel?id=CB47MRRTR&message=1534066006.000010&team=TB47MRNBZ",
  "msg": "1534066006.000010",
  "silent": true,
  "subtitle": "",
  "teamId": "TB47MRNBZ",
  "title": "[REDACTED]"
}
[08/12/18, 18:28:49:764] info: Store: START_BACKGROUND_CLIENT
{
  "teamId": "T0EHMQ4HM",
  "token": "xoxs-⋯"
}
[08/12/18, 18:28:50:403] info: Store: SET_BACKGROUND_CLIENT_FIELDS
{
  "status": "connected",
  "teamId": "T0EHMQ4HM"
}
[08/12/18, 18:28:50:411] info: Store: REMOVE_WEB_CONTENTS
{
  "id": 7,
  "teamId": "T0EHMQ4HM"
}
[08/12/18, 18:28:50:637] info: Store: START_BACKGROUND_CLIENT
{
  "teamId": "TB9PVC95H",
  "token": "xoxs-⋯"
}
[08/12/18, 18:28:50:682] info: Store: START_BACKGROUND_CLIENT
{
  "teamId": "T0253QGQ9",
  "token": "xoxs-⋯"
}
[08/12/18, 18:28:50:994] info: Store: SET_BACKGROUND_CLIENT_FIELDS
{
  "status": "connected",
  "teamId": "TB9PVC95H"
}
[08/12/18, 18:28:51:005] info: Store: REMOVE_WEB_CONTENTS
{
  "id": 5,
  "teamId": "TB9PVC95H"
}
[08/12/18, 18:28:51:059] info: Store: SET_BACKGROUND_CLIENT_FIELDS
{
  "reconnectURL": "[REDACTED]",
  "reconnectURLExpiry": 1534066431055,
  "teamId": "T0EHMQ4HM"
}
[08/12/18, 18:28:51:282] info: Store: SET_BACKGROUND_CLIENT_FIELDS
{
  "status": "connected",
  "teamId": "T0253QGQ9"
}
[08/12/18, 18:28:51:294] info: Store: REMOVE_WEB_CONTENTS
{
  "id": 6,
  "teamId": "T0253QGQ9"
}
[08/12/18, 18:28:51:651] info: Store: SET_BACKGROUND_CLIENT_FIELDS
{
  "reconnectURL": "[REDACTED]",
  "reconnectURLExpiry": 1534066431644,
  "teamId": "TB9PVC95H"
}
[08/12/18, 18:28:51:986] info: Store: SET_BACKGROUND_CLIENT_FIELDS
{
  "reconnectURL": "[REDACTED]",
  "reconnectURLExpiry": 1534066431978,
  "teamId": "T0253QGQ9"
}
[08/12/18, 18:30:04:964] info: Store: SET_BACKGROUND_CLIENT_FIELDS
{
  "reconnectURL": "[REDACTED]",
  "reconnectURLExpiry": 1534066504958,
  "teamId": "T0EHMQ4HM"
}
[08/12/18, 18:30:18:088] info: Store: SET_BACKGROUND_CLIENT_FIELDS
{
  "reconnectURL": "[REDACTED]",
  "reconnectURLExpiry": 1534066518082,
  "teamId": "TB9PVC95H"
}
[08/12/18, 18:30:32:524] info: Store: SET_BACKGROUND_CLIENT_FIELDS
{
  "reconnectURL": "[REDACTED]",
  "reconnectURLExpiry": 1534066532520,
  "teamId": "T0253QGQ9"
}
[08/12/18, 18:32:05:199] info: Store: SET_BACKGROUND_CLIENT_FIELDS
{
  "reconnectURL": "[REDACTED]",
  "reconnectURLExpiry": 1534066625193,
  "teamId": "T0EHMQ4HM"
}
[08/12/18, 18:32:18:065] info: Store: SET_BACKGROUND_CLIENT_FIELDS
{
  "reconnectURL": "[REDACTED]",
  "reconnectURLExpiry": 1534066638061,
  "teamId": "TB9PVC95H"
}
[08/12/18, 18:32:32:540] info: Store: SET_BACKGROUND_CLIENT_FIELDS
{
  "reconnectURL": "[REDACTED]",
  "reconnectURLExpiry": 1534066652536,
  "teamId": "T0253QGQ9"
}
[08/12/18, 18:34:05:002] info: Store: SET_BACKGROUND_CLIENT_FIELDS
{
  "reconnectURL": "[REDACTED]",
  "reconnectURLExpiry": 1534066744998,
  "teamId": "T0EHMQ4HM"
}
[08/12/18, 18:34:18:067] info: Store: SET_BACKGROUND_CLIENT_FIELDS
{
  "reconnectURL": "[REDACTED]",
  "reconnectURLExpiry": 1534066758061,
  "teamId": "TB9PVC95H"
}
[08/12/18, 18:34:32:554] info: Store: SET_BACKGROUND_CLIENT_FIELDS
{
  "reconnectURL": "[REDACTED]",
  "reconnectURLExpiry": 1534066772551,
  "teamId": "T0253QGQ9"
}
[08/12/18, 18:36:05:025] info: Store: SET_BACKGROUND_CLIENT_FIELDS
{
  "reconnectURL": "[REDACTED]",
  "reconnectURLExpiry": 1534066865017,
  "teamId": "T0EHMQ4HM"
}
[08/12/18, 18:36:18:133] info: Store: SET_BACKGROUND_CLIENT_FIELDS
{
  "reconnectURL": "[REDACTED]",
  "reconnectURLExpiry": 1534066878124,
  "teamId": "TB9PVC95H"
}
[08/12/18, 18:36:32:566] info: Store: SET_BACKGROUND_CLIENT_FIELDS
{
  "reconnectURL": "[REDACTED]",
  "reconnectURLExpiry": 1534066892562,
  "teamId": "T0253QGQ9"
}
[08/12/18, 18:38:05:037] info: Store: SET_BACKGROUND_CLIENT_FIELDS
{
  "reconnectURL": "[REDACTED]",
  "reconnectURLExpiry": 1534066985032,
  "teamId": "T0EHMQ4HM"
}
[08/12/18, 18:38:18:067] info: Store: SET_BACKGROUND_CLIENT_FIELDS
{
  "reconnectURL": "[REDACTED]",
  "reconnectURLExpiry": 1534066998063,
  "teamId": "TB9PVC95H"
}
[08/12/18, 18:38:32:457] info: Store: SET_BACKGROUND_CLIENT_FIELDS
{
  "reconnectURL": "[REDACTED]",
  "reconnectURLExpiry": 1534067012453,
  "teamId": "T0253QGQ9"
}
[08/12/18, 18:39:31:975] error: Aug-12 18:39:31.975 SOCKET-MANAGER (TB47MRNBZ) Closing socket because #4105: client went offline
[08/12/18, 18:39:32:353] info: Store: SET_NETWORK_STATUS offline
[08/12/18, 18:39:51:136] info: Store: BACKGROUND_CLIENT_ERROR
{
  "code": 4002,
  "teamId": "T0EHMQ4HM"
}
[08/12/18, 18:39:51:732] info: Store: BACKGROUND_CLIENT_ERROR
{
  "code": 4002,
  "teamId": "TB9PVC95H"
}
[08/12/18, 18:39:52:064] info: Store: BACKGROUND_CLIENT_ERROR
{
  "code": 4002,
  "teamId": "T0253QGQ9"
}
[08/12/18, 18:44:34:147] error: Aug-12 18:44:34.146 SOCKET-MANAGER (TB47MRNBZ) Closing socket because we spent 300000 ms in wait_for_connectivity state; giving up
[08/12/18, 18:49:37:144] error: Aug-12 18:49:37.143 SOCKET-MANAGER (TB47MRNBZ) Closing socket because we spent 300000 ms in wait_for_connectivity state; giving up
[08/12/18, 18:51:04:966] info: Store: SET_FULL_SCREEN
[08/12/18, 18:54:41:149] error: Aug-12 18:54:41.148 SOCKET-MANAGER (TB47MRNBZ) Closing socket because we spent 300000 ms in wait_for_connectivity state; giving up
[08/12/18, 18:59:45:145] error: Aug-12 18:59:45.144 SOCKET-MANAGER (TB47MRNBZ) Closing socket because we spent 300000 ms in wait_for_connectivity state; giving up
[08/12/18, 19:04:49:146] error: Aug-12 19:04:49.145 SOCKET-MANAGER (TB47MRNBZ) Closing socket because we spent 300000 ms in wait_for_connectivity state; giving up
[08/12/18, 19:09:53:147] error: Aug-12 19:09:53.146 SOCKET-MANAGER (TB47MRNBZ) Closing socket because we spent 300000 ms in wait_for_connectivity state; giving up
[08/12/18, 19:14:57:146] error: Aug-12 19:14:57.145 SOCKET-MANAGER (TB47MRNBZ) Closing socket because we spent 300000 ms in wait_for_connectivity state; giving up
[08/12/18, 19:20:01:144] error: Aug-12 19:20:01.144 SOCKET-MANAGER (TB47MRNBZ) Closing socket because we spent 300000 ms in wait_for_connectivity state; giving up
