[06/17/18, 10:46:49:290] info: ╔═════════════════════════════════════════════════════════════════════════════════╗
[06/17/18, 10:46:49:291] info: ║      Slack 3.2.1, linux 4.15.0-20-generic on x64 at 06/17/18, 10:46:49:287      ║
[06/17/18, 10:46:49:291] info: ╚═════════════════════════════════════════════════════════════════════════════════╝
[06/17/18, 10:46:49:380] info: Initializing local storage instance at path: /home/nozomi/dotfiles/.config/Slack/local-settings.json
[06/17/18, 10:46:49:884] info: Store: BACKGROUND_CLIENTS_INITIALIZED
[06/17/18, 10:46:50:388] info: Store: START_BACKGROUND_CLIENT
{
  "teamId": "TB47MRNBZ",
  "token": "xoxs-⋯"
}
[06/17/18, 10:46:50:395] info: Store: BACKGROUND_CLIENTS_INITIALIZED true
[06/17/18, 10:46:50:560] info: Store: SET_NETWORK_STATUS online
[06/17/18, 10:46:50:777] info: Store: SET_BACKGROUND_CLIENT_FIELDS
{
  "status": "connected",
  "teamId": "TB47MRNBZ"
}
[06/17/18, 10:46:51:393] info: Store: SET_BACKGROUND_CLIENT_FIELDS
{
  "reconnectURL": "[REDACTED]",
  "reconnectURLExpiry": 1529200311391,
  "teamId": "TB47MRNBZ"
}
[06/17/18, 10:46:54:975] info: Store: NEW_NOTIFICATION
{
  "avatarImage": "https://avatars.slack-edge.com/2018-06-07/377467704757_08de2941195e513adf8e_192.png",
  "channel": "CB47MRRTR",
  "content": "[REDACTED]",
  "event_ts": "1529200014.000080",
  "id": "Q1Yxc6hkWNLzQWp",
  "imageUri": null,
  "is_shared": false,
  "launchUri": "slack://channel?id=CB47MRRTR&message=1529200014000062&team=TB47MRNBZ",
  "msg": "1529200014.000062",
  "ssbFilename": "knock_brush.mp3",
  "subtitle": "[REDACTED]",
  "teamId": "TB47MRNBZ",
  "title": "[REDACTED]",
  "type": "desktop_notification"
}
[06/17/18, 10:46:55:646] info: Store: UPSERT_WEB_CONTENTS
{
  "id": 3,
  "state": "loaded",
  "teamId": "T031FNTUT"
}
[06/17/18, 10:46:55:652] info: Store: MAIN_WINDOW_SHOWN
[06/17/18, 10:46:55:676] info: Store: SET_FULL_SCREEN
