[08/04/18, 15:18:29:042] info: ╔═════════════════════════════════════════════════════════════════════════════════╗
[08/04/18, 15:18:29:043] info: ║      Slack 3.2.1, linux 4.10.0-38-generic on x64 at 08/04/18, 15:18:29:034      ║
[08/04/18, 15:18:29:043] info: ╚═════════════════════════════════════════════════════════════════════════════════╝
[08/04/18, 15:18:29:213] info: Initializing local storage instance at path: /home/nozomi/dotfiles/.config/Slack/local-settings.json
[08/04/18, 15:18:29:586] info: Main window preload script finished
{
  "readyTime": 1058.634309
}
[08/04/18, 15:18:29:604] info: Store: UPDATE_SESSION_STATUS
{
  "hasValidSession": null,
  "teamId": "T0EHMQ4HM"
}
[08/04/18, 15:18:29:607] info: Store: UPSERT_WEB_CONTENTS
{
  "id": 6,
  "state": "loaded",
  "teamId": "T0253QGQ9"
}
[08/04/18, 15:18:29:608] info: Store: UPSERT_WEB_CONTENTS
{
  "id": 6,
  "state": "empty-page",
  "teamId": "T0253QGQ9"
}
[08/04/18, 15:18:29:608] info: Store: UPSERT_WEB_CONTENTS
{
  "id": 6,
  "state": "page-will-navigate",
  "teamId": "T0253QGQ9"
}
[08/04/18, 15:18:29:609] info: Store: UPDATE_SESSION_STATUS
{
  "hasValidSession": null,
  "teamId": "T0253QGQ9"
}
[08/04/18, 15:18:29:610] info: Store: UPSERT_WEB_CONTENTS
{
  "id": 7,
  "state": "loaded",
  "teamId": "T0EHMQ4HM"
}
[08/04/18, 15:18:29:613] info: Store: UPSERT_WEB_CONTENTS
{
  "id": 7,
  "state": "empty-page",
  "teamId": "T0EHMQ4HM"
}
[08/04/18, 15:18:29:628] info: Store: UPSERT_WEB_CONTENTS
{
  "id": 7,
  "state": "page-will-navigate",
  "teamId": "T0EHMQ4HM"
}
[08/17/18, 20:17:04:557] info: ╔═════════════════════════════════════════════════════════════════════════════════╗
[08/17/18, 20:17:04:564] info: ║      Slack 3.2.1, linux 4.10.0-38-generic on x64 at 08/17/18, 20:17:04:538      ║
[08/17/18, 20:17:04:565] info: ╚═════════════════════════════════════════════════════════════════════════════════╝
[08/17/18, 20:17:05:034] info: Initializing local storage instance at path: /home/nozomi/dotfiles/.config/Slack/local-settings.json
[08/17/18, 20:17:06:069] info: Main window preload script finished
{
  "readyTime": 2974.759222
}
[08/17/18, 20:17:06:104] info: Store: UPSERT_WEB_CONTENTS
{
  "id": 13,
  "state": "loaded",
  "teamId": "T0EHMQ4HM"
}
[08/17/18, 20:17:06:111] info: Store: UPSERT_WEB_CONTENTS
{
  "id": 13,
  "state": "empty-page",
  "teamId": "T0EHMQ4HM"
}
[08/17/18, 20:17:06:115] info: Store: UPSERT_WEB_CONTENTS
{
  "id": 13,
  "state": "page-will-navigate",
  "teamId": "T0EHMQ4HM"
}
[08/17/18, 20:17:06:115] info: Store: UPDATE_SESSION_STATUS
{
  "hasValidSession": null,
  "teamId": "T0EHMQ4HM"
}
[08/17/18, 20:17:06:116] info: Store: UPSERT_WEB_CONTENTS
{
  "id": 15,
  "state": "loaded",
  "teamId": "TB9PVC95H"
}
[08/17/18, 20:17:06:116] info: Store: UPSERT_WEB_CONTENTS
{
  "id": 15,
  "state": "empty-page",
  "teamId": "TB9PVC95H"
}
[08/17/18, 20:17:06:116] info: Store: UPSERT_WEB_CONTENTS
{
  "id": 15,
  "state": "page-will-navigate",
  "teamId": "TB9PVC95H"
}
[08/17/18, 20:17:06:117] info: Store: UPDATE_SESSION_STATUS
{
  "hasValidSession": null,
  "teamId": "TB9PVC95H"
}
[08/17/18, 20:17:06:117] info: Store: UPSERT_WEB_CONTENTS
{
  "id": 14,
  "state": "loaded",
  "teamId": "T0253QGQ9"
}
[08/17/18, 20:17:06:121] info: Store: UPSERT_WEB_CONTENTS
{
  "id": 14,
  "state": "empty-page",
  "teamId": "T0253QGQ9"
}
[08/17/18, 20:17:06:132] info: Store: UPSERT_WEB_CONTENTS
{
  "id": 14,
  "state": "page-will-navigate",
  "teamId": "T0253QGQ9"
}
[08/17/18, 20:17:06:134] info: Store: UPDATE_SESSION_STATUS
{
  "hasValidSession": null,
  "teamId": "T0253QGQ9"
}
[08/17/18, 20:17:06:136] info: Store: UPSERT_WEB_CONTENTS
{
  "id": 12,
  "state": "loaded",
  "teamId": "T031FNTUT"
}
[08/17/18, 20:17:06:152] info: Store: UPSERT_WEB_CONTENTS
{
  "id": 12,
  "state": "empty-page",
  "teamId": "T031FNTUT"
}
[08/17/18, 20:17:06:173] info: Store: UPSERT_WEB_CONTENTS
{
  "id": 12,
  "state": "page-will-navigate",
  "teamId": "T031FNTUT"
}
[08/17/18, 20:17:06:276] info: Store: UPDATE_SESSION_STATUS
{
  "hasValidSession": null,
  "teamId": "T031FNTUT"
}
