[08/24/18, 10:50:49:078] info: ╔═════════════════════════════════════════════════════════════════════════════════╗
[08/24/18, 10:50:49:078] info: ║      Slack 3.2.1, linux 4.10.0-38-generic on x64 at 08/24/18, 10:50:49:075      ║
[08/24/18, 10:50:49:078] info: ╚═════════════════════════════════════════════════════════════════════════════════╝
[08/24/18, 10:50:49:169] info: Initializing local storage instance at path: /home/nozomi/dotfiles/.config/Slack/local-settings.json
[08/24/18, 10:50:49:733] info: Store: BACKGROUND_CLIENTS_INITIALIZED
[08/24/18, 10:50:50:090] info: Store: START_BACKGROUND_CLIENT
{
  "teamId": "TB9PVC95H",
  "token": "xoxs-⋯"
}
[08/24/18, 10:50:50:177] info: Store: SET_BACKGROUND_CLIENT_FIELDS
{
  "status": "connected",
  "teamId": "TB9PVC95H"
}
[08/24/18, 10:50:50:283] info: Store: START_BACKGROUND_CLIENT
{
  "teamId": "T0253QGQ9",
  "token": "xoxs-⋯"
}
[08/24/18, 10:50:50:325] info: Store: SET_NETWORK_STATUS online
[08/24/18, 10:50:50:371] info: Store: SET_BACKGROUND_CLIENT_FIELDS
{
  "status": "connected",
  "teamId": "T0253QGQ9"
}
[08/24/18, 10:50:50:477] info: Store: START_BACKGROUND_CLIENT
{
  "teamId": "T0EHMQ4HM",
  "token": "xoxs-⋯"
}
[08/24/18, 10:50:50:477] info: Store: BACKGROUND_CLIENTS_INITIALIZED true
[08/24/18, 10:50:50:565] info: Store: SET_BACKGROUND_CLIENT_FIELDS
{
  "status": "connected",
  "teamId": "T0EHMQ4HM"
}
[08/24/18, 10:50:50:810] info: Store: SET_BACKGROUND_CLIENT_FIELDS
{
  "reconnectURL": "[REDACTED]",
  "reconnectURLExpiry": 1535075750808,
  "teamId": "TB9PVC95H"
}
[08/24/18, 10:50:51:013] info: Store: SET_BACKGROUND_CLIENT_FIELDS
{
  "reconnectURL": "[REDACTED]",
  "reconnectURLExpiry": 1535075751009,
  "teamId": "T0253QGQ9"
}
[08/24/18, 10:50:51:462] info: Store: SET_BACKGROUND_CLIENT_FIELDS
{
  "reconnectURL": "[REDACTED]",
  "reconnectURLExpiry": 1535075751461,
  "teamId": "T0EHMQ4HM"
}
[08/24/18, 10:50:52:377] info: Store: SET_BACKGROUND_CLIENT_FIELDS
{
  "reconnectURL": "[REDACTED]",
  "reconnectURLExpiry": 1535075752368,
  "teamId": "TB9PVC95H"
}
[08/24/18, 10:50:54:005] info: Store: UPSERT_WEB_CONTENTS
{
  "id": 3,
  "state": "loaded",
  "teamId": "TB47MRNBZ"
}
[08/24/18, 10:50:54:019] info: Store: MAIN_WINDOW_SHOWN
[08/24/18, 10:50:54:084] info: Store: SET_FULL_SCREEN
[08/24/18, 10:50:54:087] info: Store: SET_FULL_SCREEN
[08/24/18, 10:50:54:089] info: Store: SET_FULL_SCREEN
[08/24/18, 10:50:54:092] info: Store: SET_FULL_SCREEN
