[08/04/18, 15:58:43:877] info: ╔═════════════════════════════════════════════════════════════════════════════════╗
[08/04/18, 15:58:43:878] info: ║      Slack 3.2.1, linux 4.10.0-38-generic on x64 at 08/04/18, 15:58:43:869      ║
[08/04/18, 15:58:43:878] info: ╚═════════════════════════════════════════════════════════════════════════════════╝
[08/04/18, 15:58:44:032] info: Initializing local storage instance at path: /home/nozomi/dotfiles/.config/Slack/local-settings.json
[08/04/18, 15:58:44:443] info: Main window preload script finished
{
  "readyTime": 1082.472493
}
[08/04/18, 15:58:44:453] info: Store: UPDATE_SESSION_STATUS
{
  "hasValidSession": null,
  "teamId": "T0EHMQ4HM"
}
[08/04/18, 15:58:44:454] info: Store: UPSERT_WEB_CONTENTS
{
  "id": 6,
  "state": "loaded",
  "teamId": "T0253QGQ9"
}
[08/04/18, 15:58:44:454] info: Store: UPSERT_WEB_CONTENTS
{
  "id": 6,
  "state": "empty-page",
  "teamId": "T0253QGQ9"
}
[08/04/18, 15:58:44:455] info: Store: UPSERT_WEB_CONTENTS
{
  "id": 6,
  "state": "page-will-navigate",
  "teamId": "T0253QGQ9"
}
[08/04/18, 15:58:44:455] info: Store: UPDATE_SESSION_STATUS
{
  "hasValidSession": null,
  "teamId": "T0253QGQ9"
}
[08/04/18, 15:58:44:456] info: Store: UPSERT_WEB_CONTENTS
{
  "id": 7,
  "state": "loaded",
  "teamId": "T0EHMQ4HM"
}
[08/04/18, 15:58:44:461] info: Store: UPSERT_WEB_CONTENTS
{
  "id": 7,
  "state": "empty-page",
  "teamId": "T0EHMQ4HM"
}
[08/04/18, 15:58:44:474] info: Store: UPSERT_WEB_CONTENTS
{
  "id": 7,
  "state": "page-will-navigate",
  "teamId": "T0EHMQ4HM"
}
[08/04/18, 17:35:55:178] info: ╔═════════════════════════════════════════════════════════════════════════════════╗
[08/04/18, 17:35:55:179] info: ║      Slack 3.2.1, linux 4.10.0-38-generic on x64 at 08/04/18, 17:35:55:174      ║
[08/04/18, 17:35:55:179] info: ╚═════════════════════════════════════════════════════════════════════════════════╝
[08/04/18, 17:35:55:394] info: Initializing local storage instance at path: /home/nozomi/dotfiles/.config/Slack/local-settings.json
[08/04/18, 17:35:55:880] info: Main window preload script finished
{
  "readyTime": 1272.629502
}
[08/04/18, 17:35:55:897] info: Store: UPDATE_SESSION_STATUS
{
  "hasValidSession": null,
  "teamId": "T0253QGQ9"
}
[08/04/18, 17:35:55:898] info: Store: UPSERT_WEB_CONTENTS
{
  "id": 7,
  "state": "loaded",
  "teamId": "T0EHMQ4HM"
}
[08/04/18, 17:35:55:900] info: Store: UPSERT_WEB_CONTENTS
{
  "id": 7,
  "state": "empty-page",
  "teamId": "T0EHMQ4HM"
}
[08/04/18, 17:35:55:903] info: Store: UPSERT_WEB_CONTENTS
{
  "id": 7,
  "state": "page-will-navigate",
  "teamId": "T0EHMQ4HM"
}
[08/04/18, 17:35:55:903] info: Store: UPDATE_SESSION_STATUS
{
  "hasValidSession": null,
  "teamId": "T0EHMQ4HM"
}
[08/04/18, 17:35:55:904] info: Store: UPSERT_WEB_CONTENTS
{
  "id": 6,
  "state": "loaded",
  "teamId": "T0253QGQ9"
}
[08/04/18, 17:35:55:908] info: Store: UPSERT_WEB_CONTENTS
{
  "id": 6,
  "state": "empty-page",
  "teamId": "T0253QGQ9"
}
[08/04/18, 17:35:55:919] info: Store: UPSERT_WEB_CONTENTS
{
  "id": 6,
  "state": "page-will-navigate",
  "teamId": "T0253QGQ9"
}
[08/17/18, 20:03:25:987] info: ╔═════════════════════════════════════════════════════════════════════════════════╗
[08/17/18, 20:03:25:988] info: ║      Slack 3.2.1, linux 4.10.0-38-generic on x64 at 08/17/18, 20:03:25:984      ║
[08/17/18, 20:03:25:988] info: ╚═════════════════════════════════════════════════════════════════════════════════╝
[08/17/18, 20:03:26:086] info: Initializing local storage instance at path: /home/nozomi/dotfiles/.config/Slack/local-settings.json
[08/17/18, 20:03:26:319] info: Main window preload script finished
{
  "readyTime": 639.769735
}
[08/17/18, 20:03:26:325] info: Store: UPDATE_SESSION_STATUS
{
  "hasValidSession": null,
  "teamId": "T0EHMQ4HM"
}
[08/17/18, 20:03:26:326] info: Store: UPSERT_WEB_CONTENTS
{
  "id": 12,
  "state": "loaded",
  "teamId": "T031FNTUT"
}
[08/17/18, 20:03:26:327] info: Store: UPSERT_WEB_CONTENTS
{
  "id": 12,
  "state": "empty-page",
  "teamId": "T031FNTUT"
}
[08/17/18, 20:03:26:327] info: Store: UPSERT_WEB_CONTENTS
{
  "id": 12,
  "state": "page-will-navigate",
  "teamId": "T031FNTUT"
}
[08/17/18, 20:03:26:327] info: Store: UPDATE_SESSION_STATUS
{
  "hasValidSession": null,
  "teamId": "T031FNTUT"
}
[08/17/18, 20:03:26:327] info: Store: BACKGROUND_CLIENT_ERROR
{
  "code": 4002,
  "teamId": "T0253QGQ9"
}
[08/17/18, 20:03:26:328] info: Store: BACKGROUND_CLIENT_ERROR
{
  "code": 4002,
  "teamId": "TB9PVC95H"
}
[08/17/18, 20:03:26:328] info: Store: UPSERT_WEB_CONTENTS
{
  "id": 13,
  "state": "loaded",
  "teamId": "T0EHMQ4HM"
}
[08/17/18, 20:03:26:335] info: Store: UPSERT_WEB_CONTENTS
{
  "id": 13,
  "state": "empty-page",
  "teamId": "T0EHMQ4HM"
}
[08/17/18, 20:03:26:339] info: Store: UPSERT_WEB_CONTENTS
{
  "id": 13,
  "state": "page-will-navigate",
  "teamId": "T0EHMQ4HM"
}
