[08/04/18, 18:21:14:175] info: ╔═════════════════════════════════════════════════════════════════════════════════╗
[08/04/18, 18:21:14:176] info: ║      Slack 3.2.1, linux 4.10.0-38-generic on x64 at 08/04/18, 18:21:14:172      ║
[08/04/18, 18:21:14:176] info: ╚═════════════════════════════════════════════════════════════════════════════════╝
[08/04/18, 18:21:14:406] info: Initializing local storage instance at path: /home/nozomi/dotfiles/.config/Slack/local-settings.json
[08/04/18, 18:21:14:875] info: Main window preload script finished
{
  "readyTime": 1265.1109
}
[08/04/18, 18:21:14:890] info: Store: UPDATE_SESSION_STATUS
{
  "hasValidSession": null,
  "teamId": "T0253QGQ9"
}
[08/04/18, 18:21:14:892] info: Store: UPSERT_WEB_CONTENTS
{
  "id": 7,
  "state": "loaded",
  "teamId": "T0EHMQ4HM"
}
[08/04/18, 18:21:14:892] info: Store: UPSERT_WEB_CONTENTS
{
  "id": 7,
  "state": "empty-page",
  "teamId": "T0EHMQ4HM"
}
[08/04/18, 18:21:14:893] info: Store: UPSERT_WEB_CONTENTS
{
  "id": 7,
  "state": "page-will-navigate",
  "teamId": "T0EHMQ4HM"
}
[08/04/18, 18:21:14:893] info: Store: UPDATE_SESSION_STATUS
{
  "hasValidSession": null,
  "teamId": "T0EHMQ4HM"
}
[08/04/18, 18:21:14:894] info: Store: UPSERT_WEB_CONTENTS
{
  "id": 6,
  "state": "loaded",
  "teamId": "T0253QGQ9"
}
[08/04/18, 18:21:14:902] info: Store: UPSERT_WEB_CONTENTS
{
  "id": 6,
  "state": "empty-page",
  "teamId": "T0253QGQ9"
}
[08/04/18, 18:21:14:915] info: Store: UPSERT_WEB_CONTENTS
{
  "id": 6,
  "state": "page-will-navigate",
  "teamId": "T0253QGQ9"
}
[08/10/18, 10:10:23:478] info: ╔═════════════════════════════════════════════════════════════════════════════════╗
[08/10/18, 10:10:23:480] info: ║      Slack 3.2.1, linux 4.10.0-38-generic on x64 at 08/10/18, 10:10:23:467      ║
[08/10/18, 10:10:23:480] info: ╚═════════════════════════════════════════════════════════════════════════════════╝
[08/10/18, 10:10:23:830] info: Initializing local storage instance at path: /home/nozomi/dotfiles/.config/Slack/local-settings.json
[08/10/18, 10:10:24:557] info: Main window preload script finished
{
  "readyTime": 1709.065232
}
[08/10/18, 10:10:24:567] info: Store: UPDATE_SESSION_STATUS
{
  "hasValidSession": null,
  "teamId": "T031FNTUT"
}
[08/10/18, 10:10:24:568] info: Store: UPDATE_SESSION_STATUS
{
  "hasValidSession": null,
  "teamId": "TB9PVC95H"
}
[08/10/18, 10:10:24:569] info: Store: UPSERT_WEB_CONTENTS
{
  "id": 13,
  "state": "loaded",
  "teamId": "T0253QGQ9"
}
[08/10/18, 10:10:24:570] info: Store: UPSERT_WEB_CONTENTS
{
  "id": 13,
  "state": "empty-page",
  "teamId": "T0253QGQ9"
}
[08/10/18, 10:10:24:574] info: Store: UPSERT_WEB_CONTENTS
{
  "id": 13,
  "state": "page-will-navigate",
  "teamId": "T0253QGQ9"
}
[08/10/18, 10:10:24:578] info: Store: UPDATE_SESSION_STATUS
{
  "hasValidSession": null,
  "teamId": "T0253QGQ9"
}
[08/10/18, 10:10:24:579] info: Store: UPSERT_WEB_CONTENTS
{
  "id": 15,
  "state": "loaded",
  "teamId": "T0EHMQ4HM"
}
[08/10/18, 10:10:24:580] info: Store: UPSERT_WEB_CONTENTS
{
  "id": 15,
  "state": "empty-page",
  "teamId": "T0EHMQ4HM"
}
[08/10/18, 10:10:24:580] info: Store: UPSERT_WEB_CONTENTS
{
  "id": 15,
  "state": "page-will-navigate",
  "teamId": "T0EHMQ4HM"
}
[08/10/18, 10:10:24:580] info: Store: UPDATE_SESSION_STATUS
{
  "hasValidSession": null,
  "teamId": "T0EHMQ4HM"
}
[08/10/18, 10:10:24:582] info: Store: UPSERT_WEB_CONTENTS
{
  "id": 12,
  "state": "loaded",
  "teamId": "TB9PVC95H"
}
[08/10/18, 10:10:24:591] info: Store: UPSERT_WEB_CONTENTS
{
  "id": 12,
  "state": "empty-page",
  "teamId": "TB9PVC95H"
}
[08/10/18, 10:10:24:605] info: Store: UPSERT_WEB_CONTENTS
{
  "id": 12,
  "state": "page-will-navigate",
  "teamId": "TB9PVC95H"
}
[08/10/18, 10:10:24:623] info: Store: UPSERT_WEB_CONTENTS
{
  "id": 14,
  "state": "loaded",
  "teamId": "T031FNTUT"
}
[08/10/18, 10:10:24:652] info: Store: UPSERT_WEB_CONTENTS
{
  "id": 14,
  "state": "empty-page",
  "teamId": "T031FNTUT"
}
[08/10/18, 10:10:24:670] info: Store: UPSERT_WEB_CONTENTS
{
  "id": 14,
  "state": "page-will-navigate",
  "teamId": "T031FNTUT"
}
[08/10/18, 10:10:24:714] info: Store: UPDATE_SESSION_STATUS
{
  "hasValidSession": null,
  "teamId": "TB9PVC95H"
}
[08/21/18, 20:26:09:770] info: ╔═════════════════════════════════════════════════════════════════════════════════╗
[08/21/18, 20:26:09:779] info: ║      Slack 3.2.1, linux 4.10.0-38-generic on x64 at 08/21/18, 20:26:09:757      ║
[08/21/18, 20:26:09:780] info: ╚═════════════════════════════════════════════════════════════════════════════════╝
[08/21/18, 20:26:10:220] info: Initializing local storage instance at path: /home/nozomi/dotfiles/.config/Slack/local-settings.json
[08/21/18, 20:26:11:009] info: Main window preload script finished
{
  "readyTime": 2313.969755
}
[08/21/18, 20:26:11:026] info: Store: UPDATE_SESSION_STATUS
{
  "hasValidSession": null,
  "teamId": "T031FNTUT"
}
[08/21/18, 20:26:11:027] info: Store: UPSERT_WEB_CONTENTS
{
  "id": 6,
  "state": "loaded",
  "teamId": "T0EHMQ4HM"
}
[08/21/18, 20:26:11:028] info: Store: UPSERT_WEB_CONTENTS
{
  "id": 6,
  "state": "empty-page",
  "teamId": "T0EHMQ4HM"
}
[08/21/18, 20:26:11:033] info: Store: UPSERT_WEB_CONTENTS
{
  "id": 6,
  "state": "page-will-navigate",
  "teamId": "T0EHMQ4HM"
}
[08/21/18, 20:26:11:036] info: Store: UPDATE_SESSION_STATUS
{
  "hasValidSession": null,
  "teamId": "T0EHMQ4HM"
}
[08/21/18, 20:26:11:037] info: Store: UPSERT_WEB_CONTENTS
{
  "id": 5,
  "state": "loaded",
  "teamId": "TB9PVC95H"
}
[08/21/18, 20:26:11:038] info: Store: UPSERT_WEB_CONTENTS
{
  "id": 5,
  "state": "empty-page",
  "teamId": "TB9PVC95H"
}
[08/21/18, 20:26:11:038] info: Store: UPSERT_WEB_CONTENTS
{
  "id": 5,
  "state": "page-will-navigate",
  "teamId": "TB9PVC95H"
}
[08/21/18, 20:26:11:039] info: Store: UPDATE_SESSION_STATUS
{
  "hasValidSession": null,
  "teamId": "TB9PVC95H"
}
[08/21/18, 20:26:11:039] info: Store: UPSERT_WEB_CONTENTS
{
  "id": 7,
  "state": "loaded",
  "teamId": "T0253QGQ9"
}
[08/21/18, 20:26:11:041] info: Store: UPSERT_WEB_CONTENTS
{
  "id": 7,
  "state": "empty-page",
  "teamId": "T0253QGQ9"
}
[08/21/18, 20:26:11:041] info: Store: UPSERT_WEB_CONTENTS
{
  "id": 7,
  "state": "page-will-navigate",
  "teamId": "T0253QGQ9"
}
[08/21/18, 20:26:11:044] info: Store: UPSERT_WEB_CONTENTS
{
  "id": 8,
  "state": "loaded",
  "teamId": "T031FNTUT"
}
[08/21/18, 20:26:11:049] info: Store: UPDATE_SESSION_STATUS
{
  "hasValidSession": null,
  "teamId": "T0253QGQ9"
}
[08/21/18, 20:26:11:059] info: Store: UPSERT_WEB_CONTENTS
{
  "id": 8,
  "state": "empty-page",
  "teamId": "T031FNTUT"
}
[08/21/18, 20:26:11:062] info: Store: UPSERT_WEB_CONTENTS
{
  "id": 8,
  "state": "page-will-navigate",
  "teamId": "T031FNTUT"
}
[08/21/18, 20:26:11:184] info: Store: UPDATE_SESSION_STATUS
{
  "hasValidSession": null,
  "teamId": "T031FNTUT"
}
