[06/21/18, 12:53:55:891] info: ╔═════════════════════════════════════════════════════════════════════════════════╗
[06/21/18, 12:53:55:892] info: ║      Slack 3.2.1, linux 4.10.0-38-generic on x64 at 06/21/18, 12:53:55:885      ║
[06/21/18, 12:53:55:892] info: ╚═════════════════════════════════════════════════════════════════════════════════╝
[06/21/18, 12:53:56:013] info: Initializing local storage instance at path: /home/nozomi/dotfiles/.config/Slack/local-settings.json
[06/21/18, 12:53:56:249] info: Main window preload script finished
{
  "readyTime": 666.483024
}
[06/21/18, 12:53:56:256] info: Store: UPSERT_WEB_CONTENTS
{
  "id": 3,
  "state": "loaded",
  "teamId": "TB47MRNBZ"
}
[06/21/18, 12:53:56:263] info: Store: UPSERT_WEB_CONTENTS
{
  "id": 3,
  "state": "empty-page",
  "teamId": "TB47MRNBZ"
}
[06/21/18, 12:53:56:620] info: Store: BACKGROUND_CLIENTS_INITIALIZED
[06/21/18, 12:53:56:758] info: Store: SET_NETWORK_STATUS offline
[06/21/18, 12:53:56:775] info: Store: UPDATE_SESSION_STATUS
{
  "hasValidSession": null,
  "teamId": "TB47MRNBZ"
}
[06/21/18, 12:53:56:782] info: Store: BACKGROUND_CLIENT_ERROR
{
  "code": 4002,
  "teamId": "TB9PVC95H"
}
[06/21/18, 12:53:56:790] info: Store: BACKGROUND_CLIENTS_INITIALIZED true
[06/21/18, 12:54:01:820] info: Store: SET_FULL_SCREEN
[06/21/18, 12:54:01:846] info: Store: SET_FULL_SCREEN
[06/21/18, 12:54:46:600] info: Store: SET_FULL_SCREEN
[06/21/18, 12:54:46:605] info: Store: SET_FULL_SCREEN
[06/21/18, 12:54:47:392] info: Store: START_BACKGROUND_CLIENT
{
  "teamId": "TB9PVC95H",
  "token": "xoxs-⋯"
}
[06/21/18, 12:54:47:655] info: Store: SET_BACKGROUND_CLIENT_FIELDS
{
  "status": "connected",
  "teamId": "TB9PVC95H"
}
[06/21/18, 12:54:47:663] info: Store: REMOVE_WEB_CONTENTS
{
  "id": 6,
  "teamId": "TB9PVC95H"
}
[06/21/18, 12:54:48:023] info: Store: SET_NETWORK_STATUS online
[06/21/18, 12:54:48:031] info: Store: UPSERT_WEB_CONTENTS
{
  "id": 3,
  "state": "page-will-navigate",
  "teamId": "TB47MRNBZ"
}
[06/21/18, 12:54:48:034] info: Window is unloading, window.desktop is no longer accessible
[06/21/18, 12:54:48:325] info: Store: UPDATE_SESSION_STATUS
{
  "hasValidSession": true,
  "teamId": "TB47MRNBZ"
}
[06/21/18, 12:54:48:939] info: Store: SET_BACKGROUND_CLIENT_FIELDS
{
  "reconnectURL": "[REDACTED]",
  "reconnectURLExpiry": 1529553588938,
  "teamId": "TB9PVC95H"
}
