[05/01/18, 21:19:03:985] info: ╔═════════════════════════════════════════════════════════════════════════════════╗
[05/01/18, 21:19:03:986] info: ║      Slack 3.1.1, linux 4.10.0-38-generic on x64 at 05/01/18, 21:19:03:982      ║
[05/01/18, 21:19:03:986] info: ╚═════════════════════════════════════════════════════════════════════════════════╝
[05/01/18, 21:19:04:232] info: Initializing local storage instance at path: /home/nozomi/dotfiles/.config/Slack/local-settings.json
[05/01/18, 21:19:04:374] info: NetworkStatus: Waiting for network online…
[05/01/18, 21:19:07:578] info: Store: SET_FULL_SCREEN
[05/01/18, 21:19:07:586] info: Store: SET_FULL_SCREEN
[05/01/18, 21:19:14:391] info: Store: SET_FULL_SCREEN
[05/01/18, 21:19:14:427] info: Store: SET_FULL_SCREEN
[05/01/18, 21:19:15:220] info: Store: SET_FULL_SCREEN
[05/01/18, 21:19:15:230] info: Store: SET_FULL_SCREEN
[05/01/18, 21:19:19:549] info: NetworkStatus: Network check failed
{
  "error": {
    "message": "Failed to fetch",
    "stack": "TypeError: Failed to fetch"
  }
}
[05/01/18, 21:19:19:551] info: NetworkStatus: Response from api.test
{
  "status": "offline"
}
[05/01/18, 21:19:19:961] info: Store: SET_NETWORK_STATUS offline
[05/01/18, 21:19:39:567] info: NetworkStatus: Network check failed
{
  "error": {
    "message": "Failed to fetch",
    "stack": "TypeError: Failed to fetch"
  }
}
[05/01/18, 21:19:39:568] info: NetworkStatus: Response from api.test
{
  "status": "offline"
}
[05/01/18, 21:19:39:571] info: NetworkStatus: Network check failed
{
  "error": {
    "message": "Failed to fetch",
    "stack": "TypeError: Failed to fetch"
  }
}
[05/01/18, 21:19:39:571] info: NetworkStatus: Response from api.test
{
  "status": "offline"
}
[05/01/18, 21:20:04:586] info: NetworkStatus: Network check failed
{
  "error": {
    "message": "Failed to fetch",
    "stack": "TypeError: Failed to fetch"
  }
}
[05/01/18, 21:20:04:586] info: NetworkStatus: Response from api.test
{
  "status": "offline"
}
[05/01/18, 21:20:04:586] info: NetworkStatus: Network check failed
{
  "error": {
    "message": "Failed to fetch",
    "stack": "TypeError: Failed to fetch"
  }
}
[05/01/18, 21:20:04:587] info: NetworkStatus: Response from api.test
{
  "status": "offline"
}
[05/01/18, 21:20:04:587] info: NetworkStatus: Network check failed
{
  "error": {
    "message": "Failed to fetch",
    "stack": "TypeError: Failed to fetch"
  }
}
[05/01/18, 21:20:04:587] info: NetworkStatus: Response from api.test
{
  "status": "offline"
}
[05/01/18, 21:20:04:587] info: NetworkStatus: Network check failed
{
  "error": {
    "message": "Failed to fetch",
    "stack": "TypeError: Failed to fetch"
  }
}
[05/01/18, 21:20:04:587] info: NetworkStatus: Response from api.test
{
  "status": "offline"
}
[05/01/18, 21:20:04:587] info: NetworkStatus: Network check failed
{
  "error": {
    "message": "Failed to fetch",
    "stack": "TypeError: Failed to fetch"
  }
}
[05/01/18, 21:20:04:587] info: NetworkStatus: Response from api.test
{
  "status": "offline"
}
[05/01/18, 21:22:24:593] info: NetworkStatus: Network check failed
{
  "error": {
    "message": "Failed to fetch",
    "stack": "TypeError: Failed to fetch"
  }
}
[05/01/18, 21:22:24:593] info: NetworkStatus: Response from api.test
{
  "status": "offline"
}
[05/01/18, 21:22:24:595] info: NetworkStatus: Network check failed
{
  "error": {
    "message": "Failed to fetch",
    "stack": "TypeError: Failed to fetch"
  }
}
[05/01/18, 21:22:24:595] info: NetworkStatus: Response from api.test
{
  "status": "offline"
}
[05/01/18, 21:22:24:596] info: NetworkStatus: Network check failed
{
  "error": {
    "message": "Failed to fetch",
    "stack": "TypeError: Failed to fetch"
  }
}
[05/01/18, 21:22:24:597] info: NetworkStatus: Response from api.test
{
  "status": "offline"
}
[05/01/18, 21:22:24:599] info: NetworkStatus: Network check failed
{
  "error": {
    "message": "Failed to fetch",
    "stack": "TypeError: Failed to fetch"
  }
}
[05/01/18, 21:22:24:600] info: NetworkStatus: Response from api.test
{
  "status": "offline"
}
[05/01/18, 21:22:24:601] info: NetworkStatus: Network check failed
{
  "error": {
    "message": "Failed to fetch",
    "stack": "TypeError: Failed to fetch"
  }
}
[05/01/18, 21:22:24:601] info: NetworkStatus: Response from api.test
{
  "status": "offline"
}
[05/01/18, 21:22:31:916] info: Store: UPSERT_WEB_CONTENTS
{
  "id": 3,
  "state": "loaded",
  "teamId": "T031FNTUT"
}
[05/01/18, 21:22:31:925] info: Store: UPSERT_WEB_CONTENTS
{
  "id": 3,
  "state": "empty-page",
  "teamId": "T031FNTUT"
}
[05/01/18, 21:22:31:932] info: Store: UPSERT_WEB_CONTENTS
{
  "id": 3,
  "state": "page-will-navigate",
  "teamId": "T031FNTUT"
}
[05/01/18, 21:22:34:832] info: NetworkStatus: Network check failed
{
  "error": {
    "message": "Failed to fetch",
    "stack": "TypeError: Failed to fetch"
  }
}
[05/01/18, 21:22:34:833] info: NetworkStatus: Response from api.test
{
  "status": "offline"
}
[05/01/18, 21:22:44:602] info: NetworkStatus: Network check failed
{
  "error": {
    "message": "Failed to fetch",
    "stack": "TypeError: Failed to fetch"
  }
}
[05/01/18, 21:22:44:602] info: NetworkStatus: Response from api.test
{
  "status": "offline"
}
[05/01/18, 21:22:44:603] info: NetworkStatus: Network check failed
{
  "error": {
    "message": "Failed to fetch",
    "stack": "TypeError: Failed to fetch"
  }
}
[05/01/18, 21:22:44:604] info: NetworkStatus: Response from api.test
{
  "status": "offline"
}
[05/01/18, 21:22:44:604] info: NetworkStatus: Network check failed
{
  "error": {
    "message": "Failed to fetch",
    "stack": "TypeError: Failed to fetch"
  }
}
[05/01/18, 21:22:44:605] info: NetworkStatus: Response from api.test
{
  "status": "offline"
}
[05/01/18, 21:22:44:605] info: NetworkStatus: Network check failed
{
  "error": {
    "message": "Failed to fetch",
    "stack": "TypeError: Failed to fetch"
  }
}
[05/01/18, 21:22:44:606] info: NetworkStatus: Response from api.test
{
  "status": "offline"
}
[05/01/18, 21:22:44:606] info: NetworkStatus: Network check failed
{
  "error": {
    "message": "Failed to fetch",
    "stack": "TypeError: Failed to fetch"
  }
}
[05/01/18, 21:22:44:607] info: NetworkStatus: Response from api.test
{
  "status": "offline"
}
[05/01/18, 21:22:44:607] info: NetworkStatus: Network check failed
{
  "error": {
    "message": "Failed to fetch",
    "stack": "TypeError: Failed to fetch"
  }
}
[05/01/18, 21:22:44:608] info: NetworkStatus: Response from api.test
{
  "status": "offline"
}
[05/01/18, 21:23:04:617] info: NetworkStatus: Network check failed
{
  "error": {
    "message": "Failed to fetch",
    "stack": "TypeError: Failed to fetch"
  }
}
[05/01/18, 21:23:04:618] info: NetworkStatus: Response from api.test
{
  "status": "offline"
}
[05/01/18, 21:23:04:618] info: NetworkStatus: Network check failed
{
  "error": {
    "message": "Failed to fetch",
    "stack": "TypeError: Failed to fetch"
  }
}
[05/01/18, 21:23:04:619] info: NetworkStatus: Response from api.test
{
  "status": "offline"
}
[05/01/18, 21:23:04:620] info: NetworkStatus: Network check failed
{
  "error": {
    "message": "Failed to fetch",
    "stack": "TypeError: Failed to fetch"
  }
}
[05/01/18, 21:23:04:620] info: NetworkStatus: Response from api.test
{
  "status": "offline"
}
[05/01/18, 21:23:04:621] info: NetworkStatus: Network check failed
{
  "error": {
    "message": "Failed to fetch",
    "stack": "TypeError: Failed to fetch"
  }
}
[05/01/18, 21:23:04:621] info: NetworkStatus: Response from api.test
{
  "status": "offline"
}
[05/01/18, 21:23:04:621] info: NetworkStatus: Network check failed
{
  "error": {
    "message": "Failed to fetch",
    "stack": "TypeError: Failed to fetch"
  }
}
[05/01/18, 21:23:04:622] info: NetworkStatus: Response from api.test
{
  "status": "offline"
}
[05/01/18, 21:23:04:622] info: NetworkStatus: Network check failed
{
  "error": {
    "message": "Failed to fetch",
    "stack": "TypeError: Failed to fetch"
  }
}
[05/01/18, 21:23:04:623] info: NetworkStatus: Response from api.test
{
  "status": "offline"
}
[05/01/18, 21:23:08:255] info: Store: UPSERT_WEB_CONTENTS
{
  "id": 3,
  "state": "loaded",
  "teamId": "T031FNTUT"
}
[05/01/18, 21:23:08:261] info: Store: UPSERT_WEB_CONTENTS
{
  "id": 3,
  "state": "empty-page",
  "teamId": "T031FNTUT"
}
[05/01/18, 21:23:24:628] info: NetworkStatus: Network check failed
{
  "error": {
    "message": "Failed to fetch",
    "stack": "TypeError: Failed to fetch"
  }
}
[05/01/18, 21:23:24:628] info: NetworkStatus: Response from api.test
{
  "status": "offline"
}
[05/01/18, 21:23:24:628] info: NetworkStatus: Network check failed
{
  "error": {
    "message": "Failed to fetch",
    "stack": "TypeError: Failed to fetch"
  }
}
[05/01/18, 21:23:24:628] info: NetworkStatus: Response from api.test
{
  "status": "offline"
}
[05/01/18, 21:23:24:629] info: NetworkStatus: Network check failed
{
  "error": {
    "message": "Failed to fetch",
    "stack": "TypeError: Failed to fetch"
  }
}
[05/01/18, 21:23:24:629] info: NetworkStatus: Response from api.test
{
  "status": "offline"
}
[05/01/18, 21:23:24:630] info: NetworkStatus: Network check failed
{
  "error": {
    "message": "Failed to fetch",
    "stack": "TypeError: Failed to fetch"
  }
}
[05/01/18, 21:23:24:631] info: NetworkStatus: Response from api.test
{
  "status": "offline"
}
[05/01/18, 21:23:24:631] info: NetworkStatus: Network check failed
{
  "error": {
    "message": "Failed to fetch",
    "stack": "TypeError: Failed to fetch"
  }
}
[05/01/18, 21:23:24:631] info: NetworkStatus: Response from api.test
{
  "status": "offline"
}
[05/01/18, 21:23:24:631] info: NetworkStatus: Network check failed
{
  "error": {
    "message": "Failed to fetch",
    "stack": "TypeError: Failed to fetch"
  }
}
[05/01/18, 21:23:24:632] info: NetworkStatus: Response from api.test
{
  "status": "offline"
}
[05/01/18, 21:23:35:507] info: Store: SET_FULL_SCREEN
[05/01/18, 21:23:35:558] info: Store: SET_FULL_SCREEN
[05/01/18, 21:23:37:730] info: Store: SET_FULL_SCREEN
[05/01/18, 21:23:37:753] info: Store: SET_FULL_SCREEN
[05/01/18, 21:23:44:644] info: NetworkStatus: Network check failed
{
  "error": {
    "message": "Failed to fetch",
    "stack": "TypeError: Failed to fetch"
  }
}
[05/01/18, 21:23:44:644] info: NetworkStatus: Response from api.test
{
  "status": "offline"
}
[05/01/18, 21:23:44:648] info: NetworkStatus: Network check failed
{
  "error": {
    "message": "Failed to fetch",
    "stack": "TypeError: Failed to fetch"
  }
}
[05/01/18, 21:23:44:649] info: NetworkStatus: Response from api.test
{
  "status": "offline"
}
[05/01/18, 21:23:44:650] info: NetworkStatus: Network check failed
{
  "error": {
    "message": "Failed to fetch",
    "stack": "TypeError: Failed to fetch"
  }
}
[05/01/18, 21:23:44:650] info: NetworkStatus: Response from api.test
{
  "status": "offline"
}
[05/01/18, 21:23:44:652] info: NetworkStatus: Network check failed
{
  "error": {
    "message": "Failed to fetch",
    "stack": "TypeError: Failed to fetch"
  }
}
[05/01/18, 21:23:44:652] info: NetworkStatus: Response from api.test
{
  "status": "offline"
}
[05/01/18, 21:23:44:655] info: NetworkStatus: Network check failed
{
  "error": {
    "message": "Failed to fetch",
    "stack": "TypeError: Failed to fetch"
  }
}
[05/01/18, 21:23:44:655] info: NetworkStatus: Response from api.test
{
  "status": "offline"
}
[05/01/18, 21:23:44:658] info: NetworkStatus: Network check failed
{
  "error": {
    "message": "Failed to fetch",
    "stack": "TypeError: Failed to fetch"
  }
}
[05/01/18, 21:23:44:660] info: NetworkStatus: Response from api.test
{
  "status": "offline"
}
[05/01/18, 21:24:04:655] info: NetworkStatus: Network check failed
{
  "error": {
    "message": "Failed to fetch",
    "stack": "TypeError: Failed to fetch"
  }
}
[05/01/18, 21:24:04:656] info: NetworkStatus: Response from api.test
{
  "status": "offline"
}
[05/01/18, 21:24:04:656] info: NetworkStatus: Network check failed
{
  "error": {
    "message": "Failed to fetch",
    "stack": "TypeError: Failed to fetch"
  }
}
[05/01/18, 21:24:04:656] info: NetworkStatus: Response from api.test
{
  "status": "offline"
}
[05/01/18, 21:24:04:657] warn: Tried to determine signed in status, but errored.
{
  "error": {
    "message": "Failed to fetch",
    "stack": "TypeError: Failed to fetch"
  }
}
[05/01/18, 21:24:04:658] info: NetworkStatus: Network check failed
{
  "error": {
    "message": "Failed to fetch",
    "stack": "TypeError: Failed to fetch"
  }
}
[05/01/18, 21:24:04:658] info: NetworkStatus: Response from api.test
{
  "status": "offline"
}
[05/01/18, 21:24:04:658] info: NetworkStatus: Network check failed
{
  "error": {
    "message": "Failed to fetch",
    "stack": "TypeError: Failed to fetch"
  }
}
[05/01/18, 21:24:04:659] info: NetworkStatus: Response from api.test
{
  "status": "offline"
}
[05/01/18, 21:24:04:659] info: NetworkStatus: Network check failed
{
  "error": {
    "message": "Failed to fetch",
    "stack": "TypeError: Failed to fetch"
  }
}
[05/01/18, 21:24:04:659] info: NetworkStatus: Response from api.test
{
  "status": "offline"
}
[05/01/18, 21:24:04:660] info: Store: UPDATE_SESSION_STATUS
{
  "hasValidSession": null,
  "teamId": "T031FNTUT"
}
[05/01/18, 21:24:24:673] info: NetworkStatus: Network check failed
{
  "error": {
    "message": "Failed to fetch",
    "stack": "TypeError: Failed to fetch"
  }
}
[05/01/18, 21:24:24:673] info: NetworkStatus: Response from api.test
{
  "status": "offline"
}
[05/01/18, 21:24:24:673] info: NetworkStatus: Network check failed
{
  "error": {
    "message": "Failed to fetch",
    "stack": "TypeError: Failed to fetch"
  }
}
[05/01/18, 21:24:24:673] info: NetworkStatus: Response from api.test
{
  "status": "offline"
}
[05/01/18, 21:24:24:673] info: NetworkStatus: Network check failed
{
  "error": {
    "message": "Failed to fetch",
    "stack": "TypeError: Failed to fetch"
  }
}
[05/01/18, 21:24:24:673] info: NetworkStatus: Response from api.test
{
  "status": "offline"
}
[05/01/18, 21:24:24:674] info: NetworkStatus: Network check failed
{
  "error": {
    "message": "Failed to fetch",
    "stack": "TypeError: Failed to fetch"
  }
}
[05/01/18, 21:24:24:674] info: NetworkStatus: Response from api.test
{
  "status": "offline"
}
[05/01/18, 21:24:24:674] info: NetworkStatus: Network check failed
{
  "error": {
    "message": "Failed to fetch",
    "stack": "TypeError: Failed to fetch"
  }
}
[05/01/18, 21:24:24:674] info: NetworkStatus: Response from api.test
{
  "status": "offline"
}
[05/01/18, 21:24:24:674] info: NetworkStatus: Network check failed
{
  "error": {
    "message": "Failed to fetch",
    "stack": "TypeError: Failed to fetch"
  }
}
[05/01/18, 21:24:24:674] info: NetworkStatus: Response from api.test
{
  "status": "offline"
}
[05/01/18, 21:24:44:690] warn: Tried to determine signed in status, but errored.
{
  "error": {
    "message": "Failed to fetch",
    "stack": "TypeError: Failed to fetch"
  }
}
[05/01/18, 21:24:44:691] info: NetworkStatus: Network check failed
{
  "error": {
    "message": "Failed to fetch",
    "stack": "TypeError: Failed to fetch"
  }
}
[05/01/18, 21:24:44:691] info: NetworkStatus: Response from api.test
{
  "status": "offline"
}
[05/01/18, 21:24:44:691] info: NetworkStatus: Network check failed
{
  "error": {
    "message": "Failed to fetch",
    "stack": "TypeError: Failed to fetch"
  }
}
[05/01/18, 21:24:44:691] info: NetworkStatus: Response from api.test
{
  "status": "offline"
}
[05/01/18, 21:24:44:692] info: NetworkStatus: Network check failed
{
  "error": {
    "message": "Failed to fetch",
    "stack": "TypeError: Failed to fetch"
  }
}
[05/01/18, 21:24:44:692] info: NetworkStatus: Response from api.test
{
  "status": "offline"
}
[05/01/18, 21:24:44:692] info: NetworkStatus: Network check failed
{
  "error": {
    "message": "Failed to fetch",
    "stack": "TypeError: Failed to fetch"
  }
}
[05/01/18, 21:24:44:692] info: NetworkStatus: Response from api.test
{
  "status": "offline"
}
[05/01/18, 21:24:44:693] info: NetworkStatus: Network check failed
{
  "error": {
    "message": "Failed to fetch",
    "stack": "TypeError: Failed to fetch"
  }
}
[05/01/18, 21:24:44:693] info: NetworkStatus: Response from api.test
{
  "status": "offline"
}
[05/01/18, 21:24:44:693] info: Store: UPDATE_SESSION_STATUS
{
  "hasValidSession": null,
  "teamId": "T031FNTUT"
}
[05/01/18, 21:25:04:704] info: NetworkStatus: Network check failed
{
  "error": {
    "message": "Failed to fetch",
    "stack": "TypeError: Failed to fetch"
  }
}
[05/01/18, 21:25:04:704] info: NetworkStatus: Response from api.test
{
  "status": "offline"
}
[05/01/18, 21:25:04:704] info: NetworkStatus: Network check failed
{
  "error": {
    "message": "Failed to fetch",
    "stack": "TypeError: Failed to fetch"
  }
}
[05/01/18, 21:25:04:705] info: NetworkStatus: Response from api.test
{
  "status": "offline"
}
[05/01/18, 21:25:04:705] info: NetworkStatus: Network check failed
{
  "error": {
    "message": "Failed to fetch",
    "stack": "TypeError: Failed to fetch"
  }
}
[05/01/18, 21:25:04:705] info: NetworkStatus: Response from api.test
{
  "status": "offline"
}
[05/01/18, 21:25:04:706] info: NetworkStatus: Network check failed
{
  "error": {
    "message": "Failed to fetch",
    "stack": "TypeError: Failed to fetch"
  }
}
[05/01/18, 21:25:04:706] info: NetworkStatus: Response from api.test
{
  "status": "offline"
}
[05/01/18, 21:25:04:706] info: NetworkStatus: Network check failed
{
  "error": {
    "message": "Failed to fetch",
    "stack": "TypeError: Failed to fetch"
  }
}
[05/01/18, 21:25:04:706] info: NetworkStatus: Response from api.test
{
  "status": "offline"
}
[05/01/18, 21:25:04:707] info: NetworkStatus: Network check failed
{
  "error": {
    "message": "Failed to fetch",
    "stack": "TypeError: Failed to fetch"
  }
}
[05/01/18, 21:25:04:707] info: NetworkStatus: Response from api.test
{
  "status": "offline"
}
[05/01/18, 21:25:24:721] info: NetworkStatus: Network check failed
{
  "error": {
    "message": "Failed to fetch",
    "stack": "TypeError: Failed to fetch"
  }
}
[05/01/18, 21:25:24:721] info: NetworkStatus: Response from api.test
{
  "status": "offline"
}
[05/01/18, 21:25:24:722] info: NetworkStatus: Network check failed
{
  "error": {
    "message": "Failed to fetch",
    "stack": "TypeError: Failed to fetch"
  }
}
[05/01/18, 21:25:24:722] info: NetworkStatus: Response from api.test
{
  "status": "offline"
}
[05/01/18, 21:25:24:722] info: NetworkStatus: Network check failed
{
  "error": {
    "message": "Failed to fetch",
    "stack": "TypeError: Failed to fetch"
  }
}
[05/01/18, 21:25:24:722] info: NetworkStatus: Response from api.test
{
  "status": "offline"
}
[05/01/18, 21:25:24:722] info: NetworkStatus: Network check failed
{
  "error": {
    "message": "Failed to fetch",
    "stack": "TypeError: Failed to fetch"
  }
}
[05/01/18, 21:25:24:722] info: NetworkStatus: Response from api.test
{
  "status": "offline"
}
[05/01/18, 21:25:24:723] info: NetworkStatus: Network check failed
{
  "error": {
    "message": "Failed to fetch",
    "stack": "TypeError: Failed to fetch"
  }
}
[05/01/18, 21:25:24:723] info: NetworkStatus: Response from api.test
{
  "status": "offline"
}
[05/01/18, 21:25:24:723] info: NetworkStatus: Network check failed
{
  "error": {
    "message": "Failed to fetch",
    "stack": "TypeError: Failed to fetch"
  }
}
[05/01/18, 21:25:24:723] info: NetworkStatus: Response from api.test
{
  "status": "offline"
}
[05/01/18, 21:25:44:737] info: NetworkStatus: Network check failed
{
  "error": {
    "message": "Failed to fetch",
    "stack": "TypeError: Failed to fetch"
  }
}
[05/01/18, 21:25:44:737] info: NetworkStatus: Response from api.test
{
  "status": "offline"
}
[05/01/18, 21:25:44:738] info: NetworkStatus: Network check failed
{
  "error": {
    "message": "Failed to fetch",
    "stack": "TypeError: Failed to fetch"
  }
}
[05/01/18, 21:25:44:739] info: NetworkStatus: Response from api.test
{
  "status": "offline"
}
[05/01/18, 21:25:44:740] info: NetworkStatus: Network check failed
{
  "error": {
    "message": "Failed to fetch",
    "stack": "TypeError: Failed to fetch"
  }
}
[05/01/18, 21:25:44:741] info: NetworkStatus: Response from api.test
{
  "status": "offline"
}
[05/01/18, 21:25:44:744] info: NetworkStatus: Network check failed
{
  "error": {
    "message": "Failed to fetch",
    "stack": "TypeError: Failed to fetch"
  }
}
[05/01/18, 21:25:44:747] info: NetworkStatus: Response from api.test
{
  "status": "offline"
}
[05/01/18, 21:25:44:749] info: NetworkStatus: Network check failed
{
  "error": {
    "message": "Failed to fetch",
    "stack": "TypeError: Failed to fetch"
  }
}
[05/01/18, 21:25:44:749] info: NetworkStatus: Response from api.test
{
  "status": "offline"
}
[05/01/18, 21:25:44:750] info: NetworkStatus: Network check failed
{
  "error": {
    "message": "Failed to fetch",
    "stack": "TypeError: Failed to fetch"
  }
}
[05/01/18, 21:25:44:750] info: NetworkStatus: Response from api.test
{
  "status": "offline"
}
[05/01/18, 21:26:04:749] info: NetworkStatus: Network check failed
{
  "error": {
    "message": "Failed to fetch",
    "stack": "TypeError: Failed to fetch"
  }
}
[05/01/18, 21:26:04:749] info: NetworkStatus: Response from api.test
{
  "status": "offline"
}
[05/01/18, 21:26:04:749] info: NetworkStatus: Network check failed
{
  "error": {
    "message": "Failed to fetch",
    "stack": "TypeError: Failed to fetch"
  }
}
[05/01/18, 21:26:04:750] info: NetworkStatus: Response from api.test
{
  "status": "offline"
}
[05/01/18, 21:26:04:750] info: NetworkStatus: Network check failed
{
  "error": {
    "message": "Failed to fetch",
    "stack": "TypeError: Failed to fetch"
  }
}
[05/01/18, 21:26:04:750] info: NetworkStatus: Response from api.test
{
  "status": "offline"
}
[05/01/18, 21:26:04:750] info: NetworkStatus: Network check failed
{
  "error": {
    "message": "Failed to fetch",
    "stack": "TypeError: Failed to fetch"
  }
}
[05/01/18, 21:26:04:751] info: NetworkStatus: Response from api.test
{
  "status": "offline"
}
[05/01/18, 21:26:04:751] info: NetworkStatus: Network check failed
{
  "error": {
    "message": "Failed to fetch",
    "stack": "TypeError: Failed to fetch"
  }
}
[05/01/18, 21:26:04:752] info: NetworkStatus: Response from api.test
{
  "status": "offline"
}
[05/01/18, 21:26:04:752] info: NetworkStatus: Network check failed
{
  "error": {
    "message": "Failed to fetch",
    "stack": "TypeError: Failed to fetch"
  }
}
[05/01/18, 21:26:04:752] info: NetworkStatus: Response from api.test
{
  "status": "offline"
}
[05/01/18, 21:26:24:770] info: NetworkStatus: Network check failed
{
  "error": {
    "message": "Failed to fetch",
    "stack": "TypeError: Failed to fetch"
  }
}
[05/01/18, 21:26:24:770] info: NetworkStatus: Response from api.test
{
  "status": "offline"
}
[05/01/18, 21:26:24:771] info: NetworkStatus: Network check failed
{
  "error": {
    "message": "Failed to fetch",
    "stack": "TypeError: Failed to fetch"
  }
}
[05/01/18, 21:26:24:771] info: NetworkStatus: Response from api.test
{
  "status": "offline"
}
[05/01/18, 21:26:24:771] info: NetworkStatus: Network check failed
{
  "error": {
    "message": "Failed to fetch",
    "stack": "TypeError: Failed to fetch"
  }
}
[05/01/18, 21:26:24:771] info: NetworkStatus: Response from api.test
{
  "status": "offline"
}
[05/01/18, 21:26:24:771] info: NetworkStatus: Network check failed
{
  "error": {
    "message": "Failed to fetch",
    "stack": "TypeError: Failed to fetch"
  }
}
[05/01/18, 21:26:24:772] info: NetworkStatus: Response from api.test
{
  "status": "offline"
}
[05/01/18, 21:26:24:772] info: NetworkStatus: Network check failed
{
  "error": {
    "message": "Failed to fetch",
    "stack": "TypeError: Failed to fetch"
  }
}
[05/01/18, 21:26:24:772] info: NetworkStatus: Response from api.test
{
  "status": "offline"
}
[05/01/18, 21:26:24:772] info: NetworkStatus: Network check failed
{
  "error": {
    "message": "Failed to fetch",
    "stack": "TypeError: Failed to fetch"
  }
}
[05/01/18, 21:26:24:772] info: NetworkStatus: Response from api.test
{
  "status": "offline"
}
[05/01/18, 21:26:44:783] info: NetworkStatus: Network check failed
{
  "error": {
    "message": "Failed to fetch",
    "stack": "TypeError: Failed to fetch"
  }
}
[05/01/18, 21:26:44:784] info: NetworkStatus: Response from api.test
{
  "status": "offline"
}
[05/01/18, 21:26:44:784] info: NetworkStatus: Network check failed
{
  "error": {
    "message": "Failed to fetch",
    "stack": "TypeError: Failed to fetch"
  }
}
[05/01/18, 21:26:44:785] info: NetworkStatus: Response from api.test
{
  "status": "offline"
}
[05/01/18, 21:26:44:785] info: NetworkStatus: Network check failed
{
  "error": {
    "message": "Failed to fetch",
    "stack": "TypeError: Failed to fetch"
  }
}
[05/01/18, 21:26:44:786] info: NetworkStatus: Response from api.test
{
  "status": "offline"
}
[05/01/18, 21:26:44:787] info: NetworkStatus: Network check failed
{
  "error": {
    "message": "Failed to fetch",
    "stack": "TypeError: Failed to fetch"
  }
}
[05/01/18, 21:26:44:787] info: NetworkStatus: Response from api.test
{
  "status": "offline"
}
[05/01/18, 21:27:04:800] info: NetworkStatus: Network check failed
{
  "error": {
    "message": "Failed to fetch",
    "stack": "TypeError: Failed to fetch"
  }
}
[05/01/18, 21:27:04:800] info: NetworkStatus: Response from api.test
{
  "status": "offline"
}
[05/01/18, 21:27:04:801] info: NetworkStatus: Network check failed
{
  "error": {
    "message": "Failed to fetch",
    "stack": "TypeError: Failed to fetch"
  }
}
[05/01/18, 21:27:04:801] info: NetworkStatus: Response from api.test
{
  "status": "offline"
}
[05/01/18, 21:27:04:802] info: NetworkStatus: Network check failed
{
  "error": {
    "message": "Failed to fetch",
    "stack": "TypeError: Failed to fetch"
  }
}
[05/01/18, 21:27:04:802] info: NetworkStatus: Response from api.test
{
  "status": "offline"
}
[05/01/18, 21:27:04:803] info: NetworkStatus: Network check failed
{
  "error": {
    "message": "Failed to fetch",
    "stack": "TypeError: Failed to fetch"
  }
}
[05/01/18, 21:27:04:803] info: NetworkStatus: Response from api.test
{
  "status": "offline"
}
[05/01/18, 21:27:24:817] info: NetworkStatus: Network check failed
{
  "error": {
    "message": "Failed to fetch",
    "stack": "TypeError: Failed to fetch"
  }
}
[05/01/18, 21:27:24:818] info: NetworkStatus: Response from api.test
{
  "status": "offline"
}
[05/01/18, 21:27:24:821] info: NetworkStatus: Network check failed
{
  "error": {
    "message": "Failed to fetch",
    "stack": "TypeError: Failed to fetch"
  }
}
[05/01/18, 21:27:24:821] info: NetworkStatus: Response from api.test
{
  "status": "offline"
}
[05/01/18, 21:27:24:822] info: NetworkStatus: Network check failed
{
  "error": {
    "message": "Failed to fetch",
    "stack": "TypeError: Failed to fetch"
  }
}
[05/01/18, 21:27:24:823] info: NetworkStatus: Response from api.test
{
  "status": "offline"
}
[05/01/18, 21:27:24:823] info: NetworkStatus: Network check failed
{
  "error": {
    "message": "Failed to fetch",
    "stack": "TypeError: Failed to fetch"
  }
}
[05/01/18, 21:27:24:824] info: NetworkStatus: Response from api.test
{
  "status": "offline"
}
[05/01/18, 21:27:44:836] info: NetworkStatus: Network check failed
{
  "error": {
    "message": "Failed to fetch",
    "stack": "TypeError: Failed to fetch"
  }
}
[05/01/18, 21:27:44:837] info: NetworkStatus: Response from api.test
{
  "status": "offline"
}
[05/01/18, 21:27:44:838] info: NetworkStatus: Network check failed
{
  "error": {
    "message": "Failed to fetch",
    "stack": "TypeError: Failed to fetch"
  }
}
[05/01/18, 21:27:44:839] info: NetworkStatus: Response from api.test
{
  "status": "offline"
}
[05/01/18, 21:27:44:840] info: NetworkStatus: Network check failed
{
  "error": {
    "message": "Failed to fetch",
    "stack": "TypeError: Failed to fetch"
  }
}
[05/01/18, 21:27:44:840] info: NetworkStatus: Response from api.test
{
  "status": "offline"
}
[05/01/18, 21:27:44:841] info: NetworkStatus: Network check failed
{
  "error": {
    "message": "Failed to fetch",
    "stack": "TypeError: Failed to fetch"
  }
}
[05/01/18, 21:27:44:842] info: NetworkStatus: Response from api.test
{
  "status": "offline"
}
[05/01/18, 21:27:44:842] info: NetworkStatus: Network check failed
{
  "error": {
    "message": "Failed to fetch",
    "stack": "TypeError: Failed to fetch"
  }
}
[05/01/18, 21:27:44:843] info: NetworkStatus: Response from api.test
{
  "status": "offline"
}
[05/01/18, 21:28:04:857] info: NetworkStatus: Network check failed
{
  "error": {
    "message": "Failed to fetch",
    "stack": "TypeError: Failed to fetch"
  }
}
[05/01/18, 21:28:04:857] info: NetworkStatus: Response from api.test
{
  "status": "offline"
}
[05/01/18, 21:28:04:858] info: NetworkStatus: Network check failed
{
  "error": {
    "message": "Failed to fetch",
    "stack": "TypeError: Failed to fetch"
  }
}
[05/01/18, 21:28:04:859] info: NetworkStatus: Response from api.test
{
  "status": "offline"
}
[05/01/18, 21:28:04:860] info: NetworkStatus: Network check failed
{
  "error": {
    "message": "Failed to fetch",
    "stack": "TypeError: Failed to fetch"
  }
}
[05/01/18, 21:28:04:860] info: NetworkStatus: Response from api.test
{
  "status": "offline"
}
[05/01/18, 21:28:04:860] info: NetworkStatus: Network check failed
{
  "error": {
    "message": "Failed to fetch",
    "stack": "TypeError: Failed to fetch"
  }
}
[05/01/18, 21:28:04:861] info: NetworkStatus: Response from api.test
{
  "status": "offline"
}
[05/01/18, 21:28:24:873] info: NetworkStatus: Network check failed
{
  "error": {
    "message": "Failed to fetch",
    "stack": "TypeError: Failed to fetch"
  }
}
[05/01/18, 21:28:24:874] info: NetworkStatus: Response from api.test
{
  "status": "offline"
}
[05/01/18, 21:28:24:876] info: NetworkStatus: Network check failed
{
  "error": {
    "message": "Failed to fetch",
    "stack": "TypeError: Failed to fetch"
  }
}
[05/01/18, 21:28:24:876] info: NetworkStatus: Response from api.test
{
  "status": "offline"
}
[05/01/18, 21:28:24:878] info: NetworkStatus: Network check failed
{
  "error": {
    "message": "Failed to fetch",
    "stack": "TypeError: Failed to fetch"
  }
}
[05/01/18, 21:28:24:878] info: NetworkStatus: Response from api.test
{
  "status": "offline"
}
[05/01/18, 21:28:24:879] info: NetworkStatus: Network check failed
{
  "error": {
    "message": "Failed to fetch",
    "stack": "TypeError: Failed to fetch"
  }
}
[05/01/18, 21:28:24:879] info: NetworkStatus: Response from api.test
{
  "status": "offline"
}
[05/01/18, 21:29:36:667] info: Store: SET_FULL_SCREEN
[05/01/18, 21:29:36:722] info: Store: SET_FULL_SCREEN
[05/01/18, 21:29:37:494] info: Store: SET_FULL_SCREEN
[05/01/18, 21:29:37:503] info: Store: SET_FULL_SCREEN
[05/01/18, 21:30:25:305] info: NetworkStatus: Network check failed
{
  "error": {
    "message": "Failed to fetch",
    "stack": "TypeError: Failed to fetch"
  }
}
[05/01/18, 21:30:25:305] info: NetworkStatus: Response from api.test
{
  "status": "offline"
}
[05/01/18, 21:30:50:451] info: NetworkStatus: Network check failed
{
  "error": {
    "message": "Failed to fetch",
    "stack": "TypeError: Failed to fetch"
  }
}
[05/01/18, 21:30:50:453] info: NetworkStatus: Response from api.test
{
  "status": "offline"
}
[05/01/18, 21:30:50:455] info: NetworkStatus: Network check failed
{
  "error": {
    "message": "Failed to fetch",
    "stack": "TypeError: Failed to fetch"
  }
}
[05/01/18, 21:30:50:457] info: NetworkStatus: Response from api.test
{
  "status": "offline"
}
[05/01/18, 21:30:50:458] info: NetworkStatus: Network check failed
{
  "error": {
    "message": "Failed to fetch",
    "stack": "TypeError: Failed to fetch"
  }
}
[05/01/18, 21:30:50:459] info: NetworkStatus: Response from api.test
{
  "status": "offline"
}
[05/01/18, 21:30:50:459] info: NetworkStatus: Network check failed
{
  "error": {
    "message": "Failed to fetch",
    "stack": "TypeError: Failed to fetch"
  }
}
[05/01/18, 21:30:50:460] info: NetworkStatus: Response from api.test
{
  "status": "offline"
}
[05/01/18, 21:30:50:461] info: NetworkStatus: Network check failed
{
  "error": {
    "message": "Failed to fetch",
    "stack": "TypeError: Failed to fetch"
  }
}
[05/01/18, 21:30:50:462] info: NetworkStatus: Response from api.test
{
  "status": "offline"
}
[05/01/18, 21:32:34:898] info: NetworkStatus: Network check failed
{
  "error": {
    "message": "Failed to fetch",
    "stack": "TypeError: Failed to fetch"
  }
}
[05/01/18, 21:32:34:898] info: NetworkStatus: Response from api.test
{
  "status": "offline"
}
[05/01/18, 21:32:54:912] info: NetworkStatus: Network check failed
{
  "error": {
    "message": "Failed to fetch",
    "stack": "TypeError: Failed to fetch"
  }
}
[05/01/18, 21:32:54:912] info: NetworkStatus: Response from api.test
{
  "status": "offline"
}
[05/01/18, 21:33:01:522] info: NetworkStatus: Network check failed
{
  "error": {
    "message": "Failed to fetch",
    "stack": "TypeError: Failed to fetch"
  }
}
[05/01/18, 21:33:01:523] info: NetworkStatus: Response from api.test
{
  "status": "offline"
}
[05/01/18, 21:33:01:524] info: NetworkStatus: Network check failed
{
  "error": {
    "message": "Failed to fetch",
    "stack": "TypeError: Failed to fetch"
  }
}
[05/01/18, 21:33:01:524] info: NetworkStatus: Response from api.test
{
  "status": "offline"
}
[05/01/18, 21:33:01:525] info: NetworkStatus: Network check failed
{
  "error": {
    "message": "Failed to fetch",
    "stack": "TypeError: Failed to fetch"
  }
}
[05/01/18, 21:33:01:526] info: NetworkStatus: Response from api.test
{
  "status": "offline"
}
[05/01/18, 21:33:01:526] info: NetworkStatus: Network check failed
{
  "error": {
    "message": "Failed to fetch",
    "stack": "TypeError: Failed to fetch"
  }
}
[05/01/18, 21:33:01:527] info: NetworkStatus: Response from api.test
{
  "status": "offline"
}
[05/01/18, 21:33:01:528] info: NetworkStatus: Network check failed
{
  "error": {
    "message": "Failed to fetch",
    "stack": "TypeError: Failed to fetch"
  }
}
[05/01/18, 21:33:01:528] info: NetworkStatus: Response from api.test
{
  "status": "offline"
}
[05/01/18, 21:33:14:928] info: NetworkStatus: Network check failed
{
  "error": {
    "message": "Failed to fetch",
    "stack": "TypeError: Failed to fetch"
  }
}
[05/01/18, 21:33:14:932] info: NetworkStatus: Response from api.test
{
  "status": "offline"
}
[05/01/18, 21:33:14:934] info: NetworkStatus: Network check failed
{
  "error": {
    "message": "Failed to fetch",
    "stack": "TypeError: Failed to fetch"
  }
}
[05/01/18, 21:33:14:935] info: NetworkStatus: Response from api.test
{
  "status": "offline"
}
[05/01/18, 21:33:14:936] info: NetworkStatus: Network check failed
{
  "error": {
    "message": "Failed to fetch",
    "stack": "TypeError: Failed to fetch"
  }
}
[05/01/18, 21:33:14:936] info: NetworkStatus: Response from api.test
{
  "status": "offline"
}
[05/01/18, 21:33:14:937] info: NetworkStatus: Network check failed
{
  "error": {
    "message": "Failed to fetch",
    "stack": "TypeError: Failed to fetch"
  }
}
[05/01/18, 21:33:14:938] info: NetworkStatus: Response from api.test
{
  "status": "offline"
}
[05/01/18, 21:33:14:938] info: NetworkStatus: Network check failed
{
  "error": {
    "message": "Failed to fetch",
    "stack": "TypeError: Failed to fetch"
  }
}
[05/01/18, 21:33:14:939] info: NetworkStatus: Response from api.test
{
  "status": "offline"
}
[05/01/18, 21:33:14:940] info: NetworkStatus: Network check failed
{
  "error": {
    "message": "Failed to fetch",
    "stack": "TypeError: Failed to fetch"
  }
}
[05/01/18, 21:33:14:940] info: NetworkStatus: Response from api.test
{
  "status": "offline"
}
[05/01/18, 21:33:34:944] info: NetworkStatus: Network check failed
{
  "error": {
    "message": "Failed to fetch",
    "stack": "TypeError: Failed to fetch"
  }
}
[05/01/18, 21:33:34:944] info: NetworkStatus: Response from api.test
{
  "status": "offline"
}
[05/01/18, 21:33:34:945] info: NetworkStatus: Network check failed
{
  "error": {
    "message": "Failed to fetch",
    "stack": "TypeError: Failed to fetch"
  }
}
[05/01/18, 21:33:34:946] info: NetworkStatus: Response from api.test
{
  "status": "offline"
}
[05/01/18, 21:33:34:947] info: NetworkStatus: Network check failed
{
  "error": {
    "message": "Failed to fetch",
    "stack": "TypeError: Failed to fetch"
  }
}
[05/01/18, 21:33:34:947] info: NetworkStatus: Response from api.test
{
  "status": "offline"
}
[05/01/18, 21:33:34:948] info: NetworkStatus: Network check failed
{
  "error": {
    "message": "Failed to fetch",
    "stack": "TypeError: Failed to fetch"
  }
}
[05/01/18, 21:33:34:949] info: NetworkStatus: Response from api.test
{
  "status": "offline"
}
[05/01/18, 21:33:34:954] info: NetworkStatus: Network check failed
{
  "error": {
    "message": "Failed to fetch",
    "stack": "TypeError: Failed to fetch"
  }
}
[05/01/18, 21:33:34:954] info: NetworkStatus: Response from api.test
{
  "status": "offline"
}
[05/01/18, 21:33:34:958] info: NetworkStatus: Network check failed
{
  "error": {
    "message": "Failed to fetch",
    "stack": "TypeError: Failed to fetch"
  }
}
[05/01/18, 21:33:34:959] info: NetworkStatus: Response from api.test
{
  "status": "offline"
}
[05/01/18, 21:35:55:599] info: NetworkStatus: Network check failed
{
  "error": {
    "message": "Failed to fetch",
    "stack": "TypeError: Failed to fetch"
  }
}
[05/01/18, 21:35:55:600] info: NetworkStatus: Response from api.test
{
  "status": "offline"
}
[05/01/18, 21:35:55:600] info: NetworkStatus: Network check failed
{
  "error": {
    "message": "Failed to fetch",
    "stack": "TypeError: Failed to fetch"
  }
}
[05/01/18, 21:35:55:601] info: NetworkStatus: Response from api.test
{
  "status": "offline"
}
[05/01/18, 21:35:55:601] info: NetworkStatus: Network check failed
{
  "error": {
    "message": "Failed to fetch",
    "stack": "TypeError: Failed to fetch"
  }
}
[05/01/18, 21:35:55:601] info: NetworkStatus: Response from api.test
{
  "status": "offline"
}
[05/01/18, 21:35:55:601] info: NetworkStatus: Network check failed
{
  "error": {
    "message": "Failed to fetch",
    "stack": "TypeError: Failed to fetch"
  }
}
[05/01/18, 21:35:55:602] info: NetworkStatus: Response from api.test
{
  "status": "offline"
}
[05/01/18, 21:35:55:602] info: NetworkStatus: Network check failed
{
  "error": {
    "message": "Failed to fetch",
    "stack": "TypeError: Failed to fetch"
  }
}
[05/01/18, 21:35:55:602] info: NetworkStatus: Response from api.test
{
  "status": "offline"
}
[05/01/18, 21:35:55:602] info: NetworkStatus: Network check failed
{
  "error": {
    "message": "Failed to fetch",
    "stack": "TypeError: Failed to fetch"
  }
}
[05/01/18, 21:35:55:602] info: NetworkStatus: Response from api.test
{
  "status": "offline"
}
[05/01/18, 21:36:15:612] info: NetworkStatus: Network check failed
{
  "error": {
    "message": "Failed to fetch",
    "stack": "TypeError: Failed to fetch"
  }
}
[05/01/18, 21:36:15:612] info: NetworkStatus: Response from api.test
{
  "status": "offline"
}
[05/01/18, 21:36:15:613] info: NetworkStatus: Network check failed
{
  "error": {
    "message": "Failed to fetch",
    "stack": "TypeError: Failed to fetch"
  }
}
[05/01/18, 21:36:15:614] info: NetworkStatus: Response from api.test
{
  "status": "offline"
}
[05/01/18, 21:36:15:615] info: NetworkStatus: Network check failed
{
  "error": {
    "message": "Failed to fetch",
    "stack": "TypeError: Failed to fetch"
  }
}
[05/01/18, 21:36:15:615] info: NetworkStatus: Response from api.test
{
  "status": "offline"
}
[05/01/18, 21:36:15:616] info: NetworkStatus: Network check failed
{
  "error": {
    "message": "Failed to fetch",
    "stack": "TypeError: Failed to fetch"
  }
}
[05/01/18, 21:36:15:616] info: NetworkStatus: Response from api.test
{
  "status": "offline"
}
[05/01/18, 21:36:15:616] info: NetworkStatus: Network check failed
{
  "error": {
    "message": "Failed to fetch",
    "stack": "TypeError: Failed to fetch"
  }
}
[05/01/18, 21:36:15:617] info: NetworkStatus: Response from api.test
{
  "status": "offline"
}
[05/01/18, 21:36:15:617] info: NetworkStatus: Network check failed
{
  "error": {
    "message": "Failed to fetch",
    "stack": "TypeError: Failed to fetch"
  }
}
[05/01/18, 21:36:15:617] info: NetworkStatus: Response from api.test
{
  "status": "offline"
}
[05/01/18, 21:36:35:628] info: NetworkStatus: Network check failed
{
  "error": {
    "message": "Failed to fetch",
    "stack": "TypeError: Failed to fetch"
  }
}
[05/01/18, 21:36:35:629] info: NetworkStatus: Response from api.test
{
  "status": "offline"
}
[05/01/18, 21:36:35:629] info: NetworkStatus: Network check failed
{
  "error": {
    "message": "Failed to fetch",
    "stack": "TypeError: Failed to fetch"
  }
}
[05/01/18, 21:36:35:629] info: NetworkStatus: Response from api.test
{
  "status": "offline"
}
[05/01/18, 21:36:35:630] info: NetworkStatus: Network check failed
{
  "error": {
    "message": "Failed to fetch",
    "stack": "TypeError: Failed to fetch"
  }
}
[05/01/18, 21:36:35:630] info: NetworkStatus: Response from api.test
{
  "status": "offline"
}
[05/01/18, 21:36:35:631] info: NetworkStatus: Network check failed
{
  "error": {
    "message": "Failed to fetch",
    "stack": "TypeError: Failed to fetch"
  }
}
[05/01/18, 21:36:35:631] info: NetworkStatus: Response from api.test
{
  "status": "offline"
}
[05/01/18, 21:36:35:632] info: NetworkStatus: Network check failed
{
  "error": {
    "message": "Failed to fetch",
    "stack": "TypeError: Failed to fetch"
  }
}
[05/01/18, 21:36:35:632] info: NetworkStatus: Response from api.test
{
  "status": "offline"
}
[05/01/18, 21:36:35:633] info: NetworkStatus: Network check failed
{
  "error": {
    "message": "Failed to fetch",
    "stack": "TypeError: Failed to fetch"
  }
}
[05/01/18, 21:36:35:633] info: NetworkStatus: Response from api.test
{
  "status": "offline"
}
[05/01/18, 21:36:55:645] info: NetworkStatus: Network check failed
{
  "error": {
    "message": "Failed to fetch",
    "stack": "TypeError: Failed to fetch"
  }
}
[05/01/18, 21:36:55:646] info: NetworkStatus: Response from api.test
{
  "status": "offline"
}
[05/01/18, 21:36:55:646] info: NetworkStatus: Network check failed
{
  "error": {
    "message": "Failed to fetch",
    "stack": "TypeError: Failed to fetch"
  }
}
[05/01/18, 21:36:55:647] info: NetworkStatus: Response from api.test
{
  "status": "offline"
}
[05/01/18, 21:36:55:648] info: NetworkStatus: Network check failed
{
  "error": {
    "message": "Failed to fetch",
    "stack": "TypeError: Failed to fetch"
  }
}
[05/01/18, 21:36:55:648] info: NetworkStatus: Response from api.test
{
  "status": "offline"
}
[05/01/18, 21:36:55:649] info: NetworkStatus: Network check failed
{
  "error": {
    "message": "Failed to fetch",
    "stack": "TypeError: Failed to fetch"
  }
}
[05/01/18, 21:36:55:649] info: NetworkStatus: Response from api.test
{
  "status": "offline"
}
[05/01/18, 21:36:55:650] info: NetworkStatus: Network check failed
{
  "error": {
    "message": "Failed to fetch",
    "stack": "TypeError: Failed to fetch"
  }
}
[05/01/18, 21:36:55:651] info: NetworkStatus: Response from api.test
{
  "status": "offline"
}
[05/01/18, 21:36:55:652] info: NetworkStatus: Network check failed
{
  "error": {
    "message": "Failed to fetch",
    "stack": "TypeError: Failed to fetch"
  }
}
[05/01/18, 21:36:55:655] info: NetworkStatus: Response from api.test
{
  "status": "offline"
}
[05/01/18, 21:37:15:660] info: NetworkStatus: Network check failed
{
  "error": {
    "message": "Failed to fetch",
    "stack": "TypeError: Failed to fetch"
  }
}
[05/01/18, 21:37:15:660] info: NetworkStatus: Response from api.test
{
  "status": "offline"
}
[05/01/18, 21:37:15:661] info: NetworkStatus: Network check failed
{
  "error": {
    "message": "Failed to fetch",
    "stack": "TypeError: Failed to fetch"
  }
}
[05/01/18, 21:37:15:661] info: NetworkStatus: Response from api.test
{
  "status": "offline"
}
[05/01/18, 21:37:15:662] info: NetworkStatus: Network check failed
{
  "error": {
    "message": "Failed to fetch",
    "stack": "TypeError: Failed to fetch"
  }
}
[05/01/18, 21:37:15:662] info: NetworkStatus: Response from api.test
{
  "status": "offline"
}
[05/01/18, 21:37:15:663] info: NetworkStatus: Network check failed
{
  "error": {
    "message": "Failed to fetch",
    "stack": "TypeError: Failed to fetch"
  }
}
[05/01/18, 21:37:15:663] info: NetworkStatus: Response from api.test
{
  "status": "offline"
}
[05/01/18, 21:37:15:664] info: NetworkStatus: Network check failed
{
  "error": {
    "message": "Failed to fetch",
    "stack": "TypeError: Failed to fetch"
  }
}
[05/01/18, 21:37:15:664] info: NetworkStatus: Response from api.test
{
  "status": "offline"
}
[05/01/18, 21:37:15:665] info: NetworkStatus: Network check failed
{
  "error": {
    "message": "Failed to fetch",
    "stack": "TypeError: Failed to fetch"
  }
}
[05/01/18, 21:37:15:665] info: NetworkStatus: Response from api.test
{
  "status": "offline"
}
[05/01/18, 21:39:40:880] info: NetworkStatus: Network check failed
{
  "error": {
    "message": "Failed to fetch",
    "stack": "TypeError: Failed to fetch"
  }
}
[05/01/18, 21:39:40:881] info: NetworkStatus: Response from api.test
{
  "status": "offline"
}
[05/01/18, 21:39:40:882] info: NetworkStatus: Network check failed
{
  "error": {
    "message": "Failed to fetch",
    "stack": "TypeError: Failed to fetch"
  }
}
[05/01/18, 21:39:40:883] info: NetworkStatus: Response from api.test
{
  "status": "offline"
}
[05/01/18, 21:39:40:883] info: NetworkStatus: Network check failed
{
  "error": {
    "message": "Failed to fetch",
    "stack": "TypeError: Failed to fetch"
  }
}
[05/01/18, 21:39:40:884] info: NetworkStatus: Response from api.test
{
  "status": "offline"
}
[05/01/18, 21:39:40:884] info: NetworkStatus: Network check failed
{
  "error": {
    "message": "Failed to fetch",
    "stack": "TypeError: Failed to fetch"
  }
}
[05/01/18, 21:39:40:884] info: NetworkStatus: Response from api.test
{
  "status": "offline"
}
[05/01/18, 21:39:40:885] info: NetworkStatus: Network check failed
{
  "error": {
    "message": "Failed to fetch",
    "stack": "TypeError: Failed to fetch"
  }
}
[05/01/18, 21:39:40:885] info: NetworkStatus: Response from api.test
{
  "status": "offline"
}
[05/01/18, 21:39:40:886] info: NetworkStatus: Network check failed
{
  "error": {
    "message": "Failed to fetch",
    "stack": "TypeError: Failed to fetch"
  }
}
[05/01/18, 21:39:40:886] info: NetworkStatus: Response from api.test
{
  "status": "offline"
}
[05/01/18, 21:40:00:896] info: NetworkStatus: Network check failed
{
  "error": {
    "message": "Failed to fetch",
    "stack": "TypeError: Failed to fetch"
  }
}
[05/01/18, 21:40:00:897] info: NetworkStatus: Response from api.test
{
  "status": "offline"
}
[05/01/18, 21:40:00:898] info: NetworkStatus: Network check failed
{
  "error": {
    "message": "Failed to fetch",
    "stack": "TypeError: Failed to fetch"
  }
}
[05/01/18, 21:40:00:898] info: NetworkStatus: Response from api.test
{
  "status": "offline"
}
[05/01/18, 21:40:00:899] info: NetworkStatus: Network check failed
{
  "error": {
    "message": "Failed to fetch",
    "stack": "TypeError: Failed to fetch"
  }
}
[05/01/18, 21:40:00:899] info: NetworkStatus: Response from api.test
{
  "status": "offline"
}
[05/01/18, 21:40:00:900] info: NetworkStatus: Network check failed
{
  "error": {
    "message": "Failed to fetch",
    "stack": "TypeError: Failed to fetch"
  }
}
[05/01/18, 21:40:00:901] info: NetworkStatus: Response from api.test
{
  "status": "offline"
}
[05/01/18, 21:40:00:901] info: NetworkStatus: Network check failed
{
  "error": {
    "message": "Failed to fetch",
    "stack": "TypeError: Failed to fetch"
  }
}
[05/01/18, 21:40:00:902] info: NetworkStatus: Response from api.test
{
  "status": "offline"
}
[05/01/18, 21:40:00:902] info: NetworkStatus: Network check failed
{
  "error": {
    "message": "Failed to fetch",
    "stack": "TypeError: Failed to fetch"
  }
}
[05/01/18, 21:40:00:903] info: NetworkStatus: Response from api.test
{
  "status": "offline"
}
[05/01/18, 21:40:20:913] info: NetworkStatus: Network check failed
{
  "error": {
    "message": "Failed to fetch",
    "stack": "TypeError: Failed to fetch"
  }
}
[05/01/18, 21:40:20:914] info: NetworkStatus: Response from api.test
{
  "status": "offline"
}
[05/01/18, 21:40:20:914] info: NetworkStatus: Network check failed
{
  "error": {
    "message": "Failed to fetch",
    "stack": "TypeError: Failed to fetch"
  }
}
[05/01/18, 21:40:20:915] info: NetworkStatus: Response from api.test
{
  "status": "offline"
}
[05/01/18, 21:40:20:915] info: NetworkStatus: Network check failed
{
  "error": {
    "message": "Failed to fetch",
    "stack": "TypeError: Failed to fetch"
  }
}
[05/01/18, 21:40:20:916] info: NetworkStatus: Response from api.test
{
  "status": "offline"
}
[05/01/18, 21:40:20:916] info: NetworkStatus: Network check failed
{
  "error": {
    "message": "Failed to fetch",
    "stack": "TypeError: Failed to fetch"
  }
}
[05/01/18, 21:40:20:917] info: NetworkStatus: Response from api.test
{
  "status": "offline"
}
[05/01/18, 21:40:20:917] info: NetworkStatus: Network check failed
{
  "error": {
    "message": "Failed to fetch",
    "stack": "TypeError: Failed to fetch"
  }
}
[05/01/18, 21:40:20:918] info: NetworkStatus: Response from api.test
{
  "status": "offline"
}
[05/01/18, 21:40:20:918] info: NetworkStatus: Network check failed
{
  "error": {
    "message": "Failed to fetch",
    "stack": "TypeError: Failed to fetch"
  }
}
[05/01/18, 21:40:20:918] info: NetworkStatus: Response from api.test
{
  "status": "offline"
}
[05/01/18, 21:40:40:932] info: NetworkStatus: Network check failed
{
  "error": {
    "message": "Failed to fetch",
    "stack": "TypeError: Failed to fetch"
  }
}
[05/01/18, 21:40:40:932] info: NetworkStatus: Response from api.test
{
  "status": "offline"
}
[05/01/18, 21:40:40:934] info: NetworkStatus: Network check failed
{
  "error": {
    "message": "Failed to fetch",
    "stack": "TypeError: Failed to fetch"
  }
}
[05/01/18, 21:40:40:934] info: NetworkStatus: Response from api.test
{
  "status": "offline"
}
[05/01/18, 21:40:40:936] info: NetworkStatus: Network check failed
{
  "error": {
    "message": "Failed to fetch",
    "stack": "TypeError: Failed to fetch"
  }
}
[05/01/18, 21:40:40:938] info: NetworkStatus: Response from api.test
{
  "status": "offline"
}
[05/01/18, 21:40:40:940] info: NetworkStatus: Network check failed
{
  "error": {
    "message": "Failed to fetch",
    "stack": "TypeError: Failed to fetch"
  }
}
[05/01/18, 21:40:40:940] info: NetworkStatus: Response from api.test
{
  "status": "offline"
}
[05/01/18, 21:40:40:941] info: NetworkStatus: Network check failed
{
  "error": {
    "message": "Failed to fetch",
    "stack": "TypeError: Failed to fetch"
  }
}
[05/01/18, 21:40:40:942] info: NetworkStatus: Response from api.test
{
  "status": "offline"
}
[05/01/18, 21:40:40:943] info: NetworkStatus: Network check failed
{
  "error": {
    "message": "Failed to fetch",
    "stack": "TypeError: Failed to fetch"
  }
}
[05/01/18, 21:40:40:944] info: NetworkStatus: Response from api.test
{
  "status": "offline"
}
[05/01/18, 21:41:00:953] info: NetworkStatus: Network check failed
{
  "error": {
    "message": "Failed to fetch",
    "stack": "TypeError: Failed to fetch"
  }
}
[05/01/18, 21:41:00:954] info: NetworkStatus: Response from api.test
{
  "status": "offline"
}
[05/01/18, 21:41:00:956] info: NetworkStatus: Network check failed
{
  "error": {
    "message": "Failed to fetch",
    "stack": "TypeError: Failed to fetch"
  }
}
[05/01/18, 21:41:00:956] info: NetworkStatus: Response from api.test
{
  "status": "offline"
}
[05/01/18, 21:41:00:957] info: NetworkStatus: Network check failed
{
  "error": {
    "message": "Failed to fetch",
    "stack": "TypeError: Failed to fetch"
  }
}
[05/01/18, 21:41:00:958] info: NetworkStatus: Response from api.test
{
  "status": "offline"
}
[05/01/18, 21:41:00:960] info: NetworkStatus: Network check failed
{
  "error": {
    "message": "Failed to fetch",
    "stack": "TypeError: Failed to fetch"
  }
}
[05/01/18, 21:41:00:961] info: NetworkStatus: Response from api.test
{
  "status": "offline"
}
[05/01/18, 21:41:00:962] info: NetworkStatus: Network check failed
{
  "error": {
    "message": "Failed to fetch",
    "stack": "TypeError: Failed to fetch"
  }
}
[05/01/18, 21:41:00:962] info: NetworkStatus: Response from api.test
{
  "status": "offline"
}
[05/01/18, 21:41:00:963] info: NetworkStatus: Network check failed
{
  "error": {
    "message": "Failed to fetch",
    "stack": "TypeError: Failed to fetch"
  }
}
[05/01/18, 21:41:00:964] info: NetworkStatus: Response from api.test
{
  "status": "offline"
}
[05/01/18, 21:41:20:969] info: NetworkStatus: Network check failed
{
  "error": {
    "message": "Failed to fetch",
    "stack": "TypeError: Failed to fetch"
  }
}
[05/01/18, 21:41:20:970] info: NetworkStatus: Response from api.test
{
  "status": "offline"
}
[05/01/18, 21:41:20:971] info: NetworkStatus: Network check failed
{
  "error": {
    "message": "Failed to fetch",
    "stack": "TypeError: Failed to fetch"
  }
}
[05/01/18, 21:41:20:971] info: NetworkStatus: Response from api.test
{
  "status": "offline"
}
[05/01/18, 21:41:20:972] info: NetworkStatus: Network check failed
{
  "error": {
    "message": "Failed to fetch",
    "stack": "TypeError: Failed to fetch"
  }
}
[05/01/18, 21:41:20:974] info: NetworkStatus: Response from api.test
{
  "status": "offline"
}
[05/01/18, 21:41:20:976] info: NetworkStatus: Network check failed
{
  "error": {
    "message": "Failed to fetch",
    "stack": "TypeError: Failed to fetch"
  }
}
[05/01/18, 21:41:20:976] info: NetworkStatus: Response from api.test
{
  "status": "offline"
}
[05/01/18, 21:41:20:977] info: NetworkStatus: Network check failed
{
  "error": {
    "message": "Failed to fetch",
    "stack": "TypeError: Failed to fetch"
  }
}
[05/01/18, 21:41:20:977] info: NetworkStatus: Response from api.test
{
  "status": "offline"
}
[05/01/18, 21:41:20:978] info: NetworkStatus: Network check failed
{
  "error": {
    "message": "Failed to fetch",
    "stack": "TypeError: Failed to fetch"
  }
}
[05/01/18, 21:41:20:978] info: NetworkStatus: Response from api.test
{
  "status": "offline"
}
[05/01/18, 21:41:40:986] info: NetworkStatus: Network check failed
{
  "error": {
    "message": "Failed to fetch",
    "stack": "TypeError: Failed to fetch"
  }
}
[05/01/18, 21:41:40:987] info: NetworkStatus: Response from api.test
{
  "status": "offline"
}
[05/01/18, 21:41:40:988] info: NetworkStatus: Network check failed
{
  "error": {
    "message": "Failed to fetch",
    "stack": "TypeError: Failed to fetch"
  }
}
[05/01/18, 21:41:40:988] info: NetworkStatus: Response from api.test
{
  "status": "offline"
}
[05/01/18, 21:41:40:989] info: NetworkStatus: Network check failed
{
  "error": {
    "message": "Failed to fetch",
    "stack": "TypeError: Failed to fetch"
  }
}
[05/01/18, 21:41:40:989] info: NetworkStatus: Response from api.test
{
  "status": "offline"
}
[05/01/18, 21:41:40:990] info: NetworkStatus: Network check failed
{
  "error": {
    "message": "Failed to fetch",
    "stack": "TypeError: Failed to fetch"
  }
}
[05/01/18, 21:41:40:990] info: NetworkStatus: Response from api.test
{
  "status": "offline"
}
[05/01/18, 21:41:40:991] info: NetworkStatus: Network check failed
{
  "error": {
    "message": "Failed to fetch",
    "stack": "TypeError: Failed to fetch"
  }
}
[05/01/18, 21:41:40:991] info: NetworkStatus: Response from api.test
{
  "status": "offline"
}
[05/01/18, 21:41:40:992] info: NetworkStatus: Network check failed
{
  "error": {
    "message": "Failed to fetch",
    "stack": "TypeError: Failed to fetch"
  }
}
[05/01/18, 21:41:40:992] info: NetworkStatus: Response from api.test
{
  "status": "offline"
}
[05/01/18, 21:41:54:619] info: Store: SET_FULL_SCREEN
[05/01/18, 21:41:54:645] info: Store: SET_FULL_SCREEN
[05/01/18, 21:41:55:419] info: Store: SET_FULL_SCREEN
[05/01/18, 21:41:55:424] info: Store: SET_FULL_SCREEN
[05/01/18, 21:42:01:007] info: NetworkStatus: Network check failed
{
  "error": {
    "message": "Failed to fetch",
    "stack": "TypeError: Failed to fetch"
  }
}
[05/01/18, 21:42:01:008] info: NetworkStatus: Response from api.test
{
  "status": "offline"
}
[05/01/18, 21:42:01:009] info: NetworkStatus: Network check failed
{
  "error": {
    "message": "Failed to fetch",
    "stack": "TypeError: Failed to fetch"
  }
}
[05/01/18, 21:42:01:010] info: NetworkStatus: Response from api.test
{
  "status": "offline"
}
[05/01/18, 21:42:01:011] info: NetworkStatus: Network check failed
{
  "error": {
    "message": "Failed to fetch",
    "stack": "TypeError: Failed to fetch"
  }
}
[05/01/18, 21:42:01:011] info: NetworkStatus: Response from api.test
{
  "status": "offline"
}
[05/01/18, 21:42:01:012] info: NetworkStatus: Network check failed
{
  "error": {
    "message": "Failed to fetch",
    "stack": "TypeError: Failed to fetch"
  }
}
[05/01/18, 21:42:01:015] info: NetworkStatus: Response from api.test
{
  "status": "offline"
}
[05/01/18, 21:42:01:016] info: NetworkStatus: Network check failed
{
  "error": {
    "message": "Failed to fetch",
    "stack": "TypeError: Failed to fetch"
  }
}
[05/01/18, 21:42:01:016] info: NetworkStatus: Response from api.test
{
  "status": "offline"
}
[05/01/18, 21:42:01:017] info: NetworkStatus: Network check failed
{
  "error": {
    "message": "Failed to fetch",
    "stack": "TypeError: Failed to fetch"
  }
}
[05/01/18, 21:42:01:017] info: NetworkStatus: Response from api.test
{
  "status": "offline"
}
[05/01/18, 21:42:21:024] info: NetworkStatus: Network check failed
{
  "error": {
    "message": "Failed to fetch",
    "stack": "TypeError: Failed to fetch"
  }
}
[05/01/18, 21:42:21:025] info: NetworkStatus: Response from api.test
{
  "status": "offline"
}
[05/01/18, 21:42:21:025] info: NetworkStatus: Network check failed
{
  "error": {
    "message": "Failed to fetch",
    "stack": "TypeError: Failed to fetch"
  }
}
[05/01/18, 21:42:21:026] info: NetworkStatus: Response from api.test
{
  "status": "offline"
}
[05/01/18, 21:42:21:026] info: NetworkStatus: Network check failed
{
  "error": {
    "message": "Failed to fetch",
    "stack": "TypeError: Failed to fetch"
  }
}
[05/01/18, 21:42:21:027] info: NetworkStatus: Response from api.test
{
  "status": "offline"
}
[05/01/18, 21:42:21:027] info: NetworkStatus: Network check failed
{
  "error": {
    "message": "Failed to fetch",
    "stack": "TypeError: Failed to fetch"
  }
}
[05/01/18, 21:42:21:028] info: NetworkStatus: Response from api.test
{
  "status": "offline"
}
[05/01/18, 21:42:21:028] info: NetworkStatus: Network check failed
{
  "error": {
    "message": "Failed to fetch",
    "stack": "TypeError: Failed to fetch"
  }
}
[05/01/18, 21:42:21:028] info: NetworkStatus: Response from api.test
{
  "status": "offline"
}
[05/01/18, 21:42:21:029] info: NetworkStatus: Network check failed
{
  "error": {
    "message": "Failed to fetch",
    "stack": "TypeError: Failed to fetch"
  }
}
[05/01/18, 21:42:21:029] info: NetworkStatus: Response from api.test
{
  "status": "offline"
}
[05/01/18, 21:42:41:039] info: NetworkStatus: Network check failed
{
  "error": {
    "message": "Failed to fetch",
    "stack": "TypeError: Failed to fetch"
  }
}
[05/01/18, 21:42:41:040] info: NetworkStatus: Response from api.test
{
  "status": "offline"
}
[05/01/18, 21:42:41:040] info: NetworkStatus: Network check failed
{
  "error": {
    "message": "Failed to fetch",
    "stack": "TypeError: Failed to fetch"
  }
}
[05/01/18, 21:42:41:041] info: NetworkStatus: Response from api.test
{
  "status": "offline"
}
[05/01/18, 21:42:41:041] info: NetworkStatus: Network check failed
{
  "error": {
    "message": "Failed to fetch",
    "stack": "TypeError: Failed to fetch"
  }
}
[05/01/18, 21:42:41:042] info: NetworkStatus: Response from api.test
{
  "status": "offline"
}
[05/01/18, 21:42:41:042] info: NetworkStatus: Network check failed
{
  "error": {
    "message": "Failed to fetch",
    "stack": "TypeError: Failed to fetch"
  }
}
[05/01/18, 21:42:41:043] info: NetworkStatus: Response from api.test
{
  "status": "offline"
}
[05/01/18, 21:42:41:043] info: NetworkStatus: Network check failed
{
  "error": {
    "message": "Failed to fetch",
    "stack": "TypeError: Failed to fetch"
  }
}
[05/01/18, 21:42:41:043] info: NetworkStatus: Response from api.test
{
  "status": "offline"
}
[05/01/18, 21:42:41:044] info: NetworkStatus: Network check failed
{
  "error": {
    "message": "Failed to fetch",
    "stack": "TypeError: Failed to fetch"
  }
}
[05/01/18, 21:42:41:045] info: NetworkStatus: Response from api.test
{
  "status": "offline"
}
[05/01/18, 21:42:56:846] info: Store: SET_FULL_SCREEN
[05/01/18, 21:42:56:870] info: Store: SET_FULL_SCREEN
[05/01/18, 21:42:57:552] info: Store: SET_FULL_SCREEN
[05/01/18, 21:42:57:571] info: Store: SET_FULL_SCREEN
[05/01/18, 21:43:01:057] info: NetworkStatus: Network check failed
{
  "error": {
    "message": "Failed to fetch",
    "stack": "TypeError: Failed to fetch"
  }
}
[05/01/18, 21:43:01:057] info: NetworkStatus: Response from api.test
{
  "status": "offline"
}
[05/01/18, 21:43:01:058] info: NetworkStatus: Network check failed
{
  "error": {
    "message": "Failed to fetch",
    "stack": "TypeError: Failed to fetch"
  }
}
[05/01/18, 21:43:01:058] info: NetworkStatus: Response from api.test
{
  "status": "offline"
}
[05/01/18, 21:43:01:059] info: NetworkStatus: Network check failed
{
  "error": {
    "message": "Failed to fetch",
    "stack": "TypeError: Failed to fetch"
  }
}
[05/01/18, 21:43:01:059] info: NetworkStatus: Response from api.test
{
  "status": "offline"
}
[05/01/18, 21:43:01:059] info: NetworkStatus: Network check failed
{
  "error": {
    "message": "Failed to fetch",
    "stack": "TypeError: Failed to fetch"
  }
}
[05/01/18, 21:43:01:060] info: NetworkStatus: Response from api.test
{
  "status": "offline"
}
[05/01/18, 21:43:01:061] info: NetworkStatus: Network check failed
{
  "error": {
    "message": "Failed to fetch",
    "stack": "TypeError: Failed to fetch"
  }
}
[05/01/18, 21:43:01:062] info: NetworkStatus: Response from api.test
{
  "status": "offline"
}
[05/01/18, 21:43:01:062] info: NetworkStatus: Network check failed
{
  "error": {
    "message": "Failed to fetch",
    "stack": "TypeError: Failed to fetch"
  }
}
[05/01/18, 21:43:01:062] info: NetworkStatus: Response from api.test
{
  "status": "offline"
}
[05/01/18, 21:43:21:071] info: NetworkStatus: Network check failed
{
  "error": {
    "message": "Failed to fetch",
    "stack": "TypeError: Failed to fetch"
  }
}
[05/01/18, 21:43:21:072] info: NetworkStatus: Response from api.test
{
  "status": "offline"
}
[05/01/18, 21:43:21:072] info: NetworkStatus: Network check failed
{
  "error": {
    "message": "Failed to fetch",
    "stack": "TypeError: Failed to fetch"
  }
}
[05/01/18, 21:43:21:072] info: NetworkStatus: Response from api.test
{
  "status": "offline"
}
[05/01/18, 21:43:21:072] info: NetworkStatus: Network check failed
{
  "error": {
    "message": "Failed to fetch",
    "stack": "TypeError: Failed to fetch"
  }
}
[05/01/18, 21:43:21:072] info: NetworkStatus: Response from api.test
{
  "status": "offline"
}
[05/01/18, 21:43:21:072] info: NetworkStatus: Network check failed
{
  "error": {
    "message": "Failed to fetch",
    "stack": "TypeError: Failed to fetch"
  }
}
[05/01/18, 21:43:21:073] info: NetworkStatus: Response from api.test
{
  "status": "offline"
}
[05/01/18, 21:43:21:073] info: NetworkStatus: Network check failed
{
  "error": {
    "message": "Failed to fetch",
    "stack": "TypeError: Failed to fetch"
  }
}
[05/01/18, 21:43:21:073] info: NetworkStatus: Response from api.test
{
  "status": "offline"
}
[05/01/18, 21:43:21:073] info: NetworkStatus: Network check failed
{
  "error": {
    "message": "Failed to fetch",
    "stack": "TypeError: Failed to fetch"
  }
}
[05/01/18, 21:43:21:073] info: NetworkStatus: Response from api.test
{
  "status": "offline"
}
[05/01/18, 21:43:41:092] info: NetworkStatus: Network check failed
{
  "error": {
    "message": "Failed to fetch",
    "stack": "TypeError: Failed to fetch"
  }
}
[05/01/18, 21:43:41:092] info: NetworkStatus: Response from api.test
{
  "status": "offline"
}
[05/01/18, 21:43:41:093] info: NetworkStatus: Network check failed
{
  "error": {
    "message": "Failed to fetch",
    "stack": "TypeError: Failed to fetch"
  }
}
[05/01/18, 21:43:41:094] info: NetworkStatus: Response from api.test
{
  "status": "offline"
}
[05/01/18, 21:43:41:094] info: NetworkStatus: Network check failed
{
  "error": {
    "message": "Failed to fetch",
    "stack": "TypeError: Failed to fetch"
  }
}
[05/01/18, 21:43:41:095] info: NetworkStatus: Response from api.test
{
  "status": "offline"
}
[05/01/18, 21:43:41:096] info: NetworkStatus: Network check failed
{
  "error": {
    "message": "Failed to fetch",
    "stack": "TypeError: Failed to fetch"
  }
}
[05/01/18, 21:43:41:096] info: NetworkStatus: Response from api.test
{
  "status": "offline"
}
[05/01/18, 21:43:41:098] info: NetworkStatus: Network check failed
{
  "error": {
    "message": "Failed to fetch",
    "stack": "TypeError: Failed to fetch"
  }
}
[05/01/18, 21:43:41:099] info: NetworkStatus: Response from api.test
{
  "status": "offline"
}
[05/01/18, 21:43:41:100] info: NetworkStatus: Network check failed
{
  "error": {
    "message": "Failed to fetch",
    "stack": "TypeError: Failed to fetch"
  }
}
[05/01/18, 21:43:41:101] info: NetworkStatus: Response from api.test
{
  "status": "offline"
}
[05/01/18, 21:44:29:228] info: NetworkStatus: Network check failed
{
  "error": {
    "message": "Failed to fetch",
    "stack": "TypeError: Failed to fetch"
  }
}
[05/01/18, 21:44:29:228] info: NetworkStatus: Response from api.test
{
  "status": "offline"
}
[05/01/18, 21:44:29:229] info: NetworkStatus: Network check failed
{
  "error": {
    "message": "Failed to fetch",
    "stack": "TypeError: Failed to fetch"
  }
}
[05/01/18, 21:44:29:229] info: NetworkStatus: Response from api.test
{
  "status": "offline"
}
[05/01/18, 21:44:29:229] info: NetworkStatus: Network check failed
{
  "error": {
    "message": "Failed to fetch",
    "stack": "TypeError: Failed to fetch"
  }
}
[05/01/18, 21:44:29:229] info: NetworkStatus: Response from api.test
{
  "status": "offline"
}
[05/01/18, 21:44:29:242] info: NetworkStatus: Network check failed
{
  "error": {
    "message": "Failed to fetch",
    "stack": "TypeError: Failed to fetch"
  }
}
[05/01/18, 21:44:29:243] info: NetworkStatus: Response from api.test
{
  "status": "offline"
}
[05/01/18, 21:44:29:243] info: NetworkStatus: Network check failed
{
  "error": {
    "message": "Failed to fetch",
    "stack": "TypeError: Failed to fetch"
  }
}
[05/01/18, 21:44:29:243] info: NetworkStatus: Response from api.test
{
  "status": "offline"
}
[05/01/18, 21:44:29:245] info: NetworkStatus: Network check failed
{
  "error": {
    "message": "Failed to fetch",
    "stack": "TypeError: Failed to fetch"
  }
}
[05/01/18, 21:44:29:246] info: NetworkStatus: Response from api.test
{
  "status": "offline"
}
[05/01/18, 21:44:58:283] info: Store: SET_FULL_SCREEN
[05/01/18, 21:44:58:325] info: Store: SET_FULL_SCREEN
[05/01/18, 21:44:59:418] info: NetworkStatus: Network check failed
{
  "error": {
    "message": "Failed to fetch",
    "stack": "TypeError: Failed to fetch"
  }
}
[05/01/18, 21:44:59:419] info: NetworkStatus: Response from api.test
{
  "status": "offline"
}
[05/01/18, 21:44:59:426] info: NetworkStatus: Network check failed
{
  "error": {
    "message": "Failed to fetch",
    "stack": "TypeError: Failed to fetch"
  }
}
[05/01/18, 21:44:59:428] info: NetworkStatus: Response from api.test
{
  "status": "offline"
}
[05/01/18, 21:44:59:430] info: NetworkStatus: Network check failed
{
  "error": {
    "message": "Failed to fetch",
    "stack": "TypeError: Failed to fetch"
  }
}
[05/01/18, 21:44:59:431] info: NetworkStatus: Response from api.test
{
  "status": "offline"
}
[05/01/18, 21:44:59:433] info: NetworkStatus: Network check failed
{
  "error": {
    "message": "Failed to fetch",
    "stack": "TypeError: Failed to fetch"
  }
}
[05/01/18, 21:44:59:433] info: NetworkStatus: Response from api.test
{
  "status": "offline"
}
[05/01/18, 21:44:59:434] info: NetworkStatus: Network check failed
{
  "error": {
    "message": "Failed to fetch",
    "stack": "TypeError: Failed to fetch"
  }
}
[05/01/18, 21:44:59:434] info: NetworkStatus: Response from api.test
{
  "status": "offline"
}
[05/01/18, 21:44:59:435] info: NetworkStatus: Network check failed
{
  "error": {
    "message": "Failed to fetch",
    "stack": "TypeError: Failed to fetch"
  }
}
[05/01/18, 21:44:59:436] info: NetworkStatus: Response from api.test
{
  "status": "offline"
}
[05/01/18, 21:44:59:578] info: Store: APP_COMMAND browser-backward
[05/01/18, 21:45:00:062] info: Store: APP_COMMAND browser-forward
[05/01/18, 21:45:00:376] info: Store: APP_COMMAND browser-forward
[05/01/18, 21:45:01:665] info: Store: SET_FULL_SCREEN
[05/01/18, 21:45:01:687] info: Store: SET_FULL_SCREEN
[05/01/18, 21:45:19:437] info: NetworkStatus: Network check failed
{
  "error": {
    "message": "Failed to fetch",
    "stack": "TypeError: Failed to fetch"
  }
}
[05/01/18, 21:45:19:438] info: NetworkStatus: Response from api.test
{
  "status": "offline"
}
[05/01/18, 21:45:19:439] info: NetworkStatus: Network check failed
{
  "error": {
    "message": "Failed to fetch",
    "stack": "TypeError: Failed to fetch"
  }
}
[05/01/18, 21:45:19:439] info: NetworkStatus: Response from api.test
{
  "status": "offline"
}
[05/01/18, 21:45:19:440] info: NetworkStatus: Network check failed
{
  "error": {
    "message": "Failed to fetch",
    "stack": "TypeError: Failed to fetch"
  }
}
[05/01/18, 21:45:19:440] info: NetworkStatus: Response from api.test
{
  "status": "offline"
}
[05/01/18, 21:45:19:441] info: NetworkStatus: Network check failed
{
  "error": {
    "message": "Failed to fetch",
    "stack": "TypeError: Failed to fetch"
  }
}
[05/01/18, 21:45:19:441] info: NetworkStatus: Response from api.test
{
  "status": "offline"
}
[05/01/18, 21:45:19:442] info: NetworkStatus: Network check failed
{
  "error": {
    "message": "Failed to fetch",
    "stack": "TypeError: Failed to fetch"
  }
}
[05/01/18, 21:45:19:442] info: NetworkStatus: Response from api.test
{
  "status": "offline"
}
[05/01/18, 21:45:19:443] info: NetworkStatus: Network check failed
{
  "error": {
    "message": "Failed to fetch",
    "stack": "TypeError: Failed to fetch"
  }
}
[05/01/18, 21:45:19:443] info: NetworkStatus: Response from api.test
{
  "status": "offline"
}
[05/01/18, 21:45:25:758] info: Store: UPSERT_WEB_CONTENTS
{
  "id": 3,
  "state": "loaded",
  "teamId": "T031FNTUT"
}
[05/01/18, 21:45:25:766] info: Store: UPSERT_WEB_CONTENTS
{
  "id": 3,
  "state": "empty-page",
  "teamId": "T031FNTUT"
}
[05/01/18, 21:45:34:559] info: NetworkStatus: Network check failed
{
  "error": {
    "message": "Failed to fetch",
    "stack": "TypeError: Failed to fetch"
  }
}
[05/01/18, 21:45:34:560] info: NetworkStatus: Response from api.test
{
  "status": "offline"
}
[05/01/18, 21:45:34:560] info: NetworkStatus: Network check failed
{
  "error": {
    "message": "Failed to fetch",
    "stack": "TypeError: Failed to fetch"
  }
}
[05/01/18, 21:45:34:561] info: NetworkStatus: Response from api.test
{
  "status": "offline"
}
[05/01/18, 21:45:34:561] info: NetworkStatus: Network check failed
{
  "error": {
    "message": "Failed to fetch",
    "stack": "TypeError: Failed to fetch"
  }
}
[05/01/18, 21:45:34:562] info: NetworkStatus: Response from api.test
{
  "status": "offline"
}
[05/01/18, 21:45:34:563] info: NetworkStatus: Network check failed
{
  "error": {
    "message": "Failed to fetch",
    "stack": "TypeError: Failed to fetch"
  }
}
[05/01/18, 21:45:34:564] info: NetworkStatus: Response from api.test
{
  "status": "offline"
}
[05/01/18, 21:45:34:564] info: NetworkStatus: Network check failed
{
  "error": {
    "message": "Failed to fetch",
    "stack": "TypeError: Failed to fetch"
  }
}
[05/01/18, 21:45:34:567] info: NetworkStatus: Response from api.test
{
  "status": "offline"
}
[05/01/18, 21:45:34:568] info: NetworkStatus: Network check failed
{
  "error": {
    "message": "Failed to fetch",
    "stack": "TypeError: Failed to fetch"
  }
}
[05/01/18, 21:45:34:569] info: NetworkStatus: Response from api.test
{
  "status": "offline"
}
[05/01/18, 21:45:34:569] info: NetworkStatus: Network check failed
{
  "error": {
    "message": "Failed to fetch",
    "stack": "TypeError: Failed to fetch"
  }
}
[05/01/18, 21:45:34:569] info: NetworkStatus: Response from api.test
{
  "status": "offline"
}
[05/01/18, 21:45:34:570] info: NetworkStatus: Network check failed
{
  "error": {
    "message": "Failed to fetch",
    "stack": "TypeError: Failed to fetch"
  }
}
[05/01/18, 21:45:34:570] info: NetworkStatus: Response from api.test
{
  "status": "offline"
}
[05/01/18, 21:45:34:572] info: NetworkStatus: Network check failed
{
  "error": {
    "message": "Failed to fetch",
    "stack": "TypeError: Failed to fetch"
  }
}
[05/01/18, 21:45:34:572] info: NetworkStatus: Response from api.test
{
  "status": "offline"
}
[05/01/18, 21:45:34:573] info: NetworkStatus: Network check failed
{
  "error": {
    "message": "Failed to fetch",
    "stack": "TypeError: Failed to fetch"
  }
}
[05/01/18, 21:45:34:573] info: NetworkStatus: Response from api.test
{
  "status": "offline"
}
[05/01/18, 21:45:34:573] info: NetworkStatus: Network check failed
{
  "error": {
    "message": "Failed to fetch",
    "stack": "TypeError: Failed to fetch"
  }
}
[05/01/18, 21:45:34:574] info: NetworkStatus: Response from api.test
{
  "status": "offline"
}
[05/01/18, 21:45:34:579] info: NetworkStatus: Network check failed
{
  "error": {
    "message": "Failed to fetch",
    "stack": "TypeError: Failed to fetch"
  }
}
[05/01/18, 21:45:34:580] info: NetworkStatus: Response from api.test
{
  "status": "offline"
}
[05/01/18, 21:45:34:580] info: NetworkStatus: Network check failed
{
  "error": {
    "message": "Failed to fetch",
    "stack": "TypeError: Failed to fetch"
  }
}
[05/01/18, 21:45:34:582] info: NetworkStatus: Response from api.test
{
  "status": "offline"
}
[05/01/18, 21:45:34:583] info: NetworkStatus: Network check failed
{
  "error": {
    "message": "Failed to fetch",
    "stack": "TypeError: Failed to fetch"
  }
}
[05/01/18, 21:45:34:583] info: NetworkStatus: Response from api.test
{
  "status": "offline"
}
[05/01/18, 21:45:34:583] info: NetworkStatus: Network check failed
{
  "error": {
    "message": "Failed to fetch",
    "stack": "TypeError: Failed to fetch"
  }
}
[05/01/18, 21:45:34:583] info: NetworkStatus: Response from api.test
{
  "status": "offline"
}
[05/01/18, 21:45:34:584] info: NetworkStatus: Network check failed
{
  "error": {
    "message": "Failed to fetch",
    "stack": "TypeError: Failed to fetch"
  }
}
[05/01/18, 21:45:34:584] info: NetworkStatus: Response from api.test
{
  "status": "offline"
}
[05/01/18, 21:45:34:585] info: NetworkStatus: Network check failed
{
  "error": {
    "message": "Failed to fetch",
    "stack": "TypeError: Failed to fetch"
  }
}
[05/01/18, 21:45:34:585] info: NetworkStatus: Response from api.test
{
  "status": "offline"
}
[05/01/18, 21:45:34:587] info: NetworkStatus: Network check failed
{
  "error": {
    "message": "Failed to fetch",
    "stack": "TypeError: Failed to fetch"
  }
}
[05/01/18, 21:45:34:587] info: NetworkStatus: Response from api.test
{
  "status": "offline"
}
[05/01/18, 21:45:34:588] info: NetworkStatus: Network check failed
{
  "error": {
    "message": "Failed to fetch",
    "stack": "TypeError: Failed to fetch"
  }
}
[05/01/18, 21:45:34:588] info: NetworkStatus: Response from api.test
{
  "status": "offline"
}
[05/01/18, 21:45:34:588] info: NetworkStatus: Network check failed
{
  "error": {
    "message": "Failed to fetch",
    "stack": "TypeError: Failed to fetch"
  }
}
[05/01/18, 21:45:34:588] info: NetworkStatus: Response from api.test
{
  "status": "offline"
}
[05/01/18, 21:45:34:589] info: NetworkStatus: Network check failed
{
  "error": {
    "message": "Failed to fetch",
    "stack": "TypeError: Failed to fetch"
  }
}
[05/01/18, 21:45:34:589] info: NetworkStatus: Response from api.test
{
  "status": "offline"
}
[05/01/18, 21:45:34:592] info: NetworkStatus: Network check failed
{
  "error": {
    "message": "Failed to fetch",
    "stack": "TypeError: Failed to fetch"
  }
}
[05/01/18, 21:45:34:592] info: NetworkStatus: Response from api.test
{
  "status": "offline"
}
[05/01/18, 21:45:34:592] info: NetworkStatus: Network check failed
{
  "error": {
    "message": "Failed to fetch",
    "stack": "TypeError: Failed to fetch"
  }
}
[05/01/18, 21:45:34:592] info: NetworkStatus: Response from api.test
{
  "status": "offline"
}
[05/01/18, 21:45:34:593] info: NetworkStatus: Network check failed
{
  "error": {
    "message": "Failed to fetch",
    "stack": "TypeError: Failed to fetch"
  }
}
[05/01/18, 21:45:34:593] info: NetworkStatus: Response from api.test
{
  "status": "offline"
}
[05/01/18, 21:45:34:593] info: NetworkStatus: Network check failed
{
  "error": {
    "message": "Failed to fetch",
    "stack": "TypeError: Failed to fetch"
  }
}
[05/01/18, 21:45:34:593] info: NetworkStatus: Response from api.test
{
  "status": "offline"
}
[05/01/18, 21:45:34:594] info: NetworkStatus: Network check failed
{
  "error": {
    "message": "Failed to fetch",
    "stack": "TypeError: Failed to fetch"
  }
}
[05/01/18, 21:45:34:594] info: NetworkStatus: Response from api.test
{
  "status": "offline"
}
[05/01/18, 21:45:34:594] info: NetworkStatus: Network check failed
{
  "error": {
    "message": "Failed to fetch",
    "stack": "TypeError: Failed to fetch"
  }
}
[05/01/18, 21:45:34:594] info: NetworkStatus: Response from api.test
{
  "status": "offline"
}
[05/01/18, 21:45:34:594] info: NetworkStatus: Network check failed
{
  "error": {
    "message": "Failed to fetch",
    "stack": "TypeError: Failed to fetch"
  }
}
[05/01/18, 21:45:34:594] info: NetworkStatus: Response from api.test
{
  "status": "offline"
}
[05/01/18, 21:45:34:595] info: NetworkStatus: Network check failed
{
  "error": {
    "message": "Failed to fetch",
    "stack": "TypeError: Failed to fetch"
  }
}
[05/01/18, 21:45:34:595] info: NetworkStatus: Response from api.test
{
  "status": "offline"
}
[05/01/18, 21:45:34:595] info: NetworkStatus: Network check failed
{
  "error": {
    "message": "Failed to fetch",
    "stack": "TypeError: Failed to fetch"
  }
}
[05/01/18, 21:45:34:595] info: NetworkStatus: Response from api.test
{
  "status": "offline"
}
[05/01/18, 21:45:34:596] info: NetworkStatus: Network check failed
{
  "error": {
    "message": "Failed to fetch",
    "stack": "TypeError: Failed to fetch"
  }
}
[05/01/18, 21:45:34:597] info: NetworkStatus: Response from api.test
{
  "status": "offline"
}
[05/01/18, 21:45:34:597] info: NetworkStatus: Network check failed
{
  "error": {
    "message": "Failed to fetch",
    "stack": "TypeError: Failed to fetch"
  }
}
[05/01/18, 21:45:34:597] info: NetworkStatus: Response from api.test
{
  "status": "offline"
}
[05/01/18, 21:45:34:597] info: NetworkStatus: Network check failed
{
  "error": {
    "message": "Failed to fetch",
    "stack": "TypeError: Failed to fetch"
  }
}
[05/01/18, 21:45:34:597] info: NetworkStatus: Response from api.test
{
  "status": "offline"
}
[05/01/18, 21:45:34:597] info: NetworkStatus: Network check failed
{
  "error": {
    "message": "Failed to fetch",
    "stack": "TypeError: Failed to fetch"
  }
}
[05/01/18, 21:45:34:598] info: NetworkStatus: Response from api.test
{
  "status": "offline"
}
[05/01/18, 21:45:34:598] info: NetworkStatus: Network check failed
{
  "error": {
    "message": "Failed to fetch",
    "stack": "TypeError: Failed to fetch"
  }
}
[05/01/18, 21:45:34:598] info: NetworkStatus: Response from api.test
{
  "status": "offline"
}
[05/01/18, 21:45:34:598] info: NetworkStatus: Network check failed
{
  "error": {
    "message": "Failed to fetch",
    "stack": "TypeError: Failed to fetch"
  }
}
[05/01/18, 21:45:34:598] info: NetworkStatus: Response from api.test
{
  "status": "offline"
}
[05/01/18, 21:45:34:598] info: NetworkStatus: Network check failed
{
  "error": {
    "message": "Failed to fetch",
    "stack": "TypeError: Failed to fetch"
  }
}
[05/01/18, 21:45:34:598] info: NetworkStatus: Response from api.test
{
  "status": "offline"
}
[05/01/18, 21:45:34:599] info: NetworkStatus: Network check failed
{
  "error": {
    "message": "Failed to fetch",
    "stack": "TypeError: Failed to fetch"
  }
}
[05/01/18, 21:45:34:599] info: NetworkStatus: Response from api.test
{
  "status": "offline"
}
[05/01/18, 21:45:34:599] info: NetworkStatus: Network check failed
{
  "error": {
    "message": "Failed to fetch",
    "stack": "TypeError: Failed to fetch"
  }
}
[05/01/18, 21:45:34:599] info: NetworkStatus: Response from api.test
{
  "status": "offline"
}
[05/01/18, 21:45:34:599] info: NetworkStatus: Network check failed
{
  "error": {
    "message": "Failed to fetch",
    "stack": "TypeError: Failed to fetch"
  }
}
[05/01/18, 21:45:34:599] info: NetworkStatus: Response from api.test
{
  "status": "offline"
}
[05/01/18, 21:45:34:599] info: NetworkStatus: Network check failed
{
  "error": {
    "message": "Failed to fetch",
    "stack": "TypeError: Failed to fetch"
  }
}
[05/01/18, 21:45:34:599] info: NetworkStatus: Response from api.test
{
  "status": "offline"
}
[05/01/18, 21:45:34:599] info: NetworkStatus: Network check failed
{
  "error": {
    "message": "Failed to fetch",
    "stack": "TypeError: Failed to fetch"
  }
}
[05/01/18, 21:45:34:600] info: NetworkStatus: Response from api.test
{
  "status": "offline"
}
[05/01/18, 21:45:34:600] info: NetworkStatus: Network check failed
{
  "error": {
    "message": "Failed to fetch",
    "stack": "TypeError: Failed to fetch"
  }
}
[05/01/18, 21:45:34:600] info: NetworkStatus: Response from api.test
{
  "status": "offline"
}
[05/01/18, 21:45:34:600] info: NetworkStatus: Network check failed
{
  "error": {
    "message": "Failed to fetch",
    "stack": "TypeError: Failed to fetch"
  }
}
[05/01/18, 21:45:34:600] info: NetworkStatus: Response from api.test
{
  "status": "offline"
}
[05/01/18, 21:45:34:600] info: NetworkStatus: Network check failed
{
  "error": {
    "message": "Failed to fetch",
    "stack": "TypeError: Failed to fetch"
  }
}
[05/01/18, 21:45:34:600] info: NetworkStatus: Response from api.test
{
  "status": "offline"
}
[05/01/18, 21:45:34:600] info: NetworkStatus: Network check failed
{
  "error": {
    "message": "Failed to fetch",
    "stack": "TypeError: Failed to fetch"
  }
}
[05/01/18, 21:45:34:600] info: NetworkStatus: Response from api.test
{
  "status": "offline"
}
[05/01/18, 21:45:34:601] info: NetworkStatus: Network check failed
{
  "error": {
    "message": "Failed to fetch",
    "stack": "TypeError: Failed to fetch"
  }
}
[05/01/18, 21:45:34:601] info: NetworkStatus: Response from api.test
{
  "status": "offline"
}
[05/01/18, 21:45:34:601] info: NetworkStatus: Network check failed
{
  "error": {
    "message": "Failed to fetch",
    "stack": "TypeError: Failed to fetch"
  }
}
[05/01/18, 21:45:34:601] info: NetworkStatus: Response from api.test
{
  "status": "offline"
}
[05/01/18, 21:45:34:601] info: NetworkStatus: Network check failed
{
  "error": {
    "message": "Failed to fetch",
    "stack": "TypeError: Failed to fetch"
  }
}
[05/01/18, 21:45:34:602] info: NetworkStatus: Response from api.test
{
  "status": "offline"
}
[05/01/18, 21:45:34:619] info: NetworkStatus: Network check failed
{
  "error": {
    "message": "Failed to fetch",
    "stack": "TypeError: Failed to fetch"
  }
}
[05/01/18, 21:45:34:620] info: NetworkStatus: Response from api.test
{
  "status": "offline"
}
[05/01/18, 21:45:34:620] info: NetworkStatus: Network check failed
{
  "error": {
    "message": "Failed to fetch",
    "stack": "TypeError: Failed to fetch"
  }
}
[05/01/18, 21:45:34:620] info: NetworkStatus: Response from api.test
{
  "status": "offline"
}
[05/01/18, 21:45:34:621] info: NetworkStatus: Network check failed
{
  "error": {
    "message": "Failed to fetch",
    "stack": "TypeError: Failed to fetch"
  }
}
[05/01/18, 21:45:34:621] info: NetworkStatus: Response from api.test
{
  "status": "offline"
}
[05/01/18, 21:45:34:621] info: NetworkStatus: Network check failed
{
  "error": {
    "message": "Failed to fetch",
    "stack": "TypeError: Failed to fetch"
  }
}
[05/01/18, 21:45:34:621] info: NetworkStatus: Response from api.test
{
  "status": "offline"
}
[05/01/18, 21:45:34:622] warn: Tried to determine signed in status, but errored.
{
  "error": {
    "message": "Failed to fetch",
    "stack": "TypeError: Failed to fetch"
  }
}
[05/01/18, 21:45:34:625] info: NetworkStatus: Network check failed
{
  "error": {
    "message": "Failed to fetch",
    "stack": "TypeError: Failed to fetch"
  }
}
[05/01/18, 21:45:34:625] info: NetworkStatus: Response from api.test
{
  "status": "offline"
}
[05/01/18, 21:45:34:626] info: NetworkStatus: Network check failed
{
  "error": {
    "message": "Failed to fetch",
    "stack": "TypeError: Failed to fetch"
  }
}
[05/01/18, 21:45:34:626] info: NetworkStatus: Response from api.test
{
  "status": "offline"
}
[05/01/18, 21:45:34:627] info: NetworkStatus: Network check failed
{
  "error": {
    "message": "Failed to fetch",
    "stack": "TypeError: Failed to fetch"
  }
}
[05/01/18, 21:45:34:627] info: NetworkStatus: Response from api.test
{
  "status": "offline"
}
[05/01/18, 21:45:34:627] info: NetworkStatus: Network check failed
{
  "error": {
    "message": "Failed to fetch",
    "stack": "TypeError: Failed to fetch"
  }
}
[05/01/18, 21:45:34:627] info: NetworkStatus: Response from api.test
{
  "status": "offline"
}
[05/01/18, 21:45:34:627] info: NetworkStatus: Network check failed
{
  "error": {
    "message": "Failed to fetch",
    "stack": "TypeError: Failed to fetch"
  }
}
[05/01/18, 21:45:34:628] info: NetworkStatus: Response from api.test
{
  "status": "offline"
}
[05/01/18, 21:45:34:629] info: Store: UPDATE_SESSION_STATUS
{
  "hasValidSession": null,
  "teamId": "T031FNTUT"
}
[05/01/18, 21:45:35:107] info: NetworkStatus: Network check failed
{
  "error": {
    "message": "Failed to fetch",
    "stack": "TypeError: Failed to fetch"
  }
}
[05/01/18, 21:45:35:107] info: NetworkStatus: Response from api.test
{
  "status": "offline"
}
[05/01/18, 21:45:40:106] info: NetworkStatus: Network check failed
{
  "error": {
    "message": "Failed to fetch",
    "stack": "TypeError: Failed to fetch"
  }
}
[05/01/18, 21:45:40:107] info: NetworkStatus: Response from api.test
{
  "status": "offline"
}
[05/01/18, 21:45:41:024] info: NetworkStatus: Waiting for network online…
[05/01/18, 21:45:41:028] info: NetworkStatus: Network check failed
{
  "error": {
    "message": "Failed to fetch",
    "stack": "TypeError: Failed to fetch"
  }
}
[05/01/18, 21:45:41:028] info: NetworkStatus: Response from api.test
{
  "status": "offline"
}
[05/01/18, 21:45:46:500] info: NetworkStatus: Response from api.test
{
  "status": "online"
}
[05/01/18, 21:45:46:903] info: Store: SET_NETWORK_STATUS online
[05/01/18, 21:45:46:914] warn: Base Component: Attempting to update LoadingScreen when unmounted.
[05/01/18, 21:45:46:918] info: Store: UPSERT_WEB_CONTENTS
{
  "id": 3,
  "state": "page-will-navigate",
  "teamId": "T031FNTUT"
}
[05/01/18, 21:45:46:928] info: Store: UPSERT_WEB_CONTENTS
{
  "id": 3,
  "state": "page-will-navigate",
  "teamId": "T031FNTUT"
}
[05/01/18, 21:45:46:943] info: Store: UPSERT_WEB_CONTENTS
{
  "id": 3,
  "state": "page-will-navigate",
  "teamId": "T031FNTUT"
}
[05/01/18, 21:45:46:955] info: Store: UPSERT_WEB_CONTENTS
{
  "id": 3,
  "state": "page-will-navigate",
  "teamId": "T031FNTUT"
}
[05/01/18, 21:45:46:967] info: Store: UPSERT_WEB_CONTENTS
{
  "id": 3,
  "state": "empty-page",
  "teamId": "T031FNTUT"
}
[05/01/18, 21:45:46:970] info: Store: UPSERT_WEB_CONTENTS
{
  "id": 3,
  "state": "empty-page",
  "teamId": "T031FNTUT"
}
[05/01/18, 21:45:46:978] info: Store: UPSERT_WEB_CONTENTS
{
  "id": 3,
  "state": "empty-page",
  "teamId": "T031FNTUT"
}
[05/01/18, 21:45:47:324] info: Store: UPDATE_SESSION_STATUS
{
  "hasValidSession": true,
  "teamId": "T031FNTUT"
}
[05/01/18, 21:45:51:333] info: Store: UPSERT_WEB_CONTENTS
{
  "id": 3,
  "state": "loaded",
  "teamId": "T031FNTUT"
}
[05/01/18, 21:45:51:705] info: Store: UPDATE_SESSION_STATUS
{
  "hasValidSession": true,
  "teamId": "T031FNTUT"
}
[05/01/18, 21:45:52:303] info: Store: SELECT_CHANNEL C031FNU09
[05/01/18, 21:45:52:307] info: Store: UPDATE_TEAM_LOCALE
{
  "locale": "en-US"
}
[05/01/18, 21:45:52:886] info: Store: UPSERT_WEB_CONTENTS
{
  "id": 3,
  "state": "page-will-navigate",
  "teamId": "T031FNTUT"
}
[05/01/18, 21:45:52:992] info: Store: UPDATE_TEAM_ICONS
{
  "icons": {
    "image_102": "https://slack-files2.s3-us-west-2.amazonaws.com/avatars/2016-05-12/42266573955_325ce791cc9957bfae5b_102.png",
    "image_132": "https://slack-files2.s3-us-west-2.amazonaws.com/avatars/2016-05-12/42266573955_325ce791cc9957bfae5b_132.png",
    "image_230": "https://slack-files2.s3-us-west-2.amazonaws.com/avatars/2016-05-12/42266573955_325ce791cc9957bfae5b_132.png",
    "image_34": "https://slack-files2.s3-us-west-2.amazonaws.com/avatars/2016-05-12/42266573955_325ce791cc9957bfae5b_34.png",
    "image_44": "https://slack-files2.s3-us-west-2.amazonaws.com/avatars/2016-05-12/42266573955_325ce791cc9957bfae5b_44.png",
    "image_68": "https://slack-files2.s3-us-west-2.amazonaws.com/avatars/2016-05-12/42266573955_325ce791cc9957bfae5b_68.png",
    "image_88": "https://slack-files2.s3-us-west-2.amazonaws.com/avatars/2016-05-12/42266573955_325ce791cc9957bfae5b_88.png",
    "image_original": "https://slack-files2.s3-us-west-2.amazonaws.com/avatars/2016-05-12/42266573955_325ce791cc9957bfae5b_original.png"
  },
  "teamId": "T031FNTUT"
}
[05/01/18, 21:45:53:106] info: Store: UPDATE_TEAM_LOCALE
{
  "locale": "en-US",
  "teamId": "T031FNTUT"
}
[05/01/18, 21:45:53:113] info: Store: UPSERT_WEB_CONTENTS
{
  "id": 3,
  "state": "webapp-loaded",
  "teamId": "T031FNTUT"
}
[05/01/18, 21:45:53:180] info: Store: UPDATE_TEAM_THEME
{
  "teamId": "T031FNTUT",
  "theme": {
    "active_item": "#95BFEA",
    "active_item_text": "#FFFFFF",
    "active_presence": "#FFFF00",
    "badge": "#AAFFFF",
    "column_bg": "#40E0D0",
    "hover_item": "#48D1CC",
    "menu_bg": "#AAFFFF",
    "text_color": "#FFFFFF"
  }
}
[05/01/18, 21:45:53:197] info: Store: UPDATE_SESSION_STATUS
{
  "hasValidSession": true,
  "teamId": "T031FNTUT"
}
[05/01/18, 21:45:53:421] info: Store: SET_FULL_SCREEN
[05/01/18, 21:45:53:426] info: Store: SET_FULL_SCREEN
[05/01/18, 21:45:53:835] info: Store: SET_FULL_SCREEN
[05/01/18, 21:45:53:839] info: Store: SET_FULL_SCREEN
[05/01/18, 21:45:55:945] info: Store: SET_FULL_SCREEN
[05/01/18, 21:45:55:953] info: Store: SET_FULL_SCREEN
[05/01/18, 21:45:57:631] info: Store: UPSERT_WEB_CONTENTS
{
  "id": 3,
  "state": "loaded",
  "teamId": "T031FNTUT"
}
[05/01/18, 21:45:58:016] info: Store: UPDATE_SESSION_STATUS
{
  "hasValidSession": true,
  "teamId": "T031FNTUT"
}
[05/01/18, 21:45:58:439] info: Store: SET_FULL_SCREEN
[05/01/18, 21:45:58:814] info: Store: SELECT_CHANNEL C031FNU09
[05/01/18, 21:45:58:819] info: Store: UPDATE_TEAM_LOCALE
{
  "locale": "en-US",
  "teamId": "T031FNTUT"
}
[05/01/18, 21:45:58:840] info: Store: UPDATE_TEAM_THEME
{
  "teamId": "T031FNTUT",
  "theme": {
    "active_item": "#95BFEA",
    "active_item_text": "#FFFFFF",
    "active_presence": "#FFFF00",
    "badge": "#AAFFFF",
    "column_bg": "#40E0D0",
    "hover_item": "#48D1CC",
    "menu_bg": "#AAFFFF",
    "text_color": "#FFFFFF"
  }
}
[05/01/18, 21:45:59:757] info: Store: UPDATE_TEAM_ICONS
{
  "icons": {
    "image_102": "https://slack-files2.s3-us-west-2.amazonaws.com/avatars/2016-05-12/42266573955_325ce791cc9957bfae5b_102.png",
    "image_132": "https://slack-files2.s3-us-west-2.amazonaws.com/avatars/2016-05-12/42266573955_325ce791cc9957bfae5b_132.png",
    "image_230": "https://slack-files2.s3-us-west-2.amazonaws.com/avatars/2016-05-12/42266573955_325ce791cc9957bfae5b_132.png",
    "image_34": "https://slack-files2.s3-us-west-2.amazonaws.com/avatars/2016-05-12/42266573955_325ce791cc9957bfae5b_34.png",
    "image_44": "https://slack-files2.s3-us-west-2.amazonaws.com/avatars/2016-05-12/42266573955_325ce791cc9957bfae5b_44.png",
    "image_68": "https://slack-files2.s3-us-west-2.amazonaws.com/avatars/2016-05-12/42266573955_325ce791cc9957bfae5b_68.png",
    "image_88": "https://slack-files2.s3-us-west-2.amazonaws.com/avatars/2016-05-12/42266573955_325ce791cc9957bfae5b_88.png",
    "image_original": "https://slack-files2.s3-us-west-2.amazonaws.com/avatars/2016-05-12/42266573955_325ce791cc9957bfae5b_original.png"
  },
  "teamId": "T031FNTUT"
}
[05/01/18, 21:45:59:854] info: Store: UPDATE_TEAM_LOCALE
{
  "locale": "en-US",
  "teamId": "T031FNTUT"
}
[05/01/18, 21:45:59:862] info: Store: UPSERT_WEB_CONTENTS
{
  "id": 3,
  "state": "webapp-loaded",
  "teamId": "T031FNTUT"
}
[05/01/18, 21:46:12:768] info: Store: SET_FULL_SCREEN
[05/01/18, 21:46:17:117] info: Store: SELECT_CHANNEL CAC7PMH6H
[05/01/18, 21:46:24:161] info: Store: SELECT_CHANNEL C9Z4BU1C2
[05/01/18, 21:46:27:544] info: Store: SET_FULL_SCREEN
[05/01/18, 21:46:27:575] info: Store: SET_FULL_SCREEN
[05/01/18, 21:47:05:123] info: Store: SET_FULL_SCREEN
[05/01/18, 21:47:05:151] info: Store: SET_FULL_SCREEN
[05/01/18, 21:47:09:531] info: Store: SET_FULL_SCREEN
[05/01/18, 21:47:09:543] info: Store: SET_FULL_SCREEN
[05/01/18, 21:47:10:413] info: Store: SET_FULL_SCREEN
[05/01/18, 21:47:10:431] info: Store: SET_FULL_SCREEN
[05/01/18, 21:47:29:012] info: Store: SELECT_CHANNEL C031FNU09
[05/01/18, 21:47:32:540] info: Store: SET_FULL_SCREEN
[05/01/18, 21:47:32:547] info: Store: SET_FULL_SCREEN
[05/01/18, 21:47:51:738] info: Store: SET_FULL_SCREEN
[05/01/18, 21:47:51:797] info: Store: SET_FULL_SCREEN
[05/01/18, 21:47:53:952] info: Store: SET_FULL_SCREEN
[05/01/18, 21:48:13:339] info: Store: SET_FULL_SCREEN
[05/01/18, 22:25:13:532] info: Store: SET_FULL_SCREEN
[05/01/18, 22:26:38:473] info: Store: SET_FULL_SCREEN
[05/01/18, 22:26:47:769] info: Store: SET_FULL_SCREEN
[05/01/18, 22:26:48:608] info: Store: SET_FULL_SCREEN
[05/01/18, 22:27:20:569] info: Store: SET_FULL_SCREEN
[05/01/18, 22:27:23:612] info: Store: SET_FULL_SCREEN
[05/01/18, 22:28:04:978] info: Store: SET_FULL_SCREEN
[05/01/18, 22:28:05:246] info: Store: SET_FULL_SCREEN
[05/01/18, 22:30:19:345] info: Store: SET_FULL_SCREEN
[05/01/18, 22:30:19:646] info: Store: SET_FULL_SCREEN
[05/01/18, 22:30:20:217] info: Store: SET_FULL_SCREEN
[05/01/18, 22:30:24:976] info: Store: SET_FULL_SCREEN
[05/01/18, 22:30:49:996] info: Store: SET_FULL_SCREEN
[05/01/18, 22:30:50:227] info: Store: SET_FULL_SCREEN
[05/01/18, 22:30:52:571] info: Store: SET_FULL_SCREEN
[05/01/18, 22:31:08:854] info: Store: SET_FULL_SCREEN
[05/01/18, 22:35:38:387] info: Store: SET_FULL_SCREEN
[05/01/18, 22:35:40:059] info: Store: SET_FULL_SCREEN
[05/01/18, 22:35:41:313] info: Store: SET_FULL_SCREEN
[05/01/18, 22:35:42:750] info: Store: SET_FULL_SCREEN
[05/01/18, 22:47:26:545] info: Store: SET_FULL_SCREEN
[05/01/18, 22:47:26:889] info: Store: SET_FULL_SCREEN
[05/01/18, 22:47:29:363] info: Store: SET_FULL_SCREEN
[05/01/18, 22:47:33:074] info: Store: SET_FULL_SCREEN
