[04/18/18, 10:39:11:758] info: ╔═════════════════════════════════════════════════════════════════════════════════╗
[04/18/18, 10:39:11:759] info: ║      Slack 3.1.1, linux 4.10.0-38-generic on x64 at 04/18/18, 10:39:11:755      ║
[04/18/18, 10:39:11:759] info: ╚═════════════════════════════════════════════════════════════════════════════════╝
[04/18/18, 10:39:12:047] info: Initializing local storage instance at path: /home/nozomi/dotfiles/.config/Slack/local-settings.json
[04/18/18, 10:39:12:212] info: NetworkStatus: Waiting for network online…
[04/18/18, 10:39:12:707] info: NetworkStatus: Response from api.test
{
  "status": "online"
}
[04/18/18, 10:39:13:110] info: Store: SET_NETWORK_STATUS online
[04/18/18, 10:39:16:403] info: Store: UPSERT_WEB_CONTENTS
{
  "id": 3,
  "state": "loaded",
  "teamId": "T031FNTUT"
}
[04/18/18, 10:39:16:731] info: Store: UPDATE_SESSION_STATUS
{
  "hasValidSession": true,
  "teamId": "T031FNTUT"
}
[04/18/18, 10:39:17:391] info: Store: SELECT_CHANNEL CA7A0QDGV
[04/18/18, 10:39:17:395] info: Store: UPDATE_TEAM_LOCALE
{
  "locale": "en-US",
  "teamId": "T031FNTUT"
}
[04/18/18, 10:39:17:427] info: Store: UPDATE_TEAM_THEME
{
  "teamId": "T031FNTUT",
  "theme": {
    "active_item": "#95BFEA",
    "active_item_text": "#FFFFFF",
    "active_presence": "#FFFF00",
    "badge": "#AAFFFF",
    "column_bg": "#40E0D0",
    "hover_item": "#48D1CC",
    "menu_bg": "#AAFFFF",
    "text_color": "#FFFFFF"
  }
}
[04/18/18, 10:39:18:272] info: Store: UPDATE_TEAM_ICONS
{
  "icons": {
    "image_102": "https://slack-files2.s3-us-west-2.amazonaws.com/avatars/2016-05-12/42266573955_325ce791cc9957bfae5b_102.png",
    "image_132": "https://slack-files2.s3-us-west-2.amazonaws.com/avatars/2016-05-12/42266573955_325ce791cc9957bfae5b_132.png",
    "image_230": "https://slack-files2.s3-us-west-2.amazonaws.com/avatars/2016-05-12/42266573955_325ce791cc9957bfae5b_132.png",
    "image_34": "https://slack-files2.s3-us-west-2.amazonaws.com/avatars/2016-05-12/42266573955_325ce791cc9957bfae5b_34.png",
    "image_44": "https://slack-files2.s3-us-west-2.amazonaws.com/avatars/2016-05-12/42266573955_325ce791cc9957bfae5b_44.png",
    "image_68": "https://slack-files2.s3-us-west-2.amazonaws.com/avatars/2016-05-12/42266573955_325ce791cc9957bfae5b_68.png",
    "image_88": "https://slack-files2.s3-us-west-2.amazonaws.com/avatars/2016-05-12/42266573955_325ce791cc9957bfae5b_88.png",
    "image_original": "https://slack-files2.s3-us-west-2.amazonaws.com/avatars/2016-05-12/42266573955_325ce791cc9957bfae5b_original.png"
  },
  "teamId": "T031FNTUT"
}
[04/18/18, 10:39:18:361] info: Store: UPDATE_TEAM_LOCALE
{
  "locale": "en-US",
  "teamId": "T031FNTUT"
}
[04/18/18, 10:39:18:366] info: Store: UPSERT_WEB_CONTENTS
{
  "id": 3,
  "state": "webapp-loaded",
  "teamId": "T031FNTUT"
}
[04/18/18, 10:39:24:033] info: Store: MAIN_WINDOW_FOCUSED
[04/18/18, 10:39:24:200] info: Store: SELECT_TEAM T0253QGQ9
[04/18/18, 10:39:27:823] info: Store: RELOAD
{
  "everything": false
}
