[05/15/18, 23:26:47:863] info: ╔══════════════════════════════════════════════════════════════════════════════════════════════╗
[05/15/18, 23:26:47:864] info: ║      Slack 3.2.0-beta25a7a50e, linux 4.10.0-38-generic on x64 at 05/15/18, 23:26:47:861      ║
[05/15/18, 23:26:47:864] info: ╚══════════════════════════════════════════════════════════════════════════════════════════════╝
[05/15/18, 23:26:47:983] info: Initializing local storage instance at path: /home/nozomi/dotfiles/.config/Slack/local-settings.json
[05/15/18, 23:26:48:203] info: Main window preload script finished
{
  "readyTime": 639.594049
}
[05/15/18, 23:26:48:214] info: Store: UPSERT_WEB_CONTENTS
{
  "id": 3,
  "state": "loaded",
  "teamId": "T031FNTUT"
}
[05/15/18, 23:26:48:237] info: Store: UPSERT_WEB_CONTENTS
{
  "id": 3,
  "state": "empty-page",
  "teamId": "T031FNTUT"
}
[05/15/18, 23:26:48:633] info: Store: SET_NETWORK_STATUS offline
[05/15/18, 23:26:48:639] info: Store: BACKGROUND_CLIENTS_INITIALIZED true
[05/15/18, 23:26:48:643] info: Store: UPDATE_SESSION_STATUS
{
  "hasValidSession": null,
  "teamId": "T031FNTUT"
}
[05/15/18, 23:33:56:539] info: Store: SET_NETWORK_STATUS online
[05/15/18, 23:33:56:546] info: Store: UPSERT_WEB_CONTENTS
{
  "id": 3,
  "state": "page-will-navigate",
  "teamId": "T031FNTUT"
}
[05/15/18, 23:33:56:551] info: Window is unloading, window.desktop is no longer accessible
[05/15/18, 23:33:56:913] info: Store: UPDATE_SESSION_STATUS
{
  "hasValidSession": true,
  "teamId": "T031FNTUT"
}
