[05/01/18, 14:57:14:474] info: ╔═════════════════════════════════════════════════════════════════════════════════╗
[05/01/18, 14:57:14:475] info: ║      Slack 3.1.1, linux 4.10.0-38-generic on x64 at 05/01/18, 14:57:14:472      ║
[05/01/18, 14:57:14:475] info: ╚═════════════════════════════════════════════════════════════════════════════════╝
[05/01/18, 14:57:14:569] info: Initializing local storage instance at path: /home/nozomi/dotfiles/.config/Slack/local-settings.json
[05/01/18, 14:57:14:894] info: cld3::loadModule: loading cld3 module
[05/01/18, 14:57:14:914] info: cld3Loader::loadModule: running environment is NODE
[05/01/18, 14:57:14:914] info: cld3Loader::loadModule: constructed module object for runtime
[05/01/18, 14:57:15:075] info: cld3Loader::initializeRuntime: successfully initialized module
[05/01/18, 14:57:15:075] info: cld3Loader::loadModule: initialized wasm binary Runtime
[05/01/18, 14:57:15:079] warn: updateSpellcheckerLanguage: Tried to update language, but spellchecker not initialized
[05/01/18, 14:57:15:079] info: SSBIntegration: Main window preload script loaded 874.883895
[05/01/18, 14:57:15:402] info: Store: UPSERT_WEB_CONTENTS
{
  "id": 3,
  "state": "loaded",
  "teamId": "T031FNTUT"
}
[05/01/18, 14:58:01:791] info: Store: SET_FULL_SCREEN
[05/01/18, 14:58:01:819] info: Store: SET_FULL_SCREEN
[05/01/18, 14:58:15:948] info: Store: UPDATE_SESSION_STATUS
{
  "hasValidSession": null,
  "teamId": "T031FNTUT"
}
[05/01/18, 14:58:16:230] info: Store: UPDATE_SESSION_STATUS
{
  "hasValidSession": null,
  "teamId": "T031FNTUT"
}
[05/01/18, 14:58:36:968] info: Store: SET_FULL_SCREEN
[05/01/18, 14:58:36:982] info: Store: SET_FULL_SCREEN
[05/01/18, 14:58:44:005] info: Store: SET_FULL_SCREEN
[05/01/18, 14:58:47:068] info: Store: SET_FULL_SCREEN
[05/01/18, 14:59:05:181] info: Store: UPDATE_SESSION_STATUS
{
  "hasValidSession": null,
  "teamId": "T031FNTUT"
}
[05/01/18, 15:00:32:379] info: Store: SET_FULL_SCREEN
[05/01/18, 15:00:32:399] info: Store: SET_FULL_SCREEN
[05/01/18, 15:02:00:322] info: Store: SET_FULL_SCREEN
[05/01/18, 15:02:00:328] info: Store: SET_FULL_SCREEN
[05/01/18, 15:02:01:591] info: Store: SET_FULL_SCREEN
[05/01/18, 15:02:01:598] info: Store: SET_FULL_SCREEN
[05/01/18, 15:02:02:018] info: Store: SET_FULL_SCREEN
[05/01/18, 15:02:02:023] info: Store: SET_FULL_SCREEN
[05/01/18, 15:02:02:305] info: Store: SET_FULL_SCREEN
[05/01/18, 15:02:02:313] info: Store: SET_FULL_SCREEN
[05/01/18, 15:02:03:308] info: Store: SET_FULL_SCREEN
[05/01/18, 15:02:03:310] info: Store: SET_FULL_SCREEN
[05/01/18, 15:02:03:565] info: Store: SET_FULL_SCREEN
[05/01/18, 15:02:03:588] info: Store: SET_FULL_SCREEN
[05/01/18, 15:02:04:975] info: Store: SET_FULL_SCREEN
[05/01/18, 15:02:04:992] info: Store: SET_FULL_SCREEN
[05/01/18, 15:02:18:950] info: Store: MAIN_WINDOW_FOCUSED
[05/01/18, 15:02:19:128] info: Store: SELECT_TEAM T0253QGQ9
[05/01/18, 15:02:19:140] info: Store: UPSERT_WEB_CONTENTS
{
  "id": 4,
  "state": "unloaded",
  "teamId": "T0253QGQ9"
}
[05/01/18, 15:02:19:188] info: Store: UPDATE_SETTINGS
{
  "locale": "en-US"
}
[05/01/18, 15:02:22:237] info: Store: MAIN_WINDOW_FOCUSED
[05/01/18, 15:02:22:415] info: Store: SELECT_TEAM T031FNTUT
[05/01/18, 15:02:27:844] info: Store: SET_FULL_SCREEN
[05/01/18, 15:02:27:856] info: Store: SET_FULL_SCREEN
[05/01/18, 15:02:29:540] info: Store: SET_FULL_SCREEN
[05/01/18, 15:02:29:550] info: Store: SET_FULL_SCREEN
[05/01/18, 15:02:32:325] info: Store: SET_FULL_SCREEN
[05/01/18, 15:02:35:819] info: Store: SET_FULL_SCREEN
[05/01/18, 15:03:13:542] info: Store: UPSERT_WEB_CONTENTS
{
  "id": 4,
  "state": "loaded",
  "teamId": "T0253QGQ9"
}
[05/01/18, 15:03:30:713] info: Store: SET_FULL_SCREEN
[05/01/18, 15:03:34:614] info: Store: UPDATE_SESSION_STATUS
{
  "hasValidSession": null,
  "teamId": "T0253QGQ9"
}
[05/01/18, 15:11:58:384] info: Store: SET_FULL_SCREEN
[05/01/18, 15:12:31:489] info: Store: SET_FULL_SCREEN
[05/01/18, 15:12:32:042] info: Store: SET_FULL_SCREEN
[05/01/18, 15:12:32:074] info: Store: SET_FULL_SCREEN
[05/01/18, 15:12:57:713] info: Store: SET_FULL_SCREEN
[05/01/18, 15:12:57:726] info: Store: SET_FULL_SCREEN
[05/01/18, 15:12:59:890] info: Store: SET_FULL_SCREEN
[05/01/18, 15:12:59:909] info: Store: SET_FULL_SCREEN
[05/01/18, 15:14:48:555] info: Store: SET_FULL_SCREEN
[05/01/18, 15:14:48:577] info: Store: SET_FULL_SCREEN
[05/01/18, 15:14:49:815] info: Store: SET_FULL_SCREEN
[05/01/18, 15:14:49:825] info: Store: SET_FULL_SCREEN
[05/01/18, 15:18:25:729] info: Store: SET_FULL_SCREEN
[05/01/18, 15:18:25:731] info: Store: SET_FULL_SCREEN
[05/01/18, 15:18:26:360] info: Store: SET_FULL_SCREEN
[05/01/18, 15:18:26:384] info: Store: SET_FULL_SCREEN
[05/01/18, 15:24:21:266] info: Store: SET_FULL_SCREEN
[05/01/18, 15:24:21:279] info: Store: SET_FULL_SCREEN
[05/01/18, 15:24:23:066] info: Store: SET_FULL_SCREEN
[05/01/18, 15:24:23:070] info: Store: SET_FULL_SCREEN
[05/01/18, 15:24:43:224] info: Store: SET_FULL_SCREEN
[05/01/18, 15:24:44:286] info: Store: SET_FULL_SCREEN
[05/01/18, 15:28:10:622] info: Store: SET_FULL_SCREEN
[05/01/18, 15:28:10:636] info: Store: SET_FULL_SCREEN
[05/01/18, 15:28:13:148] info: Store: RELOAD
{
  "everything": false
}
[05/01/18, 15:28:13:161] info: Window is unloading, winssb is no longer accessible
