[06/04/18, 22:58:21:836] info: ╔══════════════════════════════════════════════════════════════════════════════════════════════╗
[06/04/18, 22:58:21:838] info: ║      Slack 3.2.0-beta25a7a50e, linux 4.10.0-38-generic on x64 at 06/04/18, 22:58:21:833      ║
[06/04/18, 22:58:21:838] info: ╚══════════════════════════════════════════════════════════════════════════════════════════════╝
[06/04/18, 22:58:21:961] info: Initializing local storage instance at path: /home/nozomi/dotfiles/.config/Slack/local-settings.json
[06/04/18, 22:58:22:399] error: Desktop module calls failed to load
{
  "error": {
    "message": "libCallsCore.so: å±æãªãã¸ã§ã¯ããã¡ã¤ã«ãéãã¾ãã: ãã®ãããªãã¡ã¤ã«ããã£ã¬ã¯ããªã¯ããã¾ãã",
    "stack": "Error: libCallsCore.so: å±æãªãã¸ã§ã¯ããã¡ã¤ã«ãéãã¾ãã: ãã®ãããªãã¡ã¤ã«ããã£ã¬ã¯ããªã¯ããã¾ãã\n    at process.module.(anonymous function) [as dlopen] (ELECTRON_ASAR.js:172:20)\n    at Object.Module._extensions..node (module.js:671:18)\n    at Object.module.(anonymous function) [as .node] (ELECTRON_ASAR.js:186:18)\n    at Module.load (module.js:561:32)\n    at tryModuleLoad (module.js:504:12)\n    at Function.Module._load (module.js:496:3)\n    at Module.require (module.js:586:17)\n    at require (internal/module.js:11:18)\n    at bindings (/usr/lib/slack/resources/app.asar/node_modules/@slack/slack-calls-prebuilt/modules/@slack/slack-calls/node_modules/bindings/bindings.js:81:44)\n    at Object.<anonymous> (/usr/lib/slack/resources/app.asar/node_modules/@slack/slack-calls-prebuilt/modules/@slack/slack-calls/index.js:1:192)"
  }
}
[06/04/18, 22:58:22:400] error: Desktop module calls failed to load
[06/04/18, 22:58:22:429] info: cld3::loadModule: loading cld3 module
[06/04/18, 22:58:22:454] info: cld3Loader::loadModule: running environment is NODE
[06/04/18, 22:58:22:454] info: cld3Loader::loadModule: constructed module object for runtime
[06/04/18, 22:58:22:681] info: cld3Loader::initializeRuntime: successfully initialized module
[06/04/18, 22:58:22:681] info: cld3Loader::loadModule: initialized wasm binary Runtime
[06/04/18, 22:58:22:693] info: SpellChecker:: updateSpellcheckerLanguage: Skip to set new language null, spellchecker is not available
[06/04/18, 22:58:22:710] info: Main window preload script finished
{
  "readyTime": 1258.923822
}
[06/04/18, 22:58:26:561] info: Store: UPSERT_WEB_CONTENTS
{
  "id": 3,
  "state": "loaded",
  "teamId": "T031FNTUT"
}
[06/04/18, 22:58:28:443] info: Store: UPDATE_SESSION_STATUS
{
  "hasValidSession": true,
  "teamId": "T031FNTUT"
}
[06/04/18, 22:58:28:479] info: Store: SELECT_CHANNEL CASGZGRSB
[06/04/18, 22:58:28:480] info: Store: UPDATE_TEAM_LOCALE
{
  "locale": "en-US",
  "teamId": "T031FNTUT"
}
[06/04/18, 22:58:28:482] info: Store: UPDATE_TEAM_THEME
{
  "teamId": "T031FNTUT",
  "theme": {
    "active_item": "#95BFEA",
    "active_item_text": "#FFFFFF",
    "active_presence": "#FFFF00",
    "badge": "#AAFFFF",
    "column_bg": "#40E0D0",
    "hover_item": "#48D1CC",
    "menu_bg": "#AAFFFF",
    "text_color": "#FFFFFF"
  }
}
[06/04/18, 22:58:29:225] info: Store: UPDATE_TEAM_ICONS
{
  "icons": {
    "image_102": "https://slack-files2.s3-us-west-2.amazonaws.com/avatars/2016-05-12/42266573955_325ce791cc9957bfae5b_102.png",
    "image_132": "https://slack-files2.s3-us-west-2.amazonaws.com/avatars/2016-05-12/42266573955_325ce791cc9957bfae5b_132.png",
    "image_230": "https://slack-files2.s3-us-west-2.amazonaws.com/avatars/2016-05-12/42266573955_325ce791cc9957bfae5b_132.png",
    "image_34": "https://slack-files2.s3-us-west-2.amazonaws.com/avatars/2016-05-12/42266573955_325ce791cc9957bfae5b_34.png",
    "image_44": "https://slack-files2.s3-us-west-2.amazonaws.com/avatars/2016-05-12/42266573955_325ce791cc9957bfae5b_44.png",
    "image_68": "https://slack-files2.s3-us-west-2.amazonaws.com/avatars/2016-05-12/42266573955_325ce791cc9957bfae5b_68.png",
    "image_88": "https://slack-files2.s3-us-west-2.amazonaws.com/avatars/2016-05-12/42266573955_325ce791cc9957bfae5b_88.png",
    "image_original": "https://slack-files2.s3-us-west-2.amazonaws.com/avatars/2016-05-12/42266573955_325ce791cc9957bfae5b_original.png"
  },
  "teamId": "T031FNTUT"
}
[06/04/18, 22:58:29:227] info: Store: UPDATE_TEAM_LOCALE
{
  "locale": "en-US",
  "teamId": "T031FNTUT"
}
[06/04/18, 22:58:29:227] info: Store: UPSERT_WEB_CONTENTS
{
  "id": 3,
  "state": "webapp-loaded",
  "teamId": "T031FNTUT"
}
[06/04/18, 22:58:29:347] info: Store: STORE_ENTERPRISE_ID_PAIR
{
  "enterpriseId": "",
  "teamId": "T031FNTUT"
}
[06/04/18, 22:58:30:467] info: postLoadTaskSetup: Setup spellchecker
{
  "version": "V1"
}
[06/04/18, 22:58:30:888] info: Couldn't detect language for text of length '1281': Not enough reliable text, ignoring sample
[06/04/18, 22:58:58:704] info: Unloading spellchecker
[06/04/18, 22:58:58:705] info: Unloading spellchecker
[06/04/18, 22:58:58:730] info: Store: SET_FULL_SCREEN
[06/04/18, 22:58:58:731] info: Store: SET_FULL_SCREEN
[06/04/18, 23:00:02:032] info: Store: SET_FULL_SCREEN
[06/04/18, 23:00:02:108] info: Store: SET_FULL_SCREEN
[06/04/18, 23:00:02:998] info: Unloading spellchecker
[06/04/18, 23:00:02:999] info: Unloading spellchecker
[06/04/18, 23:00:02:999] info: Store: SET_FULL_SCREEN
[06/04/18, 23:00:03:010] info: Store: SET_FULL_SCREEN
[06/04/18, 23:00:05:600] info: Store: SET_FULL_SCREEN
[06/04/18, 23:00:05:657] info: Store: SET_FULL_SCREEN
[06/04/18, 23:00:09:810] info: Unloading spellchecker
[06/04/18, 23:00:09:813] info: Unloading spellchecker
[06/04/18, 23:00:09:842] info: Store: SET_FULL_SCREEN
[06/04/18, 23:00:09:842] info: Store: SET_FULL_SCREEN
[06/04/18, 23:03:28:172] info: Store: SET_FULL_SCREEN
[06/04/18, 23:03:28:265] info: Store: SET_FULL_SCREEN
[06/04/18, 23:03:28:911] info: Unloading spellchecker
[06/04/18, 23:03:28:917] info: Unloading spellchecker
[06/04/18, 23:03:29:025] info: Store: SET_FULL_SCREEN
[06/04/18, 23:03:29:026] info: Store: SET_FULL_SCREEN
[06/04/18, 23:03:29:723] info: Store: SET_FULL_SCREEN
[06/04/18, 23:03:29:725] info: Store: SET_FULL_SCREEN
[06/04/18, 23:03:33:921] info: Unloading spellchecker
[06/04/18, 23:03:33:953] info: Unloading spellchecker
[06/04/18, 23:03:33:957] info: Store: SET_FULL_SCREEN
[06/04/18, 23:05:42:074] info: Store: SET_FULL_SCREEN
[06/04/18, 23:05:43:920] info: Unloading spellchecker
[06/04/18, 23:05:43:924] info: Unloading spellchecker
[06/04/18, 23:05:43:968] info: Store: SET_FULL_SCREEN
[06/04/18, 23:05:43:969] info: Store: SET_FULL_SCREEN
[06/04/18, 23:06:11:261] info: Store: SET_FULL_SCREEN
[06/04/18, 23:06:11:269] info: Store: SET_FULL_SCREEN
[06/04/18, 23:06:12:061] info: Unloading spellchecker
[06/04/18, 23:06:12:063] info: Unloading spellchecker
[06/04/18, 23:06:12:118] info: Store: SET_FULL_SCREEN
[06/04/18, 23:06:12:119] info: Store: SET_FULL_SCREEN
[06/04/18, 23:10:54:248] info: Store: SET_FULL_SCREEN
[06/04/18, 23:10:54:249] info: Store: SET_FULL_SCREEN
[06/04/18, 23:10:55:119] info: Unloading spellchecker
[06/04/18, 23:10:55:121] info: Unloading spellchecker
[06/04/18, 23:10:55:150] info: Store: SET_FULL_SCREEN
[06/04/18, 23:10:55:153] info: Store: SET_FULL_SCREEN
[06/04/18, 23:11:25:806] info: Store: SET_FULL_SCREEN
[06/04/18, 23:11:25:860] info: Store: SET_FULL_SCREEN
[06/04/18, 23:11:28:781] info: Unloading spellchecker
[06/04/18, 23:11:28:785] info: Unloading spellchecker
[06/04/18, 23:11:28:786] info: Store: SET_FULL_SCREEN
[06/04/18, 23:11:28:819] info: Store: SET_FULL_SCREEN
[06/04/18, 23:14:49:176] info: Store: NEW_NOTIFICATION
{
  "avatarImage": "https://ca.slack-edge.com/T031FNTUT-USLACKBOT-sv1444671949-512",
  "channel": "D5WHV4ZQW",
  "content": "",
  "id": "rgoncAhykwzjD04",
  "launchUri": "slack://channel?id=D5WHV4ZQW&message=1528121688.000428&team=T031FNTUT",
  "msg": "1528121688.000428",
  "silent": true,
  "subtitle": "",
  "teamId": "T031FNTUT",
  "title": "[REDACTED]"
}
[06/04/18, 23:14:55:734] info: Store: SET_FULL_SCREEN
[06/04/18, 23:14:55:786] info: Store: SET_FULL_SCREEN
[06/04/18, 23:15:00:513] info: Store: SELECT_CHANNEL D5WHV4ZQW
[06/04/18, 23:15:02:927] info: Raw Locale list: ["C","C.UTF-8","POSIX","en_AG","en_AG.utf8","en_AU.utf8","en_BW.utf8","en_CA.utf8","en_DK.utf8","en_GB.utf8","en_HK.utf8","en_IE.utf8","en_IN","en_IN.utf8","en_NG","en_NG.utf8","en_NZ.utf8","en_PH.utf8","en_SG.utf8","en_US.utf8","en_ZA.utf8","en_ZM","en_ZM.utf8","en_ZW.utf8","ja_JP.utf8",""]
[06/04/18, 23:15:02:927] info: Filtered Locale list: ["en_AG","en_AG","en_AU","en_BW","en_CA","en_DK","en_GB","en_HK","en_IE","en_IN","en_IN","en_NG","en_NG","en_NZ","en_PH","en_SG","en_US","en_ZA","en_ZM","en_ZM","en_ZW","ja_JP"]
[06/04/18, 23:15:02:927] info: Counts: {"en":["en_AG","en_AG","en_AU","en_BW","en_CA","en_DK","en_GB","en_HK","en_IE","en_IN","en_IN","en_NG","en_NG","en_NZ","en_PH","en_SG","en_US","en_ZA","en_ZM","en_ZM","en_ZW"],"ja":["ja_JP"]}
[06/04/18, 23:15:02:927] info: Setting ja
[06/04/18, 23:15:02:928] info: Result: {"ja":"ja-JP"}
[06/04/18, 23:15:02:930] info: Requesting to load ja-JP, alternatives are ["ja-JP","ja-JP","ja-JP"]
[06/04/18, 23:15:02:931] info: Loading dictionary for language ja-JP
[06/04/18, 23:15:02:931] info: Returning local copy: /home/nozomi/dotfiles/.config/Slack/dictionaries/ja-JP.bdic
[06/04/18, 23:15:02:933] info: Failed to read file /home/nozomi/dotfiles/.config/Slack/dictionaries/ja-JP.bdic: File exists but is most likely bogus
[06/04/18, 23:15:02:934] info: Actually downloading https://redirector.gvt1.com/edgedl/chrome/dict/ja-jp-3-0.bdic
[06/04/18, 23:15:04:035] info: Store: START_DOWNLOAD
{
  "id": "FB0F023BJ",
  "teamId": "T031FNTUT",
  "url": "[REDACTED]"
}
[06/04/18, 23:15:04:037] info: Store: UPDATE_DOWNLOAD
{
  "downloadState": "started",
  "id": "FB0F023BJ",
  "teamId": "T031FNTUT"
}
[06/04/18, 23:15:04:243] info: Loading dictionary for language ja-JP
[06/04/18, 23:15:04:243] info: Returning local copy: /home/nozomi/dotfiles/.config/Slack/dictionaries/ja-JP.bdic
[06/04/18, 23:15:04:247] info: Failed to read file /home/nozomi/dotfiles/.config/Slack/dictionaries/ja-JP.bdic: File exists but is most likely bogus
[06/04/18, 23:15:04:248] info: Actually downloading https://redirector.gvt1.com/edgedl/chrome/dict/ja-jp-3-0.bdic
[06/04/18, 23:15:04:364] info: Store: UPDATE_DOWNLOAD
{
  "downloadPath": "[REDACTED]",
  "downloadState": "progressing",
  "id": "FB0F023BJ",
  "requestState": null,
  "teamId": "T031FNTUT"
}
[06/04/18, 23:15:04:365] info: Store: UPDATE_DOWNLOAD
{
  "id": "FB0F023BJ",
  "isPaused": false,
  "progress": 0,
  "teamId": "T031FNTUT"
}
[06/04/18, 23:15:04:411] info: Store: UPDATE_DOWNLOAD
{
  "id": "FB0F023BJ",
  "isPaused": false,
  "progress": 0,
  "teamId": "T031FNTUT"
}
[06/04/18, 23:15:04:502] info: Loading dictionary for language ja-JP
[06/04/18, 23:15:04:503] info: Returning local copy: /home/nozomi/dotfiles/.config/Slack/dictionaries/ja-JP.bdic
[06/04/18, 23:15:04:505] info: Failed to read file /home/nozomi/dotfiles/.config/Slack/dictionaries/ja-JP.bdic: File exists but is most likely bogus
[06/04/18, 23:15:04:506] info: Actually downloading https://redirector.gvt1.com/edgedl/chrome/dict/ja-jp-3-0.bdic
[06/04/18, 23:15:04:883] info: dictionary for ja-JP_ja-JP is not available
[06/04/18, 23:15:04:884] info: Actually installing spell check provider to Electron
[06/04/18, 23:15:04:918] info: Store: UPDATE_DOWNLOAD
{
  "id": "FB0F023BJ",
  "isPaused": false,
  "progress": 0.2122626519289645,
  "teamId": "T031FNTUT"
}
[06/04/18, 23:15:05:419] info: Store: UPDATE_DOWNLOAD
{
  "id": "FB0F023BJ",
  "isPaused": false,
  "progress": 0.5146854174733365,
  "teamId": "T031FNTUT"
}
[06/04/18, 23:15:05:919] info: Store: UPDATE_DOWNLOAD
{
  "id": "FB0F023BJ",
  "isPaused": false,
  "progress": 0.8714729105237836,
  "teamId": "T031FNTUT"
}
[06/04/18, 23:15:06:067] info: Store: UPDATE_DOWNLOAD
{
  "id": "FB0F023BJ",
  "isPaused": false,
  "progress": 1,
  "teamId": "T031FNTUT"
}
[06/04/18, 23:15:06:068] info: Store: UPDATE_DOWNLOAD
{
  "id": "FB0F023BJ",
  "isPaused": false,
  "progress": 1,
  "teamId": "T031FNTUT"
}
[06/04/18, 23:15:06:078] info: Store: UPDATE_DOWNLOAD
{
  "id": "FB0F023BJ",
  "isPaused": false,
  "progress": 1,
  "teamId": "T031FNTUT"
}
[06/04/18, 23:15:06:124] info: Store: UPDATE_DOWNLOAD
{
  "downloadState": "completed",
  "endTime": 1528121706092,
  "id": "FB0F023BJ",
  "requestState": null,
  "teamId": "T031FNTUT"
}
[06/04/18, 23:15:06:176] info: Store: DOWNLOAD_NOTIFICATION
{
  "avatarImage": "",
  "body": "",
  "channel": "",
  "content": "",
  "id": "T031FNTUTFB0F023BJ",
  "initials": "",
  "msg": "[REDACTED]",
  "silent": false,
  "sound": "confirm_delivery.mp3",
  "ssbFilename": "confirm_delivery.mp3",
  "subtitle": "",
  "teamId": "T031FNTUT",
  "title": "Download complete",
  "type": 1
}
[06/04/18, 23:15:08:571] info: Unloading spellchecker
[06/04/18, 23:15:08:572] info: Unloading spellchecker
[06/04/18, 23:15:08:576] info: Store: SET_FULL_SCREEN
[06/04/18, 23:15:08:577] info: Store: SET_FULL_SCREEN
[06/04/18, 23:25:05:083] info: Restoring spellchecker
[06/04/18, 23:25:05:084] info: Requesting to load ja-JP, alternatives are ["ja-JP","ja-JP","ja-JP"]
[06/04/18, 23:25:05:085] info: Loading dictionary for language ja-JP
[06/04/18, 23:25:05:087] info: Returning local copy: /home/nozomi/dotfiles/.config/Slack/dictionaries/ja-JP.bdic
[06/04/18, 23:25:05:108] info: Store: SET_FULL_SCREEN
[06/04/18, 23:25:05:275] info: Store: SET_FULL_SCREEN
[06/04/18, 23:25:05:283] info: Failed to read file /home/nozomi/dotfiles/.config/Slack/dictionaries/ja-JP.bdic: File exists but is most likely bogus
[06/04/18, 23:25:05:286] info: Actually downloading https://redirector.gvt1.com/edgedl/chrome/dict/ja-jp-3-0.bdic
[06/04/18, 23:25:06:460] info: Unloading spellchecker
[06/04/18, 23:25:06:462] info: Unloading spellchecker
[06/04/18, 23:25:06:493] info: Store: SET_FULL_SCREEN
[06/04/18, 23:25:06:519] info: Store: SET_FULL_SCREEN
[06/04/18, 23:25:06:619] info: Loading dictionary for language ja-JP
[06/04/18, 23:25:06:619] info: Returning local copy: /home/nozomi/dotfiles/.config/Slack/dictionaries/ja-JP.bdic
[06/04/18, 23:25:06:620] info: Failed to read file /home/nozomi/dotfiles/.config/Slack/dictionaries/ja-JP.bdic: File exists but is most likely bogus
[06/04/18, 23:25:06:620] info: Actually downloading https://redirector.gvt1.com/edgedl/chrome/dict/ja-jp-3-0.bdic
[06/04/18, 23:25:06:856] info: Loading dictionary for language ja-JP
[06/04/18, 23:25:06:856] info: Returning local copy: /home/nozomi/dotfiles/.config/Slack/dictionaries/ja-JP.bdic
[06/04/18, 23:25:06:857] info: Failed to read file /home/nozomi/dotfiles/.config/Slack/dictionaries/ja-JP.bdic: File exists but is most likely bogus
[06/04/18, 23:25:06:857] info: Actually downloading https://redirector.gvt1.com/edgedl/chrome/dict/ja-jp-3-0.bdic
[06/04/18, 23:25:07:079] info: dictionary for ja-JP_ja-JP is not available
[06/04/18, 23:36:55:089] info: Restoring spellchecker
[06/04/18, 23:36:55:091] info: Requesting to load ja-JP, alternatives are ["ja-JP","ja-JP","ja-JP"]
[06/04/18, 23:36:55:092] info: Loading dictionary for language ja-JP
[06/04/18, 23:36:55:095] info: Returning local copy: /home/nozomi/dotfiles/.config/Slack/dictionaries/ja-JP.bdic
[06/04/18, 23:36:55:144] info: Store: SET_FULL_SCREEN
[06/04/18, 23:36:55:145] info: Store: SET_FULL_SCREEN
[06/04/18, 23:36:55:148] info: Failed to read file /home/nozomi/dotfiles/.config/Slack/dictionaries/ja-JP.bdic: File exists but is most likely bogus
[06/04/18, 23:36:55:149] info: Actually downloading https://redirector.gvt1.com/edgedl/chrome/dict/ja-jp-3-0.bdic
[06/04/18, 23:36:56:305] info: Unloading spellchecker
[06/04/18, 23:36:56:311] info: Unloading spellchecker
[06/04/18, 23:36:56:311] info: Store: SET_FULL_SCREEN
[06/04/18, 23:36:56:344] info: Store: SET_FULL_SCREEN
[06/04/18, 23:36:56:425] info: Loading dictionary for language ja-JP
[06/04/18, 23:36:56:425] info: Returning local copy: /home/nozomi/dotfiles/.config/Slack/dictionaries/ja-JP.bdic
[06/04/18, 23:36:56:426] info: Failed to read file /home/nozomi/dotfiles/.config/Slack/dictionaries/ja-JP.bdic: File exists but is most likely bogus
[06/04/18, 23:36:56:428] info: Actually downloading https://redirector.gvt1.com/edgedl/chrome/dict/ja-jp-3-0.bdic
[06/04/18, 23:36:56:648] info: Loading dictionary for language ja-JP
[06/04/18, 23:36:56:648] info: Returning local copy: /home/nozomi/dotfiles/.config/Slack/dictionaries/ja-JP.bdic
[06/04/18, 23:36:56:650] info: Failed to read file /home/nozomi/dotfiles/.config/Slack/dictionaries/ja-JP.bdic: File exists but is most likely bogus
[06/04/18, 23:36:56:651] info: Actually downloading https://redirector.gvt1.com/edgedl/chrome/dict/ja-jp-3-0.bdic
[06/04/18, 23:36:56:864] info: dictionary for ja-JP_ja-JP is not available
[06/04/18, 23:37:43:581] info: Store: SET_FULL_SCREEN
[06/04/18, 23:37:56:409] info: Restoring spellchecker
[06/04/18, 23:37:56:410] info: Requesting to load ja-JP, alternatives are ["ja-JP","ja-JP","ja-JP"]
[06/04/18, 23:37:56:422] info: Loading dictionary for language ja-JP
[06/04/18, 23:37:56:425] info: Returning local copy: /home/nozomi/dotfiles/.config/Slack/dictionaries/ja-JP.bdic
[06/04/18, 23:37:56:516] info: Store: SET_FULL_SCREEN
[06/04/18, 23:37:56:517] info: Failed to read file /home/nozomi/dotfiles/.config/Slack/dictionaries/ja-JP.bdic: File exists but is most likely bogus
[06/04/18, 23:37:56:518] info: Actually downloading https://redirector.gvt1.com/edgedl/chrome/dict/ja-jp-3-0.bdic
[06/04/18, 23:37:57:068] info: Loading dictionary for language ja-JP
[06/04/18, 23:37:57:068] info: Returning local copy: /home/nozomi/dotfiles/.config/Slack/dictionaries/ja-JP.bdic
[06/04/18, 23:37:57:070] info: Failed to read file /home/nozomi/dotfiles/.config/Slack/dictionaries/ja-JP.bdic: File exists but is most likely bogus
[06/04/18, 23:37:57:071] info: Actually downloading https://redirector.gvt1.com/edgedl/chrome/dict/ja-jp-3-0.bdic
[06/04/18, 23:37:57:346] info: Loading dictionary for language ja-JP
[06/04/18, 23:37:57:350] info: Returning local copy: /home/nozomi/dotfiles/.config/Slack/dictionaries/ja-JP.bdic
[06/04/18, 23:37:57:370] info: Failed to read file /home/nozomi/dotfiles/.config/Slack/dictionaries/ja-JP.bdic: File exists but is most likely bogus
[06/04/18, 23:37:57:371] info: Actually downloading https://redirector.gvt1.com/edgedl/chrome/dict/ja-jp-3-0.bdic
[06/04/18, 23:37:57:598] info: dictionary for ja-JP_ja-JP is not available
[06/04/18, 23:37:58:389] info: Unloading spellchecker
[06/04/18, 23:37:58:428] info: Unloading spellchecker
[06/04/18, 23:37:58:429] info: Store: SET_FULL_SCREEN
[06/04/18, 23:37:58:440] info: Store: SET_FULL_SCREEN
[06/04/18, 23:53:13:372] info: Restoring spellchecker
[06/04/18, 23:53:13:377] info: Requesting to load ja-JP, alternatives are ["ja-JP","ja-JP","ja-JP"]
[06/04/18, 23:53:13:378] info: Loading dictionary for language ja-JP
[06/04/18, 23:53:13:378] info: Returning local copy: /home/nozomi/dotfiles/.config/Slack/dictionaries/ja-JP.bdic
[06/04/18, 23:53:13:385] info: Store: SET_FULL_SCREEN
[06/04/18, 23:53:13:426] info: Store: SET_FULL_SCREEN
[06/04/18, 23:53:13:430] info: Failed to read file /home/nozomi/dotfiles/.config/Slack/dictionaries/ja-JP.bdic: File exists but is most likely bogus
[06/04/18, 23:53:13:430] info: Actually downloading https://redirector.gvt1.com/edgedl/chrome/dict/ja-jp-3-0.bdic
[06/04/18, 23:53:14:697] info: Loading dictionary for language ja-JP
[06/04/18, 23:53:14:698] info: Returning local copy: /home/nozomi/dotfiles/.config/Slack/dictionaries/ja-JP.bdic
[06/04/18, 23:53:14:700] info: Failed to read file /home/nozomi/dotfiles/.config/Slack/dictionaries/ja-JP.bdic: File exists but is most likely bogus
[06/04/18, 23:53:14:701] info: Actually downloading https://redirector.gvt1.com/edgedl/chrome/dict/ja-jp-3-0.bdic
[06/04/18, 23:53:14:898] info: Loading dictionary for language ja-JP
[06/04/18, 23:53:14:899] info: Returning local copy: /home/nozomi/dotfiles/.config/Slack/dictionaries/ja-JP.bdic
[06/04/18, 23:53:14:902] info: Failed to read file /home/nozomi/dotfiles/.config/Slack/dictionaries/ja-JP.bdic: File exists but is most likely bogus
[06/04/18, 23:53:14:903] info: Actually downloading https://redirector.gvt1.com/edgedl/chrome/dict/ja-jp-3-0.bdic
[06/04/18, 23:53:15:142] info: dictionary for ja-JP_ja-JP is not available
[06/04/18, 23:53:15:676] info: Unloading spellchecker
[06/04/18, 23:53:15:679] info: Unloading spellchecker
[06/04/18, 23:53:15:697] info: Store: SET_FULL_SCREEN
[06/04/18, 23:53:15:701] info: Store: SET_FULL_SCREEN
[06/04/18, 23:53:16:268] info: Restoring spellchecker
[06/04/18, 23:53:16:269] info: Requesting to load ja-JP, alternatives are ["ja-JP","ja-JP","ja-JP"]
[06/04/18, 23:53:16:270] info: Loading dictionary for language ja-JP
[06/04/18, 23:53:16:270] info: Returning local copy: /home/nozomi/dotfiles/.config/Slack/dictionaries/ja-JP.bdic
[06/04/18, 23:53:16:277] info: Store: SET_FULL_SCREEN
[06/04/18, 23:53:16:280] info: Failed to read file /home/nozomi/dotfiles/.config/Slack/dictionaries/ja-JP.bdic: File exists but is most likely bogus
[06/04/18, 23:53:16:281] info: Actually downloading https://redirector.gvt1.com/edgedl/chrome/dict/ja-jp-3-0.bdic
[06/04/18, 23:53:16:308] info: Store: SET_FULL_SCREEN
[06/04/18, 23:53:16:530] info: Loading dictionary for language ja-JP
[06/04/18, 23:53:16:532] info: Returning local copy: /home/nozomi/dotfiles/.config/Slack/dictionaries/ja-JP.bdic
[06/04/18, 23:53:16:537] info: Failed to read file /home/nozomi/dotfiles/.config/Slack/dictionaries/ja-JP.bdic: File exists but is most likely bogus
[06/04/18, 23:53:16:538] info: Actually downloading https://redirector.gvt1.com/edgedl/chrome/dict/ja-jp-3-0.bdic
[06/04/18, 23:53:16:776] info: Loading dictionary for language ja-JP
[06/04/18, 23:53:16:777] info: Returning local copy: /home/nozomi/dotfiles/.config/Slack/dictionaries/ja-JP.bdic
[06/04/18, 23:53:16:779] info: Failed to read file /home/nozomi/dotfiles/.config/Slack/dictionaries/ja-JP.bdic: File exists but is most likely bogus
[06/04/18, 23:53:16:781] info: Actually downloading https://redirector.gvt1.com/edgedl/chrome/dict/ja-jp-3-0.bdic
[06/04/18, 23:53:17:003] info: dictionary for ja-JP_ja-JP is not available
[06/04/18, 23:53:24:653] info: Store: SELECT_CHANNEL C0507V3L9
[06/04/18, 23:53:30:548] info: Couldn't get hint text from messages in channel: Failed to fetch recent messages
[06/04/18, 23:53:51:121] info: Store: SELECT_CHANNEL DAT8AV3GB
[06/04/18, 23:53:53:621] info: Requesting to load ja-JP, alternatives are ["ja-JP","ja-JP","ja-JP"]
[06/04/18, 23:53:53:621] info: Loading dictionary for language ja-JP
[06/04/18, 23:53:53:621] info: Returning local copy: /home/nozomi/dotfiles/.config/Slack/dictionaries/ja-JP.bdic
[06/04/18, 23:53:53:622] info: Failed to read file /home/nozomi/dotfiles/.config/Slack/dictionaries/ja-JP.bdic: File exists but is most likely bogus
[06/04/18, 23:53:53:622] info: Actually downloading https://redirector.gvt1.com/edgedl/chrome/dict/ja-jp-3-0.bdic
[06/04/18, 23:53:54:130] info: Loading dictionary for language ja-JP
[06/04/18, 23:53:54:131] info: Returning local copy: /home/nozomi/dotfiles/.config/Slack/dictionaries/ja-JP.bdic
[06/04/18, 23:53:54:132] info: Failed to read file /home/nozomi/dotfiles/.config/Slack/dictionaries/ja-JP.bdic: File exists but is most likely bogus
[06/04/18, 23:53:54:133] info: Actually downloading https://redirector.gvt1.com/edgedl/chrome/dict/ja-jp-3-0.bdic
[06/04/18, 23:53:54:348] info: Loading dictionary for language ja-JP
[06/04/18, 23:53:54:348] info: Returning local copy: /home/nozomi/dotfiles/.config/Slack/dictionaries/ja-JP.bdic
[06/04/18, 23:53:54:350] info: Failed to read file /home/nozomi/dotfiles/.config/Slack/dictionaries/ja-JP.bdic: File exists but is most likely bogus
[06/04/18, 23:53:54:351] info: Actually downloading https://redirector.gvt1.com/edgedl/chrome/dict/ja-jp-3-0.bdic
[06/04/18, 23:53:54:549] info: dictionary for ja-JP_ja-JP is not available
[06/04/18, 23:53:55:585] info: Store: SELECT_CHANNEL CASGZGRSB
[06/04/18, 23:53:55:613] info: Couldn't detect language for text of length '1281': Not enough reliable text, ignoring sample
[06/04/18, 23:54:02:242] info: Unloading spellchecker
[06/04/18, 23:54:02:244] info: Unloading spellchecker
[06/04/18, 23:54:02:260] info: Store: SET_FULL_SCREEN
[06/04/18, 23:54:03:971] info: Restoring spellchecker
[06/04/18, 23:54:03:973] info: Requesting to load ja-JP, alternatives are ["ja-JP","ja-JP","ja-JP"]
[06/04/18, 23:54:03:991] info: Loading dictionary for language ja-JP
[06/04/18, 23:54:03:992] info: Returning local copy: /home/nozomi/dotfiles/.config/Slack/dictionaries/ja-JP.bdic
[06/04/18, 23:54:04:007] info: Unloading spellchecker
[06/04/18, 23:54:04:008] info: Store: SET_FULL_SCREEN
[06/04/18, 23:54:04:025] info: Restoring spellchecker
[06/04/18, 23:54:04:026] info: Requesting to load ja-JP, alternatives are ["ja-JP","ja-JP","ja-JP"]
[06/04/18, 23:54:04:027] info: Loading dictionary for language ja-JP
[06/04/18, 23:54:04:029] info: Returning local copy: /home/nozomi/dotfiles/.config/Slack/dictionaries/ja-JP.bdic
[06/04/18, 23:54:04:090] info: Failed to read file /home/nozomi/dotfiles/.config/Slack/dictionaries/ja-JP.bdic: File exists but is most likely bogus
[06/04/18, 23:54:04:092] info: Failed to read file /home/nozomi/dotfiles/.config/Slack/dictionaries/ja-JP.bdic: File exists but is most likely bogus
[06/04/18, 23:54:04:094] info: Actually downloading https://redirector.gvt1.com/edgedl/chrome/dict/ja-jp-3-0.bdic
[06/04/18, 23:54:04:125] info: Can't clear out file, bailing
[06/04/18, 23:54:04:125] info: Loading dictionary for language ja-JP
[06/04/18, 23:54:04:125] info: Actually downloading https://redirector.gvt1.com/edgedl/chrome/dict/ja-jp-3-0.bdic
[06/04/18, 23:54:04:659] info: Loading dictionary for language ja-JP
[06/04/18, 23:54:04:660] info: Returning local copy: /home/nozomi/dotfiles/.config/Slack/dictionaries/ja-JP.bdic
[06/04/18, 23:54:04:662] info: Failed to read file /home/nozomi/dotfiles/.config/Slack/dictionaries/ja-JP.bdic: File exists but is most likely bogus
[06/04/18, 23:54:04:663] info: Actually downloading https://redirector.gvt1.com/edgedl/chrome/dict/ja-jp-3-0.bdic
[06/04/18, 23:54:04:865] info: Loading dictionary for language ja-JP
[06/04/18, 23:54:04:865] info: Returning local copy: /home/nozomi/dotfiles/.config/Slack/dictionaries/ja-JP.bdic
[06/04/18, 23:54:04:867] info: Failed to read file /home/nozomi/dotfiles/.config/Slack/dictionaries/ja-JP.bdic: File exists but is most likely bogus
[06/04/18, 23:54:04:867] info: Actually downloading https://redirector.gvt1.com/edgedl/chrome/dict/ja-jp-3-0.bdic
[06/04/18, 23:54:04:946] info: Store: SAVE_WINDOW_SETTINGS
{
  "isMaximized": false,
  "position": [
    575,
    150
  ],
  "size": [
    1024,
    749
  ]
}
[06/04/18, 23:54:04:958] info: Loading dictionary for language ja-JP
[06/04/18, 23:54:04:959] info: Returning local copy: /home/nozomi/dotfiles/.config/Slack/dictionaries/ja-JP.bdic
[06/04/18, 23:54:04:961] info: Failed to read file /home/nozomi/dotfiles/.config/Slack/dictionaries/ja-JP.bdic: File exists but is most likely bogus
[06/04/18, 23:54:04:962] info: Actually downloading https://redirector.gvt1.com/edgedl/chrome/dict/ja-jp-3-0.bdic
[06/04/18, 23:54:05:183] info: dictionary for ja-JP_ja-JP is not available
[06/04/18, 23:54:05:294] info: dictionary for ja-JP_ja-JP is not available
[06/04/18, 23:54:11:382] info: Unloading spellchecker
[06/04/18, 23:54:11:400] info: Unloading spellchecker
[06/04/18, 23:54:11:421] info: Store: SET_FULL_SCREEN
[06/04/18, 23:54:11:422] info: Store: SET_FULL_SCREEN
[06/04/18, 23:56:16:508] info: Store: NEW_NOTIFICATION
{
  "avatarImage": "https://ca.slack-edge.com/T031FNTUT-U04KRG00A-2f202a8ff96a-512",
  "channel": "GB23WCG86",
  "content": "[REDACTED]",
  "id": "xoxwSLiwJlvJnw4",
  "launchUri": "slack://channel?id=GB23WCG86&message=1528124176.000166&team=T031FNTUT",
  "msg": "1528124176.000166",
  "silent": true,
  "subtitle": "",
  "teamId": "T031FNTUT",
  "title": "[REDACTED]"
}
[06/04/18, 23:56:19:855] info: Store: CLICK_NOTIFICATION
{
  "channel": "GB23WCG86",
  "messageId": "1528124176.000166",
  "notificationId": "xoxwSLiwJlvJnw4",
  "teamId": "T031FNTUT"
}
[06/04/18, 23:56:19:857] info: Store: SELECT_TEAM T031FNTUT
[06/04/18, 23:56:19:985] info: Restoring spellchecker
[06/04/18, 23:56:19:985] info: Requesting to load ja-JP, alternatives are ["ja-JP","ja-JP","ja-JP"]
[06/04/18, 23:56:19:986] info: Loading dictionary for language ja-JP
[06/04/18, 23:56:19:986] info: Returning local copy: /home/nozomi/dotfiles/.config/Slack/dictionaries/ja-JP.bdic
[06/04/18, 23:56:20:068] info: Store: SELECT_CHANNEL GB23WCG86
[06/04/18, 23:56:20:068] info: Store: SET_FULL_SCREEN
[06/04/18, 23:56:20:069] info: Store: SET_FULL_SCREEN
[06/04/18, 23:56:20:154] info: Failed to read file /home/nozomi/dotfiles/.config/Slack/dictionaries/ja-JP.bdic: File exists but is most likely bogus
[06/04/18, 23:56:20:158] info: Actually downloading https://redirector.gvt1.com/edgedl/chrome/dict/ja-jp-3-0.bdic
[06/04/18, 23:56:20:518] info: Requesting to load ja-JP, alternatives are ["ja-JP","ja-JP","ja-JP"]
[06/04/18, 23:56:20:518] info: Loading dictionary for language ja-JP
[06/04/18, 23:56:20:519] info: Actually downloading https://redirector.gvt1.com/edgedl/chrome/dict/ja-jp-3-0.bdic
[06/04/18, 23:56:21:052] info: Loading dictionary for language ja-JP
[06/04/18, 23:56:21:053] info: Returning local copy: /home/nozomi/dotfiles/.config/Slack/dictionaries/ja-JP.bdic
[06/04/18, 23:56:21:060] info: Failed to read file /home/nozomi/dotfiles/.config/Slack/dictionaries/ja-JP.bdic: File exists but is most likely bogus
[06/04/18, 23:56:21:060] info: Actually downloading https://redirector.gvt1.com/edgedl/chrome/dict/ja-jp-3-0.bdic
[06/04/18, 23:56:21:286] info: Loading dictionary for language ja-JP
[06/04/18, 23:56:21:287] info: Returning local copy: /home/nozomi/dotfiles/.config/Slack/dictionaries/ja-JP.bdic
[06/04/18, 23:56:21:288] info: Failed to read file /home/nozomi/dotfiles/.config/Slack/dictionaries/ja-JP.bdic: File exists but is most likely bogus
[06/04/18, 23:56:21:288] info: Actually downloading https://redirector.gvt1.com/edgedl/chrome/dict/ja-jp-3-0.bdic
[06/04/18, 23:56:21:343] info: Loading dictionary for language ja-JP
[06/04/18, 23:56:21:343] info: Returning local copy: /home/nozomi/dotfiles/.config/Slack/dictionaries/ja-JP.bdic
[06/04/18, 23:56:21:344] info: Failed to read file /home/nozomi/dotfiles/.config/Slack/dictionaries/ja-JP.bdic: File exists but is most likely bogus
[06/04/18, 23:56:21:345] info: Actually downloading https://redirector.gvt1.com/edgedl/chrome/dict/ja-jp-3-0.bdic
[06/04/18, 23:56:21:562] info: Loading dictionary for language ja-JP
[06/04/18, 23:56:21:562] info: Returning local copy: /home/nozomi/dotfiles/.config/Slack/dictionaries/ja-JP.bdic
[06/04/18, 23:56:21:564] info: Failed to read file /home/nozomi/dotfiles/.config/Slack/dictionaries/ja-JP.bdic: File exists but is most likely bogus
[06/04/18, 23:56:21:565] info: Actually downloading https://redirector.gvt1.com/edgedl/chrome/dict/ja-jp-3-0.bdic
[06/04/18, 23:56:21:718] info: dictionary for ja-JP_ja-JP is not available
[06/04/18, 23:56:21:874] info: dictionary for ja-JP_ja-JP is not available
[06/05/18, 00:06:18:140] info: Unloading spellchecker
[06/05/18, 00:06:18:151] info: Unloading spellchecker
[06/05/18, 00:06:18:174] info: Store: SET_FULL_SCREEN
[06/05/18, 00:06:18:174] info: Store: SET_FULL_SCREEN
[06/05/18, 00:07:22:956] info: Restoring spellchecker
[06/05/18, 00:07:22:962] info: Requesting to load ja-JP, alternatives are ["ja-JP","ja-JP","ja-JP"]
[06/05/18, 00:07:22:964] info: Loading dictionary for language ja-JP
[06/05/18, 00:07:22:964] info: Returning local copy: /home/nozomi/dotfiles/.config/Slack/dictionaries/ja-JP.bdic
[06/05/18, 00:07:22:972] info: Store: SET_FULL_SCREEN
[06/05/18, 00:07:22:973] info: Store: SET_FULL_SCREEN
[06/05/18, 00:07:23:047] info: Failed to read file /home/nozomi/dotfiles/.config/Slack/dictionaries/ja-JP.bdic: File exists but is most likely bogus
[06/05/18, 00:07:23:048] info: Actually downloading https://redirector.gvt1.com/edgedl/chrome/dict/ja-jp-3-0.bdic
[06/05/18, 00:07:24:264] info: Loading dictionary for language ja-JP
[06/05/18, 00:07:24:264] info: Returning local copy: /home/nozomi/dotfiles/.config/Slack/dictionaries/ja-JP.bdic
[06/05/18, 00:07:24:265] info: Failed to read file /home/nozomi/dotfiles/.config/Slack/dictionaries/ja-JP.bdic: File exists but is most likely bogus
[06/05/18, 00:07:24:266] info: Actually downloading https://redirector.gvt1.com/edgedl/chrome/dict/ja-jp-3-0.bdic
[06/05/18, 00:07:24:500] info: Loading dictionary for language ja-JP
[06/05/18, 00:07:24:500] info: Returning local copy: /home/nozomi/dotfiles/.config/Slack/dictionaries/ja-JP.bdic
[06/05/18, 00:07:24:501] info: Failed to read file /home/nozomi/dotfiles/.config/Slack/dictionaries/ja-JP.bdic: File exists but is most likely bogus
[06/05/18, 00:07:24:502] info: Actually downloading https://redirector.gvt1.com/edgedl/chrome/dict/ja-jp-3-0.bdic
[06/05/18, 00:07:25:005] info: dictionary for ja-JP_ja-JP is not available
[06/05/18, 00:11:42:890] info: Store: SELECT_CHANNEL D5WHV4ZQW
[06/05/18, 00:11:43:365] info: Requesting to load ja-JP, alternatives are ["ja-JP","ja-JP","ja-JP"]
[06/05/18, 00:11:43:365] info: Loading dictionary for language ja-JP
[06/05/18, 00:11:43:365] info: Returning local copy: /home/nozomi/dotfiles/.config/Slack/dictionaries/ja-JP.bdic
[06/05/18, 00:11:43:369] info: Failed to read file /home/nozomi/dotfiles/.config/Slack/dictionaries/ja-JP.bdic: File exists but is most likely bogus
[06/05/18, 00:11:43:369] info: Actually downloading https://redirector.gvt1.com/edgedl/chrome/dict/ja-jp-3-0.bdic
[06/05/18, 00:11:44:392] info: Loading dictionary for language ja-JP
[06/05/18, 00:11:44:392] info: Returning local copy: /home/nozomi/dotfiles/.config/Slack/dictionaries/ja-JP.bdic
[06/05/18, 00:11:44:393] info: Failed to read file /home/nozomi/dotfiles/.config/Slack/dictionaries/ja-JP.bdic: File exists but is most likely bogus
[06/05/18, 00:11:44:393] info: Actually downloading https://redirector.gvt1.com/edgedl/chrome/dict/ja-jp-3-0.bdic
[06/05/18, 00:11:44:625] info: Loading dictionary for language ja-JP
[06/05/18, 00:11:44:625] info: Returning local copy: /home/nozomi/dotfiles/.config/Slack/dictionaries/ja-JP.bdic
[06/05/18, 00:11:44:626] info: Failed to read file /home/nozomi/dotfiles/.config/Slack/dictionaries/ja-JP.bdic: File exists but is most likely bogus
[06/05/18, 00:11:44:626] info: Actually downloading https://redirector.gvt1.com/edgedl/chrome/dict/ja-jp-3-0.bdic
[06/05/18, 00:11:44:849] info: dictionary for ja-JP_ja-JP is not available
[06/05/18, 00:12:13:804] info: Store: SELECT_CHANNEL GB23WCG86
[06/05/18, 00:12:14:231] info: Requesting to load ja-JP, alternatives are ["ja-JP","ja-JP","ja-JP"]
[06/05/18, 00:12:14:231] info: Loading dictionary for language ja-JP
[06/05/18, 00:12:14:232] info: Returning local copy: /home/nozomi/dotfiles/.config/Slack/dictionaries/ja-JP.bdic
[06/05/18, 00:12:14:233] info: Failed to read file /home/nozomi/dotfiles/.config/Slack/dictionaries/ja-JP.bdic: File exists but is most likely bogus
[06/05/18, 00:12:14:234] info: Actually downloading https://redirector.gvt1.com/edgedl/chrome/dict/ja-jp-3-0.bdic
[06/05/18, 00:12:14:810] info: Loading dictionary for language ja-JP
[06/05/18, 00:12:14:810] info: Returning local copy: /home/nozomi/dotfiles/.config/Slack/dictionaries/ja-JP.bdic
[06/05/18, 00:12:14:811] info: Failed to read file /home/nozomi/dotfiles/.config/Slack/dictionaries/ja-JP.bdic: File exists but is most likely bogus
[06/05/18, 00:12:14:811] info: Actually downloading https://redirector.gvt1.com/edgedl/chrome/dict/ja-jp-3-0.bdic
[06/05/18, 00:12:15:027] info: Loading dictionary for language ja-JP
[06/05/18, 00:12:15:027] info: Returning local copy: /home/nozomi/dotfiles/.config/Slack/dictionaries/ja-JP.bdic
[06/05/18, 00:12:15:028] info: Failed to read file /home/nozomi/dotfiles/.config/Slack/dictionaries/ja-JP.bdic: File exists but is most likely bogus
[06/05/18, 00:12:15:028] info: Actually downloading https://redirector.gvt1.com/edgedl/chrome/dict/ja-jp-3-0.bdic
[06/05/18, 00:12:15:229] info: dictionary for ja-JP_ja-JP is not available
[06/05/18, 00:12:15:526] info: Store: SELECT_CHANNEL D5WHV4ZQW
[06/05/18, 00:12:15:597] info: Requesting to load ja-JP, alternatives are ["ja-JP","ja-JP","ja-JP"]
[06/05/18, 00:12:15:598] info: Loading dictionary for language ja-JP
[06/05/18, 00:12:15:598] info: Returning local copy: /home/nozomi/dotfiles/.config/Slack/dictionaries/ja-JP.bdic
[06/05/18, 00:12:15:624] info: Failed to read file /home/nozomi/dotfiles/.config/Slack/dictionaries/ja-JP.bdic: File exists but is most likely bogus
[06/05/18, 00:12:15:625] info: Actually downloading https://redirector.gvt1.com/edgedl/chrome/dict/ja-jp-3-0.bdic
[06/05/18, 00:12:15:848] info: Loading dictionary for language ja-JP
[06/05/18, 00:12:15:848] info: Returning local copy: /home/nozomi/dotfiles/.config/Slack/dictionaries/ja-JP.bdic
[06/05/18, 00:12:15:849] info: Failed to read file /home/nozomi/dotfiles/.config/Slack/dictionaries/ja-JP.bdic: File exists but is most likely bogus
[06/05/18, 00:12:15:849] info: Actually downloading https://redirector.gvt1.com/edgedl/chrome/dict/ja-jp-3-0.bdic
[06/05/18, 00:12:16:049] info: Loading dictionary for language ja-JP
[06/05/18, 00:12:16:049] info: Returning local copy: /home/nozomi/dotfiles/.config/Slack/dictionaries/ja-JP.bdic
[06/05/18, 00:12:16:050] info: Failed to read file /home/nozomi/dotfiles/.config/Slack/dictionaries/ja-JP.bdic: File exists but is most likely bogus
[06/05/18, 00:12:16:050] info: Actually downloading https://redirector.gvt1.com/edgedl/chrome/dict/ja-jp-3-0.bdic
[06/05/18, 00:12:16:244] info: dictionary for ja-JP_ja-JP is not available
[06/05/18, 00:13:19:058] info: Store: SELECT_CHANNEL GB23WCG86
[06/05/18, 00:13:19:382] info: Requesting to load ja-JP, alternatives are ["ja-JP","ja-JP","ja-JP"]
[06/05/18, 00:13:19:382] info: Loading dictionary for language ja-JP
[06/05/18, 00:13:19:382] info: Returning local copy: /home/nozomi/dotfiles/.config/Slack/dictionaries/ja-JP.bdic
[06/05/18, 00:13:19:383] info: Failed to read file /home/nozomi/dotfiles/.config/Slack/dictionaries/ja-JP.bdic: File exists but is most likely bogus
[06/05/18, 00:13:19:383] info: Actually downloading https://redirector.gvt1.com/edgedl/chrome/dict/ja-jp-3-0.bdic
[06/05/18, 00:13:19:897] info: Loading dictionary for language ja-JP
[06/05/18, 00:13:19:897] info: Returning local copy: /home/nozomi/dotfiles/.config/Slack/dictionaries/ja-JP.bdic
[06/05/18, 00:13:19:898] info: Failed to read file /home/nozomi/dotfiles/.config/Slack/dictionaries/ja-JP.bdic: File exists but is most likely bogus
[06/05/18, 00:13:19:899] info: Actually downloading https://redirector.gvt1.com/edgedl/chrome/dict/ja-jp-3-0.bdic
[06/05/18, 00:13:20:098] info: Loading dictionary for language ja-JP
[06/05/18, 00:13:20:098] info: Returning local copy: /home/nozomi/dotfiles/.config/Slack/dictionaries/ja-JP.bdic
[06/05/18, 00:13:20:099] info: Failed to read file /home/nozomi/dotfiles/.config/Slack/dictionaries/ja-JP.bdic: File exists but is most likely bogus
[06/05/18, 00:13:20:099] info: Actually downloading https://redirector.gvt1.com/edgedl/chrome/dict/ja-jp-3-0.bdic
[06/05/18, 00:13:20:314] info: dictionary for ja-JP_ja-JP is not available
[06/05/18, 00:15:37:398] info: Store: SELECT_CHANNEL D5WHV4ZQW
[06/05/18, 00:15:37:754] info: Requesting to load ja-JP, alternatives are ["ja-JP","ja-JP","ja-JP"]
[06/05/18, 00:15:37:755] info: Loading dictionary for language ja-JP
[06/05/18, 00:15:37:755] info: Returning local copy: /home/nozomi/dotfiles/.config/Slack/dictionaries/ja-JP.bdic
[06/05/18, 00:15:37:755] info: Failed to read file /home/nozomi/dotfiles/.config/Slack/dictionaries/ja-JP.bdic: File exists but is most likely bogus
[06/05/18, 00:15:37:756] info: Actually downloading https://redirector.gvt1.com/edgedl/chrome/dict/ja-jp-3-0.bdic
[06/05/18, 00:15:38:607] info: Loading dictionary for language ja-JP
[06/05/18, 00:15:38:607] info: Returning local copy: /home/nozomi/dotfiles/.config/Slack/dictionaries/ja-JP.bdic
[06/05/18, 00:15:38:608] info: Failed to read file /home/nozomi/dotfiles/.config/Slack/dictionaries/ja-JP.bdic: File exists but is most likely bogus
[06/05/18, 00:15:38:609] info: Actually downloading https://redirector.gvt1.com/edgedl/chrome/dict/ja-jp-3-0.bdic
[06/05/18, 00:15:38:830] info: Loading dictionary for language ja-JP
[06/05/18, 00:15:38:831] info: Returning local copy: /home/nozomi/dotfiles/.config/Slack/dictionaries/ja-JP.bdic
[06/05/18, 00:15:38:834] info: Failed to read file /home/nozomi/dotfiles/.config/Slack/dictionaries/ja-JP.bdic: File exists but is most likely bogus
[06/05/18, 00:15:38:835] info: Actually downloading https://redirector.gvt1.com/edgedl/chrome/dict/ja-jp-3-0.bdic
[06/05/18, 00:15:39:320] info: dictionary for ja-JP_ja-JP is not available
[06/05/18, 00:15:43:347] info: Store: SELECT_CHANNEL GB23WCG86
[06/05/18, 00:15:43:768] info: Requesting to load ja-JP, alternatives are ["ja-JP","ja-JP","ja-JP"]
[06/05/18, 00:15:43:768] info: Loading dictionary for language ja-JP
[06/05/18, 00:15:43:768] info: Returning local copy: /home/nozomi/dotfiles/.config/Slack/dictionaries/ja-JP.bdic
[06/05/18, 00:15:43:771] info: Failed to read file /home/nozomi/dotfiles/.config/Slack/dictionaries/ja-JP.bdic: File exists but is most likely bogus
[06/05/18, 00:15:43:771] info: Actually downloading https://redirector.gvt1.com/edgedl/chrome/dict/ja-jp-3-0.bdic
[06/05/18, 00:15:43:960] info: Loading dictionary for language ja-JP
[06/05/18, 00:15:43:961] info: Returning local copy: /home/nozomi/dotfiles/.config/Slack/dictionaries/ja-JP.bdic
[06/05/18, 00:15:43:962] info: Failed to read file /home/nozomi/dotfiles/.config/Slack/dictionaries/ja-JP.bdic: File exists but is most likely bogus
[06/05/18, 00:15:43:963] info: Actually downloading https://redirector.gvt1.com/edgedl/chrome/dict/ja-jp-3-0.bdic
[06/05/18, 00:15:44:159] info: Loading dictionary for language ja-JP
[06/05/18, 00:15:44:159] info: Returning local copy: /home/nozomi/dotfiles/.config/Slack/dictionaries/ja-JP.bdic
[06/05/18, 00:15:44:161] info: Failed to read file /home/nozomi/dotfiles/.config/Slack/dictionaries/ja-JP.bdic: File exists but is most likely bogus
[06/05/18, 00:15:44:161] info: Actually downloading https://redirector.gvt1.com/edgedl/chrome/dict/ja-jp-3-0.bdic
[06/05/18, 00:15:44:358] info: dictionary for ja-JP_ja-JP is not available
[06/05/18, 00:16:31:751] error: Jun-5 00:16:31.751 WTF no emoji_name
[06/05/18, 00:16:31:755] error: Jun-5 00:16:31.753 oldest_who_when is undefined.
[06/05/18, 00:18:32:213] info: Unloading spellchecker
[06/05/18, 00:18:32:214] info: Unloading spellchecker
[06/05/18, 00:18:32:232] info: Store: SET_FULL_SCREEN
[06/05/18, 00:18:32:233] info: Store: SET_FULL_SCREEN
[06/05/18, 00:22:38:679] info: Restoring spellchecker
[06/05/18, 00:22:38:680] info: Requesting to load ja-JP, alternatives are ["ja-JP","ja-JP","ja-JP"]
[06/05/18, 00:22:38:681] info: Loading dictionary for language ja-JP
[06/05/18, 00:22:38:681] info: Returning local copy: /home/nozomi/dotfiles/.config/Slack/dictionaries/ja-JP.bdic
[06/05/18, 00:22:38:688] info: Store: SET_FULL_SCREEN
[06/05/18, 00:22:38:693] info: Failed to read file /home/nozomi/dotfiles/.config/Slack/dictionaries/ja-JP.bdic: File exists but is most likely bogus
[06/05/18, 00:22:38:701] info: Actually downloading https://redirector.gvt1.com/edgedl/chrome/dict/ja-jp-3-0.bdic
[06/05/18, 00:22:38:786] info: Store: SET_FULL_SCREEN
[06/05/18, 00:22:39:825] info: Loading dictionary for language ja-JP
[06/05/18, 00:22:39:825] info: Returning local copy: /home/nozomi/dotfiles/.config/Slack/dictionaries/ja-JP.bdic
[06/05/18, 00:22:39:826] info: Failed to read file /home/nozomi/dotfiles/.config/Slack/dictionaries/ja-JP.bdic: File exists but is most likely bogus
[06/05/18, 00:22:39:826] info: Actually downloading https://redirector.gvt1.com/edgedl/chrome/dict/ja-jp-3-0.bdic
[06/05/18, 00:22:40:065] info: Loading dictionary for language ja-JP
[06/05/18, 00:22:40:066] info: Returning local copy: /home/nozomi/dotfiles/.config/Slack/dictionaries/ja-JP.bdic
[06/05/18, 00:22:40:068] info: Failed to read file /home/nozomi/dotfiles/.config/Slack/dictionaries/ja-JP.bdic: File exists but is most likely bogus
[06/05/18, 00:22:40:069] info: Actually downloading https://redirector.gvt1.com/edgedl/chrome/dict/ja-jp-3-0.bdic
[06/05/18, 00:22:40:182] info: Unloading spellchecker
[06/05/18, 00:22:40:191] info: Unloading spellchecker
[06/05/18, 00:22:40:193] info: Store: SET_FULL_SCREEN
[06/05/18, 00:22:40:232] info: Store: SET_FULL_SCREEN
[06/05/18, 00:22:40:388] info: dictionary for ja-JP_ja-JP is not available
[06/05/18, 00:22:43:077] info: Restoring spellchecker
[06/05/18, 00:22:43:078] info: Requesting to load ja-JP, alternatives are ["ja-JP","ja-JP","ja-JP"]
[06/05/18, 00:22:43:080] info: Loading dictionary for language ja-JP
[06/05/18, 00:22:43:080] info: Returning local copy: /home/nozomi/dotfiles/.config/Slack/dictionaries/ja-JP.bdic
[06/05/18, 00:22:43:087] info: Store: SET_FULL_SCREEN
[06/05/18, 00:22:43:125] info: Store: SET_FULL_SCREEN
[06/05/18, 00:22:43:155] info: Failed to read file /home/nozomi/dotfiles/.config/Slack/dictionaries/ja-JP.bdic: File exists but is most likely bogus
[06/05/18, 00:22:43:163] info: Actually downloading https://redirector.gvt1.com/edgedl/chrome/dict/ja-jp-3-0.bdic
[06/05/18, 00:22:43:378] info: Loading dictionary for language ja-JP
[06/05/18, 00:22:43:378] info: Returning local copy: /home/nozomi/dotfiles/.config/Slack/dictionaries/ja-JP.bdic
[06/05/18, 00:22:43:380] info: Failed to read file /home/nozomi/dotfiles/.config/Slack/dictionaries/ja-JP.bdic: File exists but is most likely bogus
[06/05/18, 00:22:43:380] info: Actually downloading https://redirector.gvt1.com/edgedl/chrome/dict/ja-jp-3-0.bdic
[06/05/18, 00:22:43:632] info: Loading dictionary for language ja-JP
[06/05/18, 00:22:43:634] info: Returning local copy: /home/nozomi/dotfiles/.config/Slack/dictionaries/ja-JP.bdic
[06/05/18, 00:22:43:635] info: Failed to read file /home/nozomi/dotfiles/.config/Slack/dictionaries/ja-JP.bdic: File exists but is most likely bogus
[06/05/18, 00:22:43:635] info: Actually downloading https://redirector.gvt1.com/edgedl/chrome/dict/ja-jp-3-0.bdic
[06/05/18, 00:22:43:842] info: dictionary for ja-JP_ja-JP is not available
[06/05/18, 00:22:44:449] info: Unloading spellchecker
[06/05/18, 00:22:44:451] info: Unloading spellchecker
[06/05/18, 00:22:44:472] info: Store: SET_FULL_SCREEN
[06/05/18, 00:22:44:486] info: Store: SET_FULL_SCREEN
[06/05/18, 00:22:54:503] info: Store: SET_FULL_SCREEN
[06/05/18, 00:24:40:625] info: Store: SET_FULL_SCREEN
[06/05/18, 01:20:35:658] info: Store: SET_SUSPEND_STATUS
[06/05/18, 01:20:35:687] error: Jun-5 01:20:35.687 SOCKET-MANAGER (T031FNTUT) Closing socket because #4102: client is going to sleep
[06/05/18, 01:20:36:224] info: Store: SET_NETWORK_STATUS offline
