[08/07/18, 21:15:15:093] info: ╔═════════════════════════════════════════════════════════════════════════════════╗
[08/07/18, 21:15:15:094] info: ║      Slack 3.2.1, linux 4.10.0-38-generic on x64 at 08/07/18, 21:15:15:088      ║
[08/07/18, 21:15:15:094] info: ╚═════════════════════════════════════════════════════════════════════════════════╝
[08/07/18, 21:15:15:408] info: Initializing local storage instance at path: /home/nozomi/dotfiles/.config/Slack/local-settings.json
[08/07/18, 21:15:15:994] info: Main window preload script finished
{
  "readyTime": 1598.771781
}
[08/07/18, 21:15:16:012] info: Store: UPDATE_SESSION_STATUS
{
  "hasValidSession": null,
  "teamId": "T031FNTUT"
}
[08/07/18, 21:15:16:013] info: Store: UPSERT_WEB_CONTENTS
{
  "id": 8,
  "state": "loaded",
  "teamId": "T0EHMQ4HM"
}
[08/07/18, 21:15:16:014] info: Store: UPSERT_WEB_CONTENTS
{
  "id": 8,
  "state": "empty-page",
  "teamId": "T0EHMQ4HM"
}
[08/07/18, 21:15:16:014] info: Store: UPSERT_WEB_CONTENTS
{
  "id": 8,
  "state": "page-will-navigate",
  "teamId": "T0EHMQ4HM"
}
[08/07/18, 21:15:16:014] info: Store: UPDATE_SESSION_STATUS
{
  "hasValidSession": null,
  "teamId": "T0EHMQ4HM"
}
[08/07/18, 21:15:16:015] info: Store: UPSERT_WEB_CONTENTS
{
  "id": 6,
  "state": "loaded",
  "teamId": "T0253QGQ9"
}
[08/07/18, 21:15:16:015] info: Store: UPSERT_WEB_CONTENTS
{
  "id": 6,
  "state": "empty-page",
  "teamId": "T0253QGQ9"
}
[08/07/18, 21:15:16:015] info: Store: UPSERT_WEB_CONTENTS
{
  "id": 6,
  "state": "page-will-navigate",
  "teamId": "T0253QGQ9"
}
[08/07/18, 21:15:16:015] info: Store: UPDATE_SESSION_STATUS
{
  "hasValidSession": null,
  "teamId": "T0253QGQ9"
}
[08/07/18, 21:15:16:016] info: Store: UPSERT_WEB_CONTENTS
{
  "id": 7,
  "state": "loaded",
  "teamId": "T031FNTUT"
}
[08/07/18, 21:15:16:048] info: Store: UPSERT_WEB_CONTENTS
{
  "id": 7,
  "state": "empty-page",
  "teamId": "T031FNTUT"
}
[08/07/18, 21:15:16:067] info: Store: UPSERT_WEB_CONTENTS
{
  "id": 7,
  "state": "page-will-navigate",
  "teamId": "T031FNTUT"
}
[08/10/18, 21:17:59:926] info: ╔═════════════════════════════════════════════════════════════════════════════════╗
[08/10/18, 21:17:59:927] info: ║      Slack 3.2.1, linux 4.10.0-38-generic on x64 at 08/10/18, 21:17:59:918      ║
[08/10/18, 21:17:59:928] info: ╚═════════════════════════════════════════════════════════════════════════════════╝
[08/10/18, 21:18:00:465] info: Initializing local storage instance at path: /home/nozomi/dotfiles/.config/Slack/local-settings.json
[08/10/18, 21:18:01:115] info: Main window preload script finished
{
  "readyTime": 2048.592301
}
[08/10/18, 21:18:01:137] info: Store: UPSERT_WEB_CONTENTS
{
  "id": 16,
  "state": "loaded",
  "teamId": "T0253QGQ9"
}
[08/10/18, 21:18:01:138] info: Store: UPDATE_SESSION_STATUS
{
  "hasValidSession": null,
  "teamId": "T031FNTUT"
}
[08/10/18, 21:18:01:141] info: Store: UPSERT_WEB_CONTENTS
{
  "id": 16,
  "state": "empty-page",
  "teamId": "T0253QGQ9"
}
[08/10/18, 21:18:01:142] info: Store: UPSERT_WEB_CONTENTS
{
  "id": 16,
  "state": "page-will-navigate",
  "teamId": "T0253QGQ9"
}
[08/10/18, 21:18:01:142] info: Store: UPDATE_SESSION_STATUS
{
  "hasValidSession": null,
  "teamId": "T0253QGQ9"
}
[08/10/18, 21:18:01:143] info: Store: UPSERT_WEB_CONTENTS
{
  "id": 18,
  "state": "loaded",
  "teamId": "T0EHMQ4HM"
}
[08/10/18, 21:18:01:144] info: Store: UPSERT_WEB_CONTENTS
{
  "id": 18,
  "state": "empty-page",
  "teamId": "T0EHMQ4HM"
}
[08/10/18, 21:18:01:144] info: Store: UPSERT_WEB_CONTENTS
{
  "id": 18,
  "state": "page-will-navigate",
  "teamId": "T0EHMQ4HM"
}
[08/10/18, 21:18:01:145] info: Store: UPSERT_WEB_CONTENTS
{
  "id": 19,
  "state": "loaded",
  "teamId": "T031FNTUT"
}
[08/10/18, 21:18:01:156] info: Store: UPSERT_WEB_CONTENTS
{
  "id": 19,
  "state": "empty-page",
  "teamId": "T031FNTUT"
}
[08/10/18, 21:18:01:178] info: Store: UPSERT_WEB_CONTENTS
{
  "id": 19,
  "state": "page-will-navigate",
  "teamId": "T031FNTUT"
}
[08/10/18, 21:18:01:208] info: Store: UPDATE_SESSION_STATUS
{
  "hasValidSession": null,
  "teamId": "T0EHMQ4HM"
}
[08/10/18, 21:18:01:273] info: Store: UPSERT_WEB_CONTENTS
{
  "id": 17,
  "state": "loaded",
  "teamId": "TB9PVC95H"
}
[08/10/18, 21:18:01:286] info: Store: UPDATE_SESSION_STATUS
{
  "hasValidSession": null,
  "teamId": "T031FNTUT"
}
[08/10/18, 21:18:01:301] info: Store: UPSERT_WEB_CONTENTS
{
  "id": 17,
  "state": "empty-page",
  "teamId": "TB9PVC95H"
}
[08/10/18, 21:18:01:314] info: Store: UPSERT_WEB_CONTENTS
{
  "id": 17,
  "state": "page-will-navigate",
  "teamId": "TB9PVC95H"
}
[08/10/18, 22:11:30:405] info: ╔═════════════════════════════════════════════════════════════════════════════════╗
[08/10/18, 22:11:30:407] info: ║      Slack 3.2.1, linux 4.10.0-38-generic on x64 at 08/10/18, 22:11:30:393      ║
[08/10/18, 22:11:30:407] info: ╚═════════════════════════════════════════════════════════════════════════════════╝
[08/10/18, 22:11:30:680] info: Initializing local storage instance at path: /home/nozomi/dotfiles/.config/Slack/local-settings.json
[08/10/18, 22:11:31:385] info: Main window preload script finished
{
  "readyTime": 1893.928128
}
[08/10/18, 22:11:31:395] info: Store: UPSERT_WEB_CONTENTS
{
  "id": 17,
  "state": "loaded",
  "teamId": "TB9PVC95H"
}
[08/10/18, 22:11:31:396] info: Store: UPSERT_WEB_CONTENTS
{
  "id": 17,
  "state": "empty-page",
  "teamId": "TB9PVC95H"
}
[08/10/18, 22:11:31:397] info: Store: UPSERT_WEB_CONTENTS
{
  "id": 17,
  "state": "page-will-navigate",
  "teamId": "TB9PVC95H"
}
[08/10/18, 22:11:31:399] info: Store: UPDATE_SESSION_STATUS
{
  "hasValidSession": null,
  "teamId": "TB9PVC95H"
}
[08/10/18, 22:11:31:400] info: Store: UPSERT_WEB_CONTENTS
{
  "id": 18,
  "state": "loaded",
  "teamId": "T0EHMQ4HM"
}
[08/10/18, 22:11:31:401] info: Store: UPSERT_WEB_CONTENTS
{
  "id": 18,
  "state": "empty-page",
  "teamId": "T0EHMQ4HM"
}
[08/10/18, 22:11:31:401] info: Store: UPSERT_WEB_CONTENTS
{
  "id": 18,
  "state": "page-will-navigate",
  "teamId": "T0EHMQ4HM"
}
[08/10/18, 22:11:31:403] info: Store: UPSERT_WEB_CONTENTS
{
  "id": 19,
  "state": "loaded",
  "teamId": "T031FNTUT"
}
[08/10/18, 22:11:31:405] info: Store: UPDATE_SESSION_STATUS
{
  "hasValidSession": null,
  "teamId": "T0EHMQ4HM"
}
[08/10/18, 22:11:31:405] info: Store: UPSERT_WEB_CONTENTS
{
  "id": 19,
  "state": "empty-page",
  "teamId": "T031FNTUT"
}
[08/10/18, 22:11:31:406] info: Store: UPSERT_WEB_CONTENTS
{
  "id": 19,
  "state": "page-will-navigate",
  "teamId": "T031FNTUT"
}
[08/10/18, 22:11:31:406] info: Store: UPDATE_SESSION_STATUS
{
  "hasValidSession": null,
  "teamId": "T031FNTUT"
}
[08/10/18, 22:11:31:407] info: Store: UPSERT_WEB_CONTENTS
{
  "id": 16,
  "state": "loaded",
  "teamId": "T0253QGQ9"
}
[08/10/18, 22:11:31:411] info: Store: UPSERT_WEB_CONTENTS
{
  "id": 16,
  "state": "empty-page",
  "teamId": "T0253QGQ9"
}
[08/10/18, 22:11:31:434] info: Store: UPSERT_WEB_CONTENTS
{
  "id": 16,
  "state": "page-will-navigate",
  "teamId": "T0253QGQ9"
}
[08/16/18, 20:06:31:006] info: ╔═════════════════════════════════════════════════════════════════════════════════╗
[08/16/18, 20:06:31:007] info: ║      Slack 3.2.1, linux 4.10.0-38-generic on x64 at 08/16/18, 20:06:31:002      ║
[08/16/18, 20:06:31:007] info: ╚═════════════════════════════════════════════════════════════════════════════════╝
[08/16/18, 20:06:31:177] info: Initializing local storage instance at path: /home/nozomi/dotfiles/.config/Slack/local-settings.json
[08/16/18, 20:06:31:980] error: Desktop module calls failed to load
{
  "error": {
    "message": "libCallsCore.so: å±æãªãã¸ã§ã¯ããã¡ã¤ã«ãéãã¾ãã: ãã®ãããªãã¡ã¤ã«ããã£ã¬ã¯ããªã¯ããã¾ãã",
    "stack": "Error: libCallsCore.so: å±æãªãã¸ã§ã¯ããã¡ã¤ã«ãéãã¾ãã: ãã®ãããªãã¡ã¤ã«ããã£ã¬ã¯ããªã¯ããã¾ãã\n    at process.module.(anonymous function) [as dlopen] (ELECTRON_ASAR.js:172:20)\n    at Object.Module._extensions..node (module.js:671:18)\n    at Object.module.(anonymous function) [as .node] (ELECTRON_ASAR.js:186:18)\n    at Module.load (module.js:561:32)\n    at tryModuleLoad (module.js:504:12)\n    at Function.Module._load (module.js:496:3)\n    at Module.require (module.js:586:17)\n    at require (internal/module.js:11:18)\n    at bindings (/usr/lib/slack/resources/app.asar/node_modules/@slack/slack-calls-prebuilt/modules/@slack/slack-calls/node_modules/bindings/bindings.js:81:44)\n    at Object.<anonymous> (/usr/lib/slack/resources/app.asar/node_modules/@slack/slack-calls-prebuilt/modules/@slack/slack-calls/index.js:1:192)"
  }
}
[08/16/18, 20:06:31:981] error: Desktop module calls failed to load
[08/16/18, 20:06:32:018] info: cld3::loadModule: loading cld3 module
[08/16/18, 20:06:32:050] info: cld3Loader::loadModule: running environment is NODE
[08/16/18, 20:06:32:050] info: cld3Loader::loadModule: constructed module object for runtime
[08/16/18, 20:06:32:316] info: cld3Loader::initializeRuntime: successfully initialized module
[08/16/18, 20:06:32:316] info: cld3Loader::loadModule: initialized wasm binary Runtime
[08/16/18, 20:06:32:337] info: SpellChecker:: updateSpellcheckerLanguage: Skip to set new language null, v2 spellchecker is not available
[08/16/18, 20:06:32:362] info: Main window preload script finished
{
  "readyTime": 1965.125271
}
[08/16/18, 20:06:34:880] info: Store: SET_FULL_SCREEN
[08/16/18, 20:06:34:881] info: Store: SET_FULL_SCREEN
[08/16/18, 20:06:34:882] info: Store: SET_BACKGROUND_CLIENT_FIELDS
{
  "reconnectURL": "[REDACTED]",
  "reconnectURLExpiry": 1534417893209,
  "teamId": "T0253QGQ9"
}
[08/16/18, 20:06:35:554] info: Store: UPSERT_WEB_CONTENTS
{
  "id": 6,
  "state": "loaded",
  "teamId": "TB9PVC95H"
}
[08/16/18, 20:06:35:996] info: Store: UPDATE_SESSION_STATUS
{
  "hasValidSession": true,
  "teamId": "TB9PVC95H"
}
[08/16/18, 20:06:37:238] info: Skipping request to provide hint content for channel for spellchecker
{
  "version": "V2"
}
[08/16/18, 20:06:38:098] info: Store: SELECT_CHANNEL CB9AUBY1X
[08/16/18, 20:06:38:099] info: Store: UPDATE_TEAM_LOCALE
{
  "locale": "en-US",
  "teamId": "TB9PVC95H"
}
[08/16/18, 20:06:38:100] info: Store: UPDATE_TEAM_THEME
{
  "teamId": "TB9PVC95H",
  "theme": {
    "active_item": "#F79F66",
    "active_item_text": "#FFFFFF",
    "active_presence": "#F79F66",
    "badge": "#F15340",
    "column_bg": "#0D7E83",
    "hover_item": "#D37C71",
    "menu_bg": "#076570",
    "text_color": "#FFFFFF"
  }
}
[08/16/18, 20:06:38:116] info: Store: UPDATE_TEAM_ICONS
{
  "icons": {
    "image_102": "https://slack-files2.s3-us-west-2.amazonaws.com/avatars/2018-06-19/383369855361_565ff4439cdcd8979080_102.png",
    "image_132": "https://slack-files2.s3-us-west-2.amazonaws.com/avatars/2018-06-19/383369855361_565ff4439cdcd8979080_132.png",
    "image_230": "https://slack-files2.s3-us-west-2.amazonaws.com/avatars/2018-06-19/383369855361_565ff4439cdcd8979080_230.png",
    "image_34": "https://slack-files2.s3-us-west-2.amazonaws.com/avatars/2018-06-19/383369855361_565ff4439cdcd8979080_34.png",
    "image_44": "https://slack-files2.s3-us-west-2.amazonaws.com/avatars/2018-06-19/383369855361_565ff4439cdcd8979080_44.png",
    "image_68": "https://slack-files2.s3-us-west-2.amazonaws.com/avatars/2018-06-19/383369855361_565ff4439cdcd8979080_68.png",
    "image_88": "https://slack-files2.s3-us-west-2.amazonaws.com/avatars/2018-06-19/383369855361_565ff4439cdcd8979080_88.png",
    "image_original": "https://slack-files2.s3-us-west-2.amazonaws.com/avatars/2018-06-19/383369855361_565ff4439cdcd8979080_original.png"
  },
  "teamId": "TB9PVC95H"
}
[08/16/18, 20:06:38:116] info: Store: UPDATE_TEAM_LOCALE
{
  "locale": "en-US",
  "teamId": "TB9PVC95H"
}
[08/16/18, 20:06:38:117] info: Store: UPSERT_WEB_CONTENTS
{
  "id": 6,
  "state": "webapp-loaded",
  "teamId": "TB9PVC95H"
}
[08/16/18, 20:06:38:119] info: Store: UPDATE_SETTINGS
{
  "sandboxSigninWindow": true
}
[08/16/18, 20:06:38:139] info: Store: STORE_ENTERPRISE_ID_PAIR
{
  "enterpriseId": null,
  "teamId": "TB9PVC95H"
}
[08/16/18, 20:06:38:275] info: postLoadTaskSetup: Setup spellchecker
{
  "version": "V2"
}
[08/16/18, 20:06:38:290] info: loadAsmModule: loading hunspell-asm module
[08/16/18, 20:06:38:567] info: loadAsmModule: asm module loaded successfully
[08/16/18, 20:06:38:567] info: SpellChecker: Starting spellchecker with language detector
[08/16/18, 20:06:38:567] info: SpellChecker::enableSpellCheckerLanguageDetector: enable spellchecker language detector
[08/16/18, 20:06:38:567] info: SpellChecker::startWithDictionary: Starting language detector with preloaded dict from last used language en
[08/16/18, 20:06:38:681] info: download: downloading dictionary for 'en-us'
[08/16/18, 20:06:38:681] info: fetchResourceAsBuffer: downloading
{
  "filePath": "https://spellcheck.slack-edge.com/dictionaries/en-us/1/en-us.aff",
  "cachePolicy": "default"
}
[08/16/18, 20:06:39:616] info: fetchResourceAsBuffer: downloading
{
  "filePath": "https://spellcheck.slack-edge.com/dictionaries/en-us/1/en-us.dic",
  "cachePolicy": "default"
}
[08/16/18, 20:06:42:099] info: dictionaryDownloader: verifying hash
[08/16/18, 20:06:42:193] info: SpellChecker::downloadDictionary: Dictionary is ready for 
{
  "language": "en"
}
[08/16/18, 20:06:42:307] info: assignSpellchecker: spellCheckerTable added new checker for 'en'
[08/16/18, 20:06:42:309] info: SpellChecker::prepareDictionary: Dictionary buffer for 'en' is loaded into spellchecker
[08/16/18, 20:06:42:311] info: switchDictionary: switching dictionary to check spell from 'null' to 'en'
[08/16/18, 20:06:42:313] info: SpellChecker::switchDictionary: SpellChecker enabled for language
{
  "language": "en"
}
[08/16/18, 20:08:33:200] info: Store: SET_BACKGROUND_CLIENT_FIELDS
{
  "reconnectURL": "[REDACTED]",
  "reconnectURLExpiry": 1534418013193,
  "teamId": "T0253QGQ9"
}
[08/16/18, 20:09:49:561] info: Store: SET_FULL_SCREEN
[08/16/18, 20:09:55:382] info: Store: SET_FULL_SCREEN
[08/16/18, 20:09:55:384] info: Store: MAIN_WINDOW_FOCUSED
[08/16/18, 20:09:55:535] info: Store: SELECT_TEAM T0253QGQ9
[08/16/18, 20:09:55:549] info: Store: UPSERT_WEB_CONTENTS
{
  "id": 7,
  "state": "unloaded",
  "teamId": "T0253QGQ9"
}
[08/16/18, 20:09:55:557] info: Store: SHUTDOWN_BACKGROUND_CLIENT
{
  "teamId": "T0253QGQ9"
}
[08/16/18, 20:09:55:628] info: Store: SET_BACKGROUND_CLIENT_FIELDS
{
  "status": "disconnected",
  "teamId": "T0253QGQ9"
}
[08/16/18, 20:10:02:807] info: Store: UPSERT_WEB_CONTENTS
{
  "id": 7,
  "state": "loaded",
  "teamId": "T0253QGQ9"
}
[08/16/18, 20:10:03:207] info: Store: UPDATE_SESSION_STATUS
{
  "hasValidSession": true,
  "teamId": "T0253QGQ9"
}
[08/16/18, 20:10:03:945] info: Store: SELECT_CHANNEL G8PUNETS9
[08/16/18, 20:10:04:280] info: Store: UPDATE_TEAM_LOCALE
{
  "locale": "en-US",
  "teamId": "T0253QGQ9"
}
[08/16/18, 20:10:04:306] info: Store: UPDATE_TEAM_THEME
{
  "teamId": "T0253QGQ9",
  "theme": {
    "active_item": "#4C9689",
    "active_item_text": "#FFFFFF",
    "active_presence": "#38978D",
    "badge": "#EB4D5C",
    "column_bg": "#4D394B",
    "hover_item": "#3E313C",
    "menu_bg": "#3E313C",
    "text_color": "#FFFFFF"
  }
}
[08/16/18, 20:10:05:004] info: Store: UPDATE_TEAM_ICONS
{
  "icons": {
    "image_102": "https://slack-files2.s3-us-west-2.amazonaws.com/avatars/2018-06-03/374893698933_72b5d36d5faee5d1ece8_102.png",
    "image_132": "https://slack-files2.s3-us-west-2.amazonaws.com/avatars/2018-06-03/374893698933_72b5d36d5faee5d1ece8_132.png",
    "image_230": "https://slack-files2.s3-us-west-2.amazonaws.com/avatars/2018-06-03/374893698933_72b5d36d5faee5d1ece8_230.png",
    "image_34": "https://slack-files2.s3-us-west-2.amazonaws.com/avatars/2018-06-03/374893698933_72b5d36d5faee5d1ece8_34.png",
    "image_44": "https://slack-files2.s3-us-west-2.amazonaws.com/avatars/2018-06-03/374893698933_72b5d36d5faee5d1ece8_44.png",
    "image_68": "https://slack-files2.s3-us-west-2.amazonaws.com/avatars/2018-06-03/374893698933_72b5d36d5faee5d1ece8_68.png",
    "image_88": "https://slack-files2.s3-us-west-2.amazonaws.com/avatars/2018-06-03/374893698933_72b5d36d5faee5d1ece8_88.png",
    "image_original": "https://slack-files2.s3-us-west-2.amazonaws.com/avatars/2018-06-03/374893698933_72b5d36d5faee5d1ece8_original.png"
  },
  "teamId": "T0253QGQ9"
}
[08/16/18, 20:10:05:172] info: Store: UPDATE_TEAM_LOCALE
{
  "locale": "en-US",
  "teamId": "T0253QGQ9"
}
[08/16/18, 20:10:05:181] info: Store: UPSERT_WEB_CONTENTS
{
  "id": 7,
  "state": "webapp-loaded",
  "teamId": "T0253QGQ9"
}
[08/16/18, 20:10:05:191] info: Store: UPDATE_SETTINGS
{
  "sandboxSigninWindow": true
}
[08/16/18, 20:10:05:436] info: Store: STORE_ENTERPRISE_ID_PAIR
{
  "enterpriseId": null,
  "teamId": "T0253QGQ9"
}
[08/16/18, 20:10:09:070] info: Store: SELECT_CHANNEL GBJ2TFUDC
[08/16/18, 20:10:27:786] info: Store: MAIN_WINDOW_FOCUSED
[08/16/18, 20:10:27:960] info: Store: SELECT_TEAM T031FNTUT
[08/16/18, 20:11:39:575] info: Store: SET_FULL_SCREEN
[08/16/18, 20:11:39:638] info: Store: SET_FULL_SCREEN
[08/16/18, 20:13:20:503] info: Store: SET_FULL_SCREEN
[08/16/18, 20:13:21:039] info: Store: SET_FULL_SCREEN
[08/16/18, 20:25:24:945] info: Store: SET_FULL_SCREEN
[08/16/18, 20:25:25:319] info: Store: SET_FULL_SCREEN
[08/16/18, 20:25:26:050] info: Store: SET_FULL_SCREEN
[08/16/18, 20:25:28:960] info: Store: MAIN_WINDOW_FOCUSED
[08/16/18, 20:25:28:969] info: Store: SET_FULL_SCREEN
[08/16/18, 20:25:29:072] info: Store: SELECT_TEAM TB47MRNBZ
[08/16/18, 20:25:59:472] info: Store: SET_FULL_SCREEN
[08/16/18, 20:26:52:550] info: Store: SET_FULL_SCREEN
[08/16/18, 20:26:58:758] info: Store: SET_FULL_SCREEN
[08/16/18, 20:27:03:256] info: Store: SET_FULL_SCREEN
[08/16/18, 20:27:19:348] info: Store: SET_FULL_SCREEN
[08/16/18, 20:36:52:925] info: Store: SET_FULL_SCREEN
[08/16/18, 20:36:56:556] info: Store: SET_FULL_SCREEN
[08/16/18, 22:13:07:690] info: Store: START_BACKGROUND_CLIENT
{
  "teamId": "T0EHMQ4HM",
  "token": "xoxs-⋯"
}
[08/16/18, 22:13:08:091] info: Store: SET_BACKGROUND_CLIENT_FIELDS
{
  "status": "connected",
  "teamId": "T0EHMQ4HM"
}
[08/16/18, 22:13:08:112] info: Store: REMOVE_WEB_CONTENTS
{
  "id": 5,
  "teamId": "T0EHMQ4HM"
}
[08/16/18, 22:13:08:796] info: Store: SET_BACKGROUND_CLIENT_FIELDS
{
  "reconnectURL": "[REDACTED]",
  "reconnectURLExpiry": 1534425488788,
  "teamId": "T0EHMQ4HM"
}
[08/16/18, 22:14:05:911] info: Store: SET_BACKGROUND_CLIENT_FIELDS
{
  "reconnectURL": "[REDACTED]",
  "reconnectURLExpiry": 1534425545904,
  "teamId": "T0EHMQ4HM"
}
[08/16/18, 22:16:05:921] info: Store: SET_BACKGROUND_CLIENT_FIELDS
{
  "reconnectURL": "[REDACTED]",
  "reconnectURLExpiry": 1534425665914,
  "teamId": "T0EHMQ4HM"
}
[08/16/18, 22:18:05:934] info: Store: SET_BACKGROUND_CLIENT_FIELDS
{
  "reconnectURL": "[REDACTED]",
  "reconnectURLExpiry": 1534425785927,
  "teamId": "T0EHMQ4HM"
}
[08/16/18, 22:20:05:814] info: Store: SET_BACKGROUND_CLIENT_FIELDS
{
  "reconnectURL": "[REDACTED]",
  "reconnectURLExpiry": 1534425905806,
  "teamId": "T0EHMQ4HM"
}
[08/16/18, 22:22:05:858] info: Store: SET_BACKGROUND_CLIENT_FIELDS
{
  "reconnectURL": "[REDACTED]",
  "reconnectURLExpiry": 1534426025853,
  "teamId": "T0EHMQ4HM"
}
[08/16/18, 22:24:05:870] info: Store: SET_BACKGROUND_CLIENT_FIELDS
{
  "reconnectURL": "[REDACTED]",
  "reconnectURLExpiry": 1534426145865,
  "teamId": "T0EHMQ4HM"
}
[08/16/18, 22:26:05:813] info: Store: SET_BACKGROUND_CLIENT_FIELDS
{
  "reconnectURL": "[REDACTED]",
  "reconnectURLExpiry": 1534426265808,
  "teamId": "T0EHMQ4HM"
}
[08/16/18, 22:28:05:819] info: Store: SET_BACKGROUND_CLIENT_FIELDS
{
  "reconnectURL": "[REDACTED]",
  "reconnectURLExpiry": 1534426385812,
  "teamId": "T0EHMQ4HM"
}
[08/16/18, 22:30:05:915] info: Store: SET_BACKGROUND_CLIENT_FIELDS
{
  "reconnectURL": "[REDACTED]",
  "reconnectURLExpiry": 1534426505902,
  "teamId": "T0EHMQ4HM"
}
[08/16/18, 22:32:05:826] info: Store: SET_BACKGROUND_CLIENT_FIELDS
{
  "reconnectURL": "[REDACTED]",
  "reconnectURLExpiry": 1534426625815,
  "teamId": "T0EHMQ4HM"
}
[08/16/18, 22:34:05:930] info: Store: SET_BACKGROUND_CLIENT_FIELDS
{
  "reconnectURL": "[REDACTED]",
  "reconnectURLExpiry": 1534426745928,
  "teamId": "T0EHMQ4HM"
}
[08/16/18, 22:36:05:851] info: Store: SET_BACKGROUND_CLIENT_FIELDS
{
  "reconnectURL": "[REDACTED]",
  "reconnectURLExpiry": 1534426865839,
  "teamId": "T0EHMQ4HM"
}
[08/16/18, 22:38:05:856] info: Store: SET_BACKGROUND_CLIENT_FIELDS
{
  "reconnectURL": "[REDACTED]",
  "reconnectURLExpiry": 1534426985853,
  "teamId": "T0EHMQ4HM"
}
[08/16/18, 22:40:05:871] info: Store: SET_BACKGROUND_CLIENT_FIELDS
{
  "reconnectURL": "[REDACTED]",
  "reconnectURLExpiry": 1534427105866,
  "teamId": "T0EHMQ4HM"
}
[08/16/18, 22:42:05:815] info: Store: SET_BACKGROUND_CLIENT_FIELDS
{
  "reconnectURL": "[REDACTED]",
  "reconnectURLExpiry": 1534427225809,
  "teamId": "T0EHMQ4HM"
}
[08/16/18, 22:44:05:824] info: Store: SET_BACKGROUND_CLIENT_FIELDS
{
  "reconnectURL": "[REDACTED]",
  "reconnectURLExpiry": 1534427345822,
  "teamId": "T0EHMQ4HM"
}
[08/16/18, 22:46:05:912] info: Store: SET_BACKGROUND_CLIENT_FIELDS
{
  "reconnectURL": "[REDACTED]",
  "reconnectURLExpiry": 1534427465905,
  "teamId": "T0EHMQ4HM"
}
[08/16/18, 22:48:05:923] info: Store: SET_BACKGROUND_CLIENT_FIELDS
{
  "reconnectURL": "[REDACTED]",
  "reconnectURLExpiry": 1534427585918,
  "teamId": "T0EHMQ4HM"
}
[08/16/18, 22:50:05:811] info: Store: SET_BACKGROUND_CLIENT_FIELDS
{
  "reconnectURL": "[REDACTED]",
  "reconnectURLExpiry": 1534427705807,
  "teamId": "T0EHMQ4HM"
}
[08/16/18, 22:52:05:815] info: Store: SET_BACKGROUND_CLIENT_FIELDS
{
  "reconnectURL": "[REDACTED]",
  "reconnectURLExpiry": 1534427825810,
  "teamId": "T0EHMQ4HM"
}
[08/16/18, 22:54:05:862] info: Store: SET_BACKGROUND_CLIENT_FIELDS
{
  "reconnectURL": "[REDACTED]",
  "reconnectURLExpiry": 1534427945855,
  "teamId": "T0EHMQ4HM"
}
[08/16/18, 22:56:05:875] info: Store: SET_BACKGROUND_CLIENT_FIELDS
{
  "reconnectURL": "[REDACTED]",
  "reconnectURLExpiry": 1534428065868,
  "teamId": "T0EHMQ4HM"
}
[08/16/18, 22:58:05:889] info: Store: SET_BACKGROUND_CLIENT_FIELDS
{
  "reconnectURL": "[REDACTED]",
  "reconnectURLExpiry": 1534428185883,
  "teamId": "T0EHMQ4HM"
}
[08/16/18, 23:00:05:821] info: Store: SET_BACKGROUND_CLIENT_FIELDS
{
  "reconnectURL": "[REDACTED]",
  "reconnectURLExpiry": 1534428305815,
  "teamId": "T0EHMQ4HM"
}
[08/16/18, 23:02:05:916] info: Store: SET_BACKGROUND_CLIENT_FIELDS
{
  "reconnectURL": "[REDACTED]",
  "reconnectURLExpiry": 1534428425907,
  "teamId": "T0EHMQ4HM"
}
[08/16/18, 23:04:05:925] info: Store: SET_BACKGROUND_CLIENT_FIELDS
{
  "reconnectURL": "[REDACTED]",
  "reconnectURLExpiry": 1534428545920,
  "teamId": "T0EHMQ4HM"
}
[08/16/18, 23:06:05:834] info: Store: SET_BACKGROUND_CLIENT_FIELDS
{
  "reconnectURL": "[REDACTED]",
  "reconnectURLExpiry": 1534428665830,
  "teamId": "T0EHMQ4HM"
}
[08/16/18, 23:08:05:950] info: Store: SET_BACKGROUND_CLIENT_FIELDS
{
  "reconnectURL": "[REDACTED]",
  "reconnectURLExpiry": 1534428785945,
  "teamId": "T0EHMQ4HM"
}
[08/16/18, 23:10:05:965] info: Store: SET_BACKGROUND_CLIENT_FIELDS
{
  "reconnectURL": "[REDACTED]",
  "reconnectURLExpiry": 1534428905961,
  "teamId": "T0EHMQ4HM"
}
[08/16/18, 23:12:05:875] info: Store: SET_BACKGROUND_CLIENT_FIELDS
{
  "reconnectURL": "[REDACTED]",
  "reconnectURLExpiry": 1534429025871,
  "teamId": "T0EHMQ4HM"
}
[08/16/18, 23:14:05:882] info: Store: SET_BACKGROUND_CLIENT_FIELDS
{
  "reconnectURL": "[REDACTED]",
  "reconnectURLExpiry": 1534429145881,
  "teamId": "T0EHMQ4HM"
}
[08/16/18, 23:16:05:915] info: Store: SET_BACKGROUND_CLIENT_FIELDS
{
  "reconnectURL": "[REDACTED]",
  "reconnectURLExpiry": 1534429265898,
  "teamId": "T0EHMQ4HM"
}
[08/16/18, 23:18:05:913] info: Store: SET_BACKGROUND_CLIENT_FIELDS
{
  "reconnectURL": "[REDACTED]",
  "reconnectURLExpiry": 1534429385907,
  "teamId": "T0EHMQ4HM"
}
[08/16/18, 23:20:05:923] info: Store: SET_BACKGROUND_CLIENT_FIELDS
{
  "reconnectURL": "[REDACTED]",
  "reconnectURLExpiry": 1534429505919,
  "teamId": "T0EHMQ4HM"
}
[08/16/18, 23:22:05:822] info: Store: SET_BACKGROUND_CLIENT_FIELDS
{
  "reconnectURL": "[REDACTED]",
  "reconnectURLExpiry": 1534429625811,
  "teamId": "T0EHMQ4HM"
}
[08/16/18, 23:24:05:847] info: Store: SET_BACKGROUND_CLIENT_FIELDS
{
  "reconnectURL": "[REDACTED]",
  "reconnectURLExpiry": 1534429745843,
  "teamId": "T0EHMQ4HM"
}
[08/16/18, 23:26:05:861] info: Store: SET_BACKGROUND_CLIENT_FIELDS
{
  "reconnectURL": "[REDACTED]",
  "reconnectURLExpiry": 1534429865856,
  "teamId": "T0EHMQ4HM"
}
[08/16/18, 23:28:05:873] info: Store: SET_BACKGROUND_CLIENT_FIELDS
{
  "reconnectURL": "[REDACTED]",
  "reconnectURLExpiry": 1534429985869,
  "teamId": "T0EHMQ4HM"
}
[08/16/18, 23:30:05:894] info: Store: SET_BACKGROUND_CLIENT_FIELDS
{
  "reconnectURL": "[REDACTED]",
  "reconnectURLExpiry": 1534430105882,
  "teamId": "T0EHMQ4HM"
}
[08/16/18, 23:32:05:817] info: Store: SET_BACKGROUND_CLIENT_FIELDS
{
  "reconnectURL": "[REDACTED]",
  "reconnectURLExpiry": 1534430225809,
  "teamId": "T0EHMQ4HM"
}
[08/16/18, 23:34:05:911] info: Store: SET_BACKGROUND_CLIENT_FIELDS
{
  "reconnectURL": "[REDACTED]",
  "reconnectURLExpiry": 1534430345908,
  "teamId": "T0EHMQ4HM"
}
[08/16/18, 23:36:05:831] info: Store: SET_BACKGROUND_CLIENT_FIELDS
{
  "reconnectURL": "[REDACTED]",
  "reconnectURLExpiry": 1534430465828,
  "teamId": "T0EHMQ4HM"
}
[08/16/18, 23:38:05:837] info: Store: SET_BACKGROUND_CLIENT_FIELDS
{
  "reconnectURL": "[REDACTED]",
  "reconnectURLExpiry": 1534430585832,
  "teamId": "T0EHMQ4HM"
}
[08/16/18, 23:40:05:852] info: Store: SET_BACKGROUND_CLIENT_FIELDS
{
  "reconnectURL": "[REDACTED]",
  "reconnectURLExpiry": 1534430705847,
  "teamId": "T0EHMQ4HM"
}
[08/16/18, 23:42:05:867] info: Store: SET_BACKGROUND_CLIENT_FIELDS
{
  "reconnectURL": "[REDACTED]",
  "reconnectURLExpiry": 1534430825859,
  "teamId": "T0EHMQ4HM"
}
[08/16/18, 23:44:05:876] info: Store: SET_BACKGROUND_CLIENT_FIELDS
{
  "reconnectURL": "[REDACTED]",
  "reconnectURLExpiry": 1534430945871,
  "teamId": "T0EHMQ4HM"
}
[08/16/18, 23:46:05:824] info: Store: SET_BACKGROUND_CLIENT_FIELDS
{
  "reconnectURL": "[REDACTED]",
  "reconnectURLExpiry": 1534431065818,
  "teamId": "T0EHMQ4HM"
}
[08/16/18, 23:48:05:903] info: Store: SET_BACKGROUND_CLIENT_FIELDS
{
  "reconnectURL": "[REDACTED]",
  "reconnectURLExpiry": 1534431185897,
  "teamId": "T0EHMQ4HM"
}
[08/16/18, 23:50:05:918] info: Store: SET_BACKGROUND_CLIENT_FIELDS
{
  "reconnectURL": "[REDACTED]",
  "reconnectURLExpiry": 1534431305912,
  "teamId": "T0EHMQ4HM"
}
[08/16/18, 23:52:05:825] info: Store: SET_BACKGROUND_CLIENT_FIELDS
{
  "reconnectURL": "[REDACTED]",
  "reconnectURLExpiry": 1534431425821,
  "teamId": "T0EHMQ4HM"
}
[08/16/18, 23:54:05:839] info: Store: SET_BACKGROUND_CLIENT_FIELDS
{
  "reconnectURL": "[REDACTED]",
  "reconnectURLExpiry": 1534431545835,
  "teamId": "T0EHMQ4HM"
}
[08/16/18, 23:56:05:853] info: Store: SET_BACKGROUND_CLIENT_FIELDS
{
  "reconnectURL": "[REDACTED]",
  "reconnectURLExpiry": 1534431665848,
  "teamId": "T0EHMQ4HM"
}
[08/16/18, 23:57:04:541] info: Store: NEW_NOTIFICATION
{
  "avatarImage": "https://ca.slack-edge.com/T031FNTUT-UBYN4PP3Q-35936e423f19-512",
  "channel": "CASGZGRSB",
  "content": "[REDACTED]",
  "id": "5V3vFwI2rBAWj8J",
  "imageUri": null,
  "launchUri": "slack://channel?id=CASGZGRSB&message=1534431424.000100&team=T031FNTUT",
  "msg": "1534431424.000100",
  "silent": true,
  "subtitle": "",
  "teamId": "T031FNTUT",
  "title": "[REDACTED]"
}
[08/16/18, 23:58:05:867] info: Store: SET_BACKGROUND_CLIENT_FIELDS
{
  "reconnectURL": "[REDACTED]",
  "reconnectURLExpiry": 1534431785861,
  "teamId": "T0EHMQ4HM"
}
[08/17/18, 00:00:05:878] info: Store: SET_BACKGROUND_CLIENT_FIELDS
{
  "reconnectURL": "[REDACTED]",
  "reconnectURLExpiry": 1534431905874,
  "teamId": "T0EHMQ4HM"
}
[08/17/18, 00:02:05:900] info: Store: SET_BACKGROUND_CLIENT_FIELDS
{
  "reconnectURL": "[REDACTED]",
  "reconnectURLExpiry": 1534432025891,
  "teamId": "T0EHMQ4HM"
}
[08/17/18, 00:04:05:905] info: Store: SET_BACKGROUND_CLIENT_FIELDS
{
  "reconnectURL": "[REDACTED]",
  "reconnectURLExpiry": 1534432145900,
  "teamId": "T0EHMQ4HM"
}
[08/17/18, 00:06:05:921] info: Store: SET_BACKGROUND_CLIENT_FIELDS
{
  "reconnectURL": "[REDACTED]",
  "reconnectURLExpiry": 1534432265913,
  "teamId": "T0EHMQ4HM"
}
[08/17/18, 00:08:05:933] info: Store: SET_BACKGROUND_CLIENT_FIELDS
{
  "reconnectURL": "[REDACTED]",
  "reconnectURLExpiry": 1534432385927,
  "teamId": "T0EHMQ4HM"
}
[08/17/18, 00:10:05:843] info: Store: SET_BACKGROUND_CLIENT_FIELDS
{
  "reconnectURL": "[REDACTED]",
  "reconnectURLExpiry": 1534432505838,
  "teamId": "T0EHMQ4HM"
}
[08/17/18, 00:12:05:856] info: Store: SET_BACKGROUND_CLIENT_FIELDS
{
  "reconnectURL": "[REDACTED]",
  "reconnectURLExpiry": 1534432625850,
  "teamId": "T0EHMQ4HM"
}
[08/17/18, 00:14:05:870] info: Store: SET_BACKGROUND_CLIENT_FIELDS
{
  "reconnectURL": "[REDACTED]",
  "reconnectURLExpiry": 1534432745866,
  "teamId": "T0EHMQ4HM"
}
[08/17/18, 00:16:05:881] info: Store: SET_BACKGROUND_CLIENT_FIELDS
{
  "reconnectURL": "[REDACTED]",
  "reconnectURLExpiry": 1534432865877,
  "teamId": "T0EHMQ4HM"
}
[08/17/18, 00:18:05:898] info: Store: SET_BACKGROUND_CLIENT_FIELDS
{
  "reconnectURL": "[REDACTED]",
  "reconnectURLExpiry": 1534432985889,
  "teamId": "T0EHMQ4HM"
}
[08/17/18, 00:20:05:908] info: Store: SET_BACKGROUND_CLIENT_FIELDS
{
  "reconnectURL": "[REDACTED]",
  "reconnectURLExpiry": 1534433105903,
  "teamId": "T0EHMQ4HM"
}
[08/17/18, 00:22:05:922] info: Store: SET_BACKGROUND_CLIENT_FIELDS
{
  "reconnectURL": "[REDACTED]",
  "reconnectURLExpiry": 1534433225916,
  "teamId": "T0EHMQ4HM"
}
[08/17/18, 00:24:05:832] info: Store: SET_BACKGROUND_CLIENT_FIELDS
{
  "reconnectURL": "[REDACTED]",
  "reconnectURLExpiry": 1534433345827,
  "teamId": "T0EHMQ4HM"
}
[08/17/18, 00:26:05:844] info: Store: SET_BACKGROUND_CLIENT_FIELDS
{
  "reconnectURL": "[REDACTED]",
  "reconnectURLExpiry": 1534433465840,
  "teamId": "T0EHMQ4HM"
}
[08/17/18, 00:28:05:805] info: Store: SET_BACKGROUND_CLIENT_FIELDS
{
  "reconnectURL": "[REDACTED]",
  "reconnectURLExpiry": 1534433585797,
  "teamId": "T0EHMQ4HM"
}
[08/17/18, 00:30:05:808] info: Store: SET_BACKGROUND_CLIENT_FIELDS
{
  "reconnectURL": "[REDACTED]",
  "reconnectURLExpiry": 1534433705801,
  "teamId": "T0EHMQ4HM"
}
[08/17/18, 00:32:05:887] info: Store: SET_BACKGROUND_CLIENT_FIELDS
{
  "reconnectURL": "[REDACTED]",
  "reconnectURLExpiry": 1534433825881,
  "teamId": "T0EHMQ4HM"
}
[08/17/18, 00:34:05:900] info: Store: SET_BACKGROUND_CLIENT_FIELDS
{
  "reconnectURL": "[REDACTED]",
  "reconnectURLExpiry": 1534433945892,
  "teamId": "T0EHMQ4HM"
}
[08/17/18, 00:36:05:909] info: Store: SET_BACKGROUND_CLIENT_FIELDS
{
  "reconnectURL": "[REDACTED]",
  "reconnectURLExpiry": 1534434065906,
  "teamId": "T0EHMQ4HM"
}
[08/17/18, 00:38:05:824] info: Store: SET_BACKGROUND_CLIENT_FIELDS
{
  "reconnectURL": "[REDACTED]",
  "reconnectURLExpiry": 1534434185817,
  "teamId": "T0EHMQ4HM"
}
[08/17/18, 00:40:05:836] info: Store: SET_BACKGROUND_CLIENT_FIELDS
{
  "reconnectURL": "[REDACTED]",
  "reconnectURLExpiry": 1534434305829,
  "teamId": "T0EHMQ4HM"
}
[08/17/18, 00:42:05:806] info: Store: SET_BACKGROUND_CLIENT_FIELDS
{
  "reconnectURL": "[REDACTED]",
  "reconnectURLExpiry": 1534434425805,
  "teamId": "T0EHMQ4HM"
}
[08/17/18, 00:44:05:861] info: Store: SET_BACKGROUND_CLIENT_FIELDS
{
  "reconnectURL": "[REDACTED]",
  "reconnectURLExpiry": 1534434545856,
  "teamId": "T0EHMQ4HM"
}
[08/17/18, 00:46:05:878] info: Store: SET_BACKGROUND_CLIENT_FIELDS
{
  "reconnectURL": "[REDACTED]",
  "reconnectURLExpiry": 1534434665869,
  "teamId": "T0EHMQ4HM"
}
[08/17/18, 00:48:05:803] info: Store: SET_BACKGROUND_CLIENT_FIELDS
{
  "reconnectURL": "[REDACTED]",
  "reconnectURLExpiry": 1534434785800,
  "teamId": "T0EHMQ4HM"
}
[08/17/18, 00:50:05:903] info: Store: SET_BACKGROUND_CLIENT_FIELDS
{
  "reconnectURL": "[REDACTED]",
  "reconnectURLExpiry": 1534434905895,
  "teamId": "T0EHMQ4HM"
}
[08/17/18, 00:52:05:811] info: Store: SET_BACKGROUND_CLIENT_FIELDS
{
  "reconnectURL": "[REDACTED]",
  "reconnectURLExpiry": 1534435025807,
  "teamId": "T0EHMQ4HM"
}
[08/17/18, 00:54:05:825] info: Store: SET_BACKGROUND_CLIENT_FIELDS
{
  "reconnectURL": "[REDACTED]",
  "reconnectURLExpiry": 1534435145820,
  "teamId": "T0EHMQ4HM"
}
[08/17/18, 00:56:05:853] info: Store: SET_BACKGROUND_CLIENT_FIELDS
{
  "reconnectURL": "[REDACTED]",
  "reconnectURLExpiry": 1534435265843,
  "teamId": "T0EHMQ4HM"
}
[08/17/18, 00:58:05:951] info: Store: SET_BACKGROUND_CLIENT_FIELDS
{
  "reconnectURL": "[REDACTED]",
  "reconnectURLExpiry": 1534435385949,
  "teamId": "T0EHMQ4HM"
}
[08/17/18, 01:00:05:869] info: Store: SET_BACKGROUND_CLIENT_FIELDS
{
  "reconnectURL": "[REDACTED]",
  "reconnectURLExpiry": 1534435505860,
  "teamId": "T0EHMQ4HM"
}
[08/17/18, 01:02:05:877] info: Store: SET_BACKGROUND_CLIENT_FIELDS
{
  "reconnectURL": "[REDACTED]",
  "reconnectURLExpiry": 1534435625873,
  "teamId": "T0EHMQ4HM"
}
[08/17/18, 01:04:05:849] info: Store: SET_BACKGROUND_CLIENT_FIELDS
{
  "reconnectURL": "[REDACTED]",
  "reconnectURLExpiry": 1534435745843,
  "teamId": "T0EHMQ4HM"
}
[08/17/18, 01:06:05:907] info: Store: SET_BACKGROUND_CLIENT_FIELDS
{
  "reconnectURL": "[REDACTED]",
  "reconnectURLExpiry": 1534435865899,
  "teamId": "T0EHMQ4HM"
}
[08/17/18, 01:08:05:921] info: Store: SET_BACKGROUND_CLIENT_FIELDS
{
  "reconnectURL": "[REDACTED]",
  "reconnectURLExpiry": 1534435985912,
  "teamId": "T0EHMQ4HM"
}
[08/17/18, 01:10:05:929] info: Store: SET_BACKGROUND_CLIENT_FIELDS
{
  "reconnectURL": "[REDACTED]",
  "reconnectURLExpiry": 1534436105925,
  "teamId": "T0EHMQ4HM"
}
[08/17/18, 01:12:05:944] info: Store: SET_BACKGROUND_CLIENT_FIELDS
{
  "reconnectURL": "[REDACTED]",
  "reconnectURLExpiry": 1534436225939,
  "teamId": "T0EHMQ4HM"
}
[08/17/18, 01:14:05:797] info: Store: SET_BACKGROUND_CLIENT_FIELDS
{
  "reconnectURL": "[REDACTED]",
  "reconnectURLExpiry": 1534436345794,
  "teamId": "T0EHMQ4HM"
}
[08/17/18, 01:16:05:806] info: Store: SET_BACKGROUND_CLIENT_FIELDS
{
  "reconnectURL": "[REDACTED]",
  "reconnectURLExpiry": 1534436465799,
  "teamId": "T0EHMQ4HM"
}
[08/17/18, 01:17:11:224] info: Store: NEW_NOTIFICATION
{
  "avatarImage": "https://ca.slack-edge.com/T031FNTUT-UBYN4PP3Q-35936e423f19-512",
  "channel": "CASGZGRSB",
  "content": "[REDACTED]",
  "id": "8WOyfWSMQYg8pBL",
  "imageUri": null,
  "launchUri": "slack://channel?id=CASGZGRSB&message=1534436231.000100&team=T031FNTUT",
  "msg": "1534436231.000100",
  "silent": true,
  "subtitle": "",
  "teamId": "T031FNTUT",
  "title": "[REDACTED]"
}
[08/17/18, 01:18:05:881] info: Store: SET_BACKGROUND_CLIENT_FIELDS
{
  "reconnectURL": "[REDACTED]",
  "reconnectURLExpiry": 1534436585876,
  "teamId": "T0EHMQ4HM"
}
[08/17/18, 01:20:05:894] info: Store: SET_BACKGROUND_CLIENT_FIELDS
{
  "reconnectURL": "[REDACTED]",
  "reconnectURLExpiry": 1534436705889,
  "teamId": "T0EHMQ4HM"
}
[08/17/18, 01:22:05:807] info: Store: SET_BACKGROUND_CLIENT_FIELDS
{
  "reconnectURL": "[REDACTED]",
  "reconnectURLExpiry": 1534436825801,
  "teamId": "T0EHMQ4HM"
}
[08/17/18, 01:24:05:820] info: Store: SET_BACKGROUND_CLIENT_FIELDS
{
  "reconnectURL": "[REDACTED]",
  "reconnectURLExpiry": 1534436945816,
  "teamId": "T0EHMQ4HM"
}
[08/17/18, 01:26:05:788] info: Store: SET_BACKGROUND_CLIENT_FIELDS
{
  "reconnectURL": "[REDACTED]",
  "reconnectURLExpiry": 1534437065783,
  "teamId": "T0EHMQ4HM"
}
[08/17/18, 01:28:05:849] info: Store: SET_BACKGROUND_CLIENT_FIELDS
{
  "reconnectURL": "[REDACTED]",
  "reconnectURLExpiry": 1534437185840,
  "teamId": "T0EHMQ4HM"
}
[08/17/18, 01:30:05:787] info: Store: SET_BACKGROUND_CLIENT_FIELDS
{
  "reconnectURL": "[REDACTED]",
  "reconnectURLExpiry": 1534437305782,
  "teamId": "T0EHMQ4HM"
}
[08/17/18, 01:32:05:785] info: Store: SET_BACKGROUND_CLIENT_FIELDS
{
  "reconnectURL": "[REDACTED]",
  "reconnectURLExpiry": 1534437425781,
  "teamId": "T0EHMQ4HM"
}
[08/17/18, 01:34:05:888] info: Store: SET_BACKGROUND_CLIENT_FIELDS
{
  "reconnectURL": "[REDACTED]",
  "reconnectURLExpiry": 1534437545884,
  "teamId": "T0EHMQ4HM"
}
[08/17/18, 01:36:05:799] info: Store: SET_BACKGROUND_CLIENT_FIELDS
{
  "reconnectURL": "[REDACTED]",
  "reconnectURLExpiry": 1534437665795,
  "teamId": "T0EHMQ4HM"
}
[08/17/18, 01:38:05:809] info: Store: SET_BACKGROUND_CLIENT_FIELDS
{
  "reconnectURL": "[REDACTED]",
  "reconnectURLExpiry": 1534437785805,
  "teamId": "T0EHMQ4HM"
}
[08/17/18, 01:40:05:823] info: Store: SET_BACKGROUND_CLIENT_FIELDS
{
  "reconnectURL": "[REDACTED]",
  "reconnectURLExpiry": 1534437905819,
  "teamId": "T0EHMQ4HM"
}
[08/17/18, 01:42:05:836] info: Store: SET_BACKGROUND_CLIENT_FIELDS
{
  "reconnectURL": "[REDACTED]",
  "reconnectURLExpiry": 1534438025832,
  "teamId": "T0EHMQ4HM"
}
[08/17/18, 01:44:05:857] info: Store: SET_BACKGROUND_CLIENT_FIELDS
{
  "reconnectURL": "[REDACTED]",
  "reconnectURLExpiry": 1534438145846,
  "teamId": "T0EHMQ4HM"
}
[08/17/18, 01:46:05:868] info: Store: SET_BACKGROUND_CLIENT_FIELDS
{
  "reconnectURL": "[REDACTED]",
  "reconnectURLExpiry": 1534438265862,
  "teamId": "T0EHMQ4HM"
}
[08/17/18, 01:48:05:879] info: Store: SET_BACKGROUND_CLIENT_FIELDS
{
  "reconnectURL": "[REDACTED]",
  "reconnectURLExpiry": 1534438385874,
  "teamId": "T0EHMQ4HM"
}
[08/17/18, 01:50:05:889] info: Store: SET_BACKGROUND_CLIENT_FIELDS
{
  "reconnectURL": "[REDACTED]",
  "reconnectURLExpiry": 1534438505885,
  "teamId": "T0EHMQ4HM"
}
[08/17/18, 01:52:05:841] info: Store: SET_BACKGROUND_CLIENT_FIELDS
{
  "reconnectURL": "[REDACTED]",
  "reconnectURLExpiry": 1534438625837,
  "teamId": "T0EHMQ4HM"
}
[08/17/18, 01:54:05:839] info: Store: SET_BACKGROUND_CLIENT_FIELDS
{
  "reconnectURL": "[REDACTED]",
  "reconnectURLExpiry": 1534438745835,
  "teamId": "T0EHMQ4HM"
}
[08/17/18, 01:56:05:931] info: Store: SET_BACKGROUND_CLIENT_FIELDS
{
  "reconnectURL": "[REDACTED]",
  "reconnectURLExpiry": 1534438865927,
  "teamId": "T0EHMQ4HM"
}
[08/17/18, 01:58:05:940] info: Store: SET_BACKGROUND_CLIENT_FIELDS
{
  "reconnectURL": "[REDACTED]",
  "reconnectURLExpiry": 1534438985938,
  "teamId": "T0EHMQ4HM"
}
[08/17/18, 02:00:05:854] info: Store: SET_BACKGROUND_CLIENT_FIELDS
{
  "reconnectURL": "[REDACTED]",
  "reconnectURLExpiry": 1534439105850,
  "teamId": "T0EHMQ4HM"
}
[08/17/18, 02:02:05:839] info: Store: SET_BACKGROUND_CLIENT_FIELDS
{
  "reconnectURL": "[REDACTED]",
  "reconnectURLExpiry": 1534439225835,
  "teamId": "T0EHMQ4HM"
}
[08/17/18, 02:04:05:881] info: Store: SET_BACKGROUND_CLIENT_FIELDS
{
  "reconnectURL": "[REDACTED]",
  "reconnectURLExpiry": 1534439345875,
  "teamId": "T0EHMQ4HM"
}
[08/17/18, 02:06:05:903] info: Store: SET_BACKGROUND_CLIENT_FIELDS
{
  "reconnectURL": "[REDACTED]",
  "reconnectURLExpiry": 1534439465892,
  "teamId": "T0EHMQ4HM"
}
[08/17/18, 02:08:05:804] info: Store: SET_BACKGROUND_CLIENT_FIELDS
{
  "reconnectURL": "[REDACTED]",
  "reconnectURLExpiry": 1534439585800,
  "teamId": "T0EHMQ4HM"
}
[08/17/18, 02:09:56:522] info: Store: START_BACKGROUND_CLIENT
{
  "teamId": "TB9PVC95H",
  "token": "xoxs-⋯"
}
[08/17/18, 02:09:56:910] info: Store: SET_BACKGROUND_CLIENT_FIELDS
{
  "status": "connected",
  "teamId": "TB9PVC95H"
}
