[08/15/18, 16:55:59:831] info: ╔═════════════════════════════════════════════════════════════════════════════════╗
[08/15/18, 16:55:59:832] info: ║      Slack 3.2.1, linux 4.10.0-38-generic on x64 at 08/15/18, 16:55:59:825      ║
[08/15/18, 16:55:59:832] info: ╚═════════════════════════════════════════════════════════════════════════════════╝
[08/15/18, 16:55:59:984] info: Initializing local storage instance at path: /home/nozomi/dotfiles/.config/Slack/local-settings.json
[08/15/18, 16:56:00:441] info: Main window preload script finished
{
  "readyTime": 1134.688646
}
[08/15/18, 16:56:00:453] info: Store: UPSERT_WEB_CONTENTS
{
  "id": 19,
  "state": "loaded",
  "teamId": "T031FNTUT"
}
[08/15/18, 16:56:00:454] info: Store: UPSERT_WEB_CONTENTS
{
  "id": 19,
  "state": "empty-page",
  "teamId": "T031FNTUT"
}
[08/15/18, 16:56:00:455] info: Store: UPSERT_WEB_CONTENTS
{
  "id": 19,
  "state": "page-will-navigate",
  "teamId": "T031FNTUT"
}
[08/15/18, 16:56:00:455] info: Store: UPDATE_SESSION_STATUS
{
  "hasValidSession": null,
  "teamId": "TB9PVC95H"
}
[08/15/18, 16:56:00:455] info: Store: UPDATE_SESSION_STATUS
{
  "hasValidSession": null,
  "teamId": "T0EHMQ4HM"
}
[08/15/18, 16:56:00:456] info: Store: UPDATE_SESSION_STATUS
{
  "hasValidSession": null,
  "teamId": "T031FNTUT"
}
[08/15/18, 16:56:00:461] info: Store: UPSERT_WEB_CONTENTS
{
  "id": 21,
  "state": "loaded",
  "teamId": "T0253QGQ9"
}
[08/15/18, 16:56:00:462] info: Store: UPSERT_WEB_CONTENTS
{
  "id": 21,
  "state": "empty-page",
  "teamId": "T0253QGQ9"
}
[08/15/18, 16:56:00:462] info: Store: UPSERT_WEB_CONTENTS
{
  "id": 21,
  "state": "page-will-navigate",
  "teamId": "T0253QGQ9"
}
[08/15/18, 16:56:00:462] info: Store: UPSERT_WEB_CONTENTS
{
  "id": 22,
  "state": "loaded",
  "teamId": "TB9PVC95H"
}
[08/15/18, 16:56:00:463] info: Store: UPSERT_WEB_CONTENTS
{
  "id": 22,
  "state": "empty-page",
  "teamId": "TB9PVC95H"
}
[08/15/18, 16:56:00:463] info: Store: UPSERT_WEB_CONTENTS
{
  "id": 22,
  "state": "page-will-navigate",
  "teamId": "TB9PVC95H"
}
[08/15/18, 16:56:00:465] info: Store: UPSERT_WEB_CONTENTS
{
  "id": 20,
  "state": "loaded",
  "teamId": "T0EHMQ4HM"
}
[08/15/18, 16:56:00:469] info: Store: UPDATE_SESSION_STATUS
{
  "hasValidSession": null,
  "teamId": "T0253QGQ9"
}
[08/15/18, 16:56:00:476] info: Store: UPDATE_SESSION_STATUS
{
  "hasValidSession": null,
  "teamId": "TB9PVC95H"
}
[08/15/18, 16:56:00:476] info: Store: UPSERT_WEB_CONTENTS
{
  "id": 20,
  "state": "empty-page",
  "teamId": "T0EHMQ4HM"
}
[08/15/18, 16:56:00:484] info: Store: UPSERT_WEB_CONTENTS
{
  "id": 20,
  "state": "page-will-navigate",
  "teamId": "T0EHMQ4HM"
}
