[08/10/18, 21:48:36:262] info: ╔═════════════════════════════════════════════════════════════════════════════════╗
[08/10/18, 21:48:36:266] info: ║      Slack 3.2.1, linux 4.10.0-38-generic on x64 at 08/10/18, 21:48:36:244      ║
[08/10/18, 21:48:36:267] info: ╚═════════════════════════════════════════════════════════════════════════════════╝
[08/10/18, 21:48:36:588] info: Initializing local storage instance at path: /home/nozomi/dotfiles/.config/Slack/local-settings.json
[08/10/18, 21:48:37:455] info: Main window preload script finished
{
  "readyTime": 2322.240558
}
[08/10/18, 21:48:37:470] info: Store: UPDATE_SESSION_STATUS
{
  "hasValidSession": null,
  "teamId": "TB9PVC95H"
}
[08/10/18, 21:48:37:474] info: Store: UPSERT_WEB_CONTENTS
{
  "id": 19,
  "state": "loaded",
  "teamId": "T031FNTUT"
}
[08/10/18, 21:48:37:475] info: Store: UPSERT_WEB_CONTENTS
{
  "id": 19,
  "state": "empty-page",
  "teamId": "T031FNTUT"
}
[08/10/18, 21:48:37:475] info: Store: UPSERT_WEB_CONTENTS
{
  "id": 19,
  "state": "page-will-navigate",
  "teamId": "T031FNTUT"
}
[08/10/18, 21:48:37:476] info: Store: UPDATE_SESSION_STATUS
{
  "hasValidSession": null,
  "teamId": "T031FNTUT"
}
[08/10/18, 21:48:37:476] info: Store: UPSERT_WEB_CONTENTS
{
  "id": 18,
  "state": "loaded",
  "teamId": "T0EHMQ4HM"
}
[08/10/18, 21:48:37:477] info: Store: UPSERT_WEB_CONTENTS
{
  "id": 18,
  "state": "empty-page",
  "teamId": "T0EHMQ4HM"
}
[08/10/18, 21:48:37:477] info: Store: UPSERT_WEB_CONTENTS
{
  "id": 18,
  "state": "page-will-navigate",
  "teamId": "T0EHMQ4HM"
}
[08/10/18, 21:48:37:477] info: Store: UPDATE_SESSION_STATUS
{
  "hasValidSession": null,
  "teamId": "T0EHMQ4HM"
}
[08/10/18, 21:48:37:478] info: Store: UPSERT_WEB_CONTENTS
{
  "id": 16,
  "state": "loaded",
  "teamId": "T0253QGQ9"
}
[08/10/18, 21:48:37:478] info: Store: UPSERT_WEB_CONTENTS
{
  "id": 16,
  "state": "empty-page",
  "teamId": "T0253QGQ9"
}
[08/10/18, 21:48:37:478] info: Store: UPSERT_WEB_CONTENTS
{
  "id": 16,
  "state": "page-will-navigate",
  "teamId": "T0253QGQ9"
}
[08/10/18, 21:48:37:479] info: Store: UPDATE_SESSION_STATUS
{
  "hasValidSession": null,
  "teamId": "T0253QGQ9"
}
[08/10/18, 21:48:37:480] info: Store: UPSERT_WEB_CONTENTS
{
  "id": 17,
  "state": "loaded",
  "teamId": "TB9PVC95H"
}
[08/10/18, 21:48:37:484] info: Store: UPSERT_WEB_CONTENTS
{
  "id": 17,
  "state": "empty-page",
  "teamId": "TB9PVC95H"
}
[08/10/18, 21:48:37:495] info: Store: UPSERT_WEB_CONTENTS
{
  "id": 17,
  "state": "page-will-navigate",
  "teamId": "TB9PVC95H"
}
[08/10/18, 21:48:37:610] info: Store: UPDATE_SESSION_STATUS
{
  "hasValidSession": null,
  "teamId": "TB9PVC95H"
}
[08/17/18, 09:34:10:998] info: ╔═════════════════════════════════════════════════════════════════════════════════╗
[08/17/18, 09:34:11:001] info: ║      Slack 3.2.1, linux 4.10.0-38-generic on x64 at 08/17/18, 09:34:10:987      ║
[08/17/18, 09:34:11:001] info: ╚═════════════════════════════════════════════════════════════════════════════════╝
[08/17/18, 09:34:11:568] info: Initializing local storage instance at path: /home/nozomi/dotfiles/.config/Slack/local-settings.json
[08/17/18, 09:34:12:701] info: Main window preload script finished
{
  "readyTime": 3166.409643
}
[08/17/18, 09:34:12:784] info: Store: UPSERT_WEB_CONTENTS
{
  "id": 8,
  "state": "loaded",
  "teamId": "T031FNTUT"
}
[08/17/18, 09:34:12:787] info: Store: UPSERT_WEB_CONTENTS
{
  "id": 8,
  "state": "empty-page",
  "teamId": "T031FNTUT"
}
[08/17/18, 09:34:12:787] info: Store: UPSERT_WEB_CONTENTS
{
  "id": 8,
  "state": "page-will-navigate",
  "teamId": "T031FNTUT"
}
[08/17/18, 09:34:12:788] info: Store: UPDATE_SESSION_STATUS
{
  "hasValidSession": null,
  "teamId": "T031FNTUT"
}
[08/17/18, 09:34:12:789] info: Store: UPSERT_WEB_CONTENTS
{
  "id": 9,
  "state": "loaded",
  "teamId": "T0EHMQ4HM"
}
[08/17/18, 09:34:12:790] info: Store: UPSERT_WEB_CONTENTS
{
  "id": 9,
  "state": "empty-page",
  "teamId": "T0EHMQ4HM"
}
[08/17/18, 09:34:12:791] info: Store: UPSERT_WEB_CONTENTS
{
  "id": 9,
  "state": "page-will-navigate",
  "teamId": "T0EHMQ4HM"
}
[08/17/18, 09:34:12:794] info: Store: UPDATE_SESSION_STATUS
{
  "hasValidSession": null,
  "teamId": "T0EHMQ4HM"
}
[08/17/18, 09:34:12:796] info: Store: UPSERT_WEB_CONTENTS
{
  "id": 11,
  "state": "loaded",
  "teamId": "TB9PVC95H"
}
[08/17/18, 09:34:12:797] info: Store: UPSERT_WEB_CONTENTS
{
  "id": 11,
  "state": "empty-page",
  "teamId": "TB9PVC95H"
}
[08/17/18, 09:34:12:797] info: Store: UPSERT_WEB_CONTENTS
{
  "id": 11,
  "state": "page-will-navigate",
  "teamId": "TB9PVC95H"
}
[08/17/18, 09:34:12:798] info: Store: UPDATE_SESSION_STATUS
{
  "hasValidSession": null,
  "teamId": "TB9PVC95H"
}
[08/17/18, 09:34:12:798] info: Store: UPDATE_SESSION_STATUS
{
  "hasValidSession": null,
  "teamId": "TB9PVC95H"
}
[08/17/18, 09:34:12:798] info: Store: UPSERT_WEB_CONTENTS
{
  "id": 8,
  "state": "loaded",
  "teamId": "T031FNTUT"
}
[08/17/18, 09:34:12:799] info: Store: UPSERT_WEB_CONTENTS
{
  "id": 8,
  "state": "empty-page",
  "teamId": "T031FNTUT"
}
[08/17/18, 09:34:12:800] info: Store: UPSERT_WEB_CONTENTS
{
  "id": 8,
  "state": "page-will-navigate",
  "teamId": "T031FNTUT"
}
[08/17/18, 09:34:12:804] info: Store: UPSERT_WEB_CONTENTS
{
  "id": 10,
  "state": "loaded",
  "teamId": "T0253QGQ9"
}
[08/17/18, 09:34:12:814] info: Store: UPSERT_WEB_CONTENTS
{
  "id": 10,
  "state": "empty-page",
  "teamId": "T0253QGQ9"
}
[08/17/18, 09:34:12:822] info: Store: UPSERT_WEB_CONTENTS
{
  "id": 10,
  "state": "page-will-navigate",
  "teamId": "T0253QGQ9"
}
[08/17/18, 09:34:12:886] info: Store: UPDATE_SESSION_STATUS
{
  "hasValidSession": null,
  "teamId": "T031FNTUT"
}
[08/17/18, 09:34:12:933] info: Store: UPDATE_SESSION_STATUS
{
  "hasValidSession": null,
  "teamId": "T0253QGQ9"
}
