[05/22/18, 00:10:36:708] info: ╔══════════════════════════════════════════════════════════════════════════════════════════════╗
[05/22/18, 00:10:36:708] info: ║      Slack 3.2.0-beta25a7a50e, linux 4.10.0-38-generic on x64 at 05/22/18, 00:10:36:705      ║
[05/22/18, 00:10:36:708] info: ╚══════════════════════════════════════════════════════════════════════════════════════════════╝
[05/22/18, 00:10:36:806] info: Initializing local storage instance at path: /home/nozomi/dotfiles/.config/Slack/local-settings.json
[05/22/18, 00:10:37:047] info: Main window preload script finished
{
  "readyTime": 634.15644
}
[05/22/18, 00:10:37:054] info: Store: UPSERT_WEB_CONTENTS
{
  "id": 3,
  "state": "loaded",
  "teamId": "T031FNTUT"
}
[05/22/18, 00:10:37:062] info: Store: UPSERT_WEB_CONTENTS
{
  "id": 3,
  "state": "empty-page",
  "teamId": "T031FNTUT"
}
[05/22/18, 00:10:37:492] info: Store: SET_NETWORK_STATUS offline
[05/22/18, 00:10:37:497] info: Store: BACKGROUND_CLIENTS_INITIALIZED true
[05/22/18, 00:10:37:508] info: Store: UPDATE_SESSION_STATUS
{
  "hasValidSession": null,
  "teamId": "T031FNTUT"
}
[05/22/18, 00:11:24:112] info: Store: SET_NETWORK_STATUS online
[05/22/18, 00:11:24:132] info: Store: UPSERT_WEB_CONTENTS
{
  "id": 3,
  "state": "page-will-navigate",
  "teamId": "T031FNTUT"
}
[05/22/18, 00:11:24:139] info: Window is unloading, window.desktop is no longer accessible
[05/22/18, 00:11:24:483] info: Store: UPDATE_SESSION_STATUS
{
  "hasValidSession": true,
  "teamId": "T031FNTUT"
}
