[05/01/18, 20:25:28:814] info: ╔═════════════════════════════════════════════════════════════════════════════════╗
[05/01/18, 20:25:28:815] info: ║      Slack 3.1.1, linux 4.10.0-38-generic on x64 at 05/01/18, 20:25:28:811      ║
[05/01/18, 20:25:28:815] info: ╚═════════════════════════════════════════════════════════════════════════════════╝
[05/01/18, 20:25:28:897] info: Initializing local storage instance at path: /home/nozomi/dotfiles/.config/Slack/local-settings.json
[05/01/18, 20:25:29:227] info: cld3::loadModule: loading cld3 module
[05/01/18, 20:25:29:248] info: cld3Loader::loadModule: running environment is NODE
[05/01/18, 20:25:29:248] info: cld3Loader::loadModule: constructed module object for runtime
[05/01/18, 20:25:29:422] info: cld3Loader::initializeRuntime: successfully initialized module
[05/01/18, 20:25:29:422] info: cld3Loader::loadModule: initialized wasm binary Runtime
[05/01/18, 20:25:29:426] warn: updateSpellcheckerLanguage: Tried to update language, but spellchecker not initialized
[05/01/18, 20:25:29:427] info: SSBIntegration: Main window preload script loaded 885.103525
[05/01/18, 20:25:29:433] info: Store: UPDATE_SESSION_STATUS
{
  "hasValidSession": null,
  "teamId": "T031FNTUT"
}
[05/01/18, 20:25:29:436] info: Store: UPSERT_WEB_CONTENTS
{
  "id": 3,
  "state": "loaded",
  "teamId": "T031FNTUT"
}
[05/01/18, 20:25:29:439] info: Store: UPSERT_WEB_CONTENTS
{
  "id": 3,
  "state": "empty-page",
  "teamId": "T031FNTUT"
}
[05/01/18, 20:25:29:441] info: Store: UPSERT_WEB_CONTENTS
{
  "id": 3,
  "state": "page-will-navigate",
  "teamId": "T031FNTUT"
}
[05/01/18, 20:25:29:446] info: Store: UPSERT_WEB_CONTENTS
{
  "id": 3,
  "state": "page-will-navigate",
  "teamId": "T031FNTUT"
}
[05/01/18, 20:25:29:452] info: Store: UPSERT_WEB_CONTENTS
{
  "id": 3,
  "state": "empty-page",
  "teamId": "T031FNTUT"
}
