[09/04/18, 17:23:22:779] info: ╔═════════════════════════════════════════════════════════════════════════════════╗
[09/04/18, 17:23:22:780] info: ║      Slack 3.3.1, linux 4.10.0-38-generic on x64 at 09/04/18, 17:23:22:776      ║
[09/04/18, 17:23:22:780] info: ╚═════════════════════════════════════════════════════════════════════════════════╝
[09/04/18, 17:23:22:885] info: Initializing local storage instance at path: /home/nozomi/dotfiles/.config/Slack/local-settings.json
[09/04/18, 17:23:23:284] info: cld3::loadModule: loading cld3 module
[09/04/18, 17:23:23:305] info: cld3Loader::loadModule: running environment is NODE
[09/04/18, 17:23:23:305] info: cld3Loader::loadModule: constructed module object for runtime
[09/04/18, 17:23:23:406] info: cld3Loader::initializeRuntime: successfully initialized module
[09/04/18, 17:23:23:406] info: cld3Loader::loadModule: initialized wasm binary Runtime
[09/04/18, 17:23:23:413] info: SpellChecker:: updateSpellcheckerLanguage: Skip to set new language null, spellchecker is not available
[09/04/18, 17:23:23:434] info: Main window preload script finished
{
  "readyTime": 891.360085
}
[09/04/18, 17:23:25:571] info: Store: UPSERT_WEB_CONTENTS
{
  "id": 54,
  "state": "loaded",
  "teamId": "TB9PVC95H"
}
[09/04/18, 17:23:26:001] info: Store: UPDATE_SESSION_STATUS
{
  "hasValidSession": true,
  "teamId": "TB9PVC95H"
}
[09/04/18, 17:23:27:009] info: Store: SELECT_CHANNEL CB9LFAP36
[09/04/18, 17:23:27:009] info: Store: UPDATE_TEAM_LOCALE
{
  "locale": "en-US",
  "teamId": "TB9PVC95H"
}
[09/04/18, 17:23:27:010] info: Store: UPDATE_TEAM_THEME
{
  "teamId": "TB9PVC95H",
  "theme": {
    "active_item": "#F79F66",
    "active_item_text": "#FFFFFF",
    "active_presence": "#F79F66",
    "badge": "#F15340",
    "column_bg": "#0D7E83",
    "hover_item": "#D37C71",
    "menu_bg": "#076570",
    "text_color": "#FFFFFF"
  }
}
[09/04/18, 17:23:27:166] info: postLoadTaskSetup: Desktop client fully loaded
{
  "loadedTime": 21670319.42533
}
[09/04/18, 17:23:27:374] info: Store: UPDATE_TEAM_ICONS
{
  "icons": {
    "image_102": "https://slack-files2.s3-us-west-2.amazonaws.com/avatars/2018-06-19/383369855361_565ff4439cdcd8979080_102.png",
    "image_132": "https://slack-files2.s3-us-west-2.amazonaws.com/avatars/2018-06-19/383369855361_565ff4439cdcd8979080_132.png",
    "image_230": "https://slack-files2.s3-us-west-2.amazonaws.com/avatars/2018-06-19/383369855361_565ff4439cdcd8979080_230.png",
    "image_34": "https://slack-files2.s3-us-west-2.amazonaws.com/avatars/2018-06-19/383369855361_565ff4439cdcd8979080_34.png",
    "image_44": "https://slack-files2.s3-us-west-2.amazonaws.com/avatars/2018-06-19/383369855361_565ff4439cdcd8979080_44.png",
    "image_68": "https://slack-files2.s3-us-west-2.amazonaws.com/avatars/2018-06-19/383369855361_565ff4439cdcd8979080_68.png",
    "image_88": "https://slack-files2.s3-us-west-2.amazonaws.com/avatars/2018-06-19/383369855361_565ff4439cdcd8979080_88.png",
    "image_original": "https://slack-files2.s3-us-west-2.amazonaws.com/avatars/2018-06-19/383369855361_565ff4439cdcd8979080_original.png"
  },
  "teamId": "TB9PVC95H"
}
[09/04/18, 17:23:27:375] info: Store: UPDATE_TEAM_LOCALE
{
  "locale": "en-US",
  "teamId": "TB9PVC95H"
}
[09/04/18, 17:23:27:376] info: Store: UPSERT_WEB_CONTENTS
{
  "id": 54,
  "state": "webapp-loaded",
  "teamId": "TB9PVC95H"
}
[09/04/18, 17:23:27:377] info: Store: UPDATE_SETTINGS
{
  "sandboxSigninWindow": true
}
[09/04/18, 17:23:27:467] info: Store: STORE_ENTERPRISE_ID_PAIR
{
  "enterpriseId": null,
  "teamId": "TB9PVC95H"
}
[09/04/18, 17:23:27:807] info: postLoadTaskSetup: Setup spellchecker
{
  "version": "V1"
}
[09/04/18, 17:23:29:705] info: Unloading spellchecker
[09/04/18, 17:23:29:732] info: Store: MAIN_WINDOW_FOCUSED
[09/04/18, 17:23:29:877] info: Store: SELECT_TEAM T0253QGQ9
[09/04/18, 17:23:29:886] info: Unloading spellchecker
[09/04/18, 17:23:29:892] info: Unloading spellchecker
[09/04/18, 17:23:30:882] info: Store: MAIN_WINDOW_FOCUSED
[09/04/18, 17:23:31:061] info: Store: SELECT_TEAM T0EHMQ4HM
[09/04/18, 17:23:32:704] info: Store: SELECT_CHANNEL C0EK0UKB6
[09/04/18, 17:23:33:661] info: Couldn't get hint text from messages in channel: Failed to fetch recent messages
[09/04/18, 17:23:44:662] info: Couldn't get hint text from messages in channel: Failed to fetch recent messages
[09/04/18, 17:23:47:233] info: Store: MAIN_WINDOW_FOCUSED
[09/04/18, 17:23:47:412] info: Store: SELECT_TEAM T0253QGQ9
[09/04/18, 17:24:01:724] info: Store: SET_FULL_SCREEN
[09/04/18, 17:24:01:740] info: Store: SET_FULL_SCREEN
[09/04/18, 17:40:49:880] info: Store: SET_FULL_SCREEN
[09/04/18, 17:40:51:517] info: Store: SET_FULL_SCREEN
[09/04/18, 17:41:10:560] info: Store: SET_FULL_SCREEN
[09/04/18, 17:41:11:857] info: Store: SET_FULL_SCREEN
[09/04/18, 17:42:44:854] info: Store: SET_FULL_SCREEN
[09/04/18, 17:42:50:658] info: Store: MAIN_WINDOW_FOCUSED
[09/04/18, 17:42:50:660] info: Store: SET_FULL_SCREEN
[09/04/18, 17:42:51:244] info: Store: MAIN_WINDOW_FOCUSED
[09/04/18, 17:42:51:421] info: Store: SELECT_TEAM T0EHMQ4HM
[09/04/18, 17:43:04:709] info: Store: SELECT_CHANNEL C2T0GPE6T
[09/04/18, 17:43:12:347] info: Store: SELECT_CHANNEL C0EHJUUEP
[09/04/18, 17:45:00:821] info: Store: MAIN_WINDOW_FOCUSED
[09/04/18, 17:45:00:998] info: Store: SELECT_TEAM T0253QGQ9
[09/04/18, 17:45:02:116] info: Store: SET_FULL_SCREEN
[09/04/18, 17:45:02:125] info: Store: SET_FULL_SCREEN
[09/04/18, 17:45:05:765] info: Store: SET_FULL_SCREEN
[09/04/18, 17:45:05:770] info: Store: SET_FULL_SCREEN
[09/04/18, 17:45:07:691] info: Store: MAIN_WINDOW_FOCUSED
[09/04/18, 17:45:07:871] info: Store: SELECT_TEAM T0EHMQ4HM
[09/04/18, 17:45:57:696] info: Store: MAIN_WINDOW_FOCUSED
[09/04/18, 17:45:57:875] info: Store: SELECT_TEAM T0253QGQ9
[09/04/18, 17:45:59:729] info: Store: SET_FULL_SCREEN
[09/04/18, 17:45:59:743] info: Store: SET_FULL_SCREEN
[09/04/18, 17:55:20:446] info: Store: NEW_NOTIFICATION
{
  "authorName": "[REDACTED]",
  "avatarImage": "[REDACTED]",
  "channel": "DC2KQ59BK",
  "channelName": "[REDACTED]",
  "content": "[REDACTED]",
  "id": "14LEtnsXgJY6JAg",
  "launchUri": "slack://channel?id=DC2KQ59BK&message=1536051320.000100&team=T0253QGQ9",
  "msg": "[REDACTED]",
  "silent": true,
  "subtitle": "",
  "teamId": "T0253QGQ9",
  "title": "[REDACTED]"
}
[09/04/18, 18:21:38:844] info: Store: NEW_NOTIFICATION
{
  "authorName": "[REDACTED]",
  "avatarImage": "[REDACTED]",
  "channel": "DC2KQ59BK",
  "channelName": "[REDACTED]",
  "content": "[REDACTED]",
  "id": "9gWGUYtOy61ZGYW",
  "launchUri": "slack://channel?id=DC2KQ59BK&message=1536052898.000100&team=T0253QGQ9",
  "msg": "[REDACTED]",
  "silent": true,
  "subtitle": "",
  "teamId": "T0253QGQ9",
  "title": "[REDACTED]"
}
[09/04/18, 18:31:39:631] info: Store: SET_FULL_SCREEN
[09/04/18, 18:31:39:637] info: Store: SET_FULL_SCREEN
[09/04/18, 18:31:43:968] info: Store: SET_FULL_SCREEN
[09/04/18, 18:31:44:962] info: Store: SAVE_WINDOW_SETTINGS
{
  "isMaximized": false,
  "position": [
    574,
    286
  ],
  "size": [
    1024,
    768
  ]
}
[09/04/18, 18:31:47:521] info: Store: FOREGROUND_APP
[09/04/18, 18:31:47:566] info: Store: SET_FULL_SCREEN
[09/04/18, 18:31:47:577] info: Store: SET_FULL_SCREEN
[09/04/18, 18:31:47:586] info: Store: SET_FULL_SCREEN
[09/04/18, 18:31:47:594] info: Store: MAIN_WINDOW_FOCUSED
[09/04/18, 18:31:48:568] info: Store: SAVE_WINDOW_SETTINGS
{
  "isMaximized": false,
  "position": [
    575,
    311
  ],
  "size": [
    1024,
    768
  ]
}
[09/04/18, 18:31:49:113] info: Store: MAIN_WINDOW_FOCUSED
[09/04/18, 18:31:49:289] info: Store: SELECT_TEAM TB47MRNBZ
[09/04/18, 18:31:58:468] info: Store: SET_FULL_SCREEN
[09/04/18, 18:31:59:463] info: Store: SAVE_WINDOW_SETTINGS
{
  "isMaximized": false,
  "position": [
    574,
    286
  ],
  "size": [
    1024,
    768
  ]
}
[09/04/18, 18:31:59:873] info: Store: NEW_NOTIFICATION
{
  "authorName": "[REDACTED]",
  "avatarImage": "[REDACTED]",
  "channel": "CB47MRRTR",
  "channelName": "[REDACTED]",
  "content": "[REDACTED]",
  "id": "X6PQCnhk1l9W0Lj",
  "launchUri": "slack://channel?id=CB47MRRTR&message=1536053519.000100&team=TB47MRNBZ",
  "msg": "[REDACTED]",
  "silent": true,
  "subtitle": "",
  "teamId": "TB47MRNBZ",
  "title": "[REDACTED]"
}
[09/04/18, 18:32:01:196] info: Store: NEW_NOTIFICATION
{
  "authorName": "[REDACTED]",
  "avatarImage": "[REDACTED]",
  "channel": "CB47MRRTR",
  "channelName": "[REDACTED]",
  "content": "[REDACTED]",
  "id": "VmWvt2iJwKk5lLn",
  "launchUri": "slack://channel?id=CB47MRRTR&message=1536053521.000100&team=TB47MRNBZ",
  "msg": "[REDACTED]",
  "silent": true,
  "subtitle": "",
  "teamId": "TB47MRNBZ",
  "title": "[REDACTED]"
}
[09/04/18, 18:32:03:682] info: Store: QUIT_APP
[09/04/18, 18:32:03:687] info: Store: UPDATE_TEAM_USAGE
{
  "T0253QGQ9": 25496360,
  "T031FNTUT": 16170,
  "T0EHMQ4HM": 226561,
  "TB47MRNBZ": 32682,
  "TB9PVC95H": 9031
}
[09/04/18, 18:32:03:705] info: Store: REMOVE_WINDOW 2
[09/04/18, 18:32:03:725] info: Store: QUIT_APP
[09/04/18, 18:32:04:157] info: Store: QUIT_APP
[09/07/18, 19:02:02:551] info: ╔═════════════════════════════════════════════════════════════════════════════════╗
[09/07/18, 19:02:02:552] info: ║      Slack 3.3.1, linux 4.10.0-38-generic on x64 at 09/07/18, 19:02:02:548      ║
[09/07/18, 19:02:02:552] info: ╚═════════════════════════════════════════════════════════════════════════════════╝
[09/07/18, 19:02:02:654] info: Initializing local storage instance at path: /home/nozomi/dotfiles/.config/Slack/local-settings.json
[09/07/18, 19:02:03:100] info: cld3::loadModule: loading cld3 module
[09/07/18, 19:02:03:131] info: cld3Loader::loadModule: running environment is NODE
[09/07/18, 19:02:03:131] info: cld3Loader::loadModule: constructed module object for runtime
[09/07/18, 19:02:03:228] info: cld3Loader::initializeRuntime: successfully initialized module
[09/07/18, 19:02:03:228] info: cld3Loader::loadModule: initialized wasm binary Runtime
[09/07/18, 19:02:03:235] info: SpellChecker:: updateSpellcheckerLanguage: Skip to set new language null, v2 spellchecker is not available
[09/07/18, 19:02:03:250] info: Main window preload script finished
{
  "readyTime": 1029.48234
}
[09/07/18, 19:02:05:401] info: Store: UPSERT_WEB_CONTENTS
{
  "id": 6,
  "state": "loaded",
  "teamId": "TB9PVC95H"
}
[09/07/18, 19:02:05:709] info: Store: UPDATE_SESSION_STATUS
{
  "hasValidSession": true,
  "teamId": "TB9PVC95H"
}
[09/07/18, 19:02:06:287] info: Skipping request to provide hint content for channel for spellchecker
{
  "version": "V2"
}
[09/07/18, 19:02:06:984] info: postLoadTaskSetup: Desktop client fully loaded
{
  "loadedTime": 13969451.097819
}
[09/07/18, 19:02:07:077] info: Store: SELECT_CHANNEL CB9LFAP36
[09/07/18, 19:02:07:077] info: Store: UPDATE_TEAM_LOCALE
{
  "locale": "en-US",
  "teamId": "TB9PVC95H"
}
[09/07/18, 19:02:07:080] info: Store: UPDATE_TEAM_THEME
{
  "teamId": "TB9PVC95H",
  "theme": {
    "active_item": "#F79F66",
    "active_item_text": "#FFFFFF",
    "active_presence": "#F79F66",
    "badge": "#F15340",
    "column_bg": "#0D7E83",
    "hover_item": "#D37C71",
    "menu_bg": "#076570",
    "text_color": "#FFFFFF"
  }
}
[09/07/18, 19:02:07:109] info: Store: SET_FULL_SCREEN
[09/07/18, 19:02:07:109] info: Store: SET_FULL_SCREEN
[09/07/18, 19:02:07:291] info: Store: UPDATE_TEAM_ICONS
{
  "icons": {
    "image_102": "https://slack-files2.s3-us-west-2.amazonaws.com/avatars/2018-06-19/383369855361_565ff4439cdcd8979080_102.png",
    "image_132": "https://slack-files2.s3-us-west-2.amazonaws.com/avatars/2018-06-19/383369855361_565ff4439cdcd8979080_132.png",
    "image_230": "https://slack-files2.s3-us-west-2.amazonaws.com/avatars/2018-06-19/383369855361_565ff4439cdcd8979080_230.png",
    "image_34": "https://slack-files2.s3-us-west-2.amazonaws.com/avatars/2018-06-19/383369855361_565ff4439cdcd8979080_34.png",
    "image_44": "https://slack-files2.s3-us-west-2.amazonaws.com/avatars/2018-06-19/383369855361_565ff4439cdcd8979080_44.png",
    "image_68": "https://slack-files2.s3-us-west-2.amazonaws.com/avatars/2018-06-19/383369855361_565ff4439cdcd8979080_68.png",
    "image_88": "https://slack-files2.s3-us-west-2.amazonaws.com/avatars/2018-06-19/383369855361_565ff4439cdcd8979080_88.png",
    "image_original": "https://slack-files2.s3-us-west-2.amazonaws.com/avatars/2018-06-19/383369855361_565ff4439cdcd8979080_original.png"
  },
  "teamId": "TB9PVC95H"
}
[09/07/18, 19:02:07:292] info: Store: UPDATE_TEAM_LOCALE
{
  "locale": "en-US",
  "teamId": "TB9PVC95H"
}
[09/07/18, 19:02:07:292] info: Store: UPSERT_WEB_CONTENTS
{
  "id": 6,
  "state": "webapp-loaded",
  "teamId": "TB9PVC95H"
}
[09/07/18, 19:02:07:295] info: Store: UPDATE_SETTINGS
{
  "sandboxSigninWindow": true
}
[09/07/18, 19:02:07:340] info: Store: STORE_ENTERPRISE_ID_PAIR
{
  "enterpriseId": null,
  "teamId": "TB9PVC95H"
}
[09/07/18, 19:02:07:444] info: postLoadTaskSetup: Setup spellchecker
{
  "version": "V2"
}
[09/07/18, 19:02:07:455] info: loadAsmModule: loading hunspell-asm module
[09/07/18, 19:02:07:667] info: loadAsmModule: asm module loaded successfully
[09/07/18, 19:02:07:667] info: SpellChecker: Starting spellchecker with language detector
[09/07/18, 19:02:07:668] info: SpellChecker::enableSpellCheckerLanguageDetector: enable spellchecker language detector
[09/07/18, 19:02:07:668] info: SpellChecker::startWithDictionary: Starting language detector with preloaded dict from last used language en
[09/07/18, 19:02:07:738] info: SpellChecker::spellgetLanguageRegionCode: found region supported language
{
  "code": "en"
}
[09/07/18, 19:02:07:738] warn: SpellChecker::getLanguageRegionCode: navigator does not contain available region, return default value
{
  "code": "en-us"
}
[09/07/18, 19:02:07:738] info: download: downloading dictionary for 'en-us'
[09/07/18, 19:02:07:738] info: fetchResourceAsBuffer: downloading
{
  "filePath": "https://spellcheck.slack-edge.com/dictionaries/en-us/1/en-us.aff",
  "cachePolicy": "default"
}
[09/07/18, 19:02:08:517] info: fetchResourceAsBuffer: downloading
{
  "filePath": "https://spellcheck.slack-edge.com/dictionaries/en-us/1/en-us.dic",
  "cachePolicy": "default"
}
[09/07/18, 19:02:11:507] info: dictionaryDownloader: verifying hash
[09/07/18, 19:02:17:396] info: SpellChecker::downloadDictionary: Dictionary is ready for 
{
  "language": "en"
}
[09/07/18, 19:02:17:457] info: assignSpellchecker: spellCheckerTable added new checker for 'en'
[09/07/18, 19:02:17:459] info: SpellChecker::prepareDictionary: Dictionary buffer for 'en' is loaded into spellchecker
[09/07/18, 19:02:17:459] info: switchDictionary: switching dictionary to check spell from 'null' to 'en'
[09/07/18, 19:02:17:460] info: SpellChecker::switchDictionary: SpellChecker enabled for language
{
  "language": "en"
}
[09/07/18, 19:02:53:040] info: Store: SET_FULL_SCREEN
[09/07/18, 19:02:53:672] info: Store: SET_FULL_SCREEN
[09/07/18, 19:03:35:064] info: Store: SET_FULL_SCREEN
[09/07/18, 19:05:19:110] info: Store: FOREGROUND_APP
[09/07/18, 19:05:19:138] info: Store: SET_FULL_SCREEN
[09/07/18, 19:05:19:138] info: Store: SET_FULL_SCREEN
[09/07/18, 19:05:19:139] info: Store: SET_FULL_SCREEN
[09/07/18, 19:05:19:159] info: Store: SET_FULL_SCREEN
[09/07/18, 19:05:20:888] info: Store: MAIN_WINDOW_FOCUSED
[09/07/18, 19:05:21:019] info: Store: SELECT_TEAM T0253QGQ9
[09/07/18, 19:05:23:524] info: Store: MAIN_WINDOW_FOCUSED
[09/07/18, 19:05:38:041] info: Store: MAIN_WINDOW_FOCUSED
[09/07/18, 19:05:38:219] info: Store: SELECT_TEAM TB47MRNBZ
[09/07/18, 19:05:55:784] info: Store: MAIN_WINDOW_FOCUSED
[09/07/18, 19:05:55:910] info: Store: SELECT_TEAM T0253QGQ9
[09/07/18, 19:06:16:657] info: Store: SET_FULL_SCREEN
[09/07/18, 19:06:16:662] info: Store: SET_FULL_SCREEN
[09/07/18, 19:10:13:619] info: Store: SET_FULL_SCREEN
[09/07/18, 19:10:13:622] info: Store: SET_FULL_SCREEN
[09/07/18, 19:10:15:240] info: Store: SET_FULL_SCREEN
[09/07/18, 19:10:15:252] info: Store: SET_FULL_SCREEN
[09/07/18, 19:11:37:987] info: Store: SET_FULL_SCREEN
[09/07/18, 19:11:37:996] info: Store: SET_FULL_SCREEN
[09/07/18, 19:11:50:565] info: Store: MAIN_WINDOW_FOCUSED
[09/07/18, 19:11:50:745] info: Store: SELECT_TEAM TB47MRNBZ
[09/07/18, 19:12:03:525] info: Store: SET_FULL_SCREEN
[09/07/18, 19:12:03:533] info: Store: SET_FULL_SCREEN
[09/07/18, 19:12:05:625] info: Store: SET_FULL_SCREEN
[09/07/18, 19:12:05:630] info: Store: SET_FULL_SCREEN
[09/07/18, 19:12:06:274] info: Store: SET_FULL_SCREEN
[09/07/18, 19:12:06:288] info: Store: SET_FULL_SCREEN
[09/07/18, 19:12:37:382] info: Store: SET_FULL_SCREEN
[09/07/18, 19:12:37:390] info: Store: SET_FULL_SCREEN
[09/07/18, 19:12:49:703] info: Store: MAIN_WINDOW_FOCUSED
[09/07/18, 19:12:49:884] info: Store: SELECT_TEAM T0253QGQ9
[09/07/18, 19:12:53:966] info: Store: SET_FULL_SCREEN
[09/07/18, 19:14:42:159] info: Store: SET_FULL_SCREEN
[09/07/18, 19:14:46:905] info: Store: SET_FULL_SCREEN
[09/07/18, 19:19:29:604] info: Store: SET_FULL_SCREEN
[09/07/18, 19:19:39:040] info: Store: NEW_NOTIFICATION
{
  "authorName": "[REDACTED]",
  "avatarImage": "[REDACTED]",
  "channel": "CB47MRRTR",
  "channelName": "[REDACTED]",
  "content": "[REDACTED]",
  "id": "pQXDc7FGnoMVL6z",
  "launchUri": "slack://channel?id=CB47MRRTR&message=1536315578.000100&team=TB47MRNBZ",
  "msg": "[REDACTED]",
  "silent": true,
  "subtitle": "",
  "teamId": "TB47MRNBZ",
  "title": "[REDACTED]"
}
[09/07/18, 19:20:12:090] info: Store: SET_FULL_SCREEN
[09/07/18, 19:20:13:264] info: Store: SET_FULL_SCREEN
[09/07/18, 19:20:13:869] info: Store: SET_FULL_SCREEN
[09/07/18, 19:20:17:869] info: Store: SET_FULL_SCREEN
[09/07/18, 19:20:19:044] info: Store: SET_FULL_SCREEN
[09/07/18, 19:20:24:606] info: Store: SET_FULL_SCREEN
[09/07/18, 19:20:25:226] info: Store: SET_FULL_SCREEN
[09/07/18, 19:20:28:358] info: Store: SET_FULL_SCREEN
[09/07/18, 19:20:28:745] info: Store: SET_FULL_SCREEN
[09/07/18, 19:20:43:094] info: Store: SET_FULL_SCREEN
[09/07/18, 19:20:43:493] info: Store: SET_FULL_SCREEN
[09/07/18, 19:20:46:562] info: Store: FOREGROUND_APP
[09/07/18, 19:20:46:573] info: Store: SET_FULL_SCREEN
[09/07/18, 19:20:46:578] info: Store: SET_FULL_SCREEN
[09/07/18, 19:20:46:578] info: Store: SET_FULL_SCREEN
[09/07/18, 19:20:46:585] info: Store: SET_FULL_SCREEN
[09/07/18, 19:20:46:621] info: Store: SET_FULL_SCREEN
[09/07/18, 19:20:57:001] info: Store: SET_FULL_SCREEN
[09/07/18, 19:20:57:013] info: Store: MAIN_WINDOW_FOCUSED
[09/07/18, 19:20:57:994] info: Store: SAVE_WINDOW_SETTINGS
{
  "isMaximized": false,
  "position": [
    575,
    130
  ],
  "size": [
    1024,
    768
  ]
}
[09/07/18, 19:20:58:653] info: Store: MAIN_WINDOW_FOCUSED
[09/07/18, 19:21:07:067] info: Store: MAIN_WINDOW_FOCUSED
[09/07/18, 19:21:07:247] info: Store: SELECT_TEAM TB47MRNBZ
[09/07/18, 19:21:52:310] info: Store: SET_FULL_SCREEN
[09/07/18, 19:21:52:322] info: Store: SET_FULL_SCREEN
[09/07/18, 19:21:56:659] info: Store: SET_FULL_SCREEN
[09/07/18, 19:21:56:662] info: Store: SET_FULL_SCREEN
[09/07/18, 19:22:29:071] info: Store: MAIN_WINDOW_FOCUSED
[09/07/18, 19:22:36:374] info: Store: SET_FULL_SCREEN
[09/07/18, 19:22:40:711] info: Store: SET_FULL_SCREEN
[09/07/18, 19:22:52:017] info: Store: SET_FULL_SCREEN
[09/07/18, 19:22:52:907] info: Store: SET_FULL_SCREEN
[09/07/18, 19:22:54:015] info: Store: SET_FULL_SCREEN
[09/07/18, 19:22:56:378] info: Store: SET_FULL_SCREEN
[09/07/18, 19:23:00:489] info: Store: SET_FULL_SCREEN
[09/07/18, 19:23:01:425] info: Store: SET_FULL_SCREEN
[09/07/18, 19:23:58:724] info: Store: NEW_NOTIFICATION
{
  "authorName": "[REDACTED]",
  "avatarImage": "[REDACTED]",
  "channel": "CB47MRRTR",
  "channelName": "[REDACTED]",
  "content": "[REDACTED]",
  "id": "jqOwtOH7l6vprVo",
  "launchUri": "slack://channel?id=CB47MRRTR&message=1536315838.000100&team=TB47MRNBZ",
  "msg": "[REDACTED]",
  "silent": true,
  "subtitle": "",
  "teamId": "TB47MRNBZ",
  "title": "[REDACTED]"
}
[09/07/18, 19:24:19:573] info: Store: NEW_NOTIFICATION
{
  "authorName": "[REDACTED]",
  "avatarImage": "[REDACTED]",
  "channel": "CB47MRRTR",
  "channelName": "[REDACTED]",
  "content": "[REDACTED]",
  "id": "9QLzcjIOyr9KZK6",
  "launchUri": "slack://channel?id=CB47MRRTR&message=1536315859.000100&team=TB47MRNBZ",
  "msg": "[REDACTED]",
  "silent": true,
  "subtitle": "",
  "teamId": "TB47MRNBZ",
  "title": "[REDACTED]"
}
[09/07/18, 19:24:37:372] info: Store: NEW_NOTIFICATION
{
  "authorName": "[REDACTED]",
  "avatarImage": "[REDACTED]",
  "channel": "CB47MRRTR",
  "channelName": "[REDACTED]",
  "content": "[REDACTED]",
  "id": "4RYrs4SWn1w8QPX",
  "launchUri": "slack://channel?id=CB47MRRTR&message=1536315877.000100&team=TB47MRNBZ",
  "msg": "[REDACTED]",
  "silent": true,
  "subtitle": "",
  "teamId": "TB47MRNBZ",
  "title": "[REDACTED]"
}
[09/07/18, 19:25:01:183] info: Store: SET_FULL_SCREEN
[09/07/18, 19:25:03:494] info: Store: FOREGROUND_APP
[09/07/18, 19:25:03:508] info: Store: SET_FULL_SCREEN
[09/07/18, 19:25:11:614] info: Store: SET_FULL_SCREEN
[09/07/18, 19:25:11:624] info: Store: SET_FULL_SCREEN
[09/07/18, 19:25:27:084] info: Store: NEW_NOTIFICATION
{
  "authorName": "[REDACTED]",
  "avatarImage": "[REDACTED]",
  "channel": "CB47MRRTR",
  "channelName": "[REDACTED]",
  "content": "[REDACTED]",
  "id": "VP0DFnTJwpY5LrL",
  "launchUri": "slack://channel?id=CB47MRRTR&message=1536315926.000200&team=TB47MRNBZ",
  "msg": "[REDACTED]",
  "silent": true,
  "subtitle": "",
  "teamId": "TB47MRNBZ",
  "title": "[REDACTED]"
}
[09/07/18, 19:26:32:267] info: Store: SET_FULL_SCREEN
[09/07/18, 19:26:32:277] info: Store: SET_FULL_SCREEN
[09/07/18, 19:26:46:118] info: Store: SET_FULL_SCREEN
[09/07/18, 19:26:46:134] info: Store: SET_FULL_SCREEN
[09/07/18, 19:27:07:574] info: Store: SET_FULL_SCREEN
[09/07/18, 19:27:07:577] info: Store: SET_FULL_SCREEN
[09/07/18, 19:27:10:212] info: Store: SET_FULL_SCREEN
[09/07/18, 19:27:10:218] info: Store: SET_FULL_SCREEN
[09/07/18, 19:27:29:156] info: Store: NEW_NOTIFICATION
{
  "authorName": "[REDACTED]",
  "avatarImage": "[REDACTED]",
  "channel": "CB47MRRTR",
  "channelName": "[REDACTED]",
  "content": "[REDACTED]",
  "id": "qYMEsgUEGxA1jog",
  "launchUri": "slack://channel?id=CB47MRRTR&message=1536316048.000100&team=TB47MRNBZ",
  "msg": "[REDACTED]",
  "silent": true,
  "subtitle": "",
  "teamId": "TB47MRNBZ",
  "title": "[REDACTED]"
}
[09/07/18, 19:27:31:969] info: Store: SET_FULL_SCREEN
[09/07/18, 19:27:31:981] info: Store: SET_FULL_SCREEN
[09/07/18, 19:27:51:067] info: Store: SET_FULL_SCREEN
[09/07/18, 19:27:51:080] info: Store: SET_FULL_SCREEN
[09/07/18, 19:27:52:796] info: Store: SET_FULL_SCREEN
[09/07/18, 19:27:52:811] info: Store: SET_FULL_SCREEN
[09/07/18, 19:28:21:315] info: Store: SET_FULL_SCREEN
[09/07/18, 19:28:21:331] info: Store: SET_FULL_SCREEN
[09/07/18, 19:28:22:159] info: Store: SET_FULL_SCREEN
[09/07/18, 19:28:22:178] info: Store: SET_FULL_SCREEN
[09/07/18, 19:28:48:328] info: Store: SET_FULL_SCREEN
[09/07/18, 19:28:48:339] info: Store: SET_FULL_SCREEN
[09/07/18, 19:29:03:081] info: Store: SET_FULL_SCREEN
[09/07/18, 19:29:03:086] info: Store: SET_FULL_SCREEN
[09/07/18, 19:30:01:049] info: Store: SET_FULL_SCREEN
[09/07/18, 19:30:01:058] info: Store: SET_FULL_SCREEN
[09/07/18, 19:30:05:024] info: Store: SET_FULL_SCREEN
[09/07/18, 19:30:05:028] info: Store: SET_FULL_SCREEN
[09/07/18, 19:30:08:372] info: Store: SET_FULL_SCREEN
[09/07/18, 19:31:01:268] info: Store: MAIN_WINDOW_FOCUSED
[09/07/18, 19:31:01:272] info: Store: SET_FULL_SCREEN
[09/07/18, 19:31:02:257] info: Store: SAVE_WINDOW_SETTINGS
{
  "isMaximized": false,
  "position": [
    575,
    130
  ],
  "size": [
    1024,
    768
  ]
}
[09/07/18, 19:31:10:465] info: Store: MAIN_WINDOW_FOCUSED
[09/07/18, 19:31:10:642] info: Store: SELECT_TEAM T0253QGQ9
[09/07/18, 19:31:13:095] info: Store: MAIN_WINDOW_FOCUSED
[09/07/18, 19:31:13:275] info: Store: SELECT_TEAM TB47MRNBZ
[09/07/18, 19:31:17:004] info: Store: SELECT_CHANNEL CB61C5Z35
[09/07/18, 19:31:19:566] info: Store: SELECT_CHANNEL CB47MRRTR
[09/07/18, 19:32:15:038] info: Store: MAIN_WINDOW_FOCUSED
[09/07/18, 19:32:15:218] info: Store: SELECT_TEAM T0253QGQ9
[09/07/18, 19:32:27:203] info: Store: MAIN_WINDOW_FOCUSED
[09/07/18, 19:32:29:762] info: Store: SET_FULL_SCREEN
[09/07/18, 19:32:30:463] info: Store: SET_FULL_SCREEN
[09/07/18, 19:32:30:467] info: Store: MAIN_WINDOW_FOCUSED
[09/07/18, 19:32:31:461] info: Store: SAVE_WINDOW_SETTINGS
{
  "isMaximized": false,
  "position": [
    575,
    130
  ],
  "size": [
    1024,
    768
  ]
}
[09/07/18, 19:32:34:319] info: Store: SELECT_PREVIOUS_TEAM
[09/07/18, 19:32:35:532] info: Store: SELECT_PREVIOUS_TEAM
[09/07/18, 19:32:37:786] info: Store: SELECT_NEXT_TEAM
[09/07/18, 19:32:38:936] info: Store: SET_FULL_SCREEN
[09/07/18, 19:32:38:937] info: Store: SET_FULL_SCREEN
[09/07/18, 19:32:41:850] info: Store: SET_FULL_SCREEN
[09/07/18, 19:32:42:273] info: Store: SET_FULL_SCREEN
[09/07/18, 19:32:43:910] info: Store: SET_FULL_SCREEN
[09/07/18, 19:32:43:913] info: Store: SET_FULL_SCREEN
[09/07/18, 19:32:45:303] info: Store: SELECT_NEXT_TEAM
[09/07/18, 19:32:47:427] info: Store: SELECT_PREVIOUS_TEAM
[09/07/18, 19:32:47:671] info: Store: SELECT_PREVIOUS_TEAM
[09/07/18, 19:32:53:031] info: Store: SET_FULL_SCREEN
[09/07/18, 19:32:53:052] info: Store: SET_FULL_SCREEN
[09/07/18, 19:32:58:760] info: Store: SET_FULL_SCREEN
[09/07/18, 19:32:58:766] info: Store: SET_FULL_SCREEN
[09/07/18, 19:33:08:728] info: Store: SET_FULL_SCREEN
[09/07/18, 19:33:08:731] info: Store: SET_FULL_SCREEN
[09/07/18, 19:33:11:751] info: Store: NEW_NOTIFICATION
{
  "authorName": "[REDACTED]",
  "avatarImage": "[REDACTED]",
  "channel": "CB47MRRTR",
  "channelName": "[REDACTED]",
  "content": "[REDACTED]",
  "id": "YvlJFEcVmk5lWwy",
  "launchUri": "slack://channel?id=CB47MRRTR&message=1536316391.000100&team=TB47MRNBZ",
  "msg": "[REDACTED]",
  "silent": true,
  "subtitle": "",
  "teamId": "TB47MRNBZ",
  "title": "[REDACTED]"
}
[09/07/18, 19:33:14:319] info: Store: SET_FULL_SCREEN
[09/07/18, 19:33:14:331] info: Store: SET_FULL_SCREEN
[09/07/18, 19:33:35:646] info: Store: SET_FULL_SCREEN
[09/07/18, 19:33:35:657] info: Store: SET_FULL_SCREEN
[09/07/18, 19:33:40:580] info: Store: NEW_NOTIFICATION
{
  "authorName": "[REDACTED]",
  "avatarImage": "[REDACTED]",
  "channel": "CB47MRRTR",
  "channelName": "[REDACTED]",
  "content": "[REDACTED]",
  "id": "rRMGsEfyWMAOkjn",
  "launchUri": "slack://channel?id=CB47MRRTR&message=1536316420.000100&team=TB47MRNBZ",
  "msg": "[REDACTED]",
  "silent": true,
  "subtitle": "",
  "teamId": "TB47MRNBZ",
  "title": "[REDACTED]"
}
[09/07/18, 19:33:46:789] info: Store: SET_FULL_SCREEN
[09/07/18, 19:33:46:799] info: Store: SET_FULL_SCREEN
[09/07/18, 19:34:12:348] info: Store: SET_FULL_SCREEN
[09/07/18, 19:34:12:360] info: Store: SET_FULL_SCREEN
[09/07/18, 19:34:53:613] info: Store: SET_FULL_SCREEN
[09/07/18, 19:34:53:619] info: Store: SET_FULL_SCREEN
[09/07/18, 19:34:57:822] info: Store: MAIN_WINDOW_FOCUSED
[09/07/18, 19:34:58:451] info: Store: MAIN_WINDOW_FOCUSED
[09/07/18, 19:34:58:628] info: Store: SELECT_TEAM T031FNTUT
[09/07/18, 19:35:00:643] info: Store: MAIN_WINDOW_FOCUSED
[09/07/18, 19:35:00:826] info: Store: SELECT_TEAM TB47MRNBZ
[09/07/18, 19:35:01:746] info: Store: MAIN_WINDOW_FOCUSED
[09/07/18, 19:35:01:924] info: Store: SELECT_TEAM T0253QGQ9
[09/07/18, 19:35:02:806] info: Store: MAIN_WINDOW_FOCUSED
[09/07/18, 19:35:02:985] info: Store: SELECT_TEAM TB9PVC95H
[09/07/18, 19:35:03:883] info: Store: MAIN_WINDOW_FOCUSED
[09/07/18, 19:35:04:023] info: Store: SELECT_TEAM TB47MRNBZ
[09/07/18, 19:35:04:627] info: Store: MAIN_WINDOW_FOCUSED
[09/07/18, 19:35:04:805] info: Store: SELECT_TEAM T031FNTUT
[09/07/18, 19:35:11:014] info: Store: SELECT_CHANNEL CASGZGRSB
[09/07/18, 19:35:18:591] info: Store: SELECT_CHANNEL C9Z4BU1C2
[09/07/18, 19:35:24:282] info: Store: MAIN_WINDOW_FOCUSED
[09/07/18, 19:35:24:461] info: Store: SELECT_TEAM T0253QGQ9
[09/07/18, 19:35:26:027] info: Store: SET_FULL_SCREEN
[09/07/18, 19:35:26:042] info: Store: SET_FULL_SCREEN
[09/07/18, 19:36:00:496] info: Store: SET_FULL_SCREEN
[09/07/18, 19:36:01:588] info: Store: SET_FULL_SCREEN
[09/07/18, 19:38:48:442] info: Store: SET_FULL_SCREEN
[09/07/18, 19:38:48:447] info: Store: SET_FULL_SCREEN
[09/07/18, 19:38:51:886] info: Store: SET_FULL_SCREEN
[09/07/18, 19:38:52:872] info: Store: SET_FULL_SCREEN
[09/07/18, 19:38:53:669] info: Store: SET_FULL_SCREEN
[09/07/18, 19:38:53:687] info: Store: SET_FULL_SCREEN
[09/07/18, 19:44:47:149] info: Store: SET_FULL_SCREEN
[09/07/18, 19:44:47:160] info: Store: SET_FULL_SCREEN
[09/07/18, 19:44:47:730] info: Store: SET_FULL_SCREEN
[09/07/18, 19:44:47:748] info: Store: SET_FULL_SCREEN
[09/07/18, 19:44:48:199] info: Store: SET_FULL_SCREEN
[09/07/18, 19:44:48:213] info: Store: SET_FULL_SCREEN
[09/07/18, 19:44:52:322] info: Store: MAIN_WINDOW_FOCUSED
[09/07/18, 19:44:52:502] info: Store: SELECT_TEAM TB47MRNBZ
[09/07/18, 19:44:53:591] info: Store: MAIN_WINDOW_FOCUSED
[09/07/18, 19:44:53:773] info: Store: SELECT_TEAM TB9PVC95H
[09/07/18, 19:44:55:036] info: Store: MAIN_WINDOW_FOCUSED
[09/07/18, 19:44:55:174] info: Store: SELECT_TEAM TB47MRNBZ
[09/07/18, 19:45:37:562] info: Store: SET_FULL_SCREEN
[09/07/18, 19:45:37:574] info: Store: SET_FULL_SCREEN
[09/07/18, 19:49:24:448] info: Store: SET_SUSPEND_STATUS
[09/07/18, 19:49:24:462] error: Sep-7 19:49:24.462 SOCKET-MANAGER (TB9PVC95H) Closing socket because #4102: client is going to sleep
[09/07/18, 19:49:24:473] info: Store: SHUTDOWN_BACKGROUND_CLIENT
{
  "code": 4003,
  "teamId": "T0EHMQ4HM"
}
[09/07/18, 20:17:21:143] info: Store: SET_SUSPEND_STATUS true
[09/07/18, 20:17:21:150] info: Store: START_BACKGROUND_CLIENT
{
  "teamId": "T0EHMQ4HM",
  "token": "xoxs-⋯"
}
[09/07/18, 20:17:21:154] error: Sep-7 20:17:21.154 SOCKET-MANAGER (TB9PVC95H) Closing socket because #4108: unexpected socket closure
[09/07/18, 20:17:21:159] info: Store: BACKGROUND_CLIENT_ERROR
{
  "code": 4002,
  "teamId": "T0EHMQ4HM"
}
[09/07/18, 20:17:22:178] error: Sep-7 20:17:22.178 SOCKET-MANAGER (TB9PVC95H) Closing socket because #4108: unexpected socket closure
[09/07/18, 20:17:26:011] info: Store: UPDATE_TEAM_ICONS
{
  "icons": {
    "image_102": "https://slack-files2.s3-us-west-2.amazonaws.com/avatars/2016-05-12/42266573955_325ce791cc9957bfae5b_102.png",
    "image_132": "https://slack-files2.s3-us-west-2.amazonaws.com/avatars/2016-05-12/42266573955_325ce791cc9957bfae5b_132.png",
    "image_230": "https://slack-files2.s3-us-west-2.amazonaws.com/avatars/2016-05-12/42266573955_325ce791cc9957bfae5b_132.png",
    "image_34": "https://slack-files2.s3-us-west-2.amazonaws.com/avatars/2016-05-12/42266573955_325ce791cc9957bfae5b_34.png",
    "image_44": "https://slack-files2.s3-us-west-2.amazonaws.com/avatars/2016-05-12/42266573955_325ce791cc9957bfae5b_44.png",
    "image_68": "https://slack-files2.s3-us-west-2.amazonaws.com/avatars/2016-05-12/42266573955_325ce791cc9957bfae5b_68.png",
    "image_88": "https://slack-files2.s3-us-west-2.amazonaws.com/avatars/2016-05-12/42266573955_325ce791cc9957bfae5b_88.png",
    "image_original": "https://slack-files2.s3-us-west-2.amazonaws.com/avatars/2016-05-12/42266573955_325ce791cc9957bfae5b_original.png"
  },
  "teamId": "T031FNTUT"
}
[09/07/18, 20:17:26:059] info: Store: UPDATE_TEAM_ICONS
{
  "icons": {
    "image_102": "https://slack-files2.s3-us-west-2.amazonaws.com/avatars/2018-06-03/374893698933_72b5d36d5faee5d1ece8_102.png",
    "image_132": "https://slack-files2.s3-us-west-2.amazonaws.com/avatars/2018-06-03/374893698933_72b5d36d5faee5d1ece8_132.png",
    "image_230": "https://slack-files2.s3-us-west-2.amazonaws.com/avatars/2018-06-03/374893698933_72b5d36d5faee5d1ece8_230.png",
    "image_34": "https://slack-files2.s3-us-west-2.amazonaws.com/avatars/2018-06-03/374893698933_72b5d36d5faee5d1ece8_34.png",
    "image_44": "https://slack-files2.s3-us-west-2.amazonaws.com/avatars/2018-06-03/374893698933_72b5d36d5faee5d1ece8_44.png",
    "image_68": "https://slack-files2.s3-us-west-2.amazonaws.com/avatars/2018-06-03/374893698933_72b5d36d5faee5d1ece8_68.png",
    "image_88": "https://slack-files2.s3-us-west-2.amazonaws.com/avatars/2018-06-03/374893698933_72b5d36d5faee5d1ece8_88.png",
    "image_original": "https://slack-files2.s3-us-west-2.amazonaws.com/avatars/2018-06-03/374893698933_72b5d36d5faee5d1ece8_original.png"
  },
  "teamId": "T0253QGQ9"
}
[09/07/18, 20:17:26:129] info: Store: UPDATE_TEAM_LOCALE
{
  "locale": "en-US",
  "teamId": "T031FNTUT"
}
[09/07/18, 20:17:26:159] info: Store: START_BACKGROUND_CLIENT
{
  "teamId": "T0EHMQ4HM",
  "token": "xoxs-⋯"
}
[09/07/18, 20:17:26:278] info: Store: UPDATE_TEAM_LOCALE
{
  "locale": "en-US",
  "teamId": "T0253QGQ9"
}
[09/07/18, 20:17:26:331] info: Store: UPDATE_TEAM_ICONS
{
  "icons": {
    "image_102": "https://slack-files2.s3-us-west-2.amazonaws.com/avatars/2018-06-07/376989294276_dc48b88a894bc469a541_102.jpg",
    "image_132": "https://slack-files2.s3-us-west-2.amazonaws.com/avatars/2018-06-07/376989294276_dc48b88a894bc469a541_132.jpg",
    "image_230": "https://slack-files2.s3-us-west-2.amazonaws.com/avatars/2018-06-07/376989294276_dc48b88a894bc469a541_230.jpg",
    "image_34": "https://slack-files2.s3-us-west-2.amazonaws.com/avatars/2018-06-07/376989294276_dc48b88a894bc469a541_34.jpg",
    "image_44": "https://slack-files2.s3-us-west-2.amazonaws.com/avatars/2018-06-07/376989294276_dc48b88a894bc469a541_44.jpg",
    "image_68": "https://slack-files2.s3-us-west-2.amazonaws.com/avatars/2018-06-07/376989294276_dc48b88a894bc469a541_68.jpg",
    "image_88": "https://slack-files2.s3-us-west-2.amazonaws.com/avatars/2018-06-07/376989294276_dc48b88a894bc469a541_88.jpg",
    "image_original": "https://slack-files2.s3-us-west-2.amazonaws.com/avatars/2018-06-07/376989294276_dc48b88a894bc469a541_original.jpg"
  },
  "teamId": "TB47MRNBZ"
}
[09/07/18, 20:17:26:443] info: Store: UPDATE_TEAM_LOCALE
{
  "locale": "en-US",
  "teamId": "TB47MRNBZ"
}
[09/07/18, 20:17:27:235] info: Store: UPDATE_TEAM_ICONS
{
  "icons": {
    "image_102": "https://slack-files2.s3-us-west-2.amazonaws.com/avatars/2018-06-19/383369855361_565ff4439cdcd8979080_102.png",
    "image_132": "https://slack-files2.s3-us-west-2.amazonaws.com/avatars/2018-06-19/383369855361_565ff4439cdcd8979080_132.png",
    "image_230": "https://slack-files2.s3-us-west-2.amazonaws.com/avatars/2018-06-19/383369855361_565ff4439cdcd8979080_230.png",
    "image_34": "https://slack-files2.s3-us-west-2.amazonaws.com/avatars/2018-06-19/383369855361_565ff4439cdcd8979080_34.png",
    "image_44": "https://slack-files2.s3-us-west-2.amazonaws.com/avatars/2018-06-19/383369855361_565ff4439cdcd8979080_44.png",
    "image_68": "https://slack-files2.s3-us-west-2.amazonaws.com/avatars/2018-06-19/383369855361_565ff4439cdcd8979080_68.png",
    "image_88": "https://slack-files2.s3-us-west-2.amazonaws.com/avatars/2018-06-19/383369855361_565ff4439cdcd8979080_88.png",
    "image_original": "https://slack-files2.s3-us-west-2.amazonaws.com/avatars/2018-06-19/383369855361_565ff4439cdcd8979080_original.png"
  },
  "teamId": "TB9PVC95H"
}
[09/07/18, 20:17:27:236] info: Store: UPDATE_TEAM_LOCALE
{
  "locale": "en-US",
  "teamId": "TB9PVC95H"
}
[09/07/18, 20:19:20:211] info: Store: SET_FULL_SCREEN
[09/07/18, 20:19:20:229] info: Store: SET_FULL_SCREEN
[09/07/18, 20:19:22:586] info: Store: MAIN_WINDOW_FOCUSED
[09/07/18, 20:19:22:767] info: Store: SELECT_TEAM T0253QGQ9
[09/07/18, 20:19:25:299] info: Store: SET_FULL_SCREEN
[09/07/18, 20:19:26:300] info: Store: SAVE_WINDOW_SETTINGS
{
  "isMaximized": false,
  "position": [
    574,
    105
  ],
  "size": [
    1024,
    768
  ]
}
[09/07/18, 20:19:26:873] info: Store: FOREGROUND_APP
[09/07/18, 20:19:26:895] info: Store: SET_FULL_SCREEN
[09/07/18, 20:19:26:896] info: Store: SET_FULL_SCREEN
[09/07/18, 20:19:26:900] info: Store: MAIN_WINDOW_FOCUSED
[09/07/18, 20:19:26:903] info: Store: SET_FULL_SCREEN
[09/07/18, 20:19:27:897] info: Store: SAVE_WINDOW_SETTINGS
{
  "isMaximized": false,
  "position": [
    575,
    130
  ],
  "size": [
    1024,
    768
  ]
}
[09/07/18, 20:19:28:765] info: Store: SET_FULL_SCREEN
[09/07/18, 20:19:29:766] info: Store: SAVE_WINDOW_SETTINGS
{
  "isMaximized": false,
  "position": [
    574,
    105
  ],
  "size": [
    1024,
    768
  ]
}
[09/07/18, 20:19:32:562] info: Store: QUIT_APP
[09/07/18, 20:19:32:565] info: Store: UPDATE_TEAM_USAGE
{
  "T0253QGQ9": 6702204,
  "T031FNTUT": 21860,
  "TB47MRNBZ": 11672810,
  "TB9PVC95H": 211533
}
[09/07/18, 20:19:32:574] info: Store: REMOVE_WINDOW 2
[09/07/18, 20:19:32:578] info: Store: QUIT_APP
[09/07/18, 20:19:32:602] info: Store: QUIT_APP
[09/13/18, 20:45:10:988] info: ╔═════════════════════════════════════════════════════════════════════════════════╗
[09/13/18, 20:45:10:989] info: ║      Slack 3.3.1, linux 4.10.0-38-generic on x64 at 09/13/18, 20:45:10:986      ║
[09/13/18, 20:45:10:989] info: ╚═════════════════════════════════════════════════════════════════════════════════╝
[09/13/18, 20:45:11:079] info: Initializing local storage instance at path: /home/nozomi/dotfiles/.config/Slack/local-settings.json
[09/13/18, 20:45:11:413] info: cld3::loadModule: loading cld3 module
[09/13/18, 20:45:11:435] info: cld3Loader::loadModule: running environment is NODE
[09/13/18, 20:45:11:435] info: cld3Loader::loadModule: constructed module object for runtime
[09/13/18, 20:45:11:600] info: cld3Loader::initializeRuntime: successfully initialized module
[09/13/18, 20:45:11:601] info: cld3Loader::loadModule: initialized wasm binary Runtime
[09/13/18, 20:45:11:637] info: SpellChecker:: updateSpellcheckerLanguage: Skip to set new language null, v2 spellchecker is not available
[09/13/18, 20:45:11:704] info: Main window preload script finished
{
  "readyTime": 929.702696
}
[09/13/18, 20:45:13:389] info: Store: MAIN_WINDOW_FOCUSED
[09/13/18, 20:45:13:392] info: Store: SELECT_TEAM TB47MRNBZ
[09/13/18, 20:45:13:688] info: Store: UPSERT_WEB_CONTENTS
{
  "id": 6,
  "state": "loaded",
  "teamId": "TB9PVC95H"
}
[09/13/18, 20:45:14:049] info: Store: UPDATE_SESSION_STATUS
{
  "hasValidSession": true,
  "teamId": "TB9PVC95H"
}
[09/13/18, 20:45:14:843] info: Skipping request to provide hint content for channel for spellchecker
{
  "version": "V2"
}
[09/13/18, 20:45:15:001] info: Store: SELECT_CHANNEL CB9LFAP36
[09/13/18, 20:45:15:001] info: Store: UPDATE_TEAM_LOCALE
{
  "locale": "en-US",
  "teamId": "TB9PVC95H"
}
[09/13/18, 20:45:15:001] info: Store: UPDATE_TEAM_THEME
{
  "teamId": "TB9PVC95H",
  "theme": {
    "active_item": "#F79F66",
    "active_item_text": "#FFFFFF",
    "active_presence": "#F79F66",
    "badge": "#F15340",
    "column_bg": "#0D7E83",
    "hover_item": "#D37C71",
    "menu_bg": "#076570",
    "text_color": "#FFFFFF"
  }
}
[09/13/18, 20:45:15:738] info: Store: UPDATE_TEAM_ICONS
{
  "icons": {
    "image_102": "https://slack-files2.s3-us-west-2.amazonaws.com/avatars/2018-06-19/383369855361_565ff4439cdcd8979080_102.png",
    "image_132": "https://slack-files2.s3-us-west-2.amazonaws.com/avatars/2018-06-19/383369855361_565ff4439cdcd8979080_132.png",
    "image_230": "https://slack-files2.s3-us-west-2.amazonaws.com/avatars/2018-06-19/383369855361_565ff4439cdcd8979080_230.png",
    "image_34": "https://slack-files2.s3-us-west-2.amazonaws.com/avatars/2018-06-19/383369855361_565ff4439cdcd8979080_34.png",
    "image_44": "https://slack-files2.s3-us-west-2.amazonaws.com/avatars/2018-06-19/383369855361_565ff4439cdcd8979080_44.png",
    "image_68": "https://slack-files2.s3-us-west-2.amazonaws.com/avatars/2018-06-19/383369855361_565ff4439cdcd8979080_68.png",
    "image_88": "https://slack-files2.s3-us-west-2.amazonaws.com/avatars/2018-06-19/383369855361_565ff4439cdcd8979080_88.png",
    "image_original": "https://slack-files2.s3-us-west-2.amazonaws.com/avatars/2018-06-19/383369855361_565ff4439cdcd8979080_original.png"
  },
  "teamId": "TB9PVC95H"
}
[09/13/18, 20:45:15:738] info: Store: UPDATE_TEAM_LOCALE
{
  "locale": "en-US",
  "teamId": "TB9PVC95H"
}
[09/13/18, 20:45:15:739] info: Store: UPSERT_WEB_CONTENTS
{
  "id": 6,
  "state": "webapp-loaded",
  "teamId": "TB9PVC95H"
}
[09/13/18, 20:45:15:739] info: Store: UPDATE_SETTINGS
{
  "sandboxSigninWindow": true
}
[09/13/18, 20:45:15:740] info: Store: STORE_ENTERPRISE_ID_PAIR
{
  "enterpriseId": null,
  "teamId": "TB9PVC95H"
}
[09/13/18, 20:45:15:745] info: postLoadTaskSetup: Setup spellchecker
{
  "version": "V2"
}
[09/13/18, 20:45:15:754] info: loadAsmModule: loading hunspell-asm module
[09/13/18, 20:45:15:906] info: loadAsmModule: asm module loaded successfully
[09/13/18, 20:45:15:906] info: SpellChecker: Starting spellchecker with language detector
[09/13/18, 20:45:15:906] info: SpellChecker::enableSpellCheckerLanguageDetector: enable spellchecker language detector
[09/13/18, 20:45:15:907] info: SpellChecker::startWithDictionary: Starting language detector with preloaded dict from last used language en
[09/13/18, 20:45:15:913] info: SpellChecker::spellgetLanguageRegionCode: found region supported language
{
  "code": "en"
}
[09/13/18, 20:45:15:913] warn: SpellChecker::getLanguageRegionCode: navigator does not contain available region, return default value
{
  "code": "en-us"
}
[09/13/18, 20:45:15:913] info: download: downloading dictionary for 'en-us'
[09/13/18, 20:45:15:913] info: fetchResourceAsBuffer: downloading
{
  "filePath": "https://spellcheck.slack-edge.com/dictionaries/en-us/1/en-us.aff",
  "cachePolicy": "default"
}
[09/13/18, 20:45:16:011] info: Store: SELECT_PREVIOUS_TEAM
[09/13/18, 20:45:16:755] info: fetchResourceAsBuffer: downloading
{
  "filePath": "https://spellcheck.slack-edge.com/dictionaries/en-us/1/en-us.dic",
  "cachePolicy": "default"
}
[09/13/18, 20:45:19:396] info: dictionaryDownloader: verifying hash
[09/13/18, 20:45:19:528] info: SpellChecker::downloadDictionary: Dictionary is ready for 
{
  "language": "en"
}
[09/13/18, 20:45:19:566] info: assignSpellchecker: spellCheckerTable added new checker for 'en'
[09/13/18, 20:45:19:571] info: SpellChecker::prepareDictionary: Dictionary buffer for 'en' is loaded into spellchecker
[09/13/18, 20:45:19:571] info: switchDictionary: switching dictionary to check spell from 'null' to 'en'
[09/13/18, 20:45:19:572] info: SpellChecker::switchDictionary: SpellChecker enabled for language
{
  "language": "en"
}
[09/13/18, 20:45:32:345] info: Store: MAIN_WINDOW_FOCUSED
[09/13/18, 20:45:33:208] info: Store: MAIN_WINDOW_FOCUSED
[09/13/18, 20:45:33:387] info: Store: SELECT_TEAM TB47MRNBZ
[09/13/18, 20:45:39:497] info: Store: SET_FULL_SCREEN
[09/13/18, 20:45:39:509] info: Store: SET_FULL_SCREEN
[09/13/18, 21:00:27:431] info: Store: SET_FULL_SCREEN
[09/13/18, 21:00:30:437] info: Store: SET_FULL_SCREEN
[09/13/18, 21:00:30:591] info: Store: SELECT_CHANNEL CB6JRDN3S
[09/13/18, 21:00:45:189] info: Store: SET_FULL_SCREEN
[09/13/18, 21:00:45:196] info: Store: SET_FULL_SCREEN
[09/13/18, 21:05:56:299] info: Store: SET_FULL_SCREEN
[09/13/18, 21:09:05:043] info: Store: SET_FULL_SCREEN
[09/13/18, 21:09:28:074] info: Store: SET_FULL_SCREEN
[09/13/18, 21:09:49:734] info: Store: NEW_NOTIFICATION
{
  "authorName": "[REDACTED]",
  "avatarImage": "[REDACTED]",
  "channel": "CB6JRDN3S",
  "channelName": "[REDACTED]",
  "content": "[REDACTED]",
  "id": "RgyzfrhOxwm4o80",
  "launchUri": "slack://channel?id=CB6JRDN3S&message=1536840589.000100&team=TB47MRNBZ",
  "msg": "[REDACTED]",
  "silent": true,
  "subtitle": "",
  "teamId": "TB47MRNBZ",
  "title": "[REDACTED]"
}
[09/13/18, 21:09:55:443] info: Store: SET_FULL_SCREEN
[09/13/18, 21:10:02:071] info: Store: SET_FULL_SCREEN
[09/13/18, 21:10:05:637] info: Store: SET_FULL_SCREEN
[09/13/18, 21:10:06:535] info: Store: SET_FULL_SCREEN
[09/13/18, 21:13:13:735] info: Store: SET_FULL_SCREEN
[09/13/18, 21:14:36:191] info: Store: NEW_NOTIFICATION
{
  "authorName": "[REDACTED]",
  "avatarImage": "[REDACTED]",
  "channel": "CB6JRDN3S",
  "channelName": "[REDACTED]",
  "content": "[REDACTED]",
  "id": "P1wxf0ijOYyvAo7",
  "launchUri": "slack://channel?id=CB6JRDN3S&message=1536840876.000100&team=TB47MRNBZ",
  "msg": "[REDACTED]",
  "silent": true,
  "subtitle": "",
  "teamId": "TB47MRNBZ",
  "title": "[REDACTED]"
}
[09/13/18, 21:14:36:476] info: Store: NEW_NOTIFICATION
{
  "authorName": "[REDACTED]",
  "avatarImage": "[REDACTED]",
  "channel": "CB6JRDN3S",
  "channelName": "[REDACTED]",
  "content": "[REDACTED]",
  "id": "pgD3fQsGnlgZWlY",
  "launchUri": "slack://channel?id=CB6JRDN3S&message=1536840876.000200&team=TB47MRNBZ",
  "msg": "[REDACTED]",
  "silent": true,
  "subtitle": "",
  "teamId": "TB47MRNBZ",
  "title": "[REDACTED]"
}
[09/13/18, 21:15:17:311] info: Store: NEW_NOTIFICATION
{
  "authorName": "[REDACTED]",
  "avatarImage": "[REDACTED]",
  "channel": "CB6JRDN3S",
  "channelName": "[REDACTED]",
  "content": "[REDACTED]",
  "id": "98zKFYtOyXMpL5P",
  "launchUri": "slack://channel?id=CB6JRDN3S&message=1536840917.000100&team=TB47MRNBZ",
  "msg": "[REDACTED]",
  "silent": true,
  "subtitle": "",
  "teamId": "TB47MRNBZ",
  "title": "[REDACTED]"
}
[09/13/18, 21:15:51:421] info: Store: SET_FULL_SCREEN
[09/13/18, 21:15:52:533] info: Store: SET_FULL_SCREEN
[09/13/18, 21:16:35:876] info: Store: SET_FULL_SCREEN
[09/13/18, 21:16:36:145] info: Store: SET_FULL_SCREEN
[09/13/18, 21:19:35:925] info: Store: NEW_NOTIFICATION
{
  "authorName": "[REDACTED]",
  "avatarImage": "[REDACTED]",
  "channel": "CASGZGRSB",
  "channelName": "[REDACTED]",
  "content": "[REDACTED]",
  "id": "W6DWFjhn4k986lQ",
  "imageUri": null,
  "launchUri": "slack://channel?id=CASGZGRSB&message=1536841175.000100&team=T031FNTUT",
  "msg": "[REDACTED]",
  "silent": true,
  "subtitle": "",
  "teamId": "T031FNTUT",
  "title": "[REDACTED]"
}
[09/13/18, 21:26:07:249] info: Store: NEW_NOTIFICATION
{
  "authorName": "[REDACTED]",
  "avatarImage": "[REDACTED]",
  "channel": "CB6JRDN3S",
  "channelName": "[REDACTED]",
  "content": "[REDACTED]",
  "id": "48rBFluWnGk6EyK",
  "launchUri": "slack://channel?id=CB6JRDN3S&message=1536841567.000100&team=TB47MRNBZ",
  "msg": "[REDACTED]",
  "silent": true,
  "subtitle": "",
  "teamId": "TB47MRNBZ",
  "title": "[REDACTED]"
}
[09/13/18, 21:26:08:509] info: Store: NEW_NOTIFICATION
{
  "authorName": "[REDACTED]",
  "avatarImage": "[REDACTED]",
  "channel": "CB6JRDN3S",
  "channelName": "[REDACTED]",
  "content": "[REDACTED]",
  "id": "DROgsJCZGNw4QnZ",
  "launchUri": "slack://channel?id=CB6JRDN3S&message=1536841568.000100&team=TB47MRNBZ",
  "msg": "[REDACTED]",
  "silent": true,
  "subtitle": "",
  "teamId": "TB47MRNBZ",
  "title": "[REDACTED]"
}
[09/13/18, 21:26:18:924] info: Store: NEW_NOTIFICATION
{
  "authorName": "[REDACTED]",
  "avatarImage": "[REDACTED]",
  "channel": "CB6JRDN3S",
  "channelName": "[REDACTED]",
  "content": "[REDACTED]",
  "id": "VmDEu5FJwRDZVZw",
  "launchUri": "slack://channel?id=CB6JRDN3S&message=1536841578.000100&team=TB47MRNBZ",
  "msg": "[REDACTED]",
  "silent": true,
  "subtitle": "",
  "teamId": "TB47MRNBZ",
  "title": "[REDACTED]"
}
[09/13/18, 21:29:15:233] info: Store: SET_FULL_SCREEN
[09/13/18, 21:29:16:527] info: Store: SET_FULL_SCREEN
[09/13/18, 21:29:18:914] info: Store: SELECT_CHANNEL CB47MRRTR
[09/13/18, 21:29:21:136] info: Store: SELECT_CHANNEL CB6JRDN3S
[09/13/18, 21:29:26:499] info: Store: SET_FULL_SCREEN
[09/13/18, 21:30:38:958] info: Store: SET_FULL_SCREEN
[09/13/18, 21:34:31:265] info: Store: NEW_NOTIFICATION
{
  "authorName": "[REDACTED]",
  "avatarImage": "[REDACTED]",
  "channel": "CB6JRDN3S",
  "channelName": "[REDACTED]",
  "content": "[REDACTED]",
  "id": "BgMWfAHjwqm5AmE",
  "launchUri": "slack://channel?id=CB6JRDN3S&message=1536842070.000100&team=TB47MRNBZ",
  "msg": "[REDACTED]",
  "silent": true,
  "subtitle": "",
  "teamId": "TB47MRNBZ",
  "title": "[REDACTED]"
}
[09/13/18, 21:36:44:987] info: Store: NEW_NOTIFICATION
{
  "authorName": "[REDACTED]",
  "avatarImage": "[REDACTED]",
  "channel": "CB6JRDN3S",
  "channelName": "[REDACTED]",
  "content": "[REDACTED]",
  "id": "DROgsDIZGNwNZJj",
  "launchUri": "slack://channel?id=CB6JRDN3S&message=1536842204.000100&team=TB47MRNBZ",
  "msg": "[REDACTED]",
  "silent": true,
  "subtitle": "",
  "teamId": "TB47MRNBZ",
  "title": "[REDACTED]"
}
[09/13/18, 21:36:48:518] info: Store: NEW_NOTIFICATION
{
  "authorName": "[REDACTED]",
  "avatarImage": "[REDACTED]",
  "channel": "CB6JRDN3S",
  "channelName": "[REDACTED]",
  "content": "[REDACTED]",
  "id": "48rBFESWnGkGMnw",
  "launchUri": "slack://channel?id=CB6JRDN3S&message=1536842208.000100&team=TB47MRNBZ",
  "msg": "[REDACTED]",
  "silent": true,
  "subtitle": "",
  "teamId": "TB47MRNBZ",
  "title": "[REDACTED]"
}
[09/13/18, 21:36:48:725] info: Store: NEW_NOTIFICATION
{
  "authorName": "[REDACTED]",
  "avatarImage": "[REDACTED]",
  "channel": "CB6JRDN3S",
  "channelName": "[REDACTED]",
  "content": "[REDACTED]",
  "id": "98zKF8TOyXMX1MJ",
  "launchUri": "slack://channel?id=CB6JRDN3S&message=1536842208.000200&team=TB47MRNBZ",
  "msg": "[REDACTED]",
  "silent": true,
  "subtitle": "",
  "teamId": "TB47MRNBZ",
  "title": "[REDACTED]"
}
[09/13/18, 21:40:05:937] info: Store: SET_FULL_SCREEN
[09/13/18, 21:40:06:538] info: Store: SET_FULL_SCREEN
[09/13/18, 21:44:32:311] info: Store: SET_FULL_SCREEN
[09/13/18, 21:44:35:391] info: Store: SET_FULL_SCREEN
[09/13/18, 21:44:39:913] info: Store: SET_FULL_SCREEN
[09/13/18, 21:44:59:033] info: Store: SET_FULL_SCREEN
[09/13/18, 21:45:15:856] info: Store: SET_FULL_SCREEN
[09/13/18, 21:45:21:269] info: Store: SET_FULL_SCREEN
[09/13/18, 21:45:25:686] info: Store: SET_FULL_SCREEN
[09/13/18, 21:49:25:724] info: Store: SET_FULL_SCREEN
[09/13/18, 21:49:39:677] info: Store: SET_FULL_SCREEN
[09/13/18, 21:53:04:644] info: Store: SET_FULL_SCREEN
[09/13/18, 21:53:07:852] info: Store: SET_FULL_SCREEN
[09/13/18, 21:53:33:516] info: Store: SET_FULL_SCREEN
[09/13/18, 21:54:18:718] info: Store: SET_FULL_SCREEN
[09/13/18, 21:54:19:976] info: Store: MAIN_WINDOW_FOCUSED
[09/13/18, 21:54:19:978] info: Store: SET_FULL_SCREEN
[09/13/18, 21:54:26:207] info: Store: SET_FULL_SCREEN
[09/13/18, 21:54:35:210] info: Store: SET_FULL_SCREEN
[09/13/18, 21:54:55:293] info: Store: SET_FULL_SCREEN
[09/13/18, 21:55:34:121] info: Store: NEW_NOTIFICATION
{
  "authorName": "[REDACTED]",
  "avatarImage": "[REDACTED]",
  "channel": "CB2F4AXJ4",
  "channelName": "[REDACTED]",
  "content": "[REDACTED]",
  "id": "VmDEu1UJwR6yArv",
  "launchUri": "slack://channel?id=CB2F4AXJ4&message=1536843333.000100&team=TB47MRNBZ",
  "msg": "[REDACTED]",
  "silent": true,
  "subtitle": "",
  "teamId": "TB47MRNBZ",
  "title": "[REDACTED]"
}
[09/13/18, 21:55:41:388] info: Store: SET_FULL_SCREEN
[09/13/18, 21:55:41:540] info: Store: SELECT_CHANNEL CB2F4AXJ4
[09/13/18, 21:56:24:904] info: Store: NEW_NOTIFICATION
{
  "authorName": "[REDACTED]",
  "avatarImage": "[REDACTED]",
  "channel": "CB47MRRTR",
  "channelName": "[REDACTED]",
  "content": "[REDACTED]",
  "id": "BgMWfJcjwq2N3gq",
  "launchUri": "slack://channel?id=CB47MRRTR&message=1536843384.000100&team=TB47MRNBZ",
  "msg": "[REDACTED]",
  "silent": true,
  "subtitle": "",
  "teamId": "TB47MRNBZ",
  "title": "[REDACTED]"
}
[09/13/18, 21:56:31:546] info: Store: SELECT_CHANNEL CB47MRRTR
[09/13/18, 21:56:44:019] info: Store: SELECT_CHANNEL CB6JRDN3S
[09/13/18, 21:56:58:884] info: Store: SET_FULL_SCREEN
[09/13/18, 21:57:07:194] info: Store: SET_FULL_SCREEN
[09/13/18, 21:57:15:079] info: Store: SET_FULL_SCREEN
[09/13/18, 21:57:45:028] info: Store: SET_FULL_SCREEN
[09/13/18, 21:57:52:764] info: Store: SET_FULL_SCREEN
[09/13/18, 22:04:51:307] info: Store: SET_FULL_SCREEN
[09/13/18, 22:04:55:500] info: Store: NEW_NOTIFICATION
{
  "authorName": "[REDACTED]",
  "avatarImage": "[REDACTED]",
  "channel": "CB6JRDN3S",
  "channelName": "[REDACTED]",
  "content": "[REDACTED]",
  "id": "8qyJuJfMQDBEmRw",
  "launchUri": "slack://channel?id=CB6JRDN3S&message=1536843895.000100&team=TB47MRNBZ",
  "msg": "[REDACTED]",
  "silent": true,
  "subtitle": "",
  "teamId": "TB47MRNBZ",
  "title": "[REDACTED]"
}
[09/13/18, 22:10:32:586] info: Store: NEW_NOTIFICATION
{
  "authorName": "[REDACTED]",
  "avatarImage": "[REDACTED]",
  "channel": "CB6JRDN3S",
  "channelName": "[REDACTED]",
  "content": "[REDACTED]",
  "id": "MjqrIEhWl8nqpqq",
  "launchUri": "slack://channel?id=CB6JRDN3S&message=1536844232.000100&team=TB47MRNBZ",
  "msg": "[REDACTED]",
  "silent": true,
  "subtitle": "",
  "teamId": "TB47MRNBZ",
  "title": "[REDACTED]"
}
[09/13/18, 22:10:35:751] info: Store: CLICK_NOTIFICATION
{
  "channel": "CB6JRDN3S",
  "messageId": "1536844232.000100",
  "notificationId": "MjqrIEhWl8nqpqq",
  "teamId": "TB47MRNBZ"
}
[09/13/18, 22:10:35:755] info: Store: SELECT_TEAM TB47MRNBZ
[09/13/18, 22:10:35:778] info: Store: SET_FULL_SCREEN
[09/13/18, 22:10:35:808] info: Store: SET_FULL_SCREEN
[09/13/18, 22:10:37:754] info: Store: SET_FULL_SCREEN
[09/13/18, 22:11:32:557] info: Store: SET_FULL_SCREEN
[09/13/18, 22:12:21:254] info: Store: NEW_NOTIFICATION
{
  "authorName": "[REDACTED]",
  "avatarImage": "[REDACTED]",
  "channel": "CB6JRDN3S",
  "channelName": "[REDACTED]",
  "content": "[REDACTED]",
  "id": "BgMWfBijwq2ErKD",
  "launchUri": "slack://channel?id=CB6JRDN3S&message=1536844340.000100&team=TB47MRNBZ",
  "msg": "[REDACTED]",
  "silent": true,
  "subtitle": "",
  "teamId": "TB47MRNBZ",
  "title": "[REDACTED]"
}
[09/13/18, 22:13:02:600] info: Store: SET_FULL_SCREEN
[09/13/18, 22:13:06:919] info: Store: SET_FULL_SCREEN
[09/13/18, 22:13:12:537] info: Store: SET_FULL_SCREEN
[09/13/18, 22:13:46:167] info: Store: SET_FULL_SCREEN
[09/13/18, 22:14:06:834] info: Store: NEW_NOTIFICATION
{
  "authorName": "[REDACTED]",
  "avatarImage": "[REDACTED]",
  "channel": "CB6JRDN3S",
  "channelName": "[REDACTED]",
  "content": "[REDACTED]",
  "id": "RgyzfmsOxwBpVGY",
  "launchUri": "slack://channel?id=CB6JRDN3S&message=1536844446.000100&team=TB47MRNBZ",
  "msg": "[REDACTED]",
  "silent": true,
  "subtitle": "",
  "teamId": "TB47MRNBZ",
  "title": "[REDACTED]"
}
[09/13/18, 22:18:02:846] info: Store: SET_FULL_SCREEN
[09/13/18, 22:18:03:449] info: Store: SET_FULL_SCREEN
[09/13/18, 22:19:57:462] info: Store: SET_FULL_SCREEN
[09/13/18, 22:19:59:465] info: Store: SET_FULL_SCREEN
[09/13/18, 22:20:06:438] info: Store: SET_FULL_SCREEN
[09/13/18, 22:20:08:016] info: Store: SET_FULL_SCREEN
[09/13/18, 22:20:10:652] info: Store: SET_FULL_SCREEN
[09/13/18, 22:20:21:326] info: Store: SET_FULL_SCREEN
[09/13/18, 22:20:25:762] info: Store: SELECT_CHANNEL CB8EBKWTB
[09/13/18, 22:20:34:039] info: Store: SET_FULL_SCREEN
[09/13/18, 22:21:19:965] info: Store: SET_FULL_SCREEN
[09/13/18, 22:21:38:084] info: Store: SET_FULL_SCREEN
[09/13/18, 22:21:38:762] info: Store: SET_FULL_SCREEN
[09/13/18, 22:21:49:471] info: Store: SET_FULL_SCREEN
[09/13/18, 22:21:54:982] info: Store: SET_FULL_SCREEN
[09/13/18, 22:21:57:256] info: Store: SET_FULL_SCREEN
[09/13/18, 22:21:57:266] info: Store: SET_FULL_SCREEN
[09/13/18, 22:22:53:910] info: Store: SET_FULL_SCREEN
[09/13/18, 22:22:57:402] info: Store: SET_FULL_SCREEN
[09/13/18, 22:23:03:439] info: Store: SET_FULL_SCREEN
[09/13/18, 22:23:03:456] info: Store: SET_FULL_SCREEN
[09/13/18, 22:23:20:064] info: Store: SET_FULL_SCREEN
[09/13/18, 22:23:20:076] info: Store: SET_FULL_SCREEN
[09/13/18, 22:23:22:758] info: Store: MAIN_WINDOW_FOCUSED
[09/13/18, 22:23:22:940] info: Store: SELECT_TEAM T031FNTUT
[09/13/18, 22:23:25:299] info: Store: SELECT_CHANNEL CASGZGRSB
[09/13/18, 22:23:48:770] info: Store: MAIN_WINDOW_FOCUSED
[09/13/18, 22:23:48:953] info: Store: SELECT_TEAM TB47MRNBZ
[09/13/18, 22:23:49:993] info: Store: MAIN_WINDOW_FOCUSED
[09/13/18, 22:23:51:763] info: Store: SET_FULL_SCREEN
[09/13/18, 22:23:51:776] info: Store: SET_FULL_SCREEN
[09/13/18, 22:24:19:817] info: Store: SET_FULL_SCREEN
[09/13/18, 22:24:19:828] info: Store: SET_FULL_SCREEN
[09/13/18, 22:24:20:643] info: Store: SET_FULL_SCREEN
[09/13/18, 22:24:20:654] info: Store: SET_FULL_SCREEN
[09/13/18, 22:27:12:209] info: Store: NEW_NOTIFICATION
{
  "authorName": "[REDACTED]",
  "avatarImage": "[REDACTED]",
  "channel": "CB6JRDN3S",
  "channelName": "[REDACTED]",
  "content": "[REDACTED]",
  "id": "mwz3F2t9jXzr27p",
  "launchUri": "slack://channel?id=CB6JRDN3S&message=1536845231.000100&team=TB47MRNBZ",
  "msg": "[REDACTED]",
  "silent": true,
  "subtitle": "",
  "teamId": "TB47MRNBZ",
  "title": "[REDACTED]"
}
[09/13/18, 22:27:15:023] info: Store: SET_FULL_SCREEN
[09/13/18, 22:27:18:605] info: Store: SET_FULL_SCREEN
[09/13/18, 22:27:18:813] info: Store: SELECT_CHANNEL CB6JRDN3S
[09/13/18, 22:27:21:835] info: Store: SET_FULL_SCREEN
[09/13/18, 22:28:57:487] info: Store: SET_FULL_SCREEN
[09/13/18, 22:31:08:527] error: Sep-13 22:31:08.527 SOCKET-MANAGER (TB9PVC95H) Closing socket because #4105: client went offline
[09/13/18, 22:31:08:928] info: Store: SET_NETWORK_STATUS offline
[09/13/18, 22:31:26:010] info: Store: BACKGROUND_CLIENT_ERROR
{
  "code": 4002,
  "teamId": "TB9PVC95H"
}
[09/13/18, 22:31:26:289] info: Store: BACKGROUND_CLIENT_ERROR
{
  "code": 4002,
  "teamId": "T0253QGQ9"
}
[09/13/18, 22:31:26:542] info: Store: BACKGROUND_CLIENT_ERROR
{
  "code": 4002,
  "teamId": "T0EHMQ4HM"
}
[09/13/18, 22:31:29:204] info: Store: BACKGROUND_CLIENT_ERROR
{
  "code": 4002,
  "teamId": "T0EHMQ4HM"
}
[09/13/18, 22:36:10:411] error: Sep-13 22:36:10.410 SOCKET-MANAGER (TB9PVC95H) Closing socket because we spent 300000 ms in wait_for_connectivity state; giving up
[09/13/18, 22:37:35:492] error: Sep-13 22:37:35.492 SOCKET-MANAGER (TB9PVC95H) Closing socket because #4108: unexpected socket closure
[09/13/18, 22:37:39:375] info: Store: START_BACKGROUND_CLIENT
{
  "teamId": "TB9PVC95H",
  "token": "xoxs-⋯"
}
[09/13/18, 22:37:39:380] info: Store: START_BACKGROUND_CLIENT
{
  "teamId": "T0253QGQ9",
  "token": "xoxs-⋯"
}
[09/13/18, 22:37:39:383] info: Store: START_BACKGROUND_CLIENT
{
  "teamId": "T0EHMQ4HM",
  "token": "xoxs-⋯"
}
[09/13/18, 22:37:39:386] info: Store: START_BACKGROUND_CLIENT
{
  "teamId": "T0EHMQ4HM",
  "token": "xoxs-⋯"
}
[09/13/18, 22:37:39:450] info: Store: UPDATE_TEAM_ICONS
{
  "icons": {
    "image_102": "https://slack-files2.s3-us-west-2.amazonaws.com/avatars/2016-05-12/42266573955_325ce791cc9957bfae5b_102.png",
    "image_132": "https://slack-files2.s3-us-west-2.amazonaws.com/avatars/2016-05-12/42266573955_325ce791cc9957bfae5b_132.png",
    "image_230": "https://slack-files2.s3-us-west-2.amazonaws.com/avatars/2016-05-12/42266573955_325ce791cc9957bfae5b_132.png",
    "image_34": "https://slack-files2.s3-us-west-2.amazonaws.com/avatars/2016-05-12/42266573955_325ce791cc9957bfae5b_34.png",
    "image_44": "https://slack-files2.s3-us-west-2.amazonaws.com/avatars/2016-05-12/42266573955_325ce791cc9957bfae5b_44.png",
    "image_68": "https://slack-files2.s3-us-west-2.amazonaws.com/avatars/2016-05-12/42266573955_325ce791cc9957bfae5b_68.png",
    "image_88": "https://slack-files2.s3-us-west-2.amazonaws.com/avatars/2016-05-12/42266573955_325ce791cc9957bfae5b_88.png",
    "image_original": "https://slack-files2.s3-us-west-2.amazonaws.com/avatars/2016-05-12/42266573955_325ce791cc9957bfae5b_original.png"
  },
  "teamId": "T031FNTUT"
}
[09/13/18, 22:37:39:657] info: Store: UPDATE_TEAM_LOCALE
{
  "locale": "en-US",
  "teamId": "T031FNTUT"
}
