[08/04/18, 18:09:41:482] info: ╔═════════════════════════════════════════════════════════════════════════════════╗
[08/04/18, 18:09:41:484] info: ║      Slack 3.2.1, linux 4.10.0-38-generic on x64 at 08/04/18, 18:09:41:477      ║
[08/04/18, 18:09:41:484] info: ╚═════════════════════════════════════════════════════════════════════════════════╝
[08/04/18, 18:09:41:681] info: Initializing local storage instance at path: /home/nozomi/dotfiles/.config/Slack/local-settings.json
[08/04/18, 18:09:42:121] info: Main window preload script finished
{
  "readyTime": 1183.12204
}
[08/04/18, 18:09:42:159] info: Store: UPDATE_SESSION_STATUS
{
  "hasValidSession": null,
  "teamId": "T0EHMQ4HM"
}
[08/04/18, 18:09:42:160] info: Store: UPSERT_WEB_CONTENTS
{
  "id": 6,
  "state": "loaded",
  "teamId": "T0253QGQ9"
}
[08/04/18, 18:09:42:161] info: Store: UPSERT_WEB_CONTENTS
{
  "id": 6,
  "state": "empty-page",
  "teamId": "T0253QGQ9"
}
[08/04/18, 18:09:42:162] info: Store: UPSERT_WEB_CONTENTS
{
  "id": 6,
  "state": "page-will-navigate",
  "teamId": "T0253QGQ9"
}
[08/04/18, 18:09:42:162] info: Store: UPDATE_SESSION_STATUS
{
  "hasValidSession": null,
  "teamId": "T0253QGQ9"
}
[08/04/18, 18:09:42:164] info: Store: UPSERT_WEB_CONTENTS
{
  "id": 7,
  "state": "loaded",
  "teamId": "T0EHMQ4HM"
}
[08/04/18, 18:09:42:170] info: Store: UPSERT_WEB_CONTENTS
{
  "id": 7,
  "state": "empty-page",
  "teamId": "T0EHMQ4HM"
}
[08/04/18, 18:09:42:180] info: Store: UPSERT_WEB_CONTENTS
{
  "id": 7,
  "state": "page-will-navigate",
  "teamId": "T0EHMQ4HM"
}
[08/10/18, 20:28:21:943] info: ╔═════════════════════════════════════════════════════════════════════════════════╗
[08/10/18, 20:28:21:944] info: ║      Slack 3.2.1, linux 4.10.0-38-generic on x64 at 08/10/18, 20:28:21:939      ║
[08/10/18, 20:28:21:944] info: ╚═════════════════════════════════════════════════════════════════════════════════╝
[08/10/18, 20:28:22:147] info: Initializing local storage instance at path: /home/nozomi/dotfiles/.config/Slack/local-settings.json
[08/10/18, 20:28:22:518] info: Main window preload script finished
{
  "readyTime": 1057.787095
}
[08/10/18, 20:28:22:526] info: Store: UPSERT_WEB_CONTENTS
{
  "id": 18,
  "state": "empty-page",
  "teamId": "T0EHMQ4HM"
}
[08/10/18, 20:28:22:528] info: Store: UPSERT_WEB_CONTENTS
{
  "id": 18,
  "state": "page-will-navigate",
  "teamId": "T0EHMQ4HM"
}
[08/10/18, 20:28:22:528] info: Store: UPDATE_SESSION_STATUS
{
  "hasValidSession": null,
  "teamId": "T0253QGQ9"
}
[08/10/18, 20:28:22:529] info: Store: UPDATE_SESSION_STATUS
{
  "hasValidSession": null,
  "teamId": "T0EHMQ4HM"
}
[08/10/18, 20:28:22:529] info: Store: UPSERT_WEB_CONTENTS
{
  "id": 19,
  "state": "loaded",
  "teamId": "T031FNTUT"
}
[08/10/18, 20:28:22:529] info: Store: UPSERT_WEB_CONTENTS
{
  "id": 19,
  "state": "empty-page",
  "teamId": "T031FNTUT"
}
[08/10/18, 20:28:22:530] info: Store: UPSERT_WEB_CONTENTS
{
  "id": 19,
  "state": "page-will-navigate",
  "teamId": "T031FNTUT"
}
[08/10/18, 20:28:22:530] info: Store: UPDATE_SESSION_STATUS
{
  "hasValidSession": null,
  "teamId": "T031FNTUT"
}
[08/10/18, 20:28:22:531] info: Store: UPSERT_WEB_CONTENTS
{
  "id": 17,
  "state": "loaded",
  "teamId": "TB9PVC95H"
}
[08/10/18, 20:28:22:531] info: Store: UPSERT_WEB_CONTENTS
{
  "id": 17,
  "state": "empty-page",
  "teamId": "TB9PVC95H"
}
[08/10/18, 20:28:22:531] info: Store: UPSERT_WEB_CONTENTS
{
  "id": 17,
  "state": "page-will-navigate",
  "teamId": "TB9PVC95H"
}
[08/10/18, 20:28:22:531] info: Store: UPDATE_SESSION_STATUS
{
  "hasValidSession": null,
  "teamId": "TB9PVC95H"
}
[08/10/18, 20:28:22:532] info: Store: UPSERT_WEB_CONTENTS
{
  "id": 16,
  "state": "loaded",
  "teamId": "T0253QGQ9"
}
[08/10/18, 20:28:22:541] info: Store: UPSERT_WEB_CONTENTS
{
  "id": 16,
  "state": "empty-page",
  "teamId": "T0253QGQ9"
}
[08/10/18, 20:28:22:546] info: Store: UPSERT_WEB_CONTENTS
{
  "id": 16,
  "state": "page-will-navigate",
  "teamId": "T0253QGQ9"
}
[08/15/18, 16:56:09:193] info: ╔═════════════════════════════════════════════════════════════════════════════════╗
[08/15/18, 16:56:09:194] info: ║      Slack 3.2.1, linux 4.10.0-38-generic on x64 at 08/15/18, 16:56:09:189      ║
[08/15/18, 16:56:09:195] info: ╚═════════════════════════════════════════════════════════════════════════════════╝
[08/15/18, 16:56:09:315] info: Initializing local storage instance at path: /home/nozomi/dotfiles/.config/Slack/local-settings.json
[08/15/18, 16:56:09:603] info: Main window preload script finished
{
  "readyTime": 899.603901
}
[08/15/18, 16:56:09:609] info: Store: UPSERT_WEB_CONTENTS
{
  "id": 21,
  "state": "loaded",
  "teamId": "T0253QGQ9"
}
[08/15/18, 16:56:09:611] info: Store: UPSERT_WEB_CONTENTS
{
  "id": 21,
  "state": "empty-page",
  "teamId": "T0253QGQ9"
}
[08/15/18, 16:56:09:611] info: Store: UPSERT_WEB_CONTENTS
{
  "id": 21,
  "state": "page-will-navigate",
  "teamId": "T0253QGQ9"
}
[08/15/18, 16:56:09:612] info: Store: UPSERT_WEB_CONTENTS
{
  "id": 19,
  "state": "loaded",
  "teamId": "T031FNTUT"
}
[08/15/18, 16:56:09:612] info: Store: UPSERT_WEB_CONTENTS
{
  "id": 19,
  "state": "empty-page",
  "teamId": "T031FNTUT"
}
[08/15/18, 16:56:09:617] info: Store: UPSERT_WEB_CONTENTS
{
  "id": 19,
  "state": "page-will-navigate",
  "teamId": "T031FNTUT"
}
[08/15/18, 16:56:09:618] info: Store: UPDATE_SESSION_STATUS
{
  "hasValidSession": true,
  "teamId": "T0EHMQ4HM"
}
[08/15/18, 16:56:09:618] info: Store: UPDATE_SESSION_STATUS
{
  "hasValidSession": true,
  "teamId": "TB9PVC95H"
}
[08/15/18, 16:56:09:619] info: Store: UPSERT_WEB_CONTENTS
{
  "id": 20,
  "state": "loaded",
  "teamId": "T0EHMQ4HM"
}
[08/15/18, 16:56:09:619] info: Store: UPSERT_WEB_CONTENTS
{
  "id": 22,
  "state": "loaded",
  "teamId": "TB9PVC95H"
}
[08/15/18, 16:56:09:622] info: Store: UPSERT_WEB_CONTENTS
{
  "id": 22,
  "state": "empty-page",
  "teamId": "TB9PVC95H"
}
[08/15/18, 16:56:09:625] info: Store: UPSERT_WEB_CONTENTS
{
  "id": 20,
  "state": "empty-page",
  "teamId": "T0EHMQ4HM"
}
[08/15/18, 16:56:09:628] info: Store: UPSERT_WEB_CONTENTS
{
  "id": 22,
  "state": "page-will-navigate",
  "teamId": "TB9PVC95H"
}
[08/15/18, 16:56:09:633] info: Store: UPSERT_WEB_CONTENTS
{
  "id": 20,
  "state": "page-will-navigate",
  "teamId": "T0EHMQ4HM"
}
[08/15/18, 16:56:09:683] info: Store: UPDATE_SESSION_STATUS
{
  "hasValidSession": true,
  "teamId": "T0253QGQ9"
}
[08/15/18, 16:56:09:696] info: Store: UPDATE_SESSION_STATUS
{
  "hasValidSession": true,
  "teamId": "T031FNTUT"
}
[08/15/18, 16:56:10:728] info: Store: UPDATE_SESSION_STATUS
{
  "hasValidSession": true,
  "teamId": "TB9PVC95H"
}
[08/15/18, 16:56:10:855] info: Store: UPDATE_SESSION_STATUS
{
  "hasValidSession": true,
  "teamId": "T0EHMQ4HM"
}
