[05/22/18, 23:02:56:744] info: ╔══════════════════════════════════════════════════════════════════════════════════════════════╗
[05/22/18, 23:02:56:745] info: ║      Slack 3.2.0-beta25a7a50e, linux 4.10.0-38-generic on x64 at 05/22/18, 23:02:56:741      ║
[05/22/18, 23:02:56:745] info: ╚══════════════════════════════════════════════════════════════════════════════════════════════╝
[05/22/18, 23:02:56:840] info: Initializing local storage instance at path: /home/nozomi/dotfiles/.config/Slack/local-settings.json
[05/22/18, 23:02:57:188] error: Desktop module calls failed to load
{
  "error": {
    "message": "libCallsCore.so: å±æãªãã¸ã§ã¯ããã¡ã¤ã«ãéãã¾ãã: ãã®ãããªãã¡ã¤ã«ããã£ã¬ã¯ããªã¯ããã¾ãã",
    "stack": "Error: libCallsCore.so: å±æãªãã¸ã§ã¯ããã¡ã¤ã«ãéãã¾ãã: ãã®ãããªãã¡ã¤ã«ããã£ã¬ã¯ããªã¯ããã¾ãã\n    at process.module.(anonymous function) [as dlopen] (ELECTRON_ASAR.js:172:20)\n    at Object.Module._extensions..node (module.js:671:18)\n    at Object.module.(anonymous function) [as .node] (ELECTRON_ASAR.js:186:18)\n    at Module.load (module.js:561:32)\n    at tryModuleLoad (module.js:504:12)\n    at Function.Module._load (module.js:496:3)\n    at Module.require (module.js:586:17)\n    at require (internal/module.js:11:18)\n    at bindings (/usr/lib/slack/resources/app.asar/node_modules/@slack/slack-calls-prebuilt/modules/@slack/slack-calls/node_modules/bindings/bindings.js:81:44)\n    at Object.<anonymous> (/usr/lib/slack/resources/app.asar/node_modules/@slack/slack-calls-prebuilt/modules/@slack/slack-calls/index.js:1:192)"
  }
}
[05/22/18, 23:02:57:188] error: Desktop module calls failed to load
[05/22/18, 23:02:57:210] info: cld3::loadModule: loading cld3 module
[05/22/18, 23:02:57:232] info: cld3Loader::loadModule: running environment is NODE
[05/22/18, 23:02:57:233] info: cld3Loader::loadModule: constructed module object for runtime
[05/22/18, 23:02:57:386] info: cld3Loader::initializeRuntime: successfully initialized module
[05/22/18, 23:02:57:387] info: cld3Loader::loadModule: initialized wasm binary Runtime
[05/22/18, 23:02:57:396] info: SpellChecker:: updateSpellcheckerLanguage: Skip to set new language null, spellchecker is not available
[05/22/18, 23:02:57:407] info: Main window preload script finished
{
  "readyTime": 1038.351947
}
[05/22/18, 23:03:00:477] info: Store: UPSERT_WEB_CONTENTS
{
  "id": 3,
  "state": "loaded",
  "teamId": "T031FNTUT"
}
[05/22/18, 23:03:02:415] info: Store: UPDATE_SESSION_STATUS
{
  "hasValidSession": true,
  "teamId": "T031FNTUT"
}
[05/22/18, 23:03:02:425] info: Store: SELECT_CHANNEL DAT8AV3GB
[05/22/18, 23:03:02:426] info: Store: UPDATE_TEAM_LOCALE
{
  "locale": "en-US",
  "teamId": "T031FNTUT"
}
[05/22/18, 23:03:02:427] info: Store: UPDATE_TEAM_THEME
{
  "teamId": "T031FNTUT",
  "theme": {
    "active_item": "#95BFEA",
    "active_item_text": "#FFFFFF",
    "active_presence": "#FFFF00",
    "badge": "#AAFFFF",
    "column_bg": "#40E0D0",
    "hover_item": "#48D1CC",
    "menu_bg": "#AAFFFF",
    "text_color": "#FFFFFF"
  }
}
[05/22/18, 23:03:02:686] info: Store: UPDATE_TEAM_ICONS
{
  "icons": {
    "image_102": "https://slack-files2.s3-us-west-2.amazonaws.com/avatars/2016-05-12/42266573955_325ce791cc9957bfae5b_102.png",
    "image_132": "https://slack-files2.s3-us-west-2.amazonaws.com/avatars/2016-05-12/42266573955_325ce791cc9957bfae5b_132.png",
    "image_230": "https://slack-files2.s3-us-west-2.amazonaws.com/avatars/2016-05-12/42266573955_325ce791cc9957bfae5b_132.png",
    "image_34": "https://slack-files2.s3-us-west-2.amazonaws.com/avatars/2016-05-12/42266573955_325ce791cc9957bfae5b_34.png",
    "image_44": "https://slack-files2.s3-us-west-2.amazonaws.com/avatars/2016-05-12/42266573955_325ce791cc9957bfae5b_44.png",
    "image_68": "https://slack-files2.s3-us-west-2.amazonaws.com/avatars/2016-05-12/42266573955_325ce791cc9957bfae5b_68.png",
    "image_88": "https://slack-files2.s3-us-west-2.amazonaws.com/avatars/2016-05-12/42266573955_325ce791cc9957bfae5b_88.png",
    "image_original": "https://slack-files2.s3-us-west-2.amazonaws.com/avatars/2016-05-12/42266573955_325ce791cc9957bfae5b_original.png"
  },
  "teamId": "T031FNTUT"
}
[05/22/18, 23:03:03:240] info: Store: UPDATE_TEAM_LOCALE
{
  "locale": "en-US",
  "teamId": "T031FNTUT"
}
[05/22/18, 23:03:03:241] info: Store: UPSERT_WEB_CONTENTS
{
  "id": 3,
  "state": "webapp-loaded",
  "teamId": "T031FNTUT"
}
[05/22/18, 23:03:03:519] info: Store: STORE_ENTERPRISE_ID_PAIR
{
  "enterpriseId": "",
  "teamId": "T031FNTUT"
}
[05/22/18, 23:03:04:023] info: postLoadTaskSetup: Setup spellchecker
{
  "version": "V1"
}
[05/22/18, 23:03:04:883] info: Raw Locale list: ["C","C.UTF-8","POSIX","en_AG","en_AG.utf8","en_AU.utf8","en_BW.utf8","en_CA.utf8","en_DK.utf8","en_GB.utf8","en_HK.utf8","en_IE.utf8","en_IN","en_IN.utf8","en_NG","en_NG.utf8","en_NZ.utf8","en_PH.utf8","en_SG.utf8","en_US.utf8","en_ZA.utf8","en_ZM","en_ZM.utf8","en_ZW.utf8","ja_JP.utf8",""]
[05/22/18, 23:03:04:884] info: Filtered Locale list: ["en_AG","en_AG","en_AU","en_BW","en_CA","en_DK","en_GB","en_HK","en_IE","en_IN","en_IN","en_NG","en_NG","en_NZ","en_PH","en_SG","en_US","en_ZA","en_ZM","en_ZM","en_ZW","ja_JP"]
[05/22/18, 23:03:04:884] info: Counts: {"en":["en_AG","en_AG","en_AU","en_BW","en_CA","en_DK","en_GB","en_HK","en_IE","en_IN","en_IN","en_NG","en_NG","en_NZ","en_PH","en_SG","en_US","en_ZA","en_ZM","en_ZM","en_ZW"],"ja":["ja_JP"]}
[05/22/18, 23:03:04:885] info: Setting ja
[05/22/18, 23:03:04:887] info: Result: {"ja":"ja-JP"}
[05/22/18, 23:03:04:891] info: Requesting to load ja-JP, alternatives are ["ja-JP","ja-JP","ja-JP"]
[05/22/18, 23:03:04:893] info: Loading dictionary for language ja-JP
[05/22/18, 23:03:04:894] info: Actually downloading https://redirector.gvt1.com/edgedl/chrome/dict/ja-jp-3-0.bdic
[05/22/18, 23:03:06:494] info: Loading dictionary for language ja-JP
[05/22/18, 23:03:06:494] info: Returning local copy: /home/nozomi/dotfiles/.config/Slack/dictionaries/ja-JP.bdic
[05/22/18, 23:03:06:496] info: Failed to read file /home/nozomi/dotfiles/.config/Slack/dictionaries/ja-JP.bdic: File exists but is most likely bogus
[05/22/18, 23:03:06:496] info: Actually downloading https://redirector.gvt1.com/edgedl/chrome/dict/ja-jp-3-0.bdic
[05/22/18, 23:03:06:705] info: Loading dictionary for language ja-JP
[05/22/18, 23:03:06:705] info: Returning local copy: /home/nozomi/dotfiles/.config/Slack/dictionaries/ja-JP.bdic
[05/22/18, 23:03:06:706] info: Failed to read file /home/nozomi/dotfiles/.config/Slack/dictionaries/ja-JP.bdic: File exists but is most likely bogus
[05/22/18, 23:03:06:708] info: Actually downloading https://redirector.gvt1.com/edgedl/chrome/dict/ja-jp-3-0.bdic
[05/22/18, 23:03:06:923] info: dictionary for ja-JP_ja-JP is not available
[05/22/18, 23:03:06:923] info: Actually installing spell check provider to Electron
[05/22/18, 23:03:19:861] info: Store: SET_FULL_SCREEN
[05/22/18, 23:03:21:729] info: Store: SET_FULL_SCREEN
[05/22/18, 23:03:26:993] info: Store: SET_FULL_SCREEN
[05/22/18, 23:03:27:024] info: Store: SET_FULL_SCREEN
[05/22/18, 23:03:32:570] info: Unloading spellchecker
[05/22/18, 23:03:32:589] info: Unloading spellchecker
[05/22/18, 23:03:32:590] info: Store: SET_FULL_SCREEN
[05/22/18, 23:03:32:646] info: Store: SET_FULL_SCREEN
[05/22/18, 23:05:22:143] info: Restoring spellchecker
[05/22/18, 23:05:22:147] info: Requesting to load ja-JP, alternatives are ["ja-JP","ja-JP","ja-JP"]
[05/22/18, 23:05:22:148] info: Loading dictionary for language ja-JP
[05/22/18, 23:05:22:148] info: Returning local copy: /home/nozomi/dotfiles/.config/Slack/dictionaries/ja-JP.bdic
[05/22/18, 23:05:22:153] info: Failed to read file /home/nozomi/dotfiles/.config/Slack/dictionaries/ja-JP.bdic: File exists but is most likely bogus
[05/22/18, 23:05:22:157] info: Actually downloading https://redirector.gvt1.com/edgedl/chrome/dict/ja-jp-3-0.bdic
[05/22/18, 23:05:22:249] info: Store: SET_FULL_SCREEN
[05/22/18, 23:05:22:250] info: Store: SET_FULL_SCREEN
[05/22/18, 23:05:22:560] info: Unloading spellchecker
[05/22/18, 23:05:22:561] info: Unloading spellchecker
[05/22/18, 23:05:22:562] info: Store: SET_FULL_SCREEN
[05/22/18, 23:05:22:609] info: Store: SET_FULL_SCREEN
[05/22/18, 23:05:24:351] info: Loading dictionary for language ja-JP
[05/22/18, 23:05:24:352] info: Returning local copy: /home/nozomi/dotfiles/.config/Slack/dictionaries/ja-JP.bdic
[05/22/18, 23:05:24:354] info: Failed to read file /home/nozomi/dotfiles/.config/Slack/dictionaries/ja-JP.bdic: File exists but is most likely bogus
[05/22/18, 23:05:24:355] info: Actually downloading https://redirector.gvt1.com/edgedl/chrome/dict/ja-jp-3-0.bdic
[05/22/18, 23:05:24:604] info: Loading dictionary for language ja-JP
[05/22/18, 23:05:24:605] info: Returning local copy: /home/nozomi/dotfiles/.config/Slack/dictionaries/ja-JP.bdic
[05/22/18, 23:05:24:607] info: Failed to read file /home/nozomi/dotfiles/.config/Slack/dictionaries/ja-JP.bdic: File exists but is most likely bogus
[05/22/18, 23:05:24:609] info: Actually downloading https://redirector.gvt1.com/edgedl/chrome/dict/ja-jp-3-0.bdic
[05/22/18, 23:05:24:852] info: dictionary for ja-JP_ja-JP is not available
[05/22/18, 23:08:49:141] info: Restoring spellchecker
[05/22/18, 23:08:49:143] info: Requesting to load ja-JP, alternatives are ["ja-JP","ja-JP","ja-JP"]
[05/22/18, 23:08:49:144] info: Loading dictionary for language ja-JP
[05/22/18, 23:08:49:144] info: Returning local copy: /home/nozomi/dotfiles/.config/Slack/dictionaries/ja-JP.bdic
[05/22/18, 23:08:49:147] info: Store: SET_FULL_SCREEN
[05/22/18, 23:08:49:168] info: Store: SET_FULL_SCREEN
[05/22/18, 23:08:49:176] info: Failed to read file /home/nozomi/dotfiles/.config/Slack/dictionaries/ja-JP.bdic: File exists but is most likely bogus
[05/22/18, 23:08:49:176] info: Actually downloading https://redirector.gvt1.com/edgedl/chrome/dict/ja-jp-3-0.bdic
[05/22/18, 23:08:50:197] info: Loading dictionary for language ja-JP
[05/22/18, 23:08:50:197] info: Returning local copy: /home/nozomi/dotfiles/.config/Slack/dictionaries/ja-JP.bdic
[05/22/18, 23:08:50:198] info: Failed to read file /home/nozomi/dotfiles/.config/Slack/dictionaries/ja-JP.bdic: File exists but is most likely bogus
[05/22/18, 23:08:50:198] info: Actually downloading https://redirector.gvt1.com/edgedl/chrome/dict/ja-jp-3-0.bdic
[05/22/18, 23:08:50:428] info: Loading dictionary for language ja-JP
[05/22/18, 23:08:50:429] info: Returning local copy: /home/nozomi/dotfiles/.config/Slack/dictionaries/ja-JP.bdic
[05/22/18, 23:08:50:433] info: Failed to read file /home/nozomi/dotfiles/.config/Slack/dictionaries/ja-JP.bdic: File exists but is most likely bogus
[05/22/18, 23:08:50:434] info: Actually downloading https://redirector.gvt1.com/edgedl/chrome/dict/ja-jp-3-0.bdic
[05/22/18, 23:08:50:692] info: dictionary for ja-JP_ja-JP is not available
[05/22/18, 23:08:51:008] info: Unloading spellchecker
[05/22/18, 23:08:51:011] info: Unloading spellchecker
[05/22/18, 23:08:51:084] info: Store: SET_FULL_SCREEN
[05/22/18, 23:09:48:450] info: Restoring spellchecker
[05/22/18, 23:09:48:459] info: Requesting to load ja-JP, alternatives are ["ja-JP","ja-JP","ja-JP"]
[05/22/18, 23:09:48:460] info: Loading dictionary for language ja-JP
[05/22/18, 23:09:48:460] info: Returning local copy: /home/nozomi/dotfiles/.config/Slack/dictionaries/ja-JP.bdic
[05/22/18, 23:09:48:500] info: Store: SET_FULL_SCREEN
[05/22/18, 23:09:48:501] info: Failed to read file /home/nozomi/dotfiles/.config/Slack/dictionaries/ja-JP.bdic: File exists but is most likely bogus
[05/22/18, 23:09:48:502] info: Actually downloading https://redirector.gvt1.com/edgedl/chrome/dict/ja-jp-3-0.bdic
[05/22/18, 23:09:49:052] info: Unloading spellchecker
[05/22/18, 23:09:49:054] info: Unloading spellchecker
[05/22/18, 23:09:49:066] info: Store: SET_FULL_SCREEN
[05/22/18, 23:09:49:090] info: Store: SET_FULL_SCREEN
[05/22/18, 23:09:49:262] info: Loading dictionary for language ja-JP
[05/22/18, 23:09:49:262] info: Returning local copy: /home/nozomi/dotfiles/.config/Slack/dictionaries/ja-JP.bdic
[05/22/18, 23:09:49:263] info: Failed to read file /home/nozomi/dotfiles/.config/Slack/dictionaries/ja-JP.bdic: File exists but is most likely bogus
[05/22/18, 23:09:49:263] info: Actually downloading https://redirector.gvt1.com/edgedl/chrome/dict/ja-jp-3-0.bdic
[05/22/18, 23:09:49:521] info: Loading dictionary for language ja-JP
[05/22/18, 23:09:49:521] info: Returning local copy: /home/nozomi/dotfiles/.config/Slack/dictionaries/ja-JP.bdic
[05/22/18, 23:09:49:523] info: Failed to read file /home/nozomi/dotfiles/.config/Slack/dictionaries/ja-JP.bdic: File exists but is most likely bogus
[05/22/18, 23:09:49:524] info: Actually downloading https://redirector.gvt1.com/edgedl/chrome/dict/ja-jp-3-0.bdic
[05/22/18, 23:09:49:742] info: dictionary for ja-JP_ja-JP is not available
[05/22/18, 23:12:11:200] info: Restoring spellchecker
[05/22/18, 23:12:11:202] info: Requesting to load ja-JP, alternatives are ["ja-JP","ja-JP","ja-JP"]
[05/22/18, 23:12:11:203] info: Loading dictionary for language ja-JP
[05/22/18, 23:12:11:204] info: Returning local copy: /home/nozomi/dotfiles/.config/Slack/dictionaries/ja-JP.bdic
[05/22/18, 23:12:11:213] info: Store: SET_FULL_SCREEN
[05/22/18, 23:12:11:270] info: Store: SET_FULL_SCREEN
[05/22/18, 23:12:11:283] info: Failed to read file /home/nozomi/dotfiles/.config/Slack/dictionaries/ja-JP.bdic: File exists but is most likely bogus
[05/22/18, 23:12:11:284] info: Actually downloading https://redirector.gvt1.com/edgedl/chrome/dict/ja-jp-3-0.bdic
[05/22/18, 23:12:12:495] info: Loading dictionary for language ja-JP
[05/22/18, 23:12:12:496] info: Returning local copy: /home/nozomi/dotfiles/.config/Slack/dictionaries/ja-JP.bdic
[05/22/18, 23:12:12:497] info: Failed to read file /home/nozomi/dotfiles/.config/Slack/dictionaries/ja-JP.bdic: File exists but is most likely bogus
[05/22/18, 23:12:12:498] info: Actually downloading https://redirector.gvt1.com/edgedl/chrome/dict/ja-jp-3-0.bdic
[05/22/18, 23:12:12:724] info: Loading dictionary for language ja-JP
[05/22/18, 23:12:12:724] info: Returning local copy: /home/nozomi/dotfiles/.config/Slack/dictionaries/ja-JP.bdic
[05/22/18, 23:12:12:730] info: Failed to read file /home/nozomi/dotfiles/.config/Slack/dictionaries/ja-JP.bdic: File exists but is most likely bogus
[05/22/18, 23:12:12:732] info: Actually downloading https://redirector.gvt1.com/edgedl/chrome/dict/ja-jp-3-0.bdic
[05/22/18, 23:12:13:326] info: dictionary for ja-JP_ja-JP is not available
[05/22/18, 23:12:13:691] info: Unloading spellchecker
[05/22/18, 23:12:13:693] info: Unloading spellchecker
[05/22/18, 23:12:13:731] info: Store: SET_FULL_SCREEN
[05/22/18, 23:13:08:071] info: Restoring spellchecker
[05/22/18, 23:13:08:072] info: Requesting to load ja-JP, alternatives are ["ja-JP","ja-JP","ja-JP"]
[05/22/18, 23:13:08:074] info: Loading dictionary for language ja-JP
[05/22/18, 23:13:08:074] info: Returning local copy: /home/nozomi/dotfiles/.config/Slack/dictionaries/ja-JP.bdic
[05/22/18, 23:13:08:086] info: Unloading spellchecker
[05/22/18, 23:13:08:092] info: Restoring spellchecker
[05/22/18, 23:13:08:093] info: Requesting to load ja-JP, alternatives are ["ja-JP","ja-JP","ja-JP"]
[05/22/18, 23:13:08:098] info: Loading dictionary for language ja-JP
[05/22/18, 23:13:08:100] info: Returning local copy: /home/nozomi/dotfiles/.config/Slack/dictionaries/ja-JP.bdic
[05/22/18, 23:13:08:120] info: Store: MAIN_WINDOW_FOCUSED
[05/22/18, 23:13:08:123] info: Store: SET_FULL_SCREEN
[05/22/18, 23:13:08:126] info: Failed to read file /home/nozomi/dotfiles/.config/Slack/dictionaries/ja-JP.bdic: File exists but is most likely bogus
[05/22/18, 23:13:08:126] info: Failed to read file /home/nozomi/dotfiles/.config/Slack/dictionaries/ja-JP.bdic: File exists but is most likely bogus
[05/22/18, 23:13:08:127] info: Actually downloading https://redirector.gvt1.com/edgedl/chrome/dict/ja-jp-3-0.bdic
[05/22/18, 23:13:08:163] info: Can't clear out file, bailing
[05/22/18, 23:13:08:166] info: Loading dictionary for language ja-JP
[05/22/18, 23:13:08:166] info: Actually downloading https://redirector.gvt1.com/edgedl/chrome/dict/ja-jp-3-0.bdic
[05/22/18, 23:13:08:692] info: Loading dictionary for language ja-JP
[05/22/18, 23:13:08:693] info: Returning local copy: /home/nozomi/dotfiles/.config/Slack/dictionaries/ja-JP.bdic
[05/22/18, 23:13:08:695] info: Failed to read file /home/nozomi/dotfiles/.config/Slack/dictionaries/ja-JP.bdic: File exists but is most likely bogus
[05/22/18, 23:13:08:696] info: Actually downloading https://redirector.gvt1.com/edgedl/chrome/dict/ja-jp-3-0.bdic
[05/22/18, 23:13:08:873] info: Loading dictionary for language ja-JP
[05/22/18, 23:13:08:873] info: Returning local copy: /home/nozomi/dotfiles/.config/Slack/dictionaries/ja-JP.bdic
[05/22/18, 23:13:08:874] info: Failed to read file /home/nozomi/dotfiles/.config/Slack/dictionaries/ja-JP.bdic: File exists but is most likely bogus
[05/22/18, 23:13:08:874] info: Actually downloading https://redirector.gvt1.com/edgedl/chrome/dict/ja-jp-3-0.bdic
[05/22/18, 23:13:09:037] info: Loading dictionary for language ja-JP
[05/22/18, 23:13:09:038] info: Returning local copy: /home/nozomi/dotfiles/.config/Slack/dictionaries/ja-JP.bdic
[05/22/18, 23:13:09:041] info: Failed to read file /home/nozomi/dotfiles/.config/Slack/dictionaries/ja-JP.bdic: File exists but is most likely bogus
[05/22/18, 23:13:09:042] info: Actually downloading https://redirector.gvt1.com/edgedl/chrome/dict/ja-jp-3-0.bdic
[05/22/18, 23:13:09:259] info: dictionary for ja-JP_ja-JP is not available
[05/22/18, 23:13:09:361] info: dictionary for ja-JP_ja-JP is not available
[05/22/18, 23:13:15:270] info: Unloading spellchecker
[05/22/18, 23:13:15:275] info: Unloading spellchecker
[05/22/18, 23:13:15:311] info: Store: SET_FULL_SCREEN
[05/22/18, 23:14:31:211] info: Store: SET_FULL_SCREEN
[05/22/18, 23:16:06:225] info: Store: SET_FULL_SCREEN
[05/22/18, 23:16:09:133] info: Store: SET_FULL_SCREEN
[05/22/18, 23:16:09:752] info: Store: SET_FULL_SCREEN
[05/22/18, 23:16:31:359] info: Store: SET_FULL_SCREEN
[05/22/18, 23:17:01:286] info: Store: SET_FULL_SCREEN
[05/22/18, 23:17:02:242] info: Store: SET_FULL_SCREEN
[05/22/18, 23:31:31:470] info: Store: SET_FULL_SCREEN
[05/22/18, 23:31:31:921] info: Store: SET_FULL_SCREEN
[05/22/18, 23:32:31:371] info: Store: SET_FULL_SCREEN
[05/22/18, 23:32:32:057] info: Store: SET_FULL_SCREEN
[05/22/18, 23:33:04:999] info: Store: SET_FULL_SCREEN
[05/22/18, 23:33:07:038] info: Store: SET_FULL_SCREEN
[05/22/18, 23:53:19:874] info: Store: SET_SUSPEND_STATUS
[05/22/18, 23:53:19:922] error: May-22 23:53:19.922 SOCKET-MANAGER (T031FNTUT) Closing socket because #4102: client is going to sleep
[05/22/18, 23:53:20:391] info: Store: SET_NETWORK_STATUS offline
[05/23/18, 10:37:21:244] info: Store: SET_SUSPEND_STATUS true
[05/23/18, 10:37:21:324] error: May-23 10:37:21.324 SOCKET-MANAGER (T031FNTUT) Closing socket because #4108: unexpected socket closure
[05/23/18, 10:37:27:431] info: Store: SET_NETWORK_STATUS online
[05/23/18, 10:37:58:981] info: Store: UPSERT_WEB_CONTENTS
{
  "id": 3,
  "state": "page-will-navigate",
  "teamId": "T031FNTUT"
}
[05/23/18, 10:37:58:991] info: Window is unloading, window.desktop is no longer accessible
[05/23/18, 10:37:59:367] info: Store: UPDATE_SESSION_STATUS
{
  "hasValidSession": true,
  "teamId": "T031FNTUT"
}
