[05/21/18, 13:03:06:029] info: ╔══════════════════════════════════════════════════════════════════════════════════════════════╗
[05/21/18, 13:03:06:030] info: ║      Slack 3.2.0-beta25a7a50e, linux 4.10.0-38-generic on x64 at 05/21/18, 13:03:06:026      ║
[05/21/18, 13:03:06:030] info: ╚══════════════════════════════════════════════════════════════════════════════════════════════╝
[05/21/18, 13:03:06:206] info: Initializing local storage instance at path: /home/nozomi/dotfiles/.config/Slack/local-settings.json
[05/21/18, 13:03:06:362] info: NetworkStatus: Waiting for network online…
[05/21/18, 13:03:06:736] info: Store: BACKGROUND_CLIENTS_INITIALIZED true
[05/21/18, 13:03:06:852] info: NetworkStatus: Response from api.test
{
  "status": "online"
}
[05/21/18, 13:03:07:258] info: Store: SET_NETWORK_STATUS online
[05/21/18, 13:03:10:777] info: Store: UPSERT_WEB_CONTENTS
{
  "id": 4,
  "state": "loaded",
  "teamId": "T0253QGQ9"
}
[05/21/18, 13:03:11:146] info: Store: UPDATE_SESSION_STATUS
{
  "hasValidSession": false,
  "teamId": "T0253QGQ9"
}
[05/21/18, 13:03:12:020] info: Store: UPSERT_WEB_CONTENTS
{
  "id": 3,
  "state": "loaded",
  "teamId": "T031FNTUT"
}
[05/21/18, 13:03:12:026] info: Store: MAIN_WINDOW_SHOWN
[05/21/18, 13:03:12:059] info: Store: SET_FULL_SCREEN
[05/21/18, 13:03:12:079] info: Store: SET_FULL_SCREEN
[05/21/18, 13:03:12:081] info: Store: SET_FULL_SCREEN
[05/21/18, 13:03:12:396] info: Store: UPDATE_SESSION_STATUS
{
  "hasValidSession": true,
  "teamId": "T031FNTUT"
}
[05/21/18, 13:03:12:957] info: Store: SELECT_CHANNEL D5WHV4ZQW
[05/21/18, 13:03:12:960] info: Store: UPDATE_TEAM_LOCALE
{
  "locale": "en-US",
  "teamId": "T031FNTUT"
}
[05/21/18, 13:03:12:965] info: Store: UPDATE_SETTINGS
{
  "locale": "en-US"
}
[05/21/18, 13:03:12:978] info: Store: UPDATE_TEAM_THEME
{
  "teamId": "T031FNTUT",
  "theme": {
    "active_item": "#95BFEA",
    "active_item_text": "#FFFFFF",
    "active_presence": "#FFFF00",
    "badge": "#AAFFFF",
    "column_bg": "#40E0D0",
    "hover_item": "#48D1CC",
    "menu_bg": "#AAFFFF",
    "text_color": "#FFFFFF"
  }
}
[05/21/18, 13:03:13:583] info: Store: UPDATE_TEAM_ICONS
{
  "icons": {
    "image_102": "https://slack-files2.s3-us-west-2.amazonaws.com/avatars/2016-05-12/42266573955_325ce791cc9957bfae5b_102.png",
    "image_132": "https://slack-files2.s3-us-west-2.amazonaws.com/avatars/2016-05-12/42266573955_325ce791cc9957bfae5b_132.png",
    "image_230": "https://slack-files2.s3-us-west-2.amazonaws.com/avatars/2016-05-12/42266573955_325ce791cc9957bfae5b_132.png",
    "image_34": "https://slack-files2.s3-us-west-2.amazonaws.com/avatars/2016-05-12/42266573955_325ce791cc9957bfae5b_34.png",
    "image_44": "https://slack-files2.s3-us-west-2.amazonaws.com/avatars/2016-05-12/42266573955_325ce791cc9957bfae5b_44.png",
    "image_68": "https://slack-files2.s3-us-west-2.amazonaws.com/avatars/2016-05-12/42266573955_325ce791cc9957bfae5b_68.png",
    "image_88": "https://slack-files2.s3-us-west-2.amazonaws.com/avatars/2016-05-12/42266573955_325ce791cc9957bfae5b_88.png",
    "image_original": "https://slack-files2.s3-us-west-2.amazonaws.com/avatars/2016-05-12/42266573955_325ce791cc9957bfae5b_original.png"
  },
  "teamId": "T031FNTUT"
}
[05/21/18, 13:03:14:356] info: Store: UPDATE_TEAM_LOCALE
{
  "locale": "en-US",
  "teamId": "T031FNTUT"
}
[05/21/18, 13:03:14:366] info: Store: UPSERT_WEB_CONTENTS
{
  "id": 3,
  "state": "webapp-loaded",
  "teamId": "T031FNTUT"
}
[05/21/18, 13:03:14:584] info: Store: STORE_ENTERPRISE_ID_PAIR
{
  "enterpriseId": "",
  "teamId": "T031FNTUT"
}
[05/21/18, 13:03:15:142] info: Store: SELECT_CHANNEL C04SC8PKT
[05/21/18, 13:03:26:024] info: Store: SELECT_CHANNEL CA6UN40BE
[05/21/18, 13:04:05:885] info: Store: SELECT_CHANNEL CASGZGRSB
[05/21/18, 13:04:21:168] info: Store: SET_FULL_SCREEN
[05/21/18, 13:04:29:622] info: Store: SET_FULL_SCREEN
[05/21/18, 13:05:35:572] info: Store: SELECT_CHANNEL C9ZTCGXJQ
[05/21/18, 13:05:45:871] info: Store: SELECT_CHANNEL C031FNU0K
[05/21/18, 13:06:11:455] info: Store: SELECT_CHANNEL C4QLRLTTP
[05/21/18, 13:06:16:703] info: Store: SELECT_CHANNEL C04BF1FAP
[05/21/18, 13:06:21:441] info: Store: SELECT_CHANNEL CA760KQ82
[05/21/18, 13:06:34:080] info: Store: SET_FULL_SCREEN
[05/21/18, 13:06:34:090] info: Store: SET_FULL_SCREEN
[05/21/18, 13:07:11:865] info: Store: SET_FULL_SCREEN
[05/21/18, 13:07:11:933] info: Store: SET_FULL_SCREEN
[05/21/18, 13:07:54:034] info: Store: SET_FULL_SCREEN
[05/21/18, 13:08:08:618] info: Store: SET_FULL_SCREEN
[05/21/18, 13:08:10:172] info: Store: SET_FULL_SCREEN
[05/21/18, 13:08:10:183] info: Store: SET_FULL_SCREEN
[05/21/18, 13:08:10:733] info: Store: SET_FULL_SCREEN
[05/21/18, 13:08:10:735] info: Store: SET_FULL_SCREEN
[05/21/18, 13:08:15:626] info: Store: SET_FULL_SCREEN
[05/21/18, 13:08:15:638] info: Store: SET_FULL_SCREEN
[05/21/18, 13:08:37:773] info: Store: SET_FULL_SCREEN
[05/21/18, 13:08:37:815] info: Store: SET_FULL_SCREEN
[05/21/18, 13:08:59:027] info: Store: SELECT_CHANNEL C031FNU09
[05/21/18, 13:09:28:787] info: Store: SET_FULL_SCREEN
[05/21/18, 13:09:28:800] info: Store: SET_FULL_SCREEN
[05/21/18, 13:16:15:950] info: Store: NEW_NOTIFICATION
{
  "avatarImage": "https://ca.slack-edge.com/T031FNTUT-U5A639PTP-edb8fa505c4f-512",
  "channel": "D7JP44402",
  "content": "",
  "id": "V7Z1IlhJRj0w3pm",
  "launchUri": "slack://channel?id=D7JP44402&message=1526876175.000144&team=T031FNTUT",
  "msg": "1526876175.000144",
  "silent": true,
  "subtitle": "",
  "teamId": "T031FNTUT",
  "title": "[REDACTED]"
}
[05/21/18, 13:48:23:715] info: Store: SET_FULL_SCREEN
[05/21/18, 13:48:23:728] info: Store: SET_FULL_SCREEN
[05/21/18, 13:48:26:756] info: Store: SET_FULL_SCREEN
[05/21/18, 13:48:26:770] info: Store: SET_FULL_SCREEN
[05/21/18, 13:50:46:902] info: Store: SET_FULL_SCREEN
[05/21/18, 13:50:46:937] info: Store: SET_FULL_SCREEN
[05/21/18, 13:50:47:151] info: Store: SET_FULL_SCREEN
[05/21/18, 13:50:47:161] info: Store: SET_FULL_SCREEN
[05/21/18, 13:50:47:639] info: Store: SET_FULL_SCREEN
[05/21/18, 13:50:47:664] info: Store: SET_FULL_SCREEN
[05/21/18, 13:50:50:197] info: Store: SELECT_CHANNEL D7JP44402
[05/21/18, 13:50:52:559] info: Store: SET_FULL_SCREEN
[05/21/18, 13:50:52:568] info: Store: SET_FULL_SCREEN
[05/21/18, 14:08:27:283] info: Store: SET_FULL_SCREEN
[05/21/18, 14:08:27:292] info: Store: SET_FULL_SCREEN
[05/21/18, 14:08:27:851] info: Store: SET_FULL_SCREEN
[05/21/18, 14:08:27:887] info: Store: SET_FULL_SCREEN
[05/21/18, 14:35:05:926] info: Store: SET_SUSPEND_STATUS
[05/21/18, 14:35:06:440] info: Store: SET_NETWORK_STATUS offline
[05/21/18, 14:57:34:962] info: Store: SET_SUSPEND_STATUS true
[05/21/18, 14:57:44:266] info: NetworkStatus: Waiting for network online…
[05/21/18, 14:57:44:286] info: NetworkStatus: Network check failed
{
  "error": {
    "message": "Failed to fetch",
    "stack": "TypeError: Failed to fetch"
  }
}
[05/21/18, 14:57:44:288] info: NetworkStatus: Response from api.test
{
  "status": "offline"
}
[05/21/18, 14:57:49:508] info: NetworkStatus: Response from api.test
{
  "status": "online"
}
[05/21/18, 14:57:49:918] info: Store: SET_NETWORK_STATUS online
[05/21/18, 14:57:49:925] warn: Base Component: Attempting to update LoadingScreen when unmounted.
[05/21/18, 14:58:14:740] info: Store: UPDATE_TEAM_ICONS
{
  "icons": {
    "image_102": "https://slack-files2.s3-us-west-2.amazonaws.com/avatars/2016-05-12/42266573955_325ce791cc9957bfae5b_102.png",
    "image_132": "https://slack-files2.s3-us-west-2.amazonaws.com/avatars/2016-05-12/42266573955_325ce791cc9957bfae5b_132.png",
    "image_230": "https://slack-files2.s3-us-west-2.amazonaws.com/avatars/2016-05-12/42266573955_325ce791cc9957bfae5b_132.png",
    "image_34": "https://slack-files2.s3-us-west-2.amazonaws.com/avatars/2016-05-12/42266573955_325ce791cc9957bfae5b_34.png",
    "image_44": "https://slack-files2.s3-us-west-2.amazonaws.com/avatars/2016-05-12/42266573955_325ce791cc9957bfae5b_44.png",
    "image_68": "https://slack-files2.s3-us-west-2.amazonaws.com/avatars/2016-05-12/42266573955_325ce791cc9957bfae5b_68.png",
    "image_88": "https://slack-files2.s3-us-west-2.amazonaws.com/avatars/2016-05-12/42266573955_325ce791cc9957bfae5b_88.png",
    "image_original": "https://slack-files2.s3-us-west-2.amazonaws.com/avatars/2016-05-12/42266573955_325ce791cc9957bfae5b_original.png"
  },
  "teamId": "T031FNTUT"
}
[05/21/18, 14:58:15:259] info: Store: UPDATE_TEAM_LOCALE
{
  "locale": "en-US",
  "teamId": "T031FNTUT"
}
[05/21/18, 15:06:40:864] info: Store: SET_FULL_SCREEN
[05/21/18, 15:06:40:872] info: Store: SET_FULL_SCREEN
[05/21/18, 15:06:42:360] info: Store: SET_FULL_SCREEN
[05/21/18, 15:06:42:378] info: Store: SET_FULL_SCREEN
[05/21/18, 15:11:29:561] info: Store: SET_FULL_SCREEN
[05/21/18, 15:11:29:572] info: Store: SET_FULL_SCREEN
[05/21/18, 15:11:30:091] info: Store: SET_FULL_SCREEN
[05/21/18, 15:11:30:110] info: Store: SET_FULL_SCREEN
[05/21/18, 15:21:05:689] info: Store: SET_FULL_SCREEN
[05/21/18, 15:21:05:710] info: Store: SET_FULL_SCREEN
[05/21/18, 15:21:07:083] info: Store: SET_FULL_SCREEN
[05/21/18, 15:21:07:089] info: Store: SET_FULL_SCREEN
[05/21/18, 15:39:00:558] info: Store: SET_FULL_SCREEN
[05/21/18, 15:39:00:562] info: Store: SET_FULL_SCREEN
[05/21/18, 15:39:08:719] info: Store: SELECT_CHANNEL C4TPU0YUW
[05/21/18, 15:40:18:696] info: Store: SET_FULL_SCREEN
[05/21/18, 15:40:18:698] info: Store: SET_FULL_SCREEN
[05/21/18, 15:40:26:591] info: Store: SET_FULL_SCREEN
[05/21/18, 15:40:26:605] info: Store: SET_FULL_SCREEN
[05/21/18, 15:40:40:847] info: Store: SELECT_CHANNEL D5WHV4ZQW
[05/21/18, 15:40:44:036] info: Store: NEW_NOTIFICATION
{
  "avatarImage": "https://ca.slack-edge.com/T031FNTUT-U04KRG00A-2f202a8ff96a-512",
  "channel": "CASGZGRSB",
  "content": "[REDACTED]",
  "id": "8MYmsXiMDZLornx",
  "launchUri": "slack://channel?id=CASGZGRSB&message=1526884843.000193&team=T031FNTUT",
  "msg": "1526884843.000193",
  "silent": true,
  "subtitle": "",
  "teamId": "T031FNTUT",
  "title": "[REDACTED]"
}
[05/21/18, 15:40:47:617] info: Store: SET_FULL_SCREEN
[05/21/18, 15:40:47:619] info: Store: SET_FULL_SCREEN
[05/21/18, 15:40:50:776] info: Store: SET_FULL_SCREEN
[05/21/18, 15:40:50:784] info: Store: SET_FULL_SCREEN
[05/21/18, 15:40:53:774] info: Store: SELECT_CHANNEL CA6KDLY8H
[05/21/18, 15:40:54:602] info: Store: SELECT_CHANNEL CASGZGRSB
[05/21/18, 15:41:08:209] info: Store: SET_FULL_SCREEN
[05/21/18, 15:41:08:242] info: Store: SET_FULL_SCREEN
[05/21/18, 15:42:01:375] info: Store: SET_FULL_SCREEN
[05/21/18, 15:42:01:399] info: Store: SET_FULL_SCREEN
[05/21/18, 15:42:19:800] info: Store: SET_FULL_SCREEN
[05/21/18, 15:42:19:812] info: Store: SET_FULL_SCREEN
[05/21/18, 15:42:37:025] info: Store: SET_FULL_SCREEN
[05/21/18, 15:42:37:034] info: Store: SET_FULL_SCREEN
[05/21/18, 15:43:28:635] info: Store: SET_FULL_SCREEN
[05/21/18, 15:43:28:646] info: Store: SET_FULL_SCREEN
[05/21/18, 15:46:37:096] info: Store: SET_FULL_SCREEN
[05/21/18, 15:46:37:106] info: Store: SET_FULL_SCREEN
[05/21/18, 15:46:42:752] info: Store: SET_FULL_SCREEN
[05/21/18, 15:46:42:766] info: Store: SET_FULL_SCREEN
[05/21/18, 15:48:29:490] info: Store: SET_FULL_SCREEN
[05/21/18, 15:48:29:493] info: Store: SET_FULL_SCREEN
[05/21/18, 15:48:29:894] info: Store: SET_FULL_SCREEN
[05/21/18, 15:48:29:912] info: Store: SET_FULL_SCREEN
[05/21/18, 16:32:15:359] info: Store: SET_FULL_SCREEN
[05/21/18, 16:32:15:374] info: Store: SET_FULL_SCREEN
[05/21/18, 16:32:15:596] info: Store: SET_FULL_SCREEN
[05/21/18, 16:32:15:604] info: Store: SET_FULL_SCREEN
[05/21/18, 16:32:16:052] info: Store: SET_FULL_SCREEN
[05/21/18, 16:32:16:087] info: Store: SET_FULL_SCREEN
[05/21/18, 16:32:18:337] info: Store: SET_FULL_SCREEN
[05/21/18, 16:32:46:547] info: Store: SET_FULL_SCREEN
[05/21/18, 16:32:53:912] info: Store: SET_FULL_SCREEN
[05/21/18, 16:33:59:721] info: Store: SET_FULL_SCREEN
[05/21/18, 16:34:42:807] info: Store: SET_FULL_SCREEN
[05/21/18, 16:34:46:859] info: Store: SET_FULL_SCREEN
[05/21/18, 16:34:48:775] info: Store: SET_FULL_SCREEN
[05/21/18, 16:35:28:100] info: Store: SET_FULL_SCREEN
[05/21/18, 16:35:28:713] info: Store: SET_FULL_SCREEN
[05/21/18, 16:35:28:726] info: Store: SET_FULL_SCREEN
[05/21/18, 16:49:34:212] info: Store: SET_SUSPEND_STATUS
[05/21/18, 16:49:34:687] info: Store: SET_NETWORK_STATUS offline
[05/21/18, 17:18:46:925] info: Store: SET_SUSPEND_STATUS true
[05/21/18, 17:18:55:663] info: NetworkStatus: Waiting for network online…
[05/21/18, 17:18:55:667] info: NetworkStatus: Network check failed
{
  "error": {
    "message": "Failed to fetch",
    "stack": "TypeError: Failed to fetch"
  }
}
[05/21/18, 17:18:55:668] info: NetworkStatus: Response from api.test
{
  "status": "offline"
}
[05/21/18, 17:19:00:877] info: NetworkStatus: Response from api.test
{
  "status": "online"
}
[05/21/18, 17:19:01:286] info: Store: SET_NETWORK_STATUS online
[05/21/18, 17:19:01:296] warn: Base Component: Attempting to update LoadingScreen when unmounted.
[05/21/18, 17:19:23:429] info: Store: UPDATE_TEAM_ICONS
{
  "icons": {
    "image_102": "https://slack-files2.s3-us-west-2.amazonaws.com/avatars/2016-05-12/42266573955_325ce791cc9957bfae5b_102.png",
    "image_132": "https://slack-files2.s3-us-west-2.amazonaws.com/avatars/2016-05-12/42266573955_325ce791cc9957bfae5b_132.png",
    "image_230": "https://slack-files2.s3-us-west-2.amazonaws.com/avatars/2016-05-12/42266573955_325ce791cc9957bfae5b_132.png",
    "image_34": "https://slack-files2.s3-us-west-2.amazonaws.com/avatars/2016-05-12/42266573955_325ce791cc9957bfae5b_34.png",
    "image_44": "https://slack-files2.s3-us-west-2.amazonaws.com/avatars/2016-05-12/42266573955_325ce791cc9957bfae5b_44.png",
    "image_68": "https://slack-files2.s3-us-west-2.amazonaws.com/avatars/2016-05-12/42266573955_325ce791cc9957bfae5b_68.png",
    "image_88": "https://slack-files2.s3-us-west-2.amazonaws.com/avatars/2016-05-12/42266573955_325ce791cc9957bfae5b_88.png",
    "image_original": "https://slack-files2.s3-us-west-2.amazonaws.com/avatars/2016-05-12/42266573955_325ce791cc9957bfae5b_original.png"
  },
  "teamId": "T031FNTUT"
}
[05/21/18, 17:19:23:791] info: Store: UPDATE_TEAM_LOCALE
{
  "locale": "en-US",
  "teamId": "T031FNTUT"
}
[05/21/18, 17:57:13:857] info: Store: SET_SUSPEND_STATUS
[05/21/18, 17:57:14:316] info: Store: SET_NETWORK_STATUS offline
[05/21/18, 17:57:30:916] info: Store: SET_SUSPEND_STATUS true
[05/21/18, 17:57:39:305] info: NetworkStatus: Waiting for network online…
[05/21/18, 17:57:39:311] info: NetworkStatus: Network check failed
{
  "error": {
    "message": "Failed to fetch",
    "stack": "TypeError: Failed to fetch"
  }
}
[05/21/18, 17:57:39:312] info: NetworkStatus: Response from api.test
{
  "status": "offline"
}
[05/21/18, 17:57:44:493] info: NetworkStatus: Response from api.test
{
  "status": "online"
}
[05/21/18, 17:57:44:901] info: Store: SET_NETWORK_STATUS online
[05/21/18, 17:57:44:913] warn: Base Component: Attempting to update LoadingScreen when unmounted.
[05/21/18, 17:58:28:905] info: Store: SET_SUSPEND_STATUS
[05/21/18, 17:58:29:403] info: Store: SET_NETWORK_STATUS offline
[05/21/18, 19:03:07:901] info: Store: SET_SUSPEND_STATUS true
[05/21/18, 19:03:16:205] info: NetworkStatus: Waiting for network online…
[05/21/18, 19:03:16:209] info: NetworkStatus: Network check failed
{
  "error": {
    "message": "Failed to fetch",
    "stack": "TypeError: Failed to fetch"
  }
}
[05/21/18, 19:03:16:210] info: NetworkStatus: Response from api.test
{
  "status": "offline"
}
[05/21/18, 19:03:21:367] info: NetworkStatus: Response from api.test
{
  "status": "online"
}
[05/21/18, 19:03:21:770] info: Store: SET_NETWORK_STATUS online
[05/21/18, 19:03:21:771] warn: Base Component: Attempting to update LoadingScreen when unmounted.
[05/21/18, 19:03:47:626] info: Store: UPDATE_TEAM_ICONS
{
  "icons": {
    "image_102": "https://slack-files2.s3-us-west-2.amazonaws.com/avatars/2016-05-12/42266573955_325ce791cc9957bfae5b_102.png",
    "image_132": "https://slack-files2.s3-us-west-2.amazonaws.com/avatars/2016-05-12/42266573955_325ce791cc9957bfae5b_132.png",
    "image_230": "https://slack-files2.s3-us-west-2.amazonaws.com/avatars/2016-05-12/42266573955_325ce791cc9957bfae5b_132.png",
    "image_34": "https://slack-files2.s3-us-west-2.amazonaws.com/avatars/2016-05-12/42266573955_325ce791cc9957bfae5b_34.png",
    "image_44": "https://slack-files2.s3-us-west-2.amazonaws.com/avatars/2016-05-12/42266573955_325ce791cc9957bfae5b_44.png",
    "image_68": "https://slack-files2.s3-us-west-2.amazonaws.com/avatars/2016-05-12/42266573955_325ce791cc9957bfae5b_68.png",
    "image_88": "https://slack-files2.s3-us-west-2.amazonaws.com/avatars/2016-05-12/42266573955_325ce791cc9957bfae5b_88.png",
    "image_original": "https://slack-files2.s3-us-west-2.amazonaws.com/avatars/2016-05-12/42266573955_325ce791cc9957bfae5b_original.png"
  },
  "teamId": "T031FNTUT"
}
[05/21/18, 19:03:47:988] info: Store: UPDATE_TEAM_LOCALE
{
  "locale": "en-US",
  "teamId": "T031FNTUT"
}
[05/21/18, 19:12:38:560] info: Store: NEW_NOTIFICATION
{
  "avatarImage": "https://ca.slack-edge.com/T031FNTUT-U12GWE7U6-ab8b5362aedb-512",
  "channel": "C4TPU0YUW",
  "content": "[REDACTED]",
  "id": "JNXLfpsL170EX9q",
  "launchUri": "slack://channel?id=C4TPU0YUW&message=1526897558.000170&team=T031FNTUT",
  "msg": "1526897558.000170",
  "silent": true,
  "subtitle": "",
  "teamId": "T031FNTUT",
  "title": "[REDACTED]"
}
[05/21/18, 19:14:41:925] info: Store: SET_FULL_SCREEN
[05/21/18, 19:14:41:945] info: Store: SET_FULL_SCREEN
[05/21/18, 19:14:56:974] info: Store: SELECT_CHANNEL GASMM7RND
[05/21/18, 19:15:13:217] info: Store: SET_FULL_SCREEN
[05/21/18, 19:15:13:231] info: Store: SET_FULL_SCREEN
[05/21/18, 19:15:39:540] info: Store: SET_FULL_SCREEN
[05/21/18, 19:15:39:551] info: Store: SET_FULL_SCREEN
[05/21/18, 19:15:40:072] info: Store: SET_FULL_SCREEN
[05/21/18, 19:15:40:115] info: Store: SET_FULL_SCREEN
[05/21/18, 19:20:38:373] info: Store: SET_FULL_SCREEN
[05/21/18, 19:20:38:383] info: Store: SET_FULL_SCREEN
[05/21/18, 19:20:58:959] info: Store: SET_FULL_SCREEN
[05/21/18, 19:20:58:962] info: Store: SET_FULL_SCREEN
[05/21/18, 19:23:37:903] info: Store: NEW_NOTIFICATION
{
  "avatarImage": "https://ca.slack-edge.com/T031FNTUT-U17H8MQKB-g7ad138e0bce-512",
  "channel": "C031FNU09",
  "content": "[REDACTED]",
  "id": "V7Z1IPtJRj9KY4q",
  "launchUri": "slack://channel?id=C031FNU09&message=1526898217.000321&team=T031FNTUT",
  "msg": "1526898217.000321",
  "silent": true,
  "subtitle": "",
  "teamId": "T031FNTUT",
  "title": "[REDACTED]"
}
[05/21/18, 19:23:46:634] info: Store: FOREGROUND_APP
[05/21/18, 19:23:46:658] info: Store: SET_FULL_SCREEN
[05/21/18, 19:23:46:666] info: Store: SET_FULL_SCREEN
[05/21/18, 19:23:46:672] info: Store: SET_FULL_SCREEN
[05/21/18, 19:23:46:682] info: Store: SET_FULL_SCREEN
[05/21/18, 19:23:49:245] info: Store: SELECT_CHANNEL C4TPU0YUW
[05/21/18, 19:23:53:010] info: Store: SELECT_CHANNEL C031FNU09
[05/21/18, 19:24:19:236] info: Store: SET_FULL_SCREEN
[05/21/18, 19:24:19:254] info: Store: SET_FULL_SCREEN
[05/21/18, 19:27:14:700] info: Store: SET_FULL_SCREEN
[05/21/18, 19:27:14:704] info: Store: SET_FULL_SCREEN
[05/21/18, 19:27:22:539] info: Store: SELECT_CHANNEL GASMM7RND
[05/21/18, 19:27:30:665] info: Store: SET_FULL_SCREEN
[05/21/18, 19:27:30:672] info: Store: SET_FULL_SCREEN
[05/21/18, 19:27:33:838] info: Store: SET_FULL_SCREEN
[05/21/18, 19:27:33:843] info: Store: SET_FULL_SCREEN
[05/21/18, 19:27:39:898] info: Store: SET_FULL_SCREEN
[05/21/18, 19:27:39:917] info: Store: SET_FULL_SCREEN
[05/21/18, 19:27:43:508] info: Store: SET_FULL_SCREEN
[05/21/18, 19:27:43:519] info: Store: SET_FULL_SCREEN
[05/21/18, 19:27:47:797] info: Store: SET_FULL_SCREEN
[05/21/18, 19:27:47:819] info: Store: SET_FULL_SCREEN
[05/21/18, 19:28:03:929] info: Store: SET_FULL_SCREEN
[05/21/18, 19:28:03:944] info: Store: SET_FULL_SCREEN
[05/21/18, 19:28:35:279] info: Store: SET_FULL_SCREEN
[05/21/18, 19:28:35:290] info: Store: SET_FULL_SCREEN
[05/21/18, 19:28:41:265] info: Store: SET_FULL_SCREEN
[05/21/18, 19:28:41:273] info: Store: SET_FULL_SCREEN
[05/21/18, 19:29:26:788] info: Store: SET_FULL_SCREEN
[05/21/18, 19:29:26:798] info: Store: SET_FULL_SCREEN
[05/21/18, 19:29:27:409] info: Store: SET_FULL_SCREEN
[05/21/18, 19:29:27:420] info: Store: SET_FULL_SCREEN
[05/21/18, 19:29:27:626] info: Store: SET_FULL_SCREEN
[05/21/18, 19:29:27:643] info: Store: SET_FULL_SCREEN
[05/21/18, 19:30:13:987] info: Store: SET_FULL_SCREEN
[05/21/18, 19:30:13:994] info: Store: SET_FULL_SCREEN
[05/21/18, 19:33:36:679] info: Store: SET_FULL_SCREEN
[05/21/18, 19:33:36:687] info: Store: SET_FULL_SCREEN
[05/21/18, 19:56:00:562] info: Store: NEW_NOTIFICATION
{
  "avatarImage": "https://ca.slack-edge.com/T031FNTUT-U5A639PTP-edb8fa505c4f-512",
  "channel": "C4TPU0YUW",
  "content": "[REDACTED]",
  "id": "mYXBCWu9X024KRY",
  "launchUri": "slack://channel?id=C4TPU0YUW&message=1526900160.000174&team=T031FNTUT",
  "msg": "1526900160.000174",
  "silent": true,
  "subtitle": "",
  "teamId": "T031FNTUT",
  "title": "[REDACTED]"
}
[05/21/18, 20:32:34:532] info: Store: SET_FULL_SCREEN
[05/21/18, 20:32:36:414] info: Store: SET_FULL_SCREEN
[05/21/18, 20:33:58:395] info: Store: SET_FULL_SCREEN
[05/21/18, 20:33:58:408] info: Store: SET_FULL_SCREEN
[05/21/18, 20:34:00:771] info: Store: SET_FULL_SCREEN
[05/21/18, 20:34:00:777] info: Store: SET_FULL_SCREEN
[05/21/18, 20:50:08:351] info: Store: SET_SUSPEND_STATUS
[05/21/18, 20:50:08:852] info: Store: SET_NETWORK_STATUS offline
[05/22/18, 00:10:21:895] info: Store: SET_SUSPEND_STATUS true
[05/22/18, 00:10:34:613] info: Store: SET_FULL_SCREEN
[05/22/18, 00:10:34:640] info: Store: SET_FULL_SCREEN
[05/22/18, 00:10:36:136] info: Store: RELOAD
{
  "everything": false
}
