[08/24/18, 13:59:24:242] info: ╔═════════════════════════════════════════════════════════════════════════════════╗
[08/24/18, 13:59:24:243] info: ║      Slack 3.2.1, linux 4.10.0-38-generic on x64 at 08/24/18, 13:59:24:239      ║
[08/24/18, 13:59:24:243] info: ╚═════════════════════════════════════════════════════════════════════════════════╝
[08/24/18, 13:59:24:378] info: Initializing local storage instance at path: /home/nozomi/dotfiles/.config/Slack/local-settings.json
[08/24/18, 13:59:24:956] error: Desktop module calls failed to load
{
  "error": {
    "message": "libCallsCore.so: å±æãªãã¸ã§ã¯ããã¡ã¤ã«ãéãã¾ãã: ãã®ãããªãã¡ã¤ã«ããã£ã¬ã¯ããªã¯ããã¾ãã",
    "stack": "Error: libCallsCore.so: å±æãªãã¸ã§ã¯ããã¡ã¤ã«ãéãã¾ãã: ãã®ãããªãã¡ã¤ã«ããã£ã¬ã¯ããªã¯ããã¾ãã\n    at process.module.(anonymous function) [as dlopen] (ELECTRON_ASAR.js:172:20)\n    at Object.Module._extensions..node (module.js:671:18)\n    at Object.module.(anonymous function) [as .node] (ELECTRON_ASAR.js:186:18)\n    at Module.load (module.js:561:32)\n    at tryModuleLoad (module.js:504:12)\n    at Function.Module._load (module.js:496:3)\n    at Module.require (module.js:586:17)\n    at require (internal/module.js:11:18)\n    at bindings (/usr/lib/slack/resources/app.asar/node_modules/@slack/slack-calls-prebuilt/modules/@slack/slack-calls/node_modules/bindings/bindings.js:81:44)\n    at Object.<anonymous> (/usr/lib/slack/resources/app.asar/node_modules/@slack/slack-calls-prebuilt/modules/@slack/slack-calls/index.js:1:192)"
  }
}
[08/24/18, 13:59:24:956] error: Desktop module calls failed to load
[08/24/18, 13:59:24:987] info: cld3::loadModule: loading cld3 module
[08/24/18, 13:59:25:011] info: cld3Loader::loadModule: running environment is NODE
[08/24/18, 13:59:25:011] info: cld3Loader::loadModule: constructed module object for runtime
[08/24/18, 13:59:25:224] info: cld3Loader::initializeRuntime: successfully initialized module
[08/24/18, 13:59:25:225] info: cld3Loader::loadModule: initialized wasm binary Runtime
[08/24/18, 13:59:25:242] info: SpellChecker:: updateSpellcheckerLanguage: Skip to set new language null, v2 spellchecker is not available
[08/24/18, 13:59:25:261] info: Main window preload script finished
{
  "readyTime": 1507.813402
}
[08/24/18, 13:59:25:335] info: Store: SELECT_PREVIOUS_TEAM
[08/24/18, 13:59:27:281] info: Store: SELECT_PREVIOUS_TEAM
[08/24/18, 13:59:27:797] info: Store: UPSERT_WEB_CONTENTS
{
  "id": 7,
  "state": "loaded",
  "teamId": "T0EHMQ4HM"
}
[08/24/18, 13:59:28:166] info: Store: UPDATE_SESSION_STATUS
{
  "hasValidSession": true,
  "teamId": "T0EHMQ4HM"
}
[08/24/18, 13:59:28:969] info: Skipping request to provide hint content for channel for spellchecker
{
  "version": "V2"
}
[08/24/18, 13:59:29:140] info: Store: SELECT_PREVIOUS_TEAM
[08/24/18, 13:59:29:148] info: Store: SELECT_CHANNEL D8F14DS03
[08/24/18, 13:59:29:148] info: Store: UPDATE_TEAM_LOCALE
{
  "locale": "en-US",
  "teamId": "T0EHMQ4HM"
}
[08/24/18, 13:59:29:149] info: Store: UPDATE_TEAM_THEME
{
  "teamId": "T0EHMQ4HM",
  "theme": {
    "active_item": "#4C9689",
    "active_item_text": "#FFFFFF",
    "active_presence": "#38978D",
    "badge": "#EB4D5C",
    "column_bg": "#4D394B",
    "hover_item": "#3E313C",
    "menu_bg": "#3E313C",
    "text_color": "#FFFFFF"
  }
}
[08/24/18, 13:59:29:701] info: Store: UPDATE_TEAM_ICONS
{
  "icons": {
    "image_102": "https://slack-files2.s3-us-west-2.amazonaws.com/avatars/2016-02-09/20695263396_797fade00acfc3f5c402_102.jpg",
    "image_132": "https://slack-files2.s3-us-west-2.amazonaws.com/avatars/2016-02-09/20695263396_797fade00acfc3f5c402_132.jpg",
    "image_230": "https://slack-files2.s3-us-west-2.amazonaws.com/avatars/2016-02-09/20695263396_797fade00acfc3f5c402_132.jpg",
    "image_34": "https://slack-files2.s3-us-west-2.amazonaws.com/avatars/2016-02-09/20695263396_797fade00acfc3f5c402_34.jpg",
    "image_44": "https://slack-files2.s3-us-west-2.amazonaws.com/avatars/2016-02-09/20695263396_797fade00acfc3f5c402_44.jpg",
    "image_68": "https://slack-files2.s3-us-west-2.amazonaws.com/avatars/2016-02-09/20695263396_797fade00acfc3f5c402_68.jpg",
    "image_88": "https://slack-files2.s3-us-west-2.amazonaws.com/avatars/2016-02-09/20695263396_797fade00acfc3f5c402_88.jpg",
    "image_original": "https://slack-files2.s3-us-west-2.amazonaws.com/avatars/2016-02-09/20695263396_797fade00acfc3f5c402_original.jpg"
  },
  "teamId": "T0EHMQ4HM"
}
[08/24/18, 13:59:29:709] info: Store: UPDATE_TEAM_LOCALE
{
  "locale": "en-US",
  "teamId": "T0EHMQ4HM"
}
[08/24/18, 13:59:29:713] info: Store: UPSERT_WEB_CONTENTS
{
  "id": 7,
  "state": "webapp-loaded",
  "teamId": "T0EHMQ4HM"
}
[08/24/18, 13:59:29:715] info: Store: UPDATE_SETTINGS
{
  "sandboxSigninWindow": true
}
[08/24/18, 13:59:29:737] info: Store: STORE_ENTERPRISE_ID_PAIR
{
  "enterpriseId": null,
  "teamId": "T0EHMQ4HM"
}
[08/24/18, 13:59:29:774] info: postLoadTaskSetup: Setup spellchecker
{
  "version": "V2"
}
[08/24/18, 13:59:29:798] info: loadAsmModule: loading hunspell-asm module
[08/24/18, 13:59:30:085] info: loadAsmModule: asm module loaded successfully
[08/24/18, 13:59:30:085] info: SpellChecker: Starting spellchecker with language detector
[08/24/18, 13:59:30:086] info: SpellChecker::enableSpellCheckerLanguageDetector: enable spellchecker language detector
[08/24/18, 13:59:30:086] info: SpellChecker::startWithDictionary: Starting language detector with preloaded dict from last used language en
[08/24/18, 13:59:30:225] info: download: downloading dictionary for 'en-us'
[08/24/18, 13:59:30:226] info: fetchResourceAsBuffer: downloading
{
  "filePath": "https://spellcheck.slack-edge.com/dictionaries/en-us/1/en-us.aff",
  "cachePolicy": "default"
}
[08/24/18, 13:59:31:033] info: fetchResourceAsBuffer: downloading
{
  "filePath": "https://spellcheck.slack-edge.com/dictionaries/en-us/1/en-us.dic",
  "cachePolicy": "default"
}
[08/24/18, 13:59:33:914] info: dictionaryDownloader: verifying hash
[08/24/18, 13:59:33:955] info: SpellChecker::downloadDictionary: Dictionary is ready for 
{
  "language": "en"
}
[08/24/18, 13:59:33:998] info: assignSpellchecker: spellCheckerTable added new checker for 'en'
[08/24/18, 13:59:34:005] info: SpellChecker::prepareDictionary: Dictionary buffer for 'en' is loaded into spellchecker
[08/24/18, 13:59:34:005] info: switchDictionary: switching dictionary to check spell from 'null' to 'en'
[08/24/18, 13:59:34:006] info: SpellChecker::switchDictionary: SpellChecker enabled for language
{
  "language": "en"
}
[08/24/18, 13:59:34:169] info: Store: SELECT_PREVIOUS_TEAM
[08/24/18, 13:59:35:630] info: Store: SELECT_NEXT_TEAM
[08/24/18, 13:59:36:189] info: Store: SELECT_NEXT_TEAM
[08/24/18, 13:59:37:964] info: Store: SELECT_PREVIOUS_TEAM
[08/24/18, 13:59:40:013] info: Store: SET_FULL_SCREEN
[08/24/18, 13:59:41:838] info: Store: SET_FULL_SCREEN
[08/24/18, 13:59:43:366] info: Store: SET_FULL_SCREEN
[08/24/18, 13:59:45:861] info: Store: SET_FULL_SCREEN
[08/24/18, 14:09:24:009] info: Store: SET_FULL_SCREEN
[08/24/18, 14:11:44:676] info: Store: SET_FULL_SCREEN
[08/24/18, 14:35:13:840] info: Store: SET_FULL_SCREEN
[08/24/18, 14:35:14:504] info: Store: SET_FULL_SCREEN
[08/24/18, 15:43:11:873] error: Aug-24 15:43:11.872 (T0EHMQ4HM) user_typing event from user (U4NSU0X5W) not in model; ignoring
[08/24/18, 17:39:04:042] info: Store: SET_FULL_SCREEN
[08/24/18, 17:39:04:829] info: Store: SET_FULL_SCREEN
[08/24/18, 17:48:45:703] info: Store: SET_FULL_SCREEN
[08/24/18, 17:48:48:447] info: Store: SET_FULL_SCREEN
[08/24/18, 17:48:49:409] info: Store: SAVE_WINDOW_SETTINGS
{
  "isMaximized": false,
  "position": [
    575,
    314
  ],
  "size": [
    1024,
    765
  ]
}
[08/24/18, 17:48:52:080] info: Store: MAIN_WINDOW_FOCUSED
[08/24/18, 17:48:52:389] info: Store: SET_TEAMS_BY_INDEX
[
  "T031FNTUT",
  "TB47MRNBZ",
  "T0253QGQ9",
  "TB9PVC95H",
  "T0EHMQ4HM"
]
[08/24/18, 17:48:52:607] info: Store: MAIN_WINDOW_FOCUSED
[08/24/18, 17:48:52:777] info: Store: SELECT_TEAM TB9PVC95H
[08/24/18, 17:48:53:487] info: Store: MAIN_WINDOW_FOCUSED
[08/24/18, 17:48:53:876] info: Store: SET_TEAMS_BY_INDEX
[
  "T031FNTUT",
  "TB9PVC95H",
  "TB47MRNBZ",
  "T0253QGQ9",
  "T0EHMQ4HM"
]
[08/24/18, 17:48:54:400] info: Store: MAIN_WINDOW_FOCUSED
[08/24/18, 17:48:54:936] info: Store: SET_TEAMS_BY_INDEX
[
  "T031FNTUT",
  "TB47MRNBZ",
  "TB9PVC95H",
  "T0253QGQ9",
  "T0EHMQ4HM"
]
[08/24/18, 17:48:56:310] info: Store: MAIN_WINDOW_FOCUSED
[08/24/18, 17:48:57:634] info: Store: SET_TEAMS_BY_INDEX
[
  "T031FNTUT",
  "TB47MRNBZ",
  "TB9PVC95H",
  "T0253QGQ9",
  "T0EHMQ4HM"
]
[08/24/18, 17:48:58:626] info: Store: MAIN_WINDOW_FOCUSED
[08/24/18, 17:48:58:789] info: Store: SELECT_TEAM T0253QGQ9
[08/24/18, 17:49:24:674] info: Store: SELECT_CHANNEL C0253QGQF
[08/24/18, 17:49:57:647] info: Store: SELECT_CHANNEL C9DFV1E6P
[08/24/18, 17:50:30:641] info: Store: MAIN_WINDOW_FOCUSED
[08/24/18, 17:50:31:289] info: Store: MAIN_WINDOW_FOCUSED
[08/24/18, 17:50:31:462] info: Store: SELECT_TEAM TB47MRNBZ
[08/24/18, 17:50:35:041] info: Store: SET_FULL_SCREEN
[08/24/18, 17:50:37:264] info: Store: SET_FULL_SCREEN
[08/24/18, 17:50:40:372] info: Store: MAIN_WINDOW_FOCUSED
[08/24/18, 17:50:40:550] info: Store: SELECT_TEAM T031FNTUT
[08/24/18, 17:50:47:346] info: Store: MAIN_WINDOW_FOCUSED
[08/24/18, 17:50:47:511] info: Store: SELECT_TEAM TB47MRNBZ
[08/24/18, 17:50:50:240] info: Store: SET_FULL_SCREEN
[08/24/18, 17:50:51:142] info: Store: SET_FULL_SCREEN
[08/24/18, 18:23:46:054] info: Store: SET_FULL_SCREEN
[08/24/18, 18:27:00:370] info: Store: SET_FULL_SCREEN
[08/24/18, 18:27:02:383] info: Store: SET_FULL_SCREEN
[08/24/18, 18:31:28:526] info: Store: SET_FULL_SCREEN
[08/24/18, 18:47:55:156] info: Store: SET_FULL_SCREEN
[08/24/18, 18:47:59:204] info: Store: SET_FULL_SCREEN
[08/24/18, 18:48:01:342] info: Store: SET_FULL_SCREEN
[08/24/18, 18:48:02:669] info: Store: SET_FULL_SCREEN
[08/24/18, 19:59:29:735] info: Store: START_BACKGROUND_CLIENT
{
  "teamId": "T0EHMQ4HM",
  "token": "xoxs-⋯"
}
[08/24/18, 19:59:30:038] info: Store: SET_BACKGROUND_CLIENT_FIELDS
{
  "status": "connected",
  "teamId": "T0EHMQ4HM"
}
