[06/29/18, 19:29:15:470] info: ╔═════════════════════════════════════════════════════════════════════════════════╗
[06/29/18, 19:29:15:471] info: ║      Slack 3.2.1, linux 4.10.0-38-generic on x64 at 06/29/18, 19:29:15:467      ║
[06/29/18, 19:29:15:472] info: ╚═════════════════════════════════════════════════════════════════════════════════╝
[06/29/18, 19:29:15:653] info: Initializing local storage instance at path: /home/nozomi/dotfiles/.config/Slack/local-settings.json
[06/29/18, 19:29:15:828] info: NetworkStatus: Waiting for network online…
[06/29/18, 19:29:16:179] info: Store: BACKGROUND_CLIENTS_INITIALIZED
[06/29/18, 19:29:16:190] info: Don't start background client because T031FNTUT is most used
[06/29/18, 19:29:16:200] info: Don't start background client because TB47MRNBZ is selected team
[06/29/18, 19:29:25:572] info: Store: RELOAD
{
  "everything": false
}
[06/29/18, 19:29:25:591] info: NetworkStatus: Network check failed
{
  "error": {
    "message": "Failed to fetch",
    "stack": "TypeError: Failed to fetch"
  }
}
[06/29/18, 19:29:25:592] info: NetworkStatus: Response from api.test
{
  "status": "offline"
}
[06/29/18, 19:29:25:593] info: NetworkStatus: Network check failed
{
  "error": {
    "message": "Failed to fetch",
    "stack": "TypeError: Failed to fetch"
  }
}
[06/29/18, 19:29:25:593] info: NetworkStatus: Response from api.test
{
  "status": "offline"
}
[06/29/18, 19:29:25:597] warn: SlackApi: Failed to call api.features
{
  "error": {
    "message": "Failed to fetch",
    "stack": "TypeError: Failed to fetch"
  }
}
[06/29/18, 19:29:25:624] info: Store: BACKGROUND_CLIENT_ERROR
{
  "code": 4002,
  "teamId": "TB9PVC95H"
}
[06/29/18, 19:29:25:627] info: Store: BACKGROUND_CLIENTS_INITIALIZED true
