[08/08/18, 10:17:01:419] info: ╔═════════════════════════════════════════════════════════════════════════════════╗
[08/08/18, 10:17:01:421] info: ║      Slack 3.2.1, linux 4.10.0-38-generic on x64 at 08/08/18, 10:17:01:406      ║
[08/08/18, 10:17:01:421] info: ╚═════════════════════════════════════════════════════════════════════════════════╝
[08/08/18, 10:17:01:705] info: Initializing local storage instance at path: /home/nozomi/dotfiles/.config/Slack/local-settings.json
[08/08/18, 10:17:02:427] info: Main window preload script finished
{
  "readyTime": 1945.438539
}
[08/08/18, 10:17:02:460] info: Store: UPSERT_WEB_CONTENTS
{
  "id": 10,
  "state": "loaded",
  "teamId": "TB9PVC95H"
}
[08/08/18, 10:17:02:463] info: Store: UPSERT_WEB_CONTENTS
{
  "id": 10,
  "state": "empty-page",
  "teamId": "TB9PVC95H"
}
[08/08/18, 10:17:02:466] info: Store: UPSERT_WEB_CONTENTS
{
  "id": 10,
  "state": "page-will-navigate",
  "teamId": "TB9PVC95H"
}
[08/08/18, 10:17:02:467] info: Store: UPDATE_SESSION_STATUS
{
  "hasValidSession": null,
  "teamId": "TB9PVC95H"
}
[08/08/18, 10:17:02:472] info: Store: UPSERT_WEB_CONTENTS
{
  "id": 11,
  "state": "loaded",
  "teamId": "T0253QGQ9"
}
[08/08/18, 10:17:02:473] info: Store: UPSERT_WEB_CONTENTS
{
  "id": 11,
  "state": "empty-page",
  "teamId": "T0253QGQ9"
}
[08/08/18, 10:17:02:473] info: Store: UPSERT_WEB_CONTENTS
{
  "id": 11,
  "state": "page-will-navigate",
  "teamId": "T0253QGQ9"
}
[08/08/18, 10:17:02:474] info: Store: UPDATE_SESSION_STATUS
{
  "hasValidSession": null,
  "teamId": "T0253QGQ9"
}
[08/08/18, 10:17:02:475] info: Store: UPSERT_WEB_CONTENTS
{
  "id": 12,
  "state": "loaded",
  "teamId": "T031FNTUT"
}
[08/08/18, 10:17:02:487] info: Store: UPSERT_WEB_CONTENTS
{
  "id": 12,
  "state": "empty-page",
  "teamId": "T031FNTUT"
}
[08/08/18, 10:17:02:493] info: Store: UPSERT_WEB_CONTENTS
{
  "id": 12,
  "state": "page-will-navigate",
  "teamId": "T031FNTUT"
}
[08/08/18, 10:17:02:611] info: Store: UPDATE_SESSION_STATUS
{
  "hasValidSession": null,
  "teamId": "T031FNTUT"
}
[08/10/18, 21:15:55:440] info: ╔═════════════════════════════════════════════════════════════════════════════════╗
[08/10/18, 21:15:55:441] info: ║      Slack 3.2.1, linux 4.10.0-38-generic on x64 at 08/10/18, 21:15:55:435      ║
[08/10/18, 21:15:55:441] info: ╚═════════════════════════════════════════════════════════════════════════════════╝
[08/10/18, 21:15:55:688] info: Initializing local storage instance at path: /home/nozomi/dotfiles/.config/Slack/local-settings.json
[08/10/18, 21:15:56:391] info: Main window preload script finished
{
  "readyTime": 1860.957466
}
[08/10/18, 21:15:56:426] info: Store: UPSERT_WEB_CONTENTS
{
  "id": 18,
  "state": "loaded",
  "teamId": "T0EHMQ4HM"
}
[08/10/18, 21:15:56:427] info: Store: UPSERT_WEB_CONTENTS
{
  "id": 18,
  "state": "empty-page",
  "teamId": "T0EHMQ4HM"
}
[08/10/18, 21:15:56:428] info: Store: UPSERT_WEB_CONTENTS
{
  "id": 18,
  "state": "page-will-navigate",
  "teamId": "T0EHMQ4HM"
}
[08/10/18, 21:15:56:428] info: Store: UPDATE_SESSION_STATUS
{
  "hasValidSession": null,
  "teamId": "T0EHMQ4HM"
}
[08/10/18, 21:15:56:429] info: Store: UPSERT_WEB_CONTENTS
{
  "id": 17,
  "state": "loaded",
  "teamId": "TB9PVC95H"
}
[08/10/18, 21:15:56:429] info: Store: UPSERT_WEB_CONTENTS
{
  "id": 17,
  "state": "empty-page",
  "teamId": "TB9PVC95H"
}
[08/10/18, 21:15:56:429] info: Store: UPSERT_WEB_CONTENTS
{
  "id": 17,
  "state": "page-will-navigate",
  "teamId": "TB9PVC95H"
}
[08/10/18, 21:15:56:431] info: Store: UPDATE_SESSION_STATUS
{
  "hasValidSession": null,
  "teamId": "TB9PVC95H"
}
[08/10/18, 21:15:56:432] info: Store: UPSERT_WEB_CONTENTS
{
  "id": 19,
  "state": "loaded",
  "teamId": "T031FNTUT"
}
[08/10/18, 21:15:56:432] info: Store: UPSERT_WEB_CONTENTS
{
  "id": 19,
  "state": "empty-page",
  "teamId": "T031FNTUT"
}
[08/10/18, 21:15:56:432] info: Store: UPSERT_WEB_CONTENTS
{
  "id": 19,
  "state": "page-will-navigate",
  "teamId": "T031FNTUT"
}
[08/10/18, 21:15:56:433] info: Store: UPDATE_SESSION_STATUS
{
  "hasValidSession": null,
  "teamId": "T031FNTUT"
}
[08/10/18, 21:15:56:434] info: Store: UPSERT_WEB_CONTENTS
{
  "id": 16,
  "state": "loaded",
  "teamId": "T0253QGQ9"
}
[08/10/18, 21:15:56:445] info: Store: UPSERT_WEB_CONTENTS
{
  "id": 16,
  "state": "empty-page",
  "teamId": "T0253QGQ9"
}
[08/10/18, 21:15:56:463] info: Store: UPSERT_WEB_CONTENTS
{
  "id": 16,
  "state": "page-will-navigate",
  "teamId": "T0253QGQ9"
}
