[08/04/18, 14:43:44:961] info: ╔═════════════════════════════════════════════════════════════════════════════════╗
[08/04/18, 14:43:44:962] info: ║      Slack 3.2.1, linux 4.10.0-38-generic on x64 at 08/04/18, 14:43:44:957      ║
[08/04/18, 14:43:44:962] info: ╚═════════════════════════════════════════════════════════════════════════════════╝
[08/04/18, 14:43:45:159] info: Initializing local storage instance at path: /home/nozomi/dotfiles/.config/Slack/local-settings.json
[08/04/18, 14:43:45:559] info: Main window preload script finished
{
  "readyTime": 1055.497394
}
[08/04/18, 14:43:45:567] info: Store: UPDATE_SESSION_STATUS
{
  "hasValidSession": null,
  "teamId": "T0253QGQ9"
}
[08/04/18, 14:43:45:568] info: Store: UPSERT_WEB_CONTENTS
{
  "id": 7,
  "state": "loaded",
  "teamId": "T0EHMQ4HM"
}
[08/04/18, 14:43:45:569] info: Store: UPSERT_WEB_CONTENTS
{
  "id": 7,
  "state": "empty-page",
  "teamId": "T0EHMQ4HM"
}
[08/04/18, 14:43:45:570] info: Store: UPSERT_WEB_CONTENTS
{
  "id": 7,
  "state": "page-will-navigate",
  "teamId": "T0EHMQ4HM"
}
[08/04/18, 14:43:45:570] info: Store: UPDATE_SESSION_STATUS
{
  "hasValidSession": null,
  "teamId": "T0EHMQ4HM"
}
[08/04/18, 14:43:45:573] info: Store: UPSERT_WEB_CONTENTS
{
  "id": 6,
  "state": "loaded",
  "teamId": "T0253QGQ9"
}
[08/04/18, 14:43:45:579] info: Store: UPSERT_WEB_CONTENTS
{
  "id": 6,
  "state": "empty-page",
  "teamId": "T0253QGQ9"
}
[08/04/18, 14:43:45:590] info: Store: UPSERT_WEB_CONTENTS
{
  "id": 6,
  "state": "page-will-navigate",
  "teamId": "T0253QGQ9"
}
[08/10/18, 21:06:57:472] info: ╔═════════════════════════════════════════════════════════════════════════════════╗
[08/10/18, 21:06:57:473] info: ║      Slack 3.2.1, linux 4.10.0-38-generic on x64 at 08/10/18, 21:06:57:462      ║
[08/10/18, 21:06:57:474] info: ╚═════════════════════════════════════════════════════════════════════════════════╝
[08/10/18, 21:06:57:679] info: Initializing local storage instance at path: /home/nozomi/dotfiles/.config/Slack/local-settings.json
[08/10/18, 21:06:58:251] info: Main window preload script finished
{
  "readyTime": 1840.566424
}
[08/10/18, 21:06:58:268] info: Store: UPDATE_SESSION_STATUS
{
  "hasValidSession": null,
  "teamId": "T0EHMQ4HM"
}
[08/10/18, 21:06:58:269] info: Store: UPSERT_WEB_CONTENTS
{
  "id": 16,
  "state": "loaded",
  "teamId": "T0253QGQ9"
}
[08/10/18, 21:06:58:270] info: Store: UPSERT_WEB_CONTENTS
{
  "id": 19,
  "state": "loaded",
  "teamId": "T031FNTUT"
}
[08/10/18, 21:06:58:270] info: Store: UPSERT_WEB_CONTENTS
{
  "id": 19,
  "state": "empty-page",
  "teamId": "T031FNTUT"
}
[08/10/18, 21:06:58:271] info: Store: UPSERT_WEB_CONTENTS
{
  "id": 19,
  "state": "page-will-navigate",
  "teamId": "T031FNTUT"
}
[08/10/18, 21:06:58:271] info: Store: UPSERT_WEB_CONTENTS
{
  "id": 16,
  "state": "empty-page",
  "teamId": "T0253QGQ9"
}
[08/10/18, 21:06:58:273] info: Store: UPSERT_WEB_CONTENTS
{
  "id": 16,
  "state": "page-will-navigate",
  "teamId": "T0253QGQ9"
}
[08/10/18, 21:06:58:274] info: Store: UPSERT_WEB_CONTENTS
{
  "id": 17,
  "state": "loaded",
  "teamId": "TB9PVC95H"
}
[08/10/18, 21:06:58:275] info: Store: UPDATE_SESSION_STATUS
{
  "hasValidSession": null,
  "teamId": "T031FNTUT"
}
[08/10/18, 21:06:58:275] info: Store: UPSERT_WEB_CONTENTS
{
  "id": 17,
  "state": "empty-page",
  "teamId": "TB9PVC95H"
}
[08/10/18, 21:06:58:276] info: Store: UPSERT_WEB_CONTENTS
{
  "id": 17,
  "state": "page-will-navigate",
  "teamId": "TB9PVC95H"
}
[08/10/18, 21:06:58:276] info: Store: UPDATE_SESSION_STATUS
{
  "hasValidSession": null,
  "teamId": "T0253QGQ9"
}
[08/10/18, 21:06:58:277] info: Store: UPDATE_SESSION_STATUS
{
  "hasValidSession": null,
  "teamId": "TB9PVC95H"
}
[08/10/18, 21:06:58:280] info: Store: UPSERT_WEB_CONTENTS
{
  "id": 18,
  "state": "loaded",
  "teamId": "T0EHMQ4HM"
}
[08/10/18, 21:06:58:285] info: Store: UPSERT_WEB_CONTENTS
{
  "id": 18,
  "state": "empty-page",
  "teamId": "T0EHMQ4HM"
}
[08/10/18, 21:06:58:294] info: Store: UPSERT_WEB_CONTENTS
{
  "id": 18,
  "state": "page-will-navigate",
  "teamId": "T0EHMQ4HM"
}
