[06/04/18, 22:58:18:118] info: ╔══════════════════════════════════════════════════════════════════════════════════════════════╗
[06/04/18, 22:58:18:118] info: ║      Slack 3.2.0-beta25a7a50e, linux 4.10.0-38-generic on x64 at 06/04/18, 22:58:18:109      ║
[06/04/18, 22:58:18:119] info: ╚══════════════════════════════════════════════════════════════════════════════════════════════╝
[06/04/18, 22:58:18:245] info: Initializing local storage instance at path: /home/nozomi/dotfiles/.config/Slack/local-settings.json
[06/04/18, 22:58:18:506] info: Main window preload script finished
{
  "readyTime": 779.539669
}
[06/04/18, 22:58:18:515] info: Store: BACKGROUND_CLIENTS_INITIALIZED true
[06/04/18, 22:58:18:516] info: Store: UPSERT_WEB_CONTENTS
{
  "id": 3,
  "state": "loaded",
  "teamId": "T031FNTUT"
}
[06/04/18, 22:58:18:521] info: Store: UPSERT_WEB_CONTENTS
{
  "id": 3,
  "state": "empty-page",
  "teamId": "T031FNTUT"
}
[06/04/18, 22:58:18:760] info: Store: SET_NETWORK_STATUS online
[06/04/18, 22:58:18:766] info: Store: UPSERT_WEB_CONTENTS
{
  "id": 3,
  "state": "page-will-navigate",
  "teamId": "T031FNTUT"
}
[06/04/18, 22:58:18:768] info: Window is unloading, window.desktop is no longer accessible
[06/04/18, 22:58:18:811] info: Store: UPDATE_SESSION_STATUS
{
  "hasValidSession": null,
  "teamId": "T031FNTUT"
}
