[02/21/18, 11:26:53:654] info: ╔═════════════════════════════════════════════════════════════════════════════════╗
[02/21/18, 11:26:53:655] info: ║      Slack 3.0.5, linux 4.10.0-38-generic on x64 at 02/21/18, 11:26:53:651      ║
[02/21/18, 11:26:53:655] info: ╚═════════════════════════════════════════════════════════════════════════════════╝
[02/21/18, 11:26:53:919] info: Initializing local storage instance at path: /home/nozomi/dotfiles/.config/Slack/local-settings.json
[02/21/18, 11:26:59:109] info: Store: SELECT_CHANNEL D7JP44402
[02/21/18, 11:26:59:114] info: Store: UPDATE_TEAM_LOCALE
{
  "locale": "en-US"
}
[02/21/18, 11:26:59:117] info: Store: UPDATE_SETTINGS
{
  "locale": "en-US"
}
[02/21/18, 11:26:59:365] info: Store: UPSERT_WEB_CONTENTS
{
  "id": 3,
  "state": "loaded",
  "teamId": "T031FNTUT"
}
[02/21/18, 11:26:59:373] info: Store: MAIN_WINDOW_SHOWN
[02/21/18, 11:26:59:392] info: Store: SET_FULL_SCREEN
[02/21/18, 11:26:59:404] info: Store: SET_FULL_SCREEN
[02/21/18, 11:26:59:421] info: Store: SET_FULL_SCREEN
[02/21/18, 11:26:59:671] info: Store: UPDATE_SESSION_STATUS
{
  "hasValidSession": true,
  "teamId": "T031FNTUT"
}
[02/21/18, 11:26:59:759] info: Store: UPDATE_TEAM_THEME
{
  "teamId": "T031FNTUT",
  "theme": {
    "active_item": "#95BFEA",
    "active_item_text": "#FFFFFF",
    "active_presence": "#FFFF00",
    "badge": "#AAFFFF",
    "column_bg": "#40E0D0",
    "hover_item": "#48D1CC",
    "menu_bg": "#AAFFFF",
    "text_color": "#FFFFFF"
  }
}
[02/21/18, 11:27:00:099] info: Store: UPDATE_TEAM_ICONS
{
  "icons": {
    "image_102": "https://slack-files2.s3-us-west-2.amazonaws.com/avatars/2016-05-12/42266573955_325ce791cc9957bfae5b_102.png",
    "image_132": "https://slack-files2.s3-us-west-2.amazonaws.com/avatars/2016-05-12/42266573955_325ce791cc9957bfae5b_132.png",
    "image_230": "https://slack-files2.s3-us-west-2.amazonaws.com/avatars/2016-05-12/42266573955_325ce791cc9957bfae5b_132.png",
    "image_34": "https://slack-files2.s3-us-west-2.amazonaws.com/avatars/2016-05-12/42266573955_325ce791cc9957bfae5b_34.png",
    "image_44": "https://slack-files2.s3-us-west-2.amazonaws.com/avatars/2016-05-12/42266573955_325ce791cc9957bfae5b_44.png",
    "image_68": "https://slack-files2.s3-us-west-2.amazonaws.com/avatars/2016-05-12/42266573955_325ce791cc9957bfae5b_68.png",
    "image_88": "https://slack-files2.s3-us-west-2.amazonaws.com/avatars/2016-05-12/42266573955_325ce791cc9957bfae5b_88.png",
    "image_original": "https://slack-files2.s3-us-west-2.amazonaws.com/avatars/2016-05-12/42266573955_325ce791cc9957bfae5b_original.png"
  },
  "teamId": "T031FNTUT"
}
[02/21/18, 11:27:00:253] info: Store: UPDATE_TEAM_LOCALE
{
  "locale": "en-US",
  "teamId": "T031FNTUT"
}
[02/21/18, 11:27:00:259] info: Store: UPSERT_WEB_CONTENTS
{
  "id": 3,
  "state": "webapp-loaded",
  "teamId": "T031FNTUT"
}
[02/21/18, 11:27:00:390] info: Store: SAVE_WINDOW_SETTINGS
{
  "isMaximized": false,
  "position": [
    2,
    226
  ],
  "size": [
    910,
    673
  ]
}
[02/21/18, 11:27:04:662] info: Store: SELECT_CHANNEL C031FNU09
[02/21/18, 11:27:12:411] info: Store: SELECT_CHANNEL C0412GNKJ
[02/21/18, 11:27:13:789] info: Store: SELECT_CHANNEL C031FNU09
[02/21/18, 11:27:16:405] info: Store: SET_FULL_SCREEN
[02/21/18, 11:27:16:419] info: Store: SET_FULL_SCREEN
[02/21/18, 11:44:45:153] info: Store: SET_FULL_SCREEN
[02/21/18, 11:44:47:832] info: Store: SET_FULL_SCREEN
[02/21/18, 12:33:11:510] info: Store: SET_FULL_SCREEN
[02/21/18, 12:33:11:512] info: Store: SET_FULL_SCREEN
[02/21/18, 12:33:12:590] info: Store: SET_FULL_SCREEN
[02/21/18, 12:33:12:604] info: Store: SET_FULL_SCREEN
[02/21/18, 12:51:37:162] info: Store: SET_FULL_SCREEN
[02/21/18, 13:01:58:318] info: Store: SET_FULL_SCREEN
[02/21/18, 13:24:01:014] info: Store: UPDATE_TEAM_ICONS
{
  "icons": {
    "image_102": "https://slack-files2.s3-us-west-2.amazonaws.com/avatars/2016-05-12/42266573955_325ce791cc9957bfae5b_102.png",
    "image_132": "https://slack-files2.s3-us-west-2.amazonaws.com/avatars/2016-05-12/42266573955_325ce791cc9957bfae5b_132.png",
    "image_230": "https://slack-files2.s3-us-west-2.amazonaws.com/avatars/2016-05-12/42266573955_325ce791cc9957bfae5b_132.png",
    "image_34": "https://slack-files2.s3-us-west-2.amazonaws.com/avatars/2016-05-12/42266573955_325ce791cc9957bfae5b_34.png",
    "image_44": "https://slack-files2.s3-us-west-2.amazonaws.com/avatars/2016-05-12/42266573955_325ce791cc9957bfae5b_44.png",
    "image_68": "https://slack-files2.s3-us-west-2.amazonaws.com/avatars/2016-05-12/42266573955_325ce791cc9957bfae5b_68.png",
    "image_88": "https://slack-files2.s3-us-west-2.amazonaws.com/avatars/2016-05-12/42266573955_325ce791cc9957bfae5b_88.png",
    "image_original": "https://slack-files2.s3-us-west-2.amazonaws.com/avatars/2016-05-12/42266573955_325ce791cc9957bfae5b_original.png"
  },
  "teamId": "T031FNTUT"
}
[02/21/18, 13:24:01:149] info: Store: UPDATE_TEAM_LOCALE
{
  "locale": "en-US",
  "teamId": "T031FNTUT"
}
[02/21/18, 14:30:20:007] info: Store: SET_FULL_SCREEN
[02/21/18, 14:30:20:009] info: Store: SET_FULL_SCREEN
[02/21/18, 14:30:33:117] info: Store: SHOW_LOGIN_DIALOG
[02/21/18, 14:30:33:170] info: Store: SET_FULL_SCREEN
[02/21/18, 14:30:41:546] info: Store: SET_FULL_SCREEN
[02/21/18, 14:30:44:767] info: Store: SAVE_WINDOW_SETTINGS
{
  "isMaximized": false,
  "position": [
    26,
    157
  ],
  "size": [
    910,
    673
  ]
}
[02/21/18, 14:30:45:970] info: Store: SET_FULL_SCREEN
[02/21/18, 14:30:52:306] info: Store: SET_FULL_SCREEN
[02/21/18, 14:30:53:295] info: Store: SET_FULL_SCREEN
[02/21/18, 14:30:53:653] info: Store: SAVE_WINDOW_SETTINGS
{
  "isMaximized": false,
  "position": [
    179,
    95
  ],
  "size": [
    910,
    673
  ]
}
[02/21/18, 14:31:03:787] info: Store: SET_FULL_SCREEN
[02/21/18, 14:31:05:665] info: Store: SAVE_WINDOW_SETTINGS
{
  "isMaximized": false,
  "position": [
    179,
    95
  ],
  "size": [
    910,
    700
  ]
}
[02/21/18, 14:31:07:383] info: Store: SET_FULL_SCREEN
[02/21/18, 14:31:10:490] info: Store: SET_FULL_SCREEN
[02/21/18, 14:31:12:454] info: Store: SAVE_WINDOW_SETTINGS
{
  "isMaximized": false,
  "position": [
    179,
    95
  ],
  "size": [
    960,
    700
  ]
}
[02/21/18, 14:31:19:679] info: Store: SAVE_WINDOW_SETTINGS
{
  "isMaximized": false,
  "position": [
    1,
    25
  ],
  "size": [
    960,
    700
  ]
}
[02/21/18, 14:31:20:517] info: Store: SET_FULL_SCREEN
[02/21/18, 14:31:32:016] info: Store: SET_FULL_SCREEN
[02/21/18, 14:32:02:318] info: Store: SET_FULL_SCREEN
[02/21/18, 14:32:09:976] info: Store: SET_FULL_SCREEN
[02/21/18, 14:32:10:720] info: Store: RELOAD
{
  "everything": false
}
