[08/04/18, 17:24:39:766] info: ╔═════════════════════════════════════════════════════════════════════════════════╗
[08/04/18, 17:24:39:767] info: ║      Slack 3.2.1, linux 4.10.0-38-generic on x64 at 08/04/18, 17:24:39:763      ║
[08/04/18, 17:24:39:767] info: ╚═════════════════════════════════════════════════════════════════════════════════╝
[08/04/18, 17:24:39:933] info: Initializing local storage instance at path: /home/nozomi/dotfiles/.config/Slack/local-settings.json
[08/04/18, 17:24:40:353] info: Main window preload script finished
{
  "readyTime": 1105.280185
}
[08/04/18, 17:24:40:368] info: Store: UPDATE_SESSION_STATUS
{
  "hasValidSession": null,
  "teamId": "T0EHMQ4HM"
}
[08/04/18, 17:24:40:369] info: Store: UPSERT_WEB_CONTENTS
{
  "id": 6,
  "state": "loaded",
  "teamId": "T0253QGQ9"
}
[08/04/18, 17:24:40:370] info: Store: UPSERT_WEB_CONTENTS
{
  "id": 6,
  "state": "empty-page",
  "teamId": "T0253QGQ9"
}
[08/04/18, 17:24:40:370] info: Store: UPSERT_WEB_CONTENTS
{
  "id": 6,
  "state": "page-will-navigate",
  "teamId": "T0253QGQ9"
}
[08/04/18, 17:24:40:370] info: Store: UPDATE_SESSION_STATUS
{
  "hasValidSession": null,
  "teamId": "T0253QGQ9"
}
[08/04/18, 17:24:40:372] info: Store: UPSERT_WEB_CONTENTS
{
  "id": 7,
  "state": "loaded",
  "teamId": "T0EHMQ4HM"
}
[08/04/18, 17:24:40:386] info: Store: UPSERT_WEB_CONTENTS
{
  "id": 7,
  "state": "empty-page",
  "teamId": "T0EHMQ4HM"
}
[08/04/18, 17:24:40:394] info: Store: UPSERT_WEB_CONTENTS
{
  "id": 7,
  "state": "page-will-navigate",
  "teamId": "T0EHMQ4HM"
}
[08/04/18, 18:05:01:913] info: ╔═════════════════════════════════════════════════════════════════════════════════╗
[08/04/18, 18:05:01:916] info: ║      Slack 3.2.1, linux 4.10.0-38-generic on x64 at 08/04/18, 18:05:01:907      ║
[08/04/18, 18:05:01:917] info: ╚═════════════════════════════════════════════════════════════════════════════════╝
[08/04/18, 18:05:02:119] info: Initializing local storage instance at path: /home/nozomi/dotfiles/.config/Slack/local-settings.json
[08/04/18, 18:05:02:558] info: Main window preload script finished
{
  "readyTime": 1219.740752
}
[08/04/18, 18:05:02:572] info: Store: UPDATE_SESSION_STATUS
{
  "hasValidSession": null,
  "teamId": "T0253QGQ9"
}
[08/04/18, 18:05:02:574] info: Store: UPSERT_WEB_CONTENTS
{
  "id": 7,
  "state": "loaded",
  "teamId": "T0EHMQ4HM"
}
[08/04/18, 18:05:02:575] info: Store: UPSERT_WEB_CONTENTS
{
  "id": 7,
  "state": "empty-page",
  "teamId": "T0EHMQ4HM"
}
[08/04/18, 18:05:02:575] info: Store: UPSERT_WEB_CONTENTS
{
  "id": 7,
  "state": "page-will-navigate",
  "teamId": "T0EHMQ4HM"
}
[08/04/18, 18:05:02:575] info: Store: UPDATE_SESSION_STATUS
{
  "hasValidSession": null,
  "teamId": "T0EHMQ4HM"
}
[08/04/18, 18:05:02:576] info: Store: UPSERT_WEB_CONTENTS
{
  "id": 6,
  "state": "loaded",
  "teamId": "T0253QGQ9"
}
[08/04/18, 18:05:02:588] info: Store: UPSERT_WEB_CONTENTS
{
  "id": 6,
  "state": "empty-page",
  "teamId": "T0253QGQ9"
}
[08/04/18, 18:05:02:593] info: Store: UPSERT_WEB_CONTENTS
{
  "id": 6,
  "state": "page-will-navigate",
  "teamId": "T0253QGQ9"
}
[08/17/18, 20:09:02:085] info: ╔═════════════════════════════════════════════════════════════════════════════════╗
[08/17/18, 20:09:02:087] info: ║      Slack 3.2.1, linux 4.10.0-38-generic on x64 at 08/17/18, 20:09:02:069      ║
[08/17/18, 20:09:02:087] info: ╚═════════════════════════════════════════════════════════════════════════════════╝
[08/17/18, 20:09:02:476] info: Initializing local storage instance at path: /home/nozomi/dotfiles/.config/Slack/local-settings.json
[08/17/18, 20:09:03:218] info: Main window preload script finished
{
  "readyTime": 2091.336142
}
[08/17/18, 20:09:03:232] info: Store: UPDATE_SESSION_STATUS
{
  "hasValidSession": null,
  "teamId": "T031FNTUT"
}
[08/17/18, 20:09:03:235] info: Store: UPSERT_WEB_CONTENTS
{
  "id": 15,
  "state": "loaded",
  "teamId": "TB9PVC95H"
}
[08/17/18, 20:09:03:237] info: Store: UPSERT_WEB_CONTENTS
{
  "id": 15,
  "state": "empty-page",
  "teamId": "TB9PVC95H"
}
[08/17/18, 20:09:03:240] info: Store: UPDATE_SESSION_STATUS
{
  "hasValidSession": null,
  "teamId": "TB9PVC95H"
}
[08/17/18, 20:09:03:243] info: Store: UPSERT_WEB_CONTENTS
{
  "id": 15,
  "state": "page-will-navigate",
  "teamId": "TB9PVC95H"
}
[08/17/18, 20:09:03:244] info: Store: UPSERT_WEB_CONTENTS
{
  "id": 14,
  "state": "loaded",
  "teamId": "T0253QGQ9"
}
[08/17/18, 20:09:03:244] info: Store: UPSERT_WEB_CONTENTS
{
  "id": 14,
  "state": "empty-page",
  "teamId": "T0253QGQ9"
}
[08/17/18, 20:09:03:244] info: Store: UPSERT_WEB_CONTENTS
{
  "id": 14,
  "state": "page-will-navigate",
  "teamId": "T0253QGQ9"
}
[08/17/18, 20:09:03:245] info: Store: UPDATE_SESSION_STATUS
{
  "hasValidSession": null,
  "teamId": "TB9PVC95H"
}
[08/17/18, 20:09:03:245] info: Store: UPDATE_SESSION_STATUS
{
  "hasValidSession": null,
  "teamId": "T0253QGQ9"
}
[08/17/18, 20:09:03:245] info: Store: UPSERT_WEB_CONTENTS
{
  "id": 13,
  "state": "loaded",
  "teamId": "T0EHMQ4HM"
}
[08/17/18, 20:09:03:246] info: Store: UPSERT_WEB_CONTENTS
{
  "id": 13,
  "state": "empty-page",
  "teamId": "T0EHMQ4HM"
}
[08/17/18, 20:09:03:246] info: Store: UPSERT_WEB_CONTENTS
{
  "id": 13,
  "state": "page-will-navigate",
  "teamId": "T0EHMQ4HM"
}
[08/17/18, 20:09:03:246] info: Store: UPDATE_SESSION_STATUS
{
  "hasValidSession": null,
  "teamId": "T0EHMQ4HM"
}
[08/17/18, 20:09:03:248] info: Store: UPSERT_WEB_CONTENTS
{
  "id": 12,
  "state": "loaded",
  "teamId": "T031FNTUT"
}
[08/17/18, 20:09:03:271] info: Store: UPSERT_WEB_CONTENTS
{
  "id": 12,
  "state": "empty-page",
  "teamId": "T031FNTUT"
}
[08/17/18, 20:09:03:278] info: Store: UPSERT_WEB_CONTENTS
{
  "id": 12,
  "state": "page-will-navigate",
  "teamId": "T031FNTUT"
}
[08/17/18, 20:09:03:383] info: Store: UPDATE_SESSION_STATUS
{
  "hasValidSession": null,
  "teamId": "T031FNTUT"
}
