[08/04/18, 14:39:14:050] info: ╔═════════════════════════════════════════════════════════════════════════════════╗
[08/04/18, 14:39:14:052] info: ║      Slack 3.2.1, linux 4.10.0-38-generic on x64 at 08/04/18, 14:39:14:047      ║
[08/04/18, 14:39:14:052] info: ╚═════════════════════════════════════════════════════════════════════════════════╝
[08/04/18, 14:39:14:216] info: Initializing local storage instance at path: /home/nozomi/dotfiles/.config/Slack/local-settings.json
[08/04/18, 14:39:14:587] info: Main window preload script finished
{
  "readyTime": 1007.202323
}
[08/04/18, 14:39:14:598] info: Store: UPDATE_SESSION_STATUS
{
  "hasValidSession": null,
  "teamId": "T0EHMQ4HM"
}
[08/04/18, 14:39:14:600] info: Store: UPSERT_WEB_CONTENTS
{
  "id": 6,
  "state": "loaded",
  "teamId": "T0253QGQ9"
}
[08/04/18, 14:39:14:600] info: Store: UPSERT_WEB_CONTENTS
{
  "id": 6,
  "state": "empty-page",
  "teamId": "T0253QGQ9"
}
[08/04/18, 14:39:14:600] info: Store: UPSERT_WEB_CONTENTS
{
  "id": 6,
  "state": "page-will-navigate",
  "teamId": "T0253QGQ9"
}
[08/04/18, 14:39:14:601] info: Store: UPDATE_SESSION_STATUS
{
  "hasValidSession": null,
  "teamId": "T0253QGQ9"
}
[08/04/18, 14:39:14:603] info: Store: UPSERT_WEB_CONTENTS
{
  "id": 7,
  "state": "loaded",
  "teamId": "T0EHMQ4HM"
}
[08/04/18, 14:39:14:614] info: Store: UPSERT_WEB_CONTENTS
{
  "id": 7,
  "state": "empty-page",
  "teamId": "T0EHMQ4HM"
}
[08/04/18, 14:39:14:618] info: Store: UPSERT_WEB_CONTENTS
{
  "id": 7,
  "state": "page-will-navigate",
  "teamId": "T0EHMQ4HM"
}
[08/15/18, 16:55:53:723] info: ╔═════════════════════════════════════════════════════════════════════════════════╗
[08/15/18, 16:55:53:724] info: ║      Slack 3.2.1, linux 4.10.0-38-generic on x64 at 08/15/18, 16:55:53:719      ║
[08/15/18, 16:55:53:724] info: ╚═════════════════════════════════════════════════════════════════════════════════╝
[08/15/18, 16:55:53:868] info: Initializing local storage instance at path: /home/nozomi/dotfiles/.config/Slack/local-settings.json
[08/15/18, 16:55:54:328] info: Main window preload script finished
{
  "readyTime": 1233.29281
}
[08/15/18, 16:55:54:343] info: Store: UPSERT_WEB_CONTENTS
{
  "id": 20,
  "state": "loaded",
  "teamId": "T0EHMQ4HM"
}
[08/15/18, 16:55:54:344] info: Store: UPSERT_WEB_CONTENTS
{
  "id": 20,
  "state": "empty-page",
  "teamId": "T0EHMQ4HM"
}
[08/15/18, 16:55:54:344] info: Store: UPSERT_WEB_CONTENTS
{
  "id": 20,
  "state": "page-will-navigate",
  "teamId": "T0EHMQ4HM"
}
[08/15/18, 16:55:54:344] info: Store: UPSERT_WEB_CONTENTS
{
  "id": 19,
  "state": "loaded",
  "teamId": "T031FNTUT"
}
[08/15/18, 16:55:54:345] info: Store: UPSERT_WEB_CONTENTS
{
  "id": 19,
  "state": "empty-page",
  "teamId": "T031FNTUT"
}
[08/15/18, 16:55:54:345] info: Store: UPSERT_WEB_CONTENTS
{
  "id": 19,
  "state": "page-will-navigate",
  "teamId": "T031FNTUT"
}
[08/15/18, 16:55:54:345] info: Store: UPDATE_SESSION_STATUS
{
  "hasValidSession": null,
  "teamId": "TB9PVC95H"
}
[08/15/18, 16:55:54:346] info: Store: UPDATE_SESSION_STATUS
{
  "hasValidSession": null,
  "teamId": "T0EHMQ4HM"
}
[08/15/18, 16:55:54:346] info: Store: UPDATE_SESSION_STATUS
{
  "hasValidSession": null,
  "teamId": "T031FNTUT"
}
[08/15/18, 16:55:54:346] info: Store: UPSERT_WEB_CONTENTS
{
  "id": 21,
  "state": "loaded",
  "teamId": "T0253QGQ9"
}
[08/15/18, 16:55:54:347] info: Store: UPSERT_WEB_CONTENTS
{
  "id": 21,
  "state": "empty-page",
  "teamId": "T0253QGQ9"
}
[08/15/18, 16:55:54:347] info: Store: UPSERT_WEB_CONTENTS
{
  "id": 21,
  "state": "page-will-navigate",
  "teamId": "T0253QGQ9"
}
[08/15/18, 16:55:54:348] info: Store: UPSERT_WEB_CONTENTS
{
  "id": 22,
  "state": "loaded",
  "teamId": "TB9PVC95H"
}
[08/15/18, 16:55:54:368] info: Store: UPSERT_WEB_CONTENTS
{
  "id": 22,
  "state": "empty-page",
  "teamId": "TB9PVC95H"
}
[08/15/18, 16:55:54:379] info: Store: UPSERT_WEB_CONTENTS
{
  "id": 22,
  "state": "page-will-navigate",
  "teamId": "TB9PVC95H"
}
[08/15/18, 16:55:54:462] info: Store: UPDATE_SESSION_STATUS
{
  "hasValidSession": null,
  "teamId": "T0253QGQ9"
}
