[05/29/18, 15:20:04:941] info: ╔══════════════════════════════════════════════════════════════════════════════════════════════╗
[05/29/18, 15:20:04:941] info: ║      Slack 3.2.0-beta25a7a50e, linux 4.10.0-38-generic on x64 at 05/29/18, 15:20:04:938      ║
[05/29/18, 15:20:04:941] info: ╚══════════════════════════════════════════════════════════════════════════════════════════════╝
[05/29/18, 15:20:05:133] info: Initializing local storage instance at path: /home/nozomi/dotfiles/.config/Slack/local-settings.json
[05/29/18, 15:20:05:293] info: NetworkStatus: Waiting for network online…
[05/29/18, 15:20:05:682] info: Store: BACKGROUND_CLIENTS_INITIALIZED true
[05/29/18, 15:20:05:770] info: NetworkStatus: Response from api.test
{
  "status": "online"
}
[05/29/18, 15:20:06:183] info: Store: SET_NETWORK_STATUS online
[05/29/18, 15:20:09:377] info: Store: UPSERT_WEB_CONTENTS
{
  "id": 4,
  "state": "loaded",
  "teamId": "T0253QGQ9"
}
[05/29/18, 15:20:09:663] info: Store: UPDATE_SESSION_STATUS
{
  "hasValidSession": false,
  "teamId": "T0253QGQ9"
}
[05/29/18, 15:20:10:574] info: Store: UPSERT_WEB_CONTENTS
{
  "id": 3,
  "state": "loaded",
  "teamId": "T031FNTUT"
}
[05/29/18, 15:20:10:581] info: Store: MAIN_WINDOW_SHOWN
[05/29/18, 15:20:10:600] info: Store: SET_FULL_SCREEN
[05/29/18, 15:20:10:619] info: Store: SET_FULL_SCREEN
[05/29/18, 15:20:10:622] info: Store: SET_FULL_SCREEN
[05/29/18, 15:20:10:905] info: Store: UPDATE_SESSION_STATUS
{
  "hasValidSession": true,
  "teamId": "T031FNTUT"
}
[05/29/18, 15:20:11:597] info: Store: SAVE_WINDOW_SETTINGS
{
  "isMaximized": false,
  "position": [
    575,
    150
  ],
  "size": [
    1024,
    749
  ]
}
[05/29/18, 15:20:11:697] info: Store: SELECT_CHANNEL D5A4B1X97
[05/29/18, 15:20:11:704] info: Store: UPDATE_TEAM_LOCALE
{
  "locale": "en-US",
  "teamId": "T031FNTUT"
}
[05/29/18, 15:20:11:708] info: Store: UPDATE_SETTINGS
{
  "locale": "en-US"
}
[05/29/18, 15:20:11:723] info: Store: UPDATE_TEAM_THEME
{
  "teamId": "T031FNTUT",
  "theme": {
    "active_item": "#95BFEA",
    "active_item_text": "#FFFFFF",
    "active_presence": "#FFFF00",
    "badge": "#AAFFFF",
    "column_bg": "#40E0D0",
    "hover_item": "#48D1CC",
    "menu_bg": "#AAFFFF",
    "text_color": "#FFFFFF"
  }
}
[05/29/18, 15:20:12:411] info: Store: UPDATE_TEAM_ICONS
{
  "icons": {
    "image_102": "https://slack-files2.s3-us-west-2.amazonaws.com/avatars/2016-05-12/42266573955_325ce791cc9957bfae5b_102.png",
    "image_132": "https://slack-files2.s3-us-west-2.amazonaws.com/avatars/2016-05-12/42266573955_325ce791cc9957bfae5b_132.png",
    "image_230": "https://slack-files2.s3-us-west-2.amazonaws.com/avatars/2016-05-12/42266573955_325ce791cc9957bfae5b_132.png",
    "image_34": "https://slack-files2.s3-us-west-2.amazonaws.com/avatars/2016-05-12/42266573955_325ce791cc9957bfae5b_34.png",
    "image_44": "https://slack-files2.s3-us-west-2.amazonaws.com/avatars/2016-05-12/42266573955_325ce791cc9957bfae5b_44.png",
    "image_68": "https://slack-files2.s3-us-west-2.amazonaws.com/avatars/2016-05-12/42266573955_325ce791cc9957bfae5b_68.png",
    "image_88": "https://slack-files2.s3-us-west-2.amazonaws.com/avatars/2016-05-12/42266573955_325ce791cc9957bfae5b_88.png",
    "image_original": "https://slack-files2.s3-us-west-2.amazonaws.com/avatars/2016-05-12/42266573955_325ce791cc9957bfae5b_original.png"
  },
  "teamId": "T031FNTUT"
}
[05/29/18, 15:20:12:507] info: Store: UPDATE_TEAM_LOCALE
{
  "locale": "en-US",
  "teamId": "T031FNTUT"
}
[05/29/18, 15:20:12:520] info: Store: UPSERT_WEB_CONTENTS
{
  "id": 3,
  "state": "webapp-loaded",
  "teamId": "T031FNTUT"
}
[05/29/18, 15:20:12:657] info: Store: STORE_ENTERPRISE_ID_PAIR
{
  "enterpriseId": "",
  "teamId": "T031FNTUT"
}
[05/29/18, 15:20:19:029] info: Store: SELECT_CHANNEL C9Z4BU1C2
[05/29/18, 15:20:33:065] info: Store: SELECT_CHANNEL C031FNU09
[05/29/18, 15:20:44:960] info: Store: SELECT_CHANNEL C0412GNKJ
[05/29/18, 15:20:47:717] info: Store: SELECT_CHANNEL CA7A0QDGV
[05/29/18, 15:20:55:826] info: Store: SELECT_CHANNEL CASGZGRSB
[05/29/18, 15:21:24:174] info: Store: SELECT_CHANNEL C6K66B8JZ
[05/29/18, 15:21:27:121] info: Store: SELECT_CHANNEL C1UQ1A6NM
[05/29/18, 15:21:30:998] info: Store: SELECT_CHANNEL C04SC8PKT
[05/29/18, 15:21:35:028] info: Store: SELECT_CHANNEL C031FNU09
[05/29/18, 15:21:39:028] info: Store: SET_FULL_SCREEN
[05/29/18, 15:21:39:038] info: Store: SET_FULL_SCREEN
[05/29/18, 15:21:56:561] info: Store: SET_FULL_SCREEN
[05/29/18, 15:21:56:568] info: Store: SET_FULL_SCREEN
[05/29/18, 15:21:56:944] info: Store: SET_FULL_SCREEN
[05/29/18, 15:21:56:972] info: Store: SET_FULL_SCREEN
[05/29/18, 15:23:55:924] info: Store: SET_FULL_SCREEN
[05/29/18, 15:23:55:945] info: Store: SET_FULL_SCREEN
[05/29/18, 15:23:57:809] info: Store: SET_FULL_SCREEN
[05/29/18, 15:23:58:802] info: Store: SAVE_WINDOW_SETTINGS
{
  "isMaximized": false,
  "position": [
    574,
    125
  ],
  "size": [
    1024,
    749
  ]
}
[05/29/18, 16:12:31:224] info: Store: SET_SUSPEND_STATUS
[05/29/18, 16:12:32:015] info: Store: SET_NETWORK_STATUS offline
[05/29/18, 16:47:20:890] info: Store: SET_SUSPEND_STATUS true
[05/29/18, 16:47:30:416] info: NetworkStatus: Waiting for network online…
[05/29/18, 16:47:31:145] info: NetworkStatus: Network check failed
{
  "error": {
    "message": "Failed to fetch",
    "stack": "TypeError: Failed to fetch"
  }
}
[05/29/18, 16:47:31:146] info: NetworkStatus: Response from api.test
{
  "status": "offline"
}
