[04/25/18, 12:41:12:573] info: ╔═════════════════════════════════════════════════════════════════════════════════╗
[04/25/18, 12:41:12:574] info: ║      Slack 3.1.1, linux 4.10.0-38-generic on x64 at 04/25/18, 12:41:12:563      ║
[04/25/18, 12:41:12:574] info: ╚═════════════════════════════════════════════════════════════════════════════════╝
[04/25/18, 12:41:12:719] info: Initializing local storage instance at path: /home/nozomi/dotfiles/.config/Slack/local-settings.json
[04/25/18, 12:41:13:374] info: cld3::loadModule: loading cld3 module
[04/25/18, 12:41:13:408] info: cld3Loader::loadModule: running environment is NODE
[04/25/18, 12:41:13:408] info: cld3Loader::loadModule: constructed module object for runtime
[04/25/18, 12:41:13:709] info: cld3Loader::initializeRuntime: successfully initialized module
[04/25/18, 12:41:13:709] info: cld3Loader::loadModule: initialized wasm binary Runtime
[04/25/18, 12:41:13:713] warn: updateSpellcheckerLanguage: Tried to update language, but spellchecker not initialized
[04/25/18, 12:41:13:714] info: SSBIntegration: Main window preload script loaded 1673.160104
[04/25/18, 12:41:19:397] info: Store: SELECT_CHANNEL C04KRCSU4
[04/25/18, 12:41:19:399] info: Store: UPDATE_TEAM_LOCALE
{
  "locale": "en-US"
}
[04/25/18, 12:41:19:405] info: Store: UPSERT_WEB_CONTENTS
{
  "id": 385,
  "state": "loaded",
  "teamId": "T0253QGQ9"
}
[04/25/18, 12:41:19:438] info: Store: UPDATE_SESSION_STATUS
{
  "hasValidSession": true,
  "teamId": "T0253QGQ9"
}
[04/25/18, 12:41:19:648] info: Store: UPDATE_TEAM_LOCALE
{
  "locale": "en-US"
}
[04/25/18, 12:41:19:649] info: Store: UPSERT_WEB_CONTENTS
{
  "id": 385,
  "state": "webapp-loaded",
  "teamId": "T0253QGQ9"
}
[04/25/18, 12:41:19:682] info: Store: UPDATE_TEAM_THEME
{
  "teamId": "T0253QGQ9",
  "theme": {
    "active_item": "#4C9689",
    "active_item_text": "#FFFFFF",
    "active_presence": "#38978D",
    "badge": "#EB4D5C",
    "column_bg": "#4D394B",
    "hover_item": "#3E313C",
    "menu_bg": "#3E313C",
    "text_color": "#FFFFFF"
  }
}
[04/25/18, 12:41:20:083] info: Store: UPDATE_TEAM_ICONS
{
  "icons": {
    "image_102": "https://slack-files2.s3-us-west-2.amazonaws.com/avatars/2018-04-16/347620599461_287753ad42affa150047_102.png",
    "image_132": "https://slack-files2.s3-us-west-2.amazonaws.com/avatars/2018-04-16/347620599461_287753ad42affa150047_132.png",
    "image_230": "https://slack-files2.s3-us-west-2.amazonaws.com/avatars/2018-04-16/347620599461_287753ad42affa150047_230.png",
    "image_34": "https://slack-files2.s3-us-west-2.amazonaws.com/avatars/2018-04-16/347620599461_287753ad42affa150047_34.png",
    "image_44": "https://slack-files2.s3-us-west-2.amazonaws.com/avatars/2018-04-16/347620599461_287753ad42affa150047_44.png",
    "image_68": "https://slack-files2.s3-us-west-2.amazonaws.com/avatars/2018-04-16/347620599461_287753ad42affa150047_68.png",
    "image_88": "https://slack-files2.s3-us-west-2.amazonaws.com/avatars/2018-04-16/347620599461_287753ad42affa150047_88.png",
    "image_original": "https://slack-files2.s3-us-west-2.amazonaws.com/avatars/2018-04-16/347620599461_287753ad42affa150047_original.png"
  },
  "teamId": "T0253QGQ9"
}
[04/25/18, 12:41:20:983] info: Raw Locale list: ["C","C.UTF-8","POSIX","en_AG","en_AG.utf8","en_AU.utf8","en_BW.utf8","en_CA.utf8","en_DK.utf8","en_GB.utf8","en_HK.utf8","en_IE.utf8","en_IN","en_IN.utf8","en_NG","en_NG.utf8","en_NZ.utf8","en_PH.utf8","en_SG.utf8","en_US.utf8","en_ZA.utf8","en_ZM","en_ZM.utf8","en_ZW.utf8","ja_JP.utf8",""]
[04/25/18, 12:41:20:983] info: Filtered Locale list: ["en_AG","en_AG","en_AU","en_BW","en_CA","en_DK","en_GB","en_HK","en_IE","en_IN","en_IN","en_NG","en_NG","en_NZ","en_PH","en_SG","en_US","en_ZA","en_ZM","en_ZM","en_ZW","ja_JP"]
[04/25/18, 12:41:20:983] info: Counts: {"en":["en_AG","en_AG","en_AU","en_BW","en_CA","en_DK","en_GB","en_HK","en_IE","en_IN","en_IN","en_NG","en_NG","en_NZ","en_PH","en_SG","en_US","en_ZA","en_ZM","en_ZM","en_ZW"],"ja":["ja_JP"]}
[04/25/18, 12:41:20:983] info: Setting ja
[04/25/18, 12:41:20:984] info: Result: {"ja":"ja-JP"}
[04/25/18, 12:41:20:986] info: Requesting to load ja-JP, alternatives are ["ja-JP","ja-JP","ja-JP"]
[04/25/18, 12:41:20:987] info: Loading dictionary for language ja-JP
[04/25/18, 12:41:20:987] info: Returning local copy: /home/nozomi/dotfiles/.config/Slack/dictionaries/ja-JP.bdic
[04/25/18, 12:41:21:029] info: Failed to read file /home/nozomi/dotfiles/.config/Slack/dictionaries/ja-JP.bdic: File exists but is most likely bogus
[04/25/18, 12:41:21:047] info: Actually downloading https://redirector.gvt1.com/edgedl/chrome/dict/ja-jp-3-0.bdic
[04/25/18, 12:41:21:499] info: Loading dictionary for language ja-JP
[04/25/18, 12:41:21:500] info: Returning local copy: /home/nozomi/dotfiles/.config/Slack/dictionaries/ja-JP.bdic
[04/25/18, 12:41:21:503] info: Failed to read file /home/nozomi/dotfiles/.config/Slack/dictionaries/ja-JP.bdic: File exists but is most likely bogus
[04/25/18, 12:41:21:503] info: Actually downloading https://redirector.gvt1.com/edgedl/chrome/dict/ja-jp-3-0.bdic
[04/25/18, 12:41:21:822] info: Loading dictionary for language ja-JP
[04/25/18, 12:41:21:822] info: Returning local copy: /home/nozomi/dotfiles/.config/Slack/dictionaries/ja-JP.bdic
[04/25/18, 12:41:21:881] info: Failed to read file /home/nozomi/dotfiles/.config/Slack/dictionaries/ja-JP.bdic: File exists but is most likely bogus
[04/25/18, 12:41:21:883] info: Actually downloading https://redirector.gvt1.com/edgedl/chrome/dict/ja-jp-3-0.bdic
[04/25/18, 12:41:21:978] info: dictionary for ja-JP_ja-JP is not available
[04/25/18, 12:41:21:978] info: Actually installing spell check provider to Electron
[04/25/18, 12:41:26:706] info: Store: SELECT_CHANNEL C0253QGQF
[04/25/18, 12:41:29:196] info: Requesting to load ja-JP, alternatives are ["ja-JP","ja-JP","ja-JP"]
[04/25/18, 12:41:29:196] info: Loading dictionary for language ja-JP
[04/25/18, 12:41:29:196] info: Returning local copy: /home/nozomi/dotfiles/.config/Slack/dictionaries/ja-JP.bdic
[04/25/18, 12:41:29:197] info: Failed to read file /home/nozomi/dotfiles/.config/Slack/dictionaries/ja-JP.bdic: File exists but is most likely bogus
[04/25/18, 12:41:29:197] info: Actually downloading https://redirector.gvt1.com/edgedl/chrome/dict/ja-jp-3-0.bdic
[04/25/18, 12:41:29:891] info: Loading dictionary for language ja-JP
[04/25/18, 12:41:29:892] info: Returning local copy: /home/nozomi/dotfiles/.config/Slack/dictionaries/ja-JP.bdic
[04/25/18, 12:41:29:894] info: Failed to read file /home/nozomi/dotfiles/.config/Slack/dictionaries/ja-JP.bdic: File exists but is most likely bogus
[04/25/18, 12:41:29:895] info: Actually downloading https://redirector.gvt1.com/edgedl/chrome/dict/ja-jp-3-0.bdic
[04/25/18, 12:41:30:037] info: Loading dictionary for language ja-JP
[04/25/18, 12:41:30:038] info: Returning local copy: /home/nozomi/dotfiles/.config/Slack/dictionaries/ja-JP.bdic
[04/25/18, 12:41:30:038] info: Failed to read file /home/nozomi/dotfiles/.config/Slack/dictionaries/ja-JP.bdic: File exists but is most likely bogus
[04/25/18, 12:41:30:038] info: Actually downloading https://redirector.gvt1.com/edgedl/chrome/dict/ja-jp-3-0.bdic
[04/25/18, 12:41:30:196] info: dictionary for ja-JP_ja-JP is not available
[04/25/18, 12:41:52:608] info: Store: SELECT_CHANNEL G8PUNETS9
[04/25/18, 12:41:54:941] info: Couldn't detect language for text of length '5184': Not enough reliable text, ignoring sample
[04/25/18, 12:42:01:961] info: Store: SELECT_CHANNEL C02C22M1Z
[04/25/18, 12:42:04:281] info: Couldn't detect language for text of length '3963': Not enough reliable text, ignoring sample
[04/25/18, 12:42:20:386] info: Unloading spellchecker
[04/25/18, 12:42:20:394] info: Restoring spellchecker
[04/25/18, 12:42:20:395] info: Requesting to load ja-JP, alternatives are ["ja-JP","ja-JP","ja-JP"]
[04/25/18, 12:42:20:396] info: Loading dictionary for language ja-JP
[04/25/18, 12:42:20:396] info: Returning local copy: /home/nozomi/dotfiles/.config/Slack/dictionaries/ja-JP.bdic
[04/25/18, 12:42:20:427] info: Store: MAIN_WINDOW_FOCUSED
[04/25/18, 12:42:20:432] info: Failed to read file /home/nozomi/dotfiles/.config/Slack/dictionaries/ja-JP.bdic: File exists but is most likely bogus
[04/25/18, 12:42:20:435] info: Actually downloading https://redirector.gvt1.com/edgedl/chrome/dict/ja-jp-3-0.bdic
[04/25/18, 12:42:20:535] info: Store: SELECT_TEAM T031FNTUT
[04/25/18, 12:42:20:561] info: Unloading spellchecker
[04/25/18, 12:42:20:570] info: Unloading spellchecker
[04/25/18, 12:42:21:101] info: Loading dictionary for language ja-JP
[04/25/18, 12:42:21:102] info: Returning local copy: /home/nozomi/dotfiles/.config/Slack/dictionaries/ja-JP.bdic
[04/25/18, 12:42:21:104] info: Failed to read file /home/nozomi/dotfiles/.config/Slack/dictionaries/ja-JP.bdic: File exists but is most likely bogus
[04/25/18, 12:42:21:105] info: Actually downloading https://redirector.gvt1.com/edgedl/chrome/dict/ja-jp-3-0.bdic
[04/25/18, 12:42:21:338] info: Loading dictionary for language ja-JP
[04/25/18, 12:42:21:339] info: Returning local copy: /home/nozomi/dotfiles/.config/Slack/dictionaries/ja-JP.bdic
[04/25/18, 12:42:21:341] info: Failed to read file /home/nozomi/dotfiles/.config/Slack/dictionaries/ja-JP.bdic: File exists but is most likely bogus
[04/25/18, 12:42:21:342] info: Actually downloading https://redirector.gvt1.com/edgedl/chrome/dict/ja-jp-3-0.bdic
[04/25/18, 12:42:21:501] info: dictionary for ja-JP_ja-JP is not available
[04/25/18, 12:42:27:741] info: Store: SELECT_CHANNEL C0412GNKJ
[04/25/18, 12:42:28:997] info: Store: SELECT_CHANNEL C031FNU09
[04/25/18, 12:42:43:135] info: Store: SELECT_CHANNEL GA0C0FJJ2
[04/25/18, 12:42:47:114] info: Store: SELECT_CHANNEL D7JP44402
[04/25/18, 12:42:56:367] info: Store: SELECT_CHANNEL D5WHV4ZQW
[04/25/18, 12:43:00:168] info: Store: SELECT_CHANNEL DA3RW777V
[04/25/18, 12:43:03:531] info: Store: SELECT_CHANNEL D8R4Q2DKM
[04/25/18, 12:43:31:445] info: Store: SET_FULL_SCREEN
[04/25/18, 12:43:31:463] info: Store: SET_FULL_SCREEN
[04/25/18, 12:43:59:357] info: Store: SET_FULL_SCREEN
[04/25/18, 12:43:59:373] info: Store: SET_FULL_SCREEN
[04/25/18, 12:44:02:051] info: Store: SELECT_CHANNEL D5A4B1XCZ
[04/25/18, 12:44:11:168] info: Store: SELECT_CHANNEL D5WHV4ZQW
[04/25/18, 12:45:14:372] info: Store: SET_FULL_SCREEN
[04/25/18, 12:45:14:388] info: Store: SET_FULL_SCREEN
[04/25/18, 12:47:29:008] info: Store: SET_FULL_SCREEN
[04/25/18, 12:47:29:027] info: Store: SET_FULL_SCREEN
[04/25/18, 12:47:31:493] info: Store: SELECT_CHANNEL D5A4B1XCZ
[04/25/18, 12:47:45:867] info: Store: SET_FULL_SCREEN
[04/25/18, 12:47:45:883] info: Store: SET_FULL_SCREEN
[04/25/18, 12:48:02:674] info: Store: SET_FULL_SCREEN
[04/25/18, 12:48:02:719] info: Store: SET_FULL_SCREEN
[04/25/18, 12:48:03:332] info: Store: SET_FULL_SCREEN
[04/25/18, 12:48:04:333] info: Store: SAVE_WINDOW_SETTINGS
{
  "isMaximized": false,
  "position": [
    574,
    125
  ],
  "size": [
    1024,
    749
  ]
}
