[08/10/18, 20:35:38:195] info: ╔═════════════════════════════════════════════════════════════════════════════════╗
[08/10/18, 20:35:38:198] info: ║      Slack 3.2.1, linux 4.10.0-38-generic on x64 at 08/10/18, 20:35:38:187      ║
[08/10/18, 20:35:38:199] info: ╚═════════════════════════════════════════════════════════════════════════════════╝
[08/10/18, 20:35:38:470] info: Initializing local storage instance at path: /home/nozomi/dotfiles/.config/Slack/local-settings.json
[08/10/18, 20:35:39:125] info: Main window preload script finished
{
  "readyTime": 1747.773774
}
[08/10/18, 20:35:39:168] info: Store: UPDATE_SESSION_STATUS
{
  "hasValidSession": null,
  "teamId": "T0EHMQ4HM"
}
[08/10/18, 20:35:39:183] info: Store: UPSERT_WEB_CONTENTS
{
  "id": 19,
  "state": "loaded",
  "teamId": "T031FNTUT"
}
[08/10/18, 20:35:39:185] info: Store: UPSERT_WEB_CONTENTS
{
  "id": 19,
  "state": "empty-page",
  "teamId": "T031FNTUT"
}
[08/10/18, 20:35:39:185] info: Store: UPSERT_WEB_CONTENTS
{
  "id": 19,
  "state": "page-will-navigate",
  "teamId": "T031FNTUT"
}
[08/10/18, 20:35:39:186] info: Store: UPDATE_SESSION_STATUS
{
  "hasValidSession": null,
  "teamId": "T031FNTUT"
}
[08/10/18, 20:35:39:188] info: Store: UPSERT_WEB_CONTENTS
{
  "id": 16,
  "state": "loaded",
  "teamId": "T0253QGQ9"
}
[08/10/18, 20:35:39:188] info: Store: UPSERT_WEB_CONTENTS
{
  "id": 16,
  "state": "empty-page",
  "teamId": "T0253QGQ9"
}
[08/10/18, 20:35:39:188] info: Store: UPSERT_WEB_CONTENTS
{
  "id": 16,
  "state": "page-will-navigate",
  "teamId": "T0253QGQ9"
}
[08/10/18, 20:35:39:189] info: Store: UPDATE_SESSION_STATUS
{
  "hasValidSession": null,
  "teamId": "T0253QGQ9"
}
[08/10/18, 20:35:39:189] info: Store: UPSERT_WEB_CONTENTS
{
  "id": 17,
  "state": "loaded",
  "teamId": "TB9PVC95H"
}
[08/10/18, 20:35:39:189] info: Store: UPSERT_WEB_CONTENTS
{
  "id": 17,
  "state": "empty-page",
  "teamId": "TB9PVC95H"
}
[08/10/18, 20:35:39:190] info: Store: UPSERT_WEB_CONTENTS
{
  "id": 17,
  "state": "page-will-navigate",
  "teamId": "TB9PVC95H"
}
[08/10/18, 20:35:39:190] info: Store: UPDATE_SESSION_STATUS
{
  "hasValidSession": null,
  "teamId": "TB9PVC95H"
}
[08/10/18, 20:35:39:196] info: Store: UPSERT_WEB_CONTENTS
{
  "id": 18,
  "state": "loaded",
  "teamId": "T0EHMQ4HM"
}
[08/10/18, 20:35:39:218] info: Store: UPSERT_WEB_CONTENTS
{
  "id": 18,
  "state": "empty-page",
  "teamId": "T0EHMQ4HM"
}
[08/10/18, 20:35:39:225] info: Store: UPSERT_WEB_CONTENTS
{
  "id": 18,
  "state": "page-will-navigate",
  "teamId": "T0EHMQ4HM"
}
[08/10/18, 21:46:18:210] info: ╔═════════════════════════════════════════════════════════════════════════════════╗
[08/10/18, 21:46:18:212] info: ║      Slack 3.2.1, linux 4.10.0-38-generic on x64 at 08/10/18, 21:46:18:200      ║
[08/10/18, 21:46:18:212] info: ╚═════════════════════════════════════════════════════════════════════════════════╝
[08/10/18, 21:46:18:565] info: Initializing local storage instance at path: /home/nozomi/dotfiles/.config/Slack/local-settings.json
[08/10/18, 21:46:19:341] info: Main window preload script finished
{
  "readyTime": 2027.004483
}
[08/10/18, 21:46:19:379] info: Store: UPDATE_SESSION_STATUS
{
  "hasValidSession": null,
  "teamId": "T0EHMQ4HM"
}
[08/10/18, 21:46:19:381] info: Store: UPSERT_WEB_CONTENTS
{
  "id": 19,
  "state": "loaded",
  "teamId": "T031FNTUT"
}
[08/10/18, 21:46:19:381] info: Store: UPSERT_WEB_CONTENTS
{
  "id": 19,
  "state": "empty-page",
  "teamId": "T031FNTUT"
}
[08/10/18, 21:46:19:382] info: Store: UPSERT_WEB_CONTENTS
{
  "id": 19,
  "state": "page-will-navigate",
  "teamId": "T031FNTUT"
}
[08/10/18, 21:46:19:382] info: Store: UPDATE_SESSION_STATUS
{
  "hasValidSession": null,
  "teamId": "T031FNTUT"
}
[08/10/18, 21:46:19:383] info: Store: UPSERT_WEB_CONTENTS
{
  "id": 16,
  "state": "loaded",
  "teamId": "T0253QGQ9"
}
[08/10/18, 21:46:19:383] info: Store: UPSERT_WEB_CONTENTS
{
  "id": 16,
  "state": "empty-page",
  "teamId": "T0253QGQ9"
}
[08/10/18, 21:46:19:383] info: Store: UPSERT_WEB_CONTENTS
{
  "id": 16,
  "state": "page-will-navigate",
  "teamId": "T0253QGQ9"
}
[08/10/18, 21:46:19:384] info: Store: UPDATE_SESSION_STATUS
{
  "hasValidSession": null,
  "teamId": "T0253QGQ9"
}
[08/10/18, 21:46:19:384] info: Store: UPSERT_WEB_CONTENTS
{
  "id": 17,
  "state": "loaded",
  "teamId": "TB9PVC95H"
}
[08/10/18, 21:46:19:385] info: Store: UPSERT_WEB_CONTENTS
{
  "id": 17,
  "state": "empty-page",
  "teamId": "TB9PVC95H"
}
[08/10/18, 21:46:19:386] info: Store: UPSERT_WEB_CONTENTS
{
  "id": 18,
  "state": "loaded",
  "teamId": "T0EHMQ4HM"
}
[08/10/18, 21:46:19:388] info: Store: UPSERT_WEB_CONTENTS
{
  "id": 17,
  "state": "page-will-navigate",
  "teamId": "TB9PVC95H"
}
[08/10/18, 21:46:19:398] info: Store: UPSERT_WEB_CONTENTS
{
  "id": 18,
  "state": "empty-page",
  "teamId": "T0EHMQ4HM"
}
[08/10/18, 21:46:19:406] info: Store: UPSERT_WEB_CONTENTS
{
  "id": 18,
  "state": "page-will-navigate",
  "teamId": "T0EHMQ4HM"
}
[08/10/18, 21:46:19:480] info: Store: UPDATE_SESSION_STATUS
{
  "hasValidSession": null,
  "teamId": "TB9PVC95H"
}
