[08/08/18, 18:34:42:851] info: ╔═════════════════════════════════════════════════════════════════════════════════╗
[08/08/18, 18:34:42:853] info: ║      Slack 3.2.1, linux 4.10.0-38-generic on x64 at 08/08/18, 18:34:42:841      ║
[08/08/18, 18:34:42:853] info: ╚═════════════════════════════════════════════════════════════════════════════════╝
[08/08/18, 18:34:43:176] info: Initializing local storage instance at path: /home/nozomi/dotfiles/.config/Slack/local-settings.json
[08/08/18, 18:34:44:014] info: Main window preload script finished
{
  "readyTime": 2355.213235
}
[08/08/18, 18:34:44:027] info: Store: UPSERT_WEB_CONTENTS
{
  "id": 14,
  "state": "loaded",
  "teamId": "T031FNTUT"
}
[08/08/18, 18:34:44:029] info: Store: UPSERT_WEB_CONTENTS
{
  "id": 14,
  "state": "empty-page",
  "teamId": "T031FNTUT"
}
[08/08/18, 18:34:44:030] info: Store: UPSERT_WEB_CONTENTS
{
  "id": 14,
  "state": "page-will-navigate",
  "teamId": "T031FNTUT"
}
[08/08/18, 18:34:44:030] info: Store: UPDATE_SESSION_STATUS
{
  "hasValidSession": null,
  "teamId": "T031FNTUT"
}
[08/08/18, 18:34:44:031] info: Store: UPSERT_WEB_CONTENTS
{
  "id": 15,
  "state": "loaded",
  "teamId": "TB9PVC95H"
}
[08/08/18, 18:34:44:031] info: Store: UPSERT_WEB_CONTENTS
{
  "id": 15,
  "state": "empty-page",
  "teamId": "TB9PVC95H"
}
[08/08/18, 18:34:44:031] info: Store: UPSERT_WEB_CONTENTS
{
  "id": 15,
  "state": "page-will-navigate",
  "teamId": "TB9PVC95H"
}
[08/08/18, 18:34:44:032] info: Store: UPDATE_SESSION_STATUS
{
  "hasValidSession": null,
  "teamId": "TB9PVC95H"
}
[08/08/18, 18:34:44:033] info: Store: UPSERT_WEB_CONTENTS
{
  "id": 13,
  "state": "loaded",
  "teamId": "T0253QGQ9"
}
[08/08/18, 18:34:44:081] info: Store: UPSERT_WEB_CONTENTS
{
  "id": 13,
  "state": "empty-page",
  "teamId": "T0253QGQ9"
}
[08/08/18, 18:34:44:088] info: Store: UPSERT_WEB_CONTENTS
{
  "id": 13,
  "state": "page-will-navigate",
  "teamId": "T0253QGQ9"
}
[08/08/18, 18:34:44:207] info: Store: UPDATE_SESSION_STATUS
{
  "hasValidSession": null,
  "teamId": "T0253QGQ9"
}
[08/21/18, 21:20:41:452] info: ╔═════════════════════════════════════════════════════════════════════════════════╗
[08/21/18, 21:20:41:453] info: ║      Slack 3.2.1, linux 4.10.0-38-generic on x64 at 08/21/18, 21:20:41:441      ║
[08/21/18, 21:20:41:453] info: ╚═════════════════════════════════════════════════════════════════════════════════╝
[08/21/18, 21:20:41:885] info: Initializing local storage instance at path: /home/nozomi/dotfiles/.config/Slack/local-settings.json
[08/21/18, 21:20:42:665] info: Main window preload script finished
{
  "readyTime": 2241.599795
}
[08/21/18, 21:20:42:691] info: Store: UPSERT_WEB_CONTENTS
{
  "id": 6,
  "state": "loaded",
  "teamId": "T0EHMQ4HM"
}
[08/21/18, 21:20:42:697] info: Store: UPSERT_WEB_CONTENTS
{
  "id": 6,
  "state": "empty-page",
  "teamId": "T0EHMQ4HM"
}
[08/21/18, 21:20:42:700] info: Store: UPSERT_WEB_CONTENTS
{
  "id": 6,
  "state": "page-will-navigate",
  "teamId": "T0EHMQ4HM"
}
[08/21/18, 21:20:42:702] info: Store: UPDATE_SESSION_STATUS
{
  "hasValidSession": null,
  "teamId": "T0EHMQ4HM"
}
[08/21/18, 21:20:42:703] info: Store: UPSERT_WEB_CONTENTS
{
  "id": 5,
  "state": "loaded",
  "teamId": "TB9PVC95H"
}
[08/21/18, 21:20:42:703] info: Store: UPSERT_WEB_CONTENTS
{
  "id": 5,
  "state": "empty-page",
  "teamId": "TB9PVC95H"
}
[08/21/18, 21:20:42:704] info: Store: UPSERT_WEB_CONTENTS
{
  "id": 5,
  "state": "page-will-navigate",
  "teamId": "TB9PVC95H"
}
[08/21/18, 21:20:42:704] info: Store: UPDATE_SESSION_STATUS
{
  "hasValidSession": null,
  "teamId": "TB9PVC95H"
}
[08/21/18, 21:20:42:704] info: Store: UPSERT_WEB_CONTENTS
{
  "id": 8,
  "state": "loaded",
  "teamId": "T031FNTUT"
}
[08/21/18, 21:20:42:705] info: Store: UPSERT_WEB_CONTENTS
{
  "id": 8,
  "state": "empty-page",
  "teamId": "T031FNTUT"
}
[08/21/18, 21:20:42:708] info: Store: UPSERT_WEB_CONTENTS
{
  "id": 7,
  "state": "loaded",
  "teamId": "T0253QGQ9"
}
[08/21/18, 21:20:42:710] info: Store: UPSERT_WEB_CONTENTS
{
  "id": 8,
  "state": "page-will-navigate",
  "teamId": "T031FNTUT"
}
[08/21/18, 21:20:42:724] info: Store: UPSERT_WEB_CONTENTS
{
  "id": 7,
  "state": "empty-page",
  "teamId": "T0253QGQ9"
}
[08/21/18, 21:20:42:739] info: Store: UPSERT_WEB_CONTENTS
{
  "id": 7,
  "state": "page-will-navigate",
  "teamId": "T0253QGQ9"
}
[08/21/18, 21:20:42:814] info: Store: UPDATE_SESSION_STATUS
{
  "hasValidSession": null,
  "teamId": "T031FNTUT"
}
[08/21/18, 21:20:42:847] info: Store: UPDATE_SESSION_STATUS
{
  "hasValidSession": null,
  "teamId": "T0253QGQ9"
}
